GAS LISTING d:\tmp/ccQsvYF8.s 			page 1


   1               		.file	"mcp3202.c"
   2               	__SREG__ = 0x3f
   3               	__SP_H__ = 0x3e
   4               	__SP_L__ = 0x3d
   5               	__tmp_reg__ = 0
   6               	__zero_reg__ = 1
   7               		.global __do_copy_data
   8               		.global __do_clear_bss
   9               		.section	.debug_abbrev,"",@progbits
  10               	.Ldebug_abbrev0:
  11               		.section	.debug_info,"",@progbits
  12               	.Ldebug_info0:
  13               		.section	.debug_line,"",@progbits
  14               	.Ldebug_line0:
  15               		.text
  16               	.Ltext0:
  17               	.global	init_mcp3202
  18               		.type	init_mcp3202, @function
  19               	init_mcp3202:
  20               	.LFB2:
  21               	.LM1:
  22               	/* prologue: frame size=0 */
  23 0000 FF92      		push r15
  24 0002 0F93      		push r16
  25 0004 1F93      		push r17
  26 0006 CF93      		push r28
  27 0008 DF93      		push r29
  28               	/* prologue end (size=5) */
  29               	.LVL0:
  30 000a F62E      		mov r15,r22
  31 000c B22F      		mov r27,r18
  32               	.LM2:
  33 000e 242F      		mov r18,r20
  34               	.LVL1:
  35 0010 2F70      		andi r18,lo8(15)
  36 0012 61E0      		ldi r22,lo8(1)
  37 0014 70E0      		ldi r23,hi8(1)
  38               	.LVL2:
  39 0016 FB01      		movw r30,r22
  40 0018 00C0      		rjmp 2f
  41 001a EE0F      	1:	lsl r30
  42 001c FF1F      		rol r31
  43 001e 2A95      	2:	dec r18
  44 0020 02F4      		brpl 1b
  45 0022 9F01      		movw r18,r30
  46 0024 5E2F      		mov r21,r30
  47               	.LVL3:
  48               	.LM3:
  49 0026 C82F      		mov r28,r24
  50 0028 D0E0      		ldi r29,lo8(0)
  51 002a FE01      		movw r30,r28
  52 002c E050      		subi r30,lo8(-(b_clk))
  53 002e F040      		sbci r31,hi8(-(b_clk))
  54 0030 2083      		st Z,r18
  55               	.LM4:
  56 0032 8B2F      		mov r24,r27
  57               	.LVL4:
GAS LISTING d:\tmp/ccQsvYF8.s 			page 2


  58 0034 8F70      		andi r24,lo8(15)
  59 0036 9B01      		movw r18,r22
  60 0038 00C0      		rjmp 2f
  61 003a 220F      	1:	lsl r18
  62 003c 331F      		rol r19
  63 003e 8A95      	2:	dec r24
  64 0040 02F4      		brpl 1b
  65 0042 C901      		movw r24,r18
  66 0044 322F      		mov r19,r18
  67               	.LVL5:
  68               	.LM5:
  69 0046 FE01      		movw r30,r28
  70 0048 E050      		subi r30,lo8(-(b_dout))
  71 004a F040      		sbci r31,hi8(-(b_dout))
  72 004c 8083      		st Z,r24
  73               	.LM6:
  74 004e 8F2D      		mov r24,r15
  75 0050 8F70      		andi r24,lo8(15)
  76 0052 FB01      		movw r30,r22
  77 0054 00C0      		rjmp 2f
  78 0056 EE0F      	1:	lsl r30
  79 0058 FF1F      		rol r31
  80 005a 8A95      	2:	dec r24
  81 005c 02F4      		brpl 1b
  82 005e CF01      		movw r24,r30
  83 0060 1E2F      		mov r17,r30
  84               	.LVL6:
  85               	.LM7:
  86 0062 FE01      		movw r30,r28
  87 0064 E050      		subi r30,lo8(-(b_cs))
  88 0066 F040      		sbci r31,hi8(-(b_cs))
  89 0068 8083      		st Z,r24
  90               	.LM8:
  91 006a 802F      		mov r24,r16
  92 006c 8F70      		andi r24,lo8(15)
  93 006e 00C0      		rjmp 2f
  94 0070 660F      	1:	lsl r22
  95 0072 771F      		rol r23
  96 0074 8A95      	2:	dec r24
  97 0076 02F4      		brpl 1b
  98 0078 A62F      		mov r26,r22
  99               	.LVL7:
 100               	.LM9:
 101 007a FE01      		movw r30,r28
 102 007c E050      		subi r30,lo8(-(b_din))
 103 007e F040      		sbci r31,hi8(-(b_din))
 104 0080 6083      		st Z,r22
 105               	.LM10:
 106 0082 407F      		andi r20,lo8(-16)
 107               	.LVL8:
 108               	.LM11:
 109 0084 01F4      		brne .L2
 110               	.LM12:
 111 0086 FE01      		movw r30,r28
 112 0088 EE0F      		lsl r30
 113 008a FF1F      		rol r31
 114 008c E050      		subi r30,lo8(-(p_clk))
GAS LISTING d:\tmp/ccQsvYF8.s 			page 3


 115 008e F040      		sbci r31,hi8(-(p_clk))
 116 0090 8BE3      		ldi r24,lo8(59)
 117 0092 90E0      		ldi r25,hi8(59)
 118 0094 9183      		std Z+1,r25
 119 0096 8083      		st Z,r24
 120 0098 8AB3      		in r24,58-0x20
 121 009a 582B      		or r21,r24
 122 009c 5ABB      		out 58-0x20,r21
 123 009e 00C0      		rjmp .L4
 124               	.L2:
 125               	.LM13:
 126 00a0 4031      		cpi r20,lo8(16)
 127 00a2 01F4      		brne .L5
 128 00a4 FE01      		movw r30,r28
 129 00a6 EE0F      		lsl r30
 130 00a8 FF1F      		rol r31
 131 00aa E050      		subi r30,lo8(-(p_clk))
 132 00ac F040      		sbci r31,hi8(-(p_clk))
 133 00ae 88E3      		ldi r24,lo8(56)
 134 00b0 90E0      		ldi r25,hi8(56)
 135 00b2 9183      		std Z+1,r25
 136 00b4 8083      		st Z,r24
 137 00b6 87B3      		in r24,55-0x20
 138 00b8 582B      		or r21,r24
 139 00ba 57BB      		out 55-0x20,r21
 140 00bc 00C0      		rjmp .L4
 141               	.L5:
 142               	.LM14:
 143 00be 4032      		cpi r20,lo8(32)
 144 00c0 01F4      		brne .L7
 145 00c2 FE01      		movw r30,r28
 146 00c4 EE0F      		lsl r30
 147 00c6 FF1F      		rol r31
 148 00c8 E050      		subi r30,lo8(-(p_clk))
 149 00ca F040      		sbci r31,hi8(-(p_clk))
 150 00cc 85E3      		ldi r24,lo8(53)
 151 00ce 90E0      		ldi r25,hi8(53)
 152 00d0 9183      		std Z+1,r25
 153 00d2 8083      		st Z,r24
 154 00d4 84B3      		in r24,52-0x20
 155 00d6 582B      		or r21,r24
 156 00d8 54BB      		out 52-0x20,r21
 157 00da 00C0      		rjmp .L4
 158               	.L7:
 159               	.LM15:
 160 00dc 4033      		cpi r20,lo8(48)
 161 00de 01F4      		brne .L4
 162 00e0 FE01      		movw r30,r28
 163 00e2 EE0F      		lsl r30
 164 00e4 FF1F      		rol r31
 165 00e6 E050      		subi r30,lo8(-(p_clk))
 166 00e8 F040      		sbci r31,hi8(-(p_clk))
 167 00ea 82E3      		ldi r24,lo8(50)
 168 00ec 90E0      		ldi r25,hi8(50)
 169 00ee 9183      		std Z+1,r25
 170 00f0 8083      		st Z,r24
 171 00f2 81B3      		in r24,49-0x20
GAS LISTING d:\tmp/ccQsvYF8.s 			page 4


 172 00f4 582B      		or r21,r24
 173 00f6 51BB      		out 49-0x20,r21
 174               	.L4:
 175               	.LM16:
 176 00f8 2B2F      		mov r18,r27
 177 00fa 207F      		andi r18,lo8(-16)
 178               	.LVL9:
 179               	.LM17:
 180 00fc 01F4      		brne .L10
 181 00fe FE01      		movw r30,r28
 182 0100 EE0F      		lsl r30
 183 0102 FF1F      		rol r31
 184               	.LVL10:
 185 0104 E050      		subi r30,lo8(-(p_dout))
 186 0106 F040      		sbci r31,hi8(-(p_dout))
 187 0108 89E3      		ldi r24,lo8(57)
 188 010a 90E0      		ldi r25,hi8(57)
 189 010c 9183      		std Z+1,r25
 190 010e 8083      		st Z,r24
 191 0110 9AB3      		in r25,58-0x20
 192 0112 832F      		mov r24,r19
 193 0114 8095      		com r24
 194 0116 8923      		and r24,r25
 195 0118 8ABB      		out 58-0x20,r24
 196 011a 8BB3      		in r24,59-0x20
 197 011c 382B      		or r19,r24
 198 011e 3BBB      		out 59-0x20,r19
 199 0120 00C0      		rjmp .L12
 200               	.LVL11:
 201               	.L10:
 202               	.LM18:
 203 0122 2031      		cpi r18,lo8(16)
 204 0124 01F4      		brne .L13
 205 0126 FE01      		movw r30,r28
 206 0128 EE0F      		lsl r30
 207 012a FF1F      		rol r31
 208               	.LVL12:
 209 012c E050      		subi r30,lo8(-(p_dout))
 210 012e F040      		sbci r31,hi8(-(p_dout))
 211 0130 86E3      		ldi r24,lo8(54)
 212 0132 90E0      		ldi r25,hi8(54)
 213 0134 9183      		std Z+1,r25
 214 0136 8083      		st Z,r24
 215 0138 97B3      		in r25,55-0x20
 216 013a 832F      		mov r24,r19
 217 013c 8095      		com r24
 218 013e 8923      		and r24,r25
 219 0140 87BB      		out 55-0x20,r24
 220 0142 88B3      		in r24,56-0x20
 221 0144 382B      		or r19,r24
 222 0146 38BB      		out 56-0x20,r19
 223 0148 00C0      		rjmp .L12
 224               	.LVL13:
 225               	.L13:
 226               	.LM19:
 227 014a 2032      		cpi r18,lo8(32)
 228 014c 01F4      		brne .L15
GAS LISTING d:\tmp/ccQsvYF8.s 			page 5


 229 014e FE01      		movw r30,r28
 230 0150 EE0F      		lsl r30
 231 0152 FF1F      		rol r31
 232 0154 E050      		subi r30,lo8(-(p_dout))
 233 0156 F040      		sbci r31,hi8(-(p_dout))
 234 0158 83E3      		ldi r24,lo8(51)
 235 015a 90E0      		ldi r25,hi8(51)
 236 015c 9183      		std Z+1,r25
 237 015e 8083      		st Z,r24
 238 0160 94B3      		in r25,52-0x20
 239 0162 832F      		mov r24,r19
 240 0164 8095      		com r24
 241 0166 8923      		and r24,r25
 242 0168 84BB      		out 52-0x20,r24
 243 016a 85B3      		in r24,53-0x20
 244 016c 382B      		or r19,r24
 245 016e 35BB      		out 53-0x20,r19
 246 0170 00C0      		rjmp .L12
 247               	.L15:
 248               	.LM20:
 249 0172 2033      		cpi r18,lo8(48)
 250 0174 01F4      		brne .L12
 251 0176 FE01      		movw r30,r28
 252 0178 EE0F      		lsl r30
 253 017a FF1F      		rol r31
 254 017c E050      		subi r30,lo8(-(p_dout))
 255 017e F040      		sbci r31,hi8(-(p_dout))
 256 0180 80E3      		ldi r24,lo8(48)
 257 0182 90E0      		ldi r25,hi8(48)
 258 0184 9183      		std Z+1,r25
 259 0186 8083      		st Z,r24
 260 0188 91B3      		in r25,49-0x20
 261 018a 832F      		mov r24,r19
 262 018c 8095      		com r24
 263 018e 8923      		and r24,r25
 264 0190 81BB      		out 49-0x20,r24
 265 0192 82B3      		in r24,50-0x20
 266 0194 382B      		or r19,r24
 267 0196 32BB      		out 50-0x20,r19
 268               	.L12:
 269               	.LM21:
 270 0198 007F      		andi r16,lo8(-16)
 271               	.LVL14:
 272               	.LM22:
 273 019a 01F4      		brne .L18
 274 019c FE01      		movw r30,r28
 275 019e EE0F      		lsl r30
 276 01a0 FF1F      		rol r31
 277 01a2 E050      		subi r30,lo8(-(p_din))
 278 01a4 F040      		sbci r31,hi8(-(p_din))
 279 01a6 8BE3      		ldi r24,lo8(59)
 280 01a8 90E0      		ldi r25,hi8(59)
 281 01aa 9183      		std Z+1,r25
 282 01ac 8083      		st Z,r24
 283 01ae 8AB3      		in r24,58-0x20
 284 01b0 A82B      		or r26,r24
 285 01b2 AABB      		out 58-0x20,r26
GAS LISTING d:\tmp/ccQsvYF8.s 			page 6


 286 01b4 00C0      		rjmp .L20
 287               	.L18:
 288               	.LM23:
 289 01b6 0031      		cpi r16,lo8(16)
 290 01b8 01F4      		brne .L21
 291 01ba FE01      		movw r30,r28
 292 01bc EE0F      		lsl r30
 293 01be FF1F      		rol r31
 294 01c0 E050      		subi r30,lo8(-(p_din))
 295 01c2 F040      		sbci r31,hi8(-(p_din))
 296 01c4 88E3      		ldi r24,lo8(56)
 297 01c6 90E0      		ldi r25,hi8(56)
 298 01c8 9183      		std Z+1,r25
 299 01ca 8083      		st Z,r24
 300 01cc 87B3      		in r24,55-0x20
 301 01ce A82B      		or r26,r24
 302 01d0 A7BB      		out 55-0x20,r26
 303 01d2 00C0      		rjmp .L20
 304               	.L21:
 305               	.LM24:
 306 01d4 0032      		cpi r16,lo8(32)
 307 01d6 01F4      		brne .L23
 308 01d8 FE01      		movw r30,r28
 309 01da EE0F      		lsl r30
 310 01dc FF1F      		rol r31
 311 01de E050      		subi r30,lo8(-(p_din))
 312 01e0 F040      		sbci r31,hi8(-(p_din))
 313 01e2 85E3      		ldi r24,lo8(53)
 314 01e4 90E0      		ldi r25,hi8(53)
 315 01e6 9183      		std Z+1,r25
 316 01e8 8083      		st Z,r24
 317 01ea 84B3      		in r24,52-0x20
 318 01ec A82B      		or r26,r24
 319 01ee A4BB      		out 52-0x20,r26
 320 01f0 00C0      		rjmp .L20
 321               	.L23:
 322               	.LM25:
 323 01f2 0033      		cpi r16,lo8(48)
 324 01f4 01F4      		brne .L20
 325 01f6 FE01      		movw r30,r28
 326 01f8 EE0F      		lsl r30
 327 01fa FF1F      		rol r31
 328               	.LVL15:
 329 01fc E050      		subi r30,lo8(-(p_din))
 330 01fe F040      		sbci r31,hi8(-(p_din))
 331 0200 82E3      		ldi r24,lo8(50)
 332 0202 90E0      		ldi r25,hi8(50)
 333 0204 9183      		std Z+1,r25
 334 0206 8083      		st Z,r24
 335 0208 81B3      		in r24,49-0x20
 336 020a A82B      		or r26,r24
 337 020c A1BB      		out 49-0x20,r26
 338               	.LVL16:
 339               	.L20:
 340               	.LM26:
 341 020e 6F2D      		mov r22,r15
 342 0210 607F      		andi r22,lo8(-16)
GAS LISTING d:\tmp/ccQsvYF8.s 			page 7


 343               	.LVL17:
 344               	.LM27:
 345 0212 01F4      		brne .L26
 346 0214 FE01      		movw r30,r28
 347 0216 EE0F      		lsl r30
 348 0218 FF1F      		rol r31
 349               	.LVL18:
 350 021a E050      		subi r30,lo8(-(p_cs))
 351 021c F040      		sbci r31,hi8(-(p_cs))
 352 021e 8BE3      		ldi r24,lo8(59)
 353 0220 90E0      		ldi r25,hi8(59)
 354 0222 9183      		std Z+1,r25
 355 0224 8083      		st Z,r24
 356 0226 8AB3      		in r24,58-0x20
 357 0228 812B      		or r24,r17
 358 022a 8ABB      		out 58-0x20,r24
 359 022c 00C0      		rjmp .L28
 360               	.LVL19:
 361               	.L26:
 362               	.LM28:
 363 022e 6031      		cpi r22,lo8(16)
 364 0230 01F4      		brne .L29
 365 0232 FE01      		movw r30,r28
 366 0234 EE0F      		lsl r30
 367 0236 FF1F      		rol r31
 368               	.LVL20:
 369 0238 E050      		subi r30,lo8(-(p_cs))
 370 023a F040      		sbci r31,hi8(-(p_cs))
 371 023c 88E3      		ldi r24,lo8(56)
 372 023e 90E0      		ldi r25,hi8(56)
 373 0240 9183      		std Z+1,r25
 374 0242 8083      		st Z,r24
 375 0244 87B3      		in r24,55-0x20
 376 0246 812B      		or r24,r17
 377 0248 87BB      		out 55-0x20,r24
 378 024a 00C0      		rjmp .L28
 379               	.LVL21:
 380               	.L29:
 381               	.LM29:
 382 024c 6032      		cpi r22,lo8(32)
 383 024e 01F4      		brne .L31
 384 0250 FE01      		movw r30,r28
 385 0252 EE0F      		lsl r30
 386 0254 FF1F      		rol r31
 387               	.LVL22:
 388 0256 E050      		subi r30,lo8(-(p_cs))
 389 0258 F040      		sbci r31,hi8(-(p_cs))
 390 025a 85E3      		ldi r24,lo8(53)
 391 025c 90E0      		ldi r25,hi8(53)
 392 025e 9183      		std Z+1,r25
 393 0260 8083      		st Z,r24
 394 0262 84B3      		in r24,52-0x20
 395 0264 812B      		or r24,r17
 396 0266 84BB      		out 52-0x20,r24
 397 0268 00C0      		rjmp .L28
 398               	.LVL23:
 399               	.L31:
GAS LISTING d:\tmp/ccQsvYF8.s 			page 8


 400               	.LM30:
 401 026a 6033      		cpi r22,lo8(48)
 402 026c 01F4      		brne .L28
 403 026e FE01      		movw r30,r28
 404 0270 EE0F      		lsl r30
 405 0272 FF1F      		rol r31
 406 0274 E050      		subi r30,lo8(-(p_cs))
 407 0276 F040      		sbci r31,hi8(-(p_cs))
 408 0278 82E3      		ldi r24,lo8(50)
 409 027a 90E0      		ldi r25,hi8(50)
 410 027c 9183      		std Z+1,r25
 411 027e 8083      		st Z,r24
 412 0280 81B3      		in r24,49-0x20
 413 0282 812B      		or r24,r17
 414 0284 81BB      		out 49-0x20,r24
 415               	.L28:
 416               	.LM31:
 417 0286 DE01      		movw r26,r28
 418               	.LVL24:
 419 0288 AA0F      		lsl r26
 420 028a BB1F      		rol r27
 421 028c FD01      		movw r30,r26
 422 028e E050      		subi r30,lo8(-(p_cs))
 423 0290 F040      		sbci r31,hi8(-(p_cs))
 424 0292 0190      		ld __tmp_reg__,Z+
 425 0294 F081      		ld r31,Z
 426 0296 E02D      		mov r30,__tmp_reg__
 427 0298 8081      		ld r24,Z
 428 029a 182B      		or r17,r24
 429 029c 1083      		st Z,r17
 430               	.LM32:
 431 029e FD01      		movw r30,r26
 432 02a0 E050      		subi r30,lo8(-(p_clk))
 433 02a2 F040      		sbci r31,hi8(-(p_clk))
 434 02a4 2081      		ld r18,Z
 435 02a6 3181      		ldd r19,Z+1
 436               	.LVL25:
 437 02a8 F901      		movw r30,r18
 438 02aa 9081      		ld r25,Z
 439 02ac FE01      		movw r30,r28
 440 02ae E050      		subi r30,lo8(-(b_clk))
 441 02b0 F040      		sbci r31,hi8(-(b_clk))
 442 02b2 8081      		ld r24,Z
 443 02b4 8095      		com r24
 444 02b6 8923      		and r24,r25
 445 02b8 F901      		movw r30,r18
 446 02ba 8083      		st Z,r24
 447               	.LM33:
 448 02bc A050      		subi r26,lo8(-(p_din))
 449 02be B040      		sbci r27,hi8(-(p_din))
 450 02c0 ED91      		ld r30,X+
 451 02c2 FC91      		ld r31,X
 452 02c4 8081      		ld r24,Z
 453 02c6 C050      		subi r28,lo8(-(b_din))
 454 02c8 D040      		sbci r29,hi8(-(b_din))
 455 02ca 9881      		ld r25,Y
 456 02cc 892B      		or r24,r25
GAS LISTING d:\tmp/ccQsvYF8.s 			page 9


 457 02ce 8083      		st Z,r24
 458               	/* epilogue: frame size=0 */
 459 02d0 DF91      		pop r29
 460 02d2 CF91      		pop r28
 461 02d4 1F91      		pop r17
 462 02d6 0F91      		pop r16
 463 02d8 FF90      		pop r15
 464 02da 0895      		ret
 465               	/* epilogue end (size=6) */
 466               	/* function init_mcp3202 size 374 (363) */
 467               	.LFE2:
 468               		.size	init_mcp3202, .-init_mcp3202
 469               	.global	mcp3202_getw
 470               		.type	mcp3202_getw, @function
 471               	mcp3202_getw:
 472               	.LFB3:
 473               	.LM34:
 474               	/* prologue: frame size=0 */
 475 02dc 5F92      		push r5
 476 02de 6F92      		push r6
 477 02e0 7F92      		push r7
 478 02e2 8F92      		push r8
 479 02e4 9F92      		push r9
 480 02e6 AF92      		push r10
 481 02e8 BF92      		push r11
 482 02ea CF92      		push r12
 483 02ec DF92      		push r13
 484 02ee EF92      		push r14
 485 02f0 FF92      		push r15
 486 02f2 0F93      		push r16
 487 02f4 1F93      		push r17
 488 02f6 CF93      		push r28
 489 02f8 DF93      		push r29
 490               	/* prologue end (size=15) */
 491               	.LVL26:
 492 02fa 762E      		mov r7,r22
 493 02fc 142F      		mov r17,r20
 494               	.LM35:
 495 02fe 90E0      		ldi r25,lo8(0)
 496 0300 DC01      		movw r26,r24
 497               	.LVL27:
 498 0302 AA0F      		lsl r26
 499 0304 BB1F      		rol r27
 500               	.LVL28:
 501 0306 FD01      		movw r30,r26
 502 0308 E050      		subi r30,lo8(-(p_clk))
 503 030a F040      		sbci r31,hi8(-(p_clk))
 504 030c C081      		ld r28,Z
 505 030e D181      		ldd r29,Z+1
 506               	.LVL29:
 507               	.LM36:
 508 0310 FD01      		movw r30,r26
 509 0312 E050      		subi r30,lo8(-(p_dout))
 510 0314 F040      		sbci r31,hi8(-(p_dout))
 511 0316 8080      		ld r8,Z
 512 0318 9180      		ldd r9,Z+1
 513               	.LVL30:
GAS LISTING d:\tmp/ccQsvYF8.s 			page 10


 514               	.LM37:
 515 031a FD01      		movw r30,r26
 516 031c E050      		subi r30,lo8(-(p_din))
 517 031e F040      		sbci r31,hi8(-(p_din))
 518 0320 E080      		ld r14,Z
 519 0322 F180      		ldd r15,Z+1
 520               	.LVL31:
 521               	.LM38:
 522 0324 A050      		subi r26,lo8(-(p_cs))
 523 0326 B040      		sbci r27,hi8(-(p_cs))
 524 0328 CD90      		ld r12,X+
 525 032a DC90      		ld r13,X
 526               	.LVL32:
 527               	.LM39:
 528 032c FC01      		movw r30,r24
 529 032e E050      		subi r30,lo8(-(b_clk))
 530 0330 F040      		sbci r31,hi8(-(b_clk))
 531 0332 A080      		ld r10,Z
 532               	.LVL33:
 533               	.LM40:
 534 0334 FC01      		movw r30,r24
 535 0336 E050      		subi r30,lo8(-(b_dout))
 536 0338 F040      		sbci r31,hi8(-(b_dout))
 537 033a 5080      		ld r5,Z
 538               	.LVL34:
 539               	.LM41:
 540 033c FC01      		movw r30,r24
 541 033e E050      		subi r30,lo8(-(b_din))
 542 0340 F040      		sbci r31,hi8(-(b_din))
 543 0342 0081      		ld r16,Z
 544               	.LVL35:
 545               	.LM42:
 546 0344 8050      		subi r24,lo8(-(b_cs))
 547 0346 9040      		sbci r25,hi8(-(b_cs))
 548 0348 FC01      		movw r30,r24
 549 034a 6080      		ld r6,Z
 550               	.LVL36:
 551               	.LM43:
 552 034c F701      		movw r30,r14
 553 034e 8081      		ld r24,Z
 554 0350 802B      		or r24,r16
 555 0352 8083      		st Z,r24
 556               	.LM44:
 557 0354 BA2C      		mov r11,r10
 558 0356 B094      		com r11
 559 0358 8881      		ld r24,Y
 560 035a 8B21      		and r24,r11
 561 035c 8883      		st Y,r24
 562               	.LM45:
 563 035e 962D      		mov r25,r6
 564 0360 9095      		com r25
 565 0362 F601      		movw r30,r12
 566 0364 8081      		ld r24,Z
 567 0366 8923      		and r24,r25
 568 0368 8083      		st Z,r24
 569               	.LM46:
 570 036a 84E1      		ldi r24,lo8(20)
GAS LISTING d:\tmp/ccQsvYF8.s 			page 11


 571 036c 90E0      		ldi r25,hi8(20)
 572 036e 0E94 0000 		call udelay
 573               	.LVL37:
 574               	.LM47:
 575 0372 8881      		ld r24,Y
 576 0374 8A29      		or r24,r10
 577 0376 8883      		st Y,r24
 578               	.LM48:
 579 0378 84E6      		ldi r24,lo8(100)
 580 037a 90E0      		ldi r25,hi8(100)
 581 037c 0E94 0000 		call udelay
 582               	.LM49:
 583 0380 8881      		ld r24,Y
 584 0382 8B21      		and r24,r11
 585 0384 8883      		st Y,r24
 586               	.LM50:
 587 0386 84E6      		ldi r24,lo8(100)
 588 0388 90E0      		ldi r25,hi8(100)
 589 038a 0E94 0000 		call udelay
 590 038e F701      		movw r30,r14
 591 0390 9081      		ld r25,Z
 592               	.LM51:
 593 0392 1123      		tst r17
 594 0394 01F0      		breq .L36
 595               	.LM52:
 596 0396 902B      		or r25,r16
 597 0398 00C0      		rjmp .L49
 598               	.L36:
 599               	.LM53:
 600 039a 802F      		mov r24,r16
 601 039c 8095      		com r24
 602 039e 9823      		and r25,r24
 603 03a0 F701      		movw r30,r14
 604               	.L49:
 605 03a2 9083      		st Z,r25
 606               	.LM54:
 607 03a4 8881      		ld r24,Y
 608 03a6 8A29      		or r24,r10
 609 03a8 8883      		st Y,r24
 610               	.LM55:
 611 03aa 84E6      		ldi r24,lo8(100)
 612 03ac 90E0      		ldi r25,hi8(100)
 613 03ae 0E94 0000 		call udelay
 614               	.LM56:
 615 03b2 8881      		ld r24,Y
 616 03b4 8B21      		and r24,r11
 617 03b6 8883      		st Y,r24
 618               	.LM57:
 619 03b8 84E6      		ldi r24,lo8(100)
 620 03ba 90E0      		ldi r25,hi8(100)
 621 03bc 0E94 0000 		call udelay
 622 03c0 F701      		movw r30,r14
 623 03c2 9081      		ld r25,Z
 624               	.LM58:
 625 03c4 7720      		tst r7
 626 03c6 01F0      		breq .L39
 627 03c8 902B      		or r25,r16
GAS LISTING d:\tmp/ccQsvYF8.s 			page 12


 628 03ca 00C0      		rjmp .L50
 629               	.L39:
 630               	.LM59:
 631 03cc 802F      		mov r24,r16
 632 03ce 8095      		com r24
 633 03d0 9823      		and r25,r24
 634 03d2 F701      		movw r30,r14
 635               	.L50:
 636 03d4 9083      		st Z,r25
 637               	.LM60:
 638 03d6 8881      		ld r24,Y
 639 03d8 8A29      		or r24,r10
 640 03da 8883      		st Y,r24
 641               	.LM61:
 642 03dc 84E6      		ldi r24,lo8(100)
 643 03de 90E0      		ldi r25,hi8(100)
 644 03e0 0E94 0000 		call udelay
 645               	.LM62:
 646 03e4 8881      		ld r24,Y
 647 03e6 8B21      		and r24,r11
 648 03e8 8883      		st Y,r24
 649               	.LM63:
 650 03ea 84E6      		ldi r24,lo8(100)
 651 03ec 90E0      		ldi r25,hi8(100)
 652 03ee 0E94 0000 		call udelay
 653               	.LM64:
 654 03f2 F701      		movw r30,r14
 655 03f4 8081      		ld r24,Z
 656 03f6 802B      		or r24,r16
 657 03f8 8083      		st Z,r24
 658               	.LM65:
 659 03fa 8881      		ld r24,Y
 660 03fc 8A29      		or r24,r10
 661 03fe 8883      		st Y,r24
 662               	.LM66:
 663 0400 84E6      		ldi r24,lo8(100)
 664 0402 90E0      		ldi r25,hi8(100)
 665 0404 0E94 0000 		call udelay
 666               	.LM67:
 667 0408 8881      		ld r24,Y
 668 040a 8B21      		and r24,r11
 669 040c 8883      		st Y,r24
 670               	.LM68:
 671 040e 84E6      		ldi r24,lo8(100)
 672 0410 90E0      		ldi r25,hi8(100)
 673 0412 0E94 0000 		call udelay
 674 0416 FF24      		clr r15
 675               	.LVL38:
 676 0418 00E0      		ldi r16,lo8(0)
 677 041a 10E0      		ldi r17,hi8(0)
 678               	.LVL39:
 679               	.L42:
 680               	.LM69:
 681 041c 8881      		ld r24,Y
 682 041e 8A29      		or r24,r10
 683 0420 8883      		st Y,r24
 684               	.LM70:
GAS LISTING d:\tmp/ccQsvYF8.s 			page 13


 685 0422 84E6      		ldi r24,lo8(100)
 686 0424 90E0      		ldi r25,hi8(100)
 687 0426 0E94 0000 		call udelay
 688               	.LM71:
 689 042a 8881      		ld r24,Y
 690 042c 8B21      		and r24,r11
 691 042e 8883      		st Y,r24
 692               	.LM72:
 693 0430 84E6      		ldi r24,lo8(100)
 694 0432 90E0      		ldi r25,hi8(100)
 695 0434 0E94 0000 		call udelay
 696               	.LM73:
 697 0438 000F      		lsl r16
 698 043a 111F      		rol r17
 699               	.LM74:
 700 043c F401      		movw r30,r8
 701 043e 8081      		ld r24,Z
 702 0440 8521      		and r24,r5
 703 0442 01F0      		breq .L43
 704 0444 0F5F      		subi r16,lo8(-(1))
 705 0446 1F4F      		sbci r17,hi8(-(1))
 706               	.L43:
 707               	.LM75:
 708 0448 F394      		inc r15
 709 044a FDE0      		ldi r31,lo8(13)
 710 044c FF16      		cp r15,r31
 711 044e 01F4      		brne .L42
 712               	.LM76:
 713 0450 F601      		movw r30,r12
 714 0452 8081      		ld r24,Z
 715 0454 8629      		or r24,r6
 716 0456 8083      		st Z,r24
 717               	.LM77:
 718 0458 84E6      		ldi r24,lo8(100)
 719 045a 90E0      		ldi r25,hi8(100)
 720 045c 0E94 0000 		call udelay
 721 0460 1695      		lsr r17
 722 0462 0795      		ror r16
 723               	.LM78:
 724 0464 C801      		movw r24,r16
 725 0466 9F70      		andi r25,hi8(4095)
 726               	/* epilogue: frame size=0 */
 727 0468 DF91      		pop r29
 728 046a CF91      		pop r28
 729 046c 1F91      		pop r17
 730 046e 0F91      		pop r16
 731 0470 FF90      		pop r15
 732 0472 EF90      		pop r14
 733 0474 DF90      		pop r13
 734 0476 CF90      		pop r12
 735 0478 BF90      		pop r11
 736 047a AF90      		pop r10
 737 047c 9F90      		pop r9
 738 047e 8F90      		pop r8
 739 0480 7F90      		pop r7
 740 0482 6F90      		pop r6
 741 0484 5F90      		pop r5
GAS LISTING d:\tmp/ccQsvYF8.s 			page 14


 742 0486 0895      		ret
 743               	/* epilogue end (size=16) */
 744               	/* function mcp3202_getw size 216 (185) */
 745               	.LFE3:
 746               		.size	mcp3202_getw, .-mcp3202_getw
 747               		.comm p_cs,8,1
 748               		.comm p_dout,8,1
 749               		.comm p_din,8,1
 750               		.comm p_clk,8,1
 751               		.comm b_cs,4,1
 752               		.comm b_dout,4,1
 753               		.comm b_din,4,1
 754               		.comm b_clk,4,1
 755               		.section	.debug_frame,"",@progbits
 756               	.Lframe0:
 757 0000 0C00 0000 		.long	.LECIE0-.LSCIE0
 758               	.LSCIE0:
 759 0004 FFFF FFFF 		.long	0xffffffff
 760 0008 01        		.byte	0x1
 761 0009 00        		.string	""
 762 000a 01        		.uleb128 0x1
 763 000b 7F        		.sleb128 -1
 764 000c 24        		.byte	0x24
 765 000d 0C        		.byte	0xc
 766 000e 20        		.uleb128 0x20
 767 000f 00        		.uleb128 0x0
 768               		.p2align	2
 769               	.LECIE0:
 770               	.LSFDE0:
 771 0010 0C00 0000 		.long	.LEFDE0-.LASFDE0
 772               	.LASFDE0:
 773 0014 0000 0000 		.long	.Lframe0
 774 0018 0000 0000 		.long	.LFB2
 775 001c DC02 0000 		.long	.LFE2-.LFB2
 776               		.p2align	2
 777               	.LEFDE0:
 778               	.LSFDE2:
 779 0020 0C00 0000 		.long	.LEFDE2-.LASFDE2
 780               	.LASFDE2:
 781 0024 0000 0000 		.long	.Lframe0
 782 0028 0000 0000 		.long	.LFB3
 783 002c AC01 0000 		.long	.LFE3-.LFB3
 784               		.p2align	2
 785               	.LEFDE2:
 786               		.text
 787               	.Letext0:
 788               		.section	.debug_loc,"",@progbits
 789               	.Ldebug_loc0:
 790               	.LLST1:
 791 0000 0A00 0000 		.long	.LVL0-.Ltext0
 792 0004 3400 0000 		.long	.LVL4-.Ltext0
 793 0008 0100      		.word	0x1
 794 000a 68        		.byte	0x68
 795 000b 0000 0000 		.long	0x0
 796 000f 0000 0000 		.long	0x0
 797               	.LLST2:
 798 0013 0A00 0000 		.long	.LVL0-.Ltext0
GAS LISTING d:\tmp/ccQsvYF8.s 			page 15


 799 0017 1600 0000 		.long	.LVL2-.Ltext0
 800 001b 0100      		.word	0x1
 801 001d 66        		.byte	0x66
 802 001e 1600 0000 		.long	.LVL2-.Ltext0
 803 0022 1202 0000 		.long	.LVL17-.Ltext0
 804 0026 0100      		.word	0x1
 805 0028 5F        		.byte	0x5f
 806 0029 1202 0000 		.long	.LVL17-.Ltext0
 807 002d DC02 0000 		.long	.LFE2-.Ltext0
 808 0031 0100      		.word	0x1
 809 0033 66        		.byte	0x66
 810 0034 0000 0000 		.long	0x0
 811 0038 0000 0000 		.long	0x0
 812               	.LLST3:
 813 003c 0A00 0000 		.long	.LVL0-.Ltext0
 814 0040 0401 0000 		.long	.LVL10-.Ltext0
 815 0044 0100      		.word	0x1
 816 0046 64        		.byte	0x64
 817 0047 2201 0000 		.long	.LVL11-.Ltext0
 818 004b 1A02 0000 		.long	.LVL18-.Ltext0
 819 004f 0100      		.word	0x1
 820 0051 64        		.byte	0x64
 821 0052 2E02 0000 		.long	.LVL19-.Ltext0
 822 0056 DC02 0000 		.long	.LFE2-.Ltext0
 823 005a 0100      		.word	0x1
 824 005c 64        		.byte	0x64
 825 005d 0000 0000 		.long	0x0
 826 0061 0000 0000 		.long	0x0
 827               	.LLST4:
 828 0065 0A00 0000 		.long	.LVL0-.Ltext0
 829 0069 1000 0000 		.long	.LVL1-.Ltext0
 830 006d 0100      		.word	0x1
 831 006f 62        		.byte	0x62
 832 0070 1000 0000 		.long	.LVL1-.Ltext0
 833 0074 FC00 0000 		.long	.LVL9-.Ltext0
 834 0078 0100      		.word	0x1
 835 007a 6B        		.byte	0x6b
 836 007b FC00 0000 		.long	.LVL9-.Ltext0
 837 007f 2C01 0000 		.long	.LVL12-.Ltext0
 838 0083 0100      		.word	0x1
 839 0085 62        		.byte	0x62
 840 0086 4A01 0000 		.long	.LVL13-.Ltext0
 841 008a 5602 0000 		.long	.LVL22-.Ltext0
 842 008e 0100      		.word	0x1
 843 0090 62        		.byte	0x62
 844 0091 6A02 0000 		.long	.LVL23-.Ltext0
 845 0095 A802 0000 		.long	.LVL25-.Ltext0
 846 0099 0100      		.word	0x1
 847 009b 62        		.byte	0x62
 848 009c 0000 0000 		.long	0x0
 849 00a0 0000 0000 		.long	0x0
 850               	.LLST5:
 851 00a4 2600 0000 		.long	.LVL3-.Ltext0
 852 00a8 FC01 0000 		.long	.LVL15-.Ltext0
 853 00ac 0100      		.word	0x1
 854 00ae 65        		.byte	0x65
 855 00af 0E02 0000 		.long	.LVL16-.Ltext0
GAS LISTING d:\tmp/ccQsvYF8.s 			page 16


 856 00b3 DC02 0000 		.long	.LFE2-.Ltext0
 857 00b7 0100      		.word	0x1
 858 00b9 65        		.byte	0x65
 859 00ba 0000 0000 		.long	0x0
 860 00be 0000 0000 		.long	0x0
 861               	.LLST6:
 862 00c2 4600 0000 		.long	.LVL5-.Ltext0
 863 00c6 3802 0000 		.long	.LVL20-.Ltext0
 864 00ca 0100      		.word	0x1
 865 00cc 63        		.byte	0x63
 866 00cd 4C02 0000 		.long	.LVL21-.Ltext0
 867 00d1 DC02 0000 		.long	.LFE2-.Ltext0
 868 00d5 0100      		.word	0x1
 869 00d7 63        		.byte	0x63
 870 00d8 0000 0000 		.long	0x0
 871 00dc 0000 0000 		.long	0x0
 872               	.LLST7:
 873 00e0 7A00 0000 		.long	.LVL7-.Ltext0
 874 00e4 8802 0000 		.long	.LVL24-.Ltext0
 875 00e8 0100      		.word	0x1
 876 00ea 6A        		.byte	0x6a
 877 00eb 0000 0000 		.long	0x0
 878 00ef 0000 0000 		.long	0x0
 879               	.LLST9:
 880 00f3 FA02 0000 		.long	.LVL26-.Ltext0
 881 00f7 0203 0000 		.long	.LVL27-.Ltext0
 882 00fb 0100      		.word	0x1
 883 00fd 68        		.byte	0x68
 884 00fe 0000 0000 		.long	0x0
 885 0102 0000 0000 		.long	0x0
 886               	.LLST10:
 887 0106 FA02 0000 		.long	.LVL26-.Ltext0
 888 010a 7203 0000 		.long	.LVL37-.Ltext0
 889 010e 0100      		.word	0x1
 890 0110 66        		.byte	0x66
 891 0111 7203 0000 		.long	.LVL37-.Ltext0
 892 0115 8804 0000 		.long	.LFE3-.Ltext0
 893 0119 0100      		.word	0x1
 894 011b 57        		.byte	0x57
 895 011c 0000 0000 		.long	0x0
 896 0120 0000 0000 		.long	0x0
 897               	.LLST11:
 898 0124 FA02 0000 		.long	.LVL26-.Ltext0
 899 0128 0603 0000 		.long	.LVL28-.Ltext0
 900 012c 0100      		.word	0x1
 901 012e 64        		.byte	0x64
 902 012f 0603 0000 		.long	.LVL28-.Ltext0
 903 0133 8804 0000 		.long	.LFE3-.Ltext0
 904 0137 0100      		.word	0x1
 905 0139 61        		.byte	0x61
 906 013a 0000 0000 		.long	0x0
 907 013e 0000 0000 		.long	0x0
 908               	.LLST12:
 909 0142 4403 0000 		.long	.LVL35-.Ltext0
 910 0146 1C04 0000 		.long	.LVL39-.Ltext0
 911 014a 0100      		.word	0x1
 912 014c 60        		.byte	0x60
GAS LISTING d:\tmp/ccQsvYF8.s 			page 17


 913 014d 0000 0000 		.long	0x0
 914 0151 0000 0000 		.long	0x0
 915               		.section	.debug_info
 916 0000 A102 0000 		.long	0x2a1
 917 0004 0200      		.word	0x2
 918 0006 0000 0000 		.long	.Ldebug_abbrev0
 919 000a 04        		.byte	0x4
 920 000b 01        		.uleb128 0x1
 921 000c 0000 0000 		.long	.LASF25
 922 0010 01        		.byte	0x1
 923 0011 0000 0000 		.long	.LASF26
 924 0015 0000 0000 		.long	.LASF27
 925 0019 0000 0000 		.long	.Ltext0
 926 001d 0000 0000 		.long	.Letext0
 927 0021 0000 0000 		.long	.Ldebug_line0
 928 0025 02        		.uleb128 0x2
 929 0026 01        		.byte	0x1
 930 0027 06        		.byte	0x6
 931 0028 0000 0000 		.long	.LASF0
 932 002c 03        		.uleb128 0x3
 933 002d 0000 0000 		.long	.LASF28
 934 0031 02        		.byte	0x2
 935 0032 7A        		.byte	0x7a
 936 0033 3700 0000 		.long	0x37
 937 0037 02        		.uleb128 0x2
 938 0038 01        		.byte	0x1
 939 0039 08        		.byte	0x8
 940 003a 0000 0000 		.long	.LASF1
 941 003e 04        		.uleb128 0x4
 942 003f 02        		.byte	0x2
 943 0040 05        		.byte	0x5
 944 0041 696E 7400 		.string	"int"
 945 0045 02        		.uleb128 0x2
 946 0046 02        		.byte	0x2
 947 0047 07        		.byte	0x7
 948 0048 0000 0000 		.long	.LASF2
 949 004c 02        		.uleb128 0x2
 950 004d 04        		.byte	0x4
 951 004e 05        		.byte	0x5
 952 004f 0000 0000 		.long	.LASF3
 953 0053 02        		.uleb128 0x2
 954 0054 04        		.byte	0x4
 955 0055 07        		.byte	0x7
 956 0056 0000 0000 		.long	.LASF4
 957 005a 02        		.uleb128 0x2
 958 005b 08        		.byte	0x8
 959 005c 05        		.byte	0x5
 960 005d 0000 0000 		.long	.LASF5
 961 0061 02        		.uleb128 0x2
 962 0062 08        		.byte	0x8
 963 0063 07        		.byte	0x7
 964 0064 0000 0000 		.long	.LASF6
 965 0068 05        		.uleb128 0x5
 966 0069 01        		.byte	0x1
 967 006a 08        		.byte	0x8
 968 006b 06        		.uleb128 0x6
 969 006c 01        		.byte	0x1
GAS LISTING d:\tmp/ccQsvYF8.s 			page 18


 970 006d 0000 0000 		.long	.LASF29
 971 0071 01        		.byte	0x1
 972 0072 28        		.byte	0x28
 973 0073 01        		.byte	0x1
 974 0074 0000 0000 		.long	.LFB2
 975 0078 0000 0000 		.long	.LFE2
 976 007c 02        		.byte	0x2
 977 007d 90        		.byte	0x90
 978 007e 20        		.uleb128 0x20
 979 007f 0601 0000 		.long	0x106
 980 0083 07        		.uleb128 0x7
 981 0084 0000 0000 		.long	.LASF7
 982 0088 01        		.byte	0x1
 983 0089 26        		.byte	0x26
 984 008a 2C00 0000 		.long	0x2c
 985 008e 0000 0000 		.long	.LLST1
 986 0092 08        		.uleb128 0x8
 987 0093 6373 00   		.string	"cs"
 988 0096 01        		.byte	0x1
 989 0097 26        		.byte	0x26
 990 0098 2C00 0000 		.long	0x2c
 991 009c 0000 0000 		.long	.LLST2
 992 00a0 08        		.uleb128 0x8
 993 00a1 636C 6B00 		.string	"clk"
 994 00a5 01        		.byte	0x1
 995 00a6 26        		.byte	0x26
 996 00a7 2C00 0000 		.long	0x2c
 997 00ab 0000 0000 		.long	.LLST3
 998 00af 07        		.uleb128 0x7
 999 00b0 0000 0000 		.long	.LASF8
 1000 00b4 01        		.byte	0x1
 1001 00b5 26        		.byte	0x26
 1002 00b6 2C00 0000 		.long	0x2c
 1003 00ba 0000 0000 		.long	.LLST4
 1004 00be 09        		.uleb128 0x9
 1005 00bf 6469 6E00 		.string	"din"
 1006 00c3 01        		.byte	0x1
 1007 00c4 26        		.byte	0x26
 1008 00c5 2C00 0000 		.long	0x2c
 1009 00c9 01        		.byte	0x1
 1010 00ca 60        		.byte	0x60
 1011 00cb 0A        		.uleb128 0xa
 1012 00cc 0000 0000 		.long	.LASF9
 1013 00d0 01        		.byte	0x1
 1014 00d1 29        		.byte	0x29
 1015 00d2 2C00 0000 		.long	0x2c
 1016 00d6 0000 0000 		.long	.LLST5
 1017 00da 0B        		.uleb128 0xb
 1018 00db 6263 7300 		.string	"bcs"
 1019 00df 01        		.byte	0x1
 1020 00e0 29        		.byte	0x29
 1021 00e1 2C00 0000 		.long	0x2c
 1022 00e5 01        		.byte	0x1
 1023 00e6 61        		.byte	0x61
 1024 00e7 0A        		.uleb128 0xa
 1025 00e8 0000 0000 		.long	.LASF10
 1026 00ec 01        		.byte	0x1
GAS LISTING d:\tmp/ccQsvYF8.s 			page 19


 1027 00ed 29        		.byte	0x29
 1028 00ee 2C00 0000 		.long	0x2c
 1029 00f2 0000 0000 		.long	.LLST6
 1030 00f6 0A        		.uleb128 0xa
 1031 00f7 0000 0000 		.long	.LASF11
 1032 00fb 01        		.byte	0x1
 1033 00fc 29        		.byte	0x29
 1034 00fd 2C00 0000 		.long	0x2c
 1035 0101 0000 0000 		.long	.LLST7
 1036 0105 00        		.byte	0x0
 1037 0106 0C        		.uleb128 0xc
 1038 0107 01        		.byte	0x1
 1039 0108 0000 0000 		.long	.LASF30
 1040 010c 01        		.byte	0x1
 1041 010d 57        		.byte	0x57
 1042 010e 01        		.byte	0x1
 1043 010f 4500 0000 		.long	0x45
 1044 0113 0000 0000 		.long	.LFB3
 1045 0117 0000 0000 		.long	.LFE3
 1046 011b 02        		.byte	0x2
 1047 011c 90        		.byte	0x90
 1048 011d 20        		.uleb128 0x20
 1049 011e EB01 0000 		.long	0x1eb
 1050 0122 07        		.uleb128 0x7
 1051 0123 0000 0000 		.long	.LASF7
 1052 0127 01        		.byte	0x1
 1053 0128 54        		.byte	0x54
 1054 0129 2C00 0000 		.long	0x2c
 1055 012d 0000 0000 		.long	.LLST9
 1056 0131 08        		.uleb128 0x8
 1057 0132 6164 6300 		.string	"adc"
 1058 0136 01        		.byte	0x1
 1059 0137 54        		.byte	0x54
 1060 0138 2C00 0000 		.long	0x2c
 1061 013c 0000 0000 		.long	.LLST10
 1062 0140 07        		.uleb128 0x7
 1063 0141 0000 0000 		.long	.LASF12
 1064 0145 01        		.byte	0x1
 1065 0146 54        		.byte	0x54
 1066 0147 2C00 0000 		.long	0x2c
 1067 014b 0000 0000 		.long	.LLST11
 1068 014f 0D        		.uleb128 0xd
 1069 0150 0000 0000 		.long	.LASF13
 1070 0154 01        		.byte	0x1
 1071 0155 58        		.byte	0x58
 1072 0156 EB01 0000 		.long	0x1eb
 1073 015a 06        		.byte	0x6
 1074 015b 6C        		.byte	0x6c
 1075 015c 93        		.byte	0x93
 1076 015d 01        		.uleb128 0x1
 1077 015e 6D        		.byte	0x6d
 1078 015f 93        		.byte	0x93
 1079 0160 01        		.uleb128 0x1
 1080 0161 0B        		.uleb128 0xb
 1081 0162 7063 7300 		.string	"pcs"
 1082 0166 01        		.byte	0x1
 1083 0167 58        		.byte	0x58
GAS LISTING d:\tmp/ccQsvYF8.s 			page 20


 1084 0168 EB01 0000 		.long	0x1eb
 1085 016c 06        		.byte	0x6
 1086 016d 5C        		.byte	0x5c
 1087 016e 93        		.byte	0x93
 1088 016f 01        		.uleb128 0x1
 1089 0170 5D        		.byte	0x5d
 1090 0171 93        		.byte	0x93
 1091 0172 01        		.uleb128 0x1
 1092 0173 0D        		.uleb128 0xd
 1093 0174 0000 0000 		.long	.LASF14
 1094 0178 01        		.byte	0x1
 1095 0179 58        		.byte	0x58
 1096 017a EB01 0000 		.long	0x1eb
 1097 017e 06        		.byte	0x6
 1098 017f 58        		.byte	0x58
 1099 0180 93        		.byte	0x93
 1100 0181 01        		.uleb128 0x1
 1101 0182 59        		.byte	0x59
 1102 0183 93        		.byte	0x93
 1103 0184 01        		.uleb128 0x1
 1104 0185 0D        		.uleb128 0xd
 1105 0186 0000 0000 		.long	.LASF15
 1106 018a 01        		.byte	0x1
 1107 018b 58        		.byte	0x58
 1108 018c EB01 0000 		.long	0x1eb
 1109 0190 06        		.byte	0x6
 1110 0191 5E        		.byte	0x5e
 1111 0192 93        		.byte	0x93
 1112 0193 01        		.uleb128 0x1
 1113 0194 5F        		.byte	0x5f
 1114 0195 93        		.byte	0x93
 1115 0196 01        		.uleb128 0x1
 1116 0197 0D        		.uleb128 0xd
 1117 0198 0000 0000 		.long	.LASF9
 1118 019c 01        		.byte	0x1
 1119 019d 59        		.byte	0x59
 1120 019e 2C00 0000 		.long	0x2c
 1121 01a2 01        		.byte	0x1
 1122 01a3 5A        		.byte	0x5a
 1123 01a4 0B        		.uleb128 0xb
 1124 01a5 6263 7300 		.string	"bcs"
 1125 01a9 01        		.byte	0x1
 1126 01aa 59        		.byte	0x59
 1127 01ab 2C00 0000 		.long	0x2c
 1128 01af 01        		.byte	0x1
 1129 01b0 56        		.byte	0x56
 1130 01b1 0D        		.uleb128 0xd
 1131 01b2 0000 0000 		.long	.LASF10
 1132 01b6 01        		.byte	0x1
 1133 01b7 59        		.byte	0x59
 1134 01b8 2C00 0000 		.long	0x2c
 1135 01bc 01        		.byte	0x1
 1136 01bd 55        		.byte	0x55
 1137 01be 0A        		.uleb128 0xa
 1138 01bf 0000 0000 		.long	.LASF11
 1139 01c3 01        		.byte	0x1
 1140 01c4 59        		.byte	0x59
GAS LISTING d:\tmp/ccQsvYF8.s 			page 21


 1141 01c5 2C00 0000 		.long	0x2c
 1142 01c9 0000 0000 		.long	.LLST12
 1143 01cd 0B        		.uleb128 0xb
 1144 01ce 6900      		.string	"i"
 1145 01d0 01        		.byte	0x1
 1146 01d1 5A        		.byte	0x5a
 1147 01d2 2C00 0000 		.long	0x2c
 1148 01d6 01        		.byte	0x1
 1149 01d7 5F        		.byte	0x5f
 1150 01d8 0D        		.uleb128 0xd
 1151 01d9 0000 0000 		.long	.LASF16
 1152 01dd 01        		.byte	0x1
 1153 01de 5B        		.byte	0x5b
 1154 01df 4500 0000 		.long	0x45
 1155 01e3 06        		.byte	0x6
 1156 01e4 60        		.byte	0x60
 1157 01e5 93        		.byte	0x93
 1158 01e6 01        		.uleb128 0x1
 1159 01e7 61        		.byte	0x61
 1160 01e8 93        		.byte	0x93
 1161 01e9 01        		.uleb128 0x1
 1162 01ea 00        		.byte	0x0
 1163 01eb 0E        		.uleb128 0xe
 1164 01ec 02        		.byte	0x2
 1165 01ed 2C00 0000 		.long	0x2c
 1166 01f1 0F        		.uleb128 0xf
 1167 01f2 EB01 0000 		.long	0x1eb
 1168 01f6 0102 0000 		.long	0x201
 1169 01fa 10        		.uleb128 0x10
 1170 01fb 0102 0000 		.long	0x201
 1171 01ff 03        		.byte	0x3
 1172 0200 00        		.byte	0x0
 1173 0201 05        		.uleb128 0x5
 1174 0202 02        		.byte	0x2
 1175 0203 07        		.byte	0x7
 1176 0204 11        		.uleb128 0x11
 1177 0205 0000 0000 		.long	.LASF17
 1178 0209 01        		.byte	0x1
 1179 020a 14        		.byte	0x14
 1180 020b F101 0000 		.long	0x1f1
 1181 020f 01        		.byte	0x1
 1182 0210 05        		.byte	0x5
 1183 0211 03        		.byte	0x3
 1184 0212 0000 0000 		.long	p_cs
 1185 0216 11        		.uleb128 0x11
 1186 0217 0000 0000 		.long	.LASF18
 1187 021b 01        		.byte	0x1
 1188 021c 15        		.byte	0x15
 1189 021d F101 0000 		.long	0x1f1
 1190 0221 01        		.byte	0x1
 1191 0222 05        		.byte	0x5
 1192 0223 03        		.byte	0x3
 1193 0224 0000 0000 		.long	p_dout
 1194 0228 11        		.uleb128 0x11
 1195 0229 0000 0000 		.long	.LASF19
 1196 022d 01        		.byte	0x1
 1197 022e 16        		.byte	0x16
GAS LISTING d:\tmp/ccQsvYF8.s 			page 22


 1198 022f F101 0000 		.long	0x1f1
 1199 0233 01        		.byte	0x1
 1200 0234 05        		.byte	0x5
 1201 0235 03        		.byte	0x3
 1202 0236 0000 0000 		.long	p_din
 1203 023a 11        		.uleb128 0x11
 1204 023b 0000 0000 		.long	.LASF20
 1205 023f 01        		.byte	0x1
 1206 0240 17        		.byte	0x17
 1207 0241 F101 0000 		.long	0x1f1
 1208 0245 01        		.byte	0x1
 1209 0246 05        		.byte	0x5
 1210 0247 03        		.byte	0x3
 1211 0248 0000 0000 		.long	p_clk
 1212 024c 0F        		.uleb128 0xf
 1213 024d 2C00 0000 		.long	0x2c
 1214 0251 5C02 0000 		.long	0x25c
 1215 0255 10        		.uleb128 0x10
 1216 0256 0102 0000 		.long	0x201
 1217 025a 03        		.byte	0x3
 1218 025b 00        		.byte	0x0
 1219 025c 11        		.uleb128 0x11
 1220 025d 0000 0000 		.long	.LASF21
 1221 0261 01        		.byte	0x1
 1222 0262 19        		.byte	0x19
 1223 0263 4C02 0000 		.long	0x24c
 1224 0267 01        		.byte	0x1
 1225 0268 05        		.byte	0x5
 1226 0269 03        		.byte	0x3
 1227 026a 0000 0000 		.long	b_cs
 1228 026e 11        		.uleb128 0x11
 1229 026f 0000 0000 		.long	.LASF22
 1230 0273 01        		.byte	0x1
 1231 0274 1A        		.byte	0x1a
 1232 0275 4C02 0000 		.long	0x24c
 1233 0279 01        		.byte	0x1
 1234 027a 05        		.byte	0x5
 1235 027b 03        		.byte	0x3
 1236 027c 0000 0000 		.long	b_dout
 1237 0280 11        		.uleb128 0x11
 1238 0281 0000 0000 		.long	.LASF23
 1239 0285 01        		.byte	0x1
 1240 0286 1B        		.byte	0x1b
 1241 0287 4C02 0000 		.long	0x24c
 1242 028b 01        		.byte	0x1
 1243 028c 05        		.byte	0x5
 1244 028d 03        		.byte	0x3
 1245 028e 0000 0000 		.long	b_din
 1246 0292 11        		.uleb128 0x11
 1247 0293 0000 0000 		.long	.LASF24
 1248 0297 01        		.byte	0x1
 1249 0298 1C        		.byte	0x1c
 1250 0299 4C02 0000 		.long	0x24c
 1251 029d 01        		.byte	0x1
 1252 029e 05        		.byte	0x5
 1253 029f 03        		.byte	0x3
 1254 02a0 0000 0000 		.long	b_clk
GAS LISTING d:\tmp/ccQsvYF8.s 			page 23


 1255 02a4 00        		.byte	0x0
 1256               		.section	.debug_abbrev
 1257 0000 01        		.uleb128 0x1
 1258 0001 11        		.uleb128 0x11
 1259 0002 01        		.byte	0x1
 1260 0003 25        		.uleb128 0x25
 1261 0004 0E        		.uleb128 0xe
 1262 0005 13        		.uleb128 0x13
 1263 0006 0B        		.uleb128 0xb
 1264 0007 03        		.uleb128 0x3
 1265 0008 0E        		.uleb128 0xe
 1266 0009 1B        		.uleb128 0x1b
 1267 000a 0E        		.uleb128 0xe
 1268 000b 11        		.uleb128 0x11
 1269 000c 01        		.uleb128 0x1
 1270 000d 12        		.uleb128 0x12
 1271 000e 01        		.uleb128 0x1
 1272 000f 10        		.uleb128 0x10
 1273 0010 06        		.uleb128 0x6
 1274 0011 00        		.byte	0x0
 1275 0012 00        		.byte	0x0
 1276 0013 02        		.uleb128 0x2
 1277 0014 24        		.uleb128 0x24
 1278 0015 00        		.byte	0x0
 1279 0016 0B        		.uleb128 0xb
 1280 0017 0B        		.uleb128 0xb
 1281 0018 3E        		.uleb128 0x3e
 1282 0019 0B        		.uleb128 0xb
 1283 001a 03        		.uleb128 0x3
 1284 001b 0E        		.uleb128 0xe
 1285 001c 00        		.byte	0x0
 1286 001d 00        		.byte	0x0
 1287 001e 03        		.uleb128 0x3
 1288 001f 16        		.uleb128 0x16
 1289 0020 00        		.byte	0x0
 1290 0021 03        		.uleb128 0x3
 1291 0022 0E        		.uleb128 0xe
 1292 0023 3A        		.uleb128 0x3a
 1293 0024 0B        		.uleb128 0xb
 1294 0025 3B        		.uleb128 0x3b
 1295 0026 0B        		.uleb128 0xb
 1296 0027 49        		.uleb128 0x49
 1297 0028 13        		.uleb128 0x13
 1298 0029 00        		.byte	0x0
 1299 002a 00        		.byte	0x0
 1300 002b 04        		.uleb128 0x4
 1301 002c 24        		.uleb128 0x24
 1302 002d 00        		.byte	0x0
 1303 002e 0B        		.uleb128 0xb
 1304 002f 0B        		.uleb128 0xb
 1305 0030 3E        		.uleb128 0x3e
 1306 0031 0B        		.uleb128 0xb
 1307 0032 03        		.uleb128 0x3
 1308 0033 08        		.uleb128 0x8
 1309 0034 00        		.byte	0x0
 1310 0035 00        		.byte	0x0
 1311 0036 05        		.uleb128 0x5
GAS LISTING d:\tmp/ccQsvYF8.s 			page 24


 1312 0037 24        		.uleb128 0x24
 1313 0038 00        		.byte	0x0
 1314 0039 0B        		.uleb128 0xb
 1315 003a 0B        		.uleb128 0xb
 1316 003b 3E        		.uleb128 0x3e
 1317 003c 0B        		.uleb128 0xb
 1318 003d 00        		.byte	0x0
 1319 003e 00        		.byte	0x0
 1320 003f 06        		.uleb128 0x6
 1321 0040 2E        		.uleb128 0x2e
 1322 0041 01        		.byte	0x1
 1323 0042 3F        		.uleb128 0x3f
 1324 0043 0C        		.uleb128 0xc
 1325 0044 03        		.uleb128 0x3
 1326 0045 0E        		.uleb128 0xe
 1327 0046 3A        		.uleb128 0x3a
 1328 0047 0B        		.uleb128 0xb
 1329 0048 3B        		.uleb128 0x3b
 1330 0049 0B        		.uleb128 0xb
 1331 004a 27        		.uleb128 0x27
 1332 004b 0C        		.uleb128 0xc
 1333 004c 11        		.uleb128 0x11
 1334 004d 01        		.uleb128 0x1
 1335 004e 12        		.uleb128 0x12
 1336 004f 01        		.uleb128 0x1
 1337 0050 40        		.uleb128 0x40
 1338 0051 0A        		.uleb128 0xa
 1339 0052 01        		.uleb128 0x1
 1340 0053 13        		.uleb128 0x13
 1341 0054 00        		.byte	0x0
 1342 0055 00        		.byte	0x0
 1343 0056 07        		.uleb128 0x7
 1344 0057 05        		.uleb128 0x5
 1345 0058 00        		.byte	0x0
 1346 0059 03        		.uleb128 0x3
 1347 005a 0E        		.uleb128 0xe
 1348 005b 3A        		.uleb128 0x3a
 1349 005c 0B        		.uleb128 0xb
 1350 005d 3B        		.uleb128 0x3b
 1351 005e 0B        		.uleb128 0xb
 1352 005f 49        		.uleb128 0x49
 1353 0060 13        		.uleb128 0x13
 1354 0061 02        		.uleb128 0x2
 1355 0062 06        		.uleb128 0x6
 1356 0063 00        		.byte	0x0
 1357 0064 00        		.byte	0x0
 1358 0065 08        		.uleb128 0x8
 1359 0066 05        		.uleb128 0x5
 1360 0067 00        		.byte	0x0
 1361 0068 03        		.uleb128 0x3
 1362 0069 08        		.uleb128 0x8
 1363 006a 3A        		.uleb128 0x3a
 1364 006b 0B        		.uleb128 0xb
 1365 006c 3B        		.uleb128 0x3b
 1366 006d 0B        		.uleb128 0xb
 1367 006e 49        		.uleb128 0x49
 1368 006f 13        		.uleb128 0x13
GAS LISTING d:\tmp/ccQsvYF8.s 			page 25


 1369 0070 02        		.uleb128 0x2
 1370 0071 06        		.uleb128 0x6
 1371 0072 00        		.byte	0x0
 1372 0073 00        		.byte	0x0
 1373 0074 09        		.uleb128 0x9
 1374 0075 05        		.uleb128 0x5
 1375 0076 00        		.byte	0x0
 1376 0077 03        		.uleb128 0x3
 1377 0078 08        		.uleb128 0x8
 1378 0079 3A        		.uleb128 0x3a
 1379 007a 0B        		.uleb128 0xb
 1380 007b 3B        		.uleb128 0x3b
 1381 007c 0B        		.uleb128 0xb
 1382 007d 49        		.uleb128 0x49
 1383 007e 13        		.uleb128 0x13
 1384 007f 02        		.uleb128 0x2
 1385 0080 0A        		.uleb128 0xa
 1386 0081 00        		.byte	0x0
 1387 0082 00        		.byte	0x0
 1388 0083 0A        		.uleb128 0xa
 1389 0084 34        		.uleb128 0x34
 1390 0085 00        		.byte	0x0
 1391 0086 03        		.uleb128 0x3
 1392 0087 0E        		.uleb128 0xe
 1393 0088 3A        		.uleb128 0x3a
 1394 0089 0B        		.uleb128 0xb
 1395 008a 3B        		.uleb128 0x3b
 1396 008b 0B        		.uleb128 0xb
 1397 008c 49        		.uleb128 0x49
 1398 008d 13        		.uleb128 0x13
 1399 008e 02        		.uleb128 0x2
 1400 008f 06        		.uleb128 0x6
 1401 0090 00        		.byte	0x0
 1402 0091 00        		.byte	0x0
 1403 0092 0B        		.uleb128 0xb
 1404 0093 34        		.uleb128 0x34
 1405 0094 00        		.byte	0x0
 1406 0095 03        		.uleb128 0x3
 1407 0096 08        		.uleb128 0x8
 1408 0097 3A        		.uleb128 0x3a
 1409 0098 0B        		.uleb128 0xb
 1410 0099 3B        		.uleb128 0x3b
 1411 009a 0B        		.uleb128 0xb
 1412 009b 49        		.uleb128 0x49
 1413 009c 13        		.uleb128 0x13
 1414 009d 02        		.uleb128 0x2
 1415 009e 0A        		.uleb128 0xa
 1416 009f 00        		.byte	0x0
 1417 00a0 00        		.byte	0x0
 1418 00a1 0C        		.uleb128 0xc
 1419 00a2 2E        		.uleb128 0x2e
 1420 00a3 01        		.byte	0x1
 1421 00a4 3F        		.uleb128 0x3f
 1422 00a5 0C        		.uleb128 0xc
 1423 00a6 03        		.uleb128 0x3
 1424 00a7 0E        		.uleb128 0xe
 1425 00a8 3A        		.uleb128 0x3a
GAS LISTING d:\tmp/ccQsvYF8.s 			page 26


 1426 00a9 0B        		.uleb128 0xb
 1427 00aa 3B        		.uleb128 0x3b
 1428 00ab 0B        		.uleb128 0xb
 1429 00ac 27        		.uleb128 0x27
 1430 00ad 0C        		.uleb128 0xc
 1431 00ae 49        		.uleb128 0x49
 1432 00af 13        		.uleb128 0x13
 1433 00b0 11        		.uleb128 0x11
 1434 00b1 01        		.uleb128 0x1
 1435 00b2 12        		.uleb128 0x12
 1436 00b3 01        		.uleb128 0x1
 1437 00b4 40        		.uleb128 0x40
 1438 00b5 0A        		.uleb128 0xa
 1439 00b6 01        		.uleb128 0x1
 1440 00b7 13        		.uleb128 0x13
 1441 00b8 00        		.byte	0x0
 1442 00b9 00        		.byte	0x0
 1443 00ba 0D        		.uleb128 0xd
 1444 00bb 34        		.uleb128 0x34
 1445 00bc 00        		.byte	0x0
 1446 00bd 03        		.uleb128 0x3
 1447 00be 0E        		.uleb128 0xe
 1448 00bf 3A        		.uleb128 0x3a
 1449 00c0 0B        		.uleb128 0xb
 1450 00c1 3B        		.uleb128 0x3b
 1451 00c2 0B        		.uleb128 0xb
 1452 00c3 49        		.uleb128 0x49
 1453 00c4 13        		.uleb128 0x13
 1454 00c5 02        		.uleb128 0x2
 1455 00c6 0A        		.uleb128 0xa
 1456 00c7 00        		.byte	0x0
 1457 00c8 00        		.byte	0x0
 1458 00c9 0E        		.uleb128 0xe
 1459 00ca 0F        		.uleb128 0xf
 1460 00cb 00        		.byte	0x0
 1461 00cc 0B        		.uleb128 0xb
 1462 00cd 0B        		.uleb128 0xb
 1463 00ce 49        		.uleb128 0x49
 1464 00cf 13        		.uleb128 0x13
 1465 00d0 00        		.byte	0x0
 1466 00d1 00        		.byte	0x0
 1467 00d2 0F        		.uleb128 0xf
 1468 00d3 01        		.uleb128 0x1
 1469 00d4 01        		.byte	0x1
 1470 00d5 49        		.uleb128 0x49
 1471 00d6 13        		.uleb128 0x13
 1472 00d7 01        		.uleb128 0x1
 1473 00d8 13        		.uleb128 0x13
 1474 00d9 00        		.byte	0x0
 1475 00da 00        		.byte	0x0
 1476 00db 10        		.uleb128 0x10
 1477 00dc 21        		.uleb128 0x21
 1478 00dd 00        		.byte	0x0
 1479 00de 49        		.uleb128 0x49
 1480 00df 13        		.uleb128 0x13
 1481 00e0 2F        		.uleb128 0x2f
 1482 00e1 0B        		.uleb128 0xb
GAS LISTING d:\tmp/ccQsvYF8.s 			page 27


 1483 00e2 00        		.byte	0x0
 1484 00e3 00        		.byte	0x0
 1485 00e4 11        		.uleb128 0x11
 1486 00e5 34        		.uleb128 0x34
 1487 00e6 00        		.byte	0x0
 1488 00e7 03        		.uleb128 0x3
 1489 00e8 0E        		.uleb128 0xe
 1490 00e9 3A        		.uleb128 0x3a
 1491 00ea 0B        		.uleb128 0xb
 1492 00eb 3B        		.uleb128 0x3b
 1493 00ec 0B        		.uleb128 0xb
 1494 00ed 49        		.uleb128 0x49
 1495 00ee 13        		.uleb128 0x13
 1496 00ef 3F        		.uleb128 0x3f
 1497 00f0 0C        		.uleb128 0xc
 1498 00f1 02        		.uleb128 0x2
 1499 00f2 0A        		.uleb128 0xa
 1500 00f3 00        		.byte	0x0
 1501 00f4 00        		.byte	0x0
 1502 00f5 00        		.byte	0x0
 1503               		.section	.debug_pubnames,"",@progbits
 1504 0000 8000 0000 		.long	0x80
 1505 0004 0200      		.word	0x2
 1506 0006 0000 0000 		.long	.Ldebug_info0
 1507 000a A502 0000 		.long	0x2a5
 1508 000e 6B00 0000 		.long	0x6b
 1509 0012 696E 6974 		.string	"init_mcp3202"
 1509      5F6D 6370 
 1509      3332 3032 
 1509      00
 1510 001f 0601 0000 		.long	0x106
 1511 0023 6D63 7033 		.string	"mcp3202_getw"
 1511      3230 325F 
 1511      6765 7477 
 1511      00
 1512 0030 0402 0000 		.long	0x204
 1513 0034 705F 6373 		.string	"p_cs"
 1513      00
 1514 0039 1602 0000 		.long	0x216
 1515 003d 705F 646F 		.string	"p_dout"
 1515      7574 00
 1516 0044 2802 0000 		.long	0x228
 1517 0048 705F 6469 		.string	"p_din"
 1517      6E00 
 1518 004e 3A02 0000 		.long	0x23a
 1519 0052 705F 636C 		.string	"p_clk"
 1519      6B00 
 1520 0058 5C02 0000 		.long	0x25c
 1521 005c 625F 6373 		.string	"b_cs"
 1521      00
 1522 0061 6E02 0000 		.long	0x26e
 1523 0065 625F 646F 		.string	"b_dout"
 1523      7574 00
 1524 006c 8002 0000 		.long	0x280
 1525 0070 625F 6469 		.string	"b_din"
 1525      6E00 
 1526 0076 9202 0000 		.long	0x292
GAS LISTING d:\tmp/ccQsvYF8.s 			page 28


 1527 007a 625F 636C 		.string	"b_clk"
 1527      6B00 
 1528 0080 0000 0000 		.long	0x0
 1529               		.section	.debug_aranges,"",@progbits
 1530 0000 1C00 0000 		.long	0x1c
 1531 0004 0200      		.word	0x2
 1532 0006 0000 0000 		.long	.Ldebug_info0
 1533 000a 04        		.byte	0x4
 1534 000b 00        		.byte	0x0
 1535 000c 0000      		.word	0x0
 1536 000e 0000      		.word	0x0
 1537 0010 0000 0000 		.long	.Ltext0
 1538 0014 8804 0000 		.long	.Letext0-.Ltext0
 1539 0018 0000 0000 		.long	0x0
 1540 001c 0000 0000 		.long	0x0
 1541               		.section	.debug_line
 1542 0000 CF02 0000 		.long	.LELT0-.LSLT0
 1543               	.LSLT0:
 1544 0004 0200      		.word	0x2
 1545 0006 4F00 0000 		.long	.LELTP0-.LASLTP0
 1546               	.LASLTP0:
 1547 000a 01        		.byte	0x1
 1548 000b 01        		.byte	0x1
 1549 000c F6        		.byte	0xf6
 1550 000d F5        		.byte	0xf5
 1551 000e 0A        		.byte	0xa
 1552 000f 00        		.byte	0x0
 1553 0010 01        		.byte	0x1
 1554 0011 01        		.byte	0x1
 1555 0012 01        		.byte	0x1
 1556 0013 01        		.byte	0x1
 1557 0014 00        		.byte	0x0
 1558 0015 00        		.byte	0x0
 1559 0016 00        		.byte	0x0
 1560 0017 01        		.byte	0x1
 1561 0018 643A 2F77 		.ascii	"d:/winavr-20071221/bin/../avr/include"
 1561      696E 6176 
 1561      722D 3230 
 1561      3037 3132 
 1561      3231 2F62 
 1562 003d 00        		.byte	0
 1563 003e 00        		.byte	0x0
 1564 003f 6D63 7033 		.string	"mcp3202.c"
 1564      3230 322E 
 1564      6300 
 1565 0049 00        		.uleb128 0x0
 1566 004a 00        		.uleb128 0x0
 1567 004b 00        		.uleb128 0x0
 1568 004c 7374 6469 		.string	"stdint.h"
 1568      6E74 2E68 
 1568      00
 1569 0055 01        		.uleb128 0x1
 1570 0056 00        		.uleb128 0x0
 1571 0057 00        		.uleb128 0x0
 1572 0058 00        		.byte	0x0
 1573               	.LELTP0:
 1574 0059 00        		.byte	0x0
GAS LISTING d:\tmp/ccQsvYF8.s 			page 29


 1575 005a 05        		.uleb128 0x5
 1576 005b 02        		.byte	0x2
 1577 005c 0000 0000 		.long	.LM1
 1578 0060 3B        		.byte	0x3b
 1579 0061 00        		.byte	0x0
 1580 0062 05        		.uleb128 0x5
 1581 0063 02        		.byte	0x2
 1582 0064 0000 0000 		.long	.LM2
 1583 0068 17        		.byte	0x17
 1584 0069 00        		.byte	0x0
 1585 006a 05        		.uleb128 0x5
 1586 006b 02        		.byte	0x2
 1587 006c 0000 0000 		.long	.LM3
 1588 0070 15        		.byte	0x15
 1589 0071 00        		.byte	0x0
 1590 0072 05        		.uleb128 0x5
 1591 0073 02        		.byte	0x2
 1592 0074 0000 0000 		.long	.LM4
 1593 0078 15        		.byte	0x15
 1594 0079 00        		.byte	0x0
 1595 007a 05        		.uleb128 0x5
 1596 007b 02        		.byte	0x2
 1597 007c 0000 0000 		.long	.LM5
 1598 0080 15        		.byte	0x15
 1599 0081 00        		.byte	0x0
 1600 0082 05        		.uleb128 0x5
 1601 0083 02        		.byte	0x2
 1602 0084 0000 0000 		.long	.LM6
 1603 0088 15        		.byte	0x15
 1604 0089 00        		.byte	0x0
 1605 008a 05        		.uleb128 0x5
 1606 008b 02        		.byte	0x2
 1607 008c 0000 0000 		.long	.LM7
 1608 0090 15        		.byte	0x15
 1609 0091 00        		.byte	0x0
 1610 0092 05        		.uleb128 0x5
 1611 0093 02        		.byte	0x2
 1612 0094 0000 0000 		.long	.LM8
 1613 0098 15        		.byte	0x15
 1614 0099 00        		.byte	0x0
 1615 009a 05        		.uleb128 0x5
 1616 009b 02        		.byte	0x2
 1617 009c 0000 0000 		.long	.LM9
 1618 00a0 15        		.byte	0x15
 1619 00a1 00        		.byte	0x0
 1620 00a2 05        		.uleb128 0x5
 1621 00a3 02        		.byte	0x2
 1622 00a4 0000 0000 		.long	.LM10
 1623 00a8 16        		.byte	0x16
 1624 00a9 00        		.byte	0x0
 1625 00aa 05        		.uleb128 0x5
 1626 00ab 02        		.byte	0x2
 1627 00ac 0000 0000 		.long	.LM11
 1628 00b0 15        		.byte	0x15
 1629 00b1 00        		.byte	0x0
 1630 00b2 05        		.uleb128 0x5
 1631 00b3 02        		.byte	0x2
GAS LISTING d:\tmp/ccQsvYF8.s 			page 30


 1632 00b4 0000 0000 		.long	.LM12
 1633 00b8 01        		.byte	0x1
 1634 00b9 00        		.byte	0x0
 1635 00ba 05        		.uleb128 0x5
 1636 00bb 02        		.byte	0x2
 1637 00bc 0000 0000 		.long	.LM13
 1638 00c0 15        		.byte	0x15
 1639 00c1 00        		.byte	0x0
 1640 00c2 05        		.uleb128 0x5
 1641 00c3 02        		.byte	0x2
 1642 00c4 0000 0000 		.long	.LM14
 1643 00c8 15        		.byte	0x15
 1644 00c9 00        		.byte	0x0
 1645 00ca 05        		.uleb128 0x5
 1646 00cb 02        		.byte	0x2
 1647 00cc 0000 0000 		.long	.LM15
 1648 00d0 15        		.byte	0x15
 1649 00d1 00        		.byte	0x0
 1650 00d2 05        		.uleb128 0x5
 1651 00d3 02        		.byte	0x2
 1652 00d4 0000 0000 		.long	.LM16
 1653 00d8 16        		.byte	0x16
 1654 00d9 00        		.byte	0x0
 1655 00da 05        		.uleb128 0x5
 1656 00db 02        		.byte	0x2
 1657 00dc 0000 0000 		.long	.LM17
 1658 00e0 15        		.byte	0x15
 1659 00e1 00        		.byte	0x0
 1660 00e2 05        		.uleb128 0x5
 1661 00e3 02        		.byte	0x2
 1662 00e4 0000 0000 		.long	.LM18
 1663 00e8 15        		.byte	0x15
 1664 00e9 00        		.byte	0x0
 1665 00ea 05        		.uleb128 0x5
 1666 00eb 02        		.byte	0x2
 1667 00ec 0000 0000 		.long	.LM19
 1668 00f0 15        		.byte	0x15
 1669 00f1 00        		.byte	0x0
 1670 00f2 05        		.uleb128 0x5
 1671 00f3 02        		.byte	0x2
 1672 00f4 0000 0000 		.long	.LM20
 1673 00f8 15        		.byte	0x15
 1674 00f9 00        		.byte	0x0
 1675 00fa 05        		.uleb128 0x5
 1676 00fb 02        		.byte	0x2
 1677 00fc 0000 0000 		.long	.LM21
 1678 0100 16        		.byte	0x16
 1679 0101 00        		.byte	0x0
 1680 0102 05        		.uleb128 0x5
 1681 0103 02        		.byte	0x2
 1682 0104 0000 0000 		.long	.LM22
 1683 0108 15        		.byte	0x15
 1684 0109 00        		.byte	0x0
 1685 010a 05        		.uleb128 0x5
 1686 010b 02        		.byte	0x2
 1687 010c 0000 0000 		.long	.LM23
 1688 0110 15        		.byte	0x15
GAS LISTING d:\tmp/ccQsvYF8.s 			page 31


 1689 0111 00        		.byte	0x0
 1690 0112 05        		.uleb128 0x5
 1691 0113 02        		.byte	0x2
 1692 0114 0000 0000 		.long	.LM24
 1693 0118 15        		.byte	0x15
 1694 0119 00        		.byte	0x0
 1695 011a 05        		.uleb128 0x5
 1696 011b 02        		.byte	0x2
 1697 011c 0000 0000 		.long	.LM25
 1698 0120 15        		.byte	0x15
 1699 0121 00        		.byte	0x0
 1700 0122 05        		.uleb128 0x5
 1701 0123 02        		.byte	0x2
 1702 0124 0000 0000 		.long	.LM26
 1703 0128 16        		.byte	0x16
 1704 0129 00        		.byte	0x0
 1705 012a 05        		.uleb128 0x5
 1706 012b 02        		.byte	0x2
 1707 012c 0000 0000 		.long	.LM27
 1708 0130 15        		.byte	0x15
 1709 0131 00        		.byte	0x0
 1710 0132 05        		.uleb128 0x5
 1711 0133 02        		.byte	0x2
 1712 0134 0000 0000 		.long	.LM28
 1713 0138 15        		.byte	0x15
 1714 0139 00        		.byte	0x0
 1715 013a 05        		.uleb128 0x5
 1716 013b 02        		.byte	0x2
 1717 013c 0000 0000 		.long	.LM29
 1718 0140 15        		.byte	0x15
 1719 0141 00        		.byte	0x0
 1720 0142 05        		.uleb128 0x5
 1721 0143 02        		.byte	0x2
 1722 0144 0000 0000 		.long	.LM30
 1723 0148 15        		.byte	0x15
 1724 0149 00        		.byte	0x0
 1725 014a 05        		.uleb128 0x5
 1726 014b 02        		.byte	0x2
 1727 014c 0000 0000 		.long	.LM31
 1728 0150 17        		.byte	0x17
 1729 0151 00        		.byte	0x0
 1730 0152 05        		.uleb128 0x5
 1731 0153 02        		.byte	0x2
 1732 0154 0000 0000 		.long	.LM32
 1733 0158 15        		.byte	0x15
 1734 0159 00        		.byte	0x0
 1735 015a 05        		.uleb128 0x5
 1736 015b 02        		.byte	0x2
 1737 015c 0000 0000 		.long	.LM33
 1738 0160 15        		.byte	0x15
 1739 0161 00        		.byte	0x0
 1740 0162 05        		.uleb128 0x5
 1741 0163 02        		.byte	0x2
 1742 0164 0000 0000 		.long	.LM34
 1743 0168 1C        		.byte	0x1c
 1744 0169 00        		.byte	0x0
 1745 016a 05        		.uleb128 0x5
GAS LISTING d:\tmp/ccQsvYF8.s 			page 32


 1746 016b 02        		.byte	0x2
 1747 016c 0000 0000 		.long	.LM35
 1748 0170 1B        		.byte	0x1b
 1749 0171 00        		.byte	0x0
 1750 0172 05        		.uleb128 0x5
 1751 0173 02        		.byte	0x2
 1752 0174 0000 0000 		.long	.LM36
 1753 0178 15        		.byte	0x15
 1754 0179 00        		.byte	0x0
 1755 017a 05        		.uleb128 0x5
 1756 017b 02        		.byte	0x2
 1757 017c 0000 0000 		.long	.LM37
 1758 0180 15        		.byte	0x15
 1759 0181 00        		.byte	0x0
 1760 0182 05        		.uleb128 0x5
 1761 0183 02        		.byte	0x2
 1762 0184 0000 0000 		.long	.LM38
 1763 0188 15        		.byte	0x15
 1764 0189 00        		.byte	0x0
 1765 018a 05        		.uleb128 0x5
 1766 018b 02        		.byte	0x2
 1767 018c 0000 0000 		.long	.LM39
 1768 0190 16        		.byte	0x16
 1769 0191 00        		.byte	0x0
 1770 0192 05        		.uleb128 0x5
 1771 0193 02        		.byte	0x2
 1772 0194 0000 0000 		.long	.LM40
 1773 0198 15        		.byte	0x15
 1774 0199 00        		.byte	0x0
 1775 019a 05        		.uleb128 0x5
 1776 019b 02        		.byte	0x2
 1777 019c 0000 0000 		.long	.LM41
 1778 01a0 15        		.byte	0x15
 1779 01a1 00        		.byte	0x0
 1780 01a2 05        		.uleb128 0x5
 1781 01a3 02        		.byte	0x2
 1782 01a4 0000 0000 		.long	.LM42
 1783 01a8 15        		.byte	0x15
 1784 01a9 00        		.byte	0x0
 1785 01aa 05        		.uleb128 0x5
 1786 01ab 02        		.byte	0x2
 1787 01ac 0000 0000 		.long	.LM43
 1788 01b0 16        		.byte	0x16
 1789 01b1 00        		.byte	0x0
 1790 01b2 05        		.uleb128 0x5
 1791 01b3 02        		.byte	0x2
 1792 01b4 0000 0000 		.long	.LM44
 1793 01b8 15        		.byte	0x15
 1794 01b9 00        		.byte	0x0
 1795 01ba 05        		.uleb128 0x5
 1796 01bb 02        		.byte	0x2
 1797 01bc 0000 0000 		.long	.LM45
 1798 01c0 15        		.byte	0x15
 1799 01c1 00        		.byte	0x0
 1800 01c2 05        		.uleb128 0x5
 1801 01c3 02        		.byte	0x2
 1802 01c4 0000 0000 		.long	.LM46
GAS LISTING d:\tmp/ccQsvYF8.s 			page 33


 1803 01c8 17        		.byte	0x17
 1804 01c9 00        		.byte	0x0
 1805 01ca 05        		.uleb128 0x5
 1806 01cb 02        		.byte	0x2
 1807 01cc 0000 0000 		.long	.LM47
 1808 01d0 15        		.byte	0x15
 1809 01d1 00        		.byte	0x0
 1810 01d2 05        		.uleb128 0x5
 1811 01d3 02        		.byte	0x2
 1812 01d4 0000 0000 		.long	.LM48
 1813 01d8 15        		.byte	0x15
 1814 01d9 00        		.byte	0x0
 1815 01da 05        		.uleb128 0x5
 1816 01db 02        		.byte	0x2
 1817 01dc 0000 0000 		.long	.LM49
 1818 01e0 15        		.byte	0x15
 1819 01e1 00        		.byte	0x0
 1820 01e2 05        		.uleb128 0x5
 1821 01e3 02        		.byte	0x2
 1822 01e4 0000 0000 		.long	.LM50
 1823 01e8 15        		.byte	0x15
 1824 01e9 00        		.byte	0x0
 1825 01ea 05        		.uleb128 0x5
 1826 01eb 02        		.byte	0x2
 1827 01ec 0000 0000 		.long	.LM51
 1828 01f0 16        		.byte	0x16
 1829 01f1 00        		.byte	0x0
 1830 01f2 05        		.uleb128 0x5
 1831 01f3 02        		.byte	0x2
 1832 01f4 0000 0000 		.long	.LM52
 1833 01f8 01        		.byte	0x1
 1834 01f9 00        		.byte	0x0
 1835 01fa 05        		.uleb128 0x5
 1836 01fb 02        		.byte	0x2
 1837 01fc 0000 0000 		.long	.LM53
 1838 0200 15        		.byte	0x15
 1839 0201 00        		.byte	0x0
 1840 0202 05        		.uleb128 0x5
 1841 0203 02        		.byte	0x2
 1842 0204 0000 0000 		.long	.LM54
 1843 0208 15        		.byte	0x15
 1844 0209 00        		.byte	0x0
 1845 020a 05        		.uleb128 0x5
 1846 020b 02        		.byte	0x2
 1847 020c 0000 0000 		.long	.LM55
 1848 0210 15        		.byte	0x15
 1849 0211 00        		.byte	0x0
 1850 0212 05        		.uleb128 0x5
 1851 0213 02        		.byte	0x2
 1852 0214 0000 0000 		.long	.LM56
 1853 0218 15        		.byte	0x15
 1854 0219 00        		.byte	0x0
 1855 021a 05        		.uleb128 0x5
 1856 021b 02        		.byte	0x2
 1857 021c 0000 0000 		.long	.LM57
 1858 0220 15        		.byte	0x15
 1859 0221 00        		.byte	0x0
GAS LISTING d:\tmp/ccQsvYF8.s 			page 34


 1860 0222 05        		.uleb128 0x5
 1861 0223 02        		.byte	0x2
 1862 0224 0000 0000 		.long	.LM58
 1863 0228 16        		.byte	0x16
 1864 0229 00        		.byte	0x0
 1865 022a 05        		.uleb128 0x5
 1866 022b 02        		.byte	0x2
 1867 022c 0000 0000 		.long	.LM59
 1868 0230 15        		.byte	0x15
 1869 0231 00        		.byte	0x0
 1870 0232 05        		.uleb128 0x5
 1871 0233 02        		.byte	0x2
 1872 0234 0000 0000 		.long	.LM60
 1873 0238 15        		.byte	0x15
 1874 0239 00        		.byte	0x0
 1875 023a 05        		.uleb128 0x5
 1876 023b 02        		.byte	0x2
 1877 023c 0000 0000 		.long	.LM61
 1878 0240 15        		.byte	0x15
 1879 0241 00        		.byte	0x0
 1880 0242 05        		.uleb128 0x5
 1881 0243 02        		.byte	0x2
 1882 0244 0000 0000 		.long	.LM62
 1883 0248 15        		.byte	0x15
 1884 0249 00        		.byte	0x0
 1885 024a 05        		.uleb128 0x5
 1886 024b 02        		.byte	0x2
 1887 024c 0000 0000 		.long	.LM63
 1888 0250 15        		.byte	0x15
 1889 0251 00        		.byte	0x0
 1890 0252 05        		.uleb128 0x5
 1891 0253 02        		.byte	0x2
 1892 0254 0000 0000 		.long	.LM64
 1893 0258 16        		.byte	0x16
 1894 0259 00        		.byte	0x0
 1895 025a 05        		.uleb128 0x5
 1896 025b 02        		.byte	0x2
 1897 025c 0000 0000 		.long	.LM65
 1898 0260 15        		.byte	0x15
 1899 0261 00        		.byte	0x0
 1900 0262 05        		.uleb128 0x5
 1901 0263 02        		.byte	0x2
 1902 0264 0000 0000 		.long	.LM66
 1903 0268 15        		.byte	0x15
 1904 0269 00        		.byte	0x0
 1905 026a 05        		.uleb128 0x5
 1906 026b 02        		.byte	0x2
 1907 026c 0000 0000 		.long	.LM67
 1908 0270 15        		.byte	0x15
 1909 0271 00        		.byte	0x0
 1910 0272 05        		.uleb128 0x5
 1911 0273 02        		.byte	0x2
 1912 0274 0000 0000 		.long	.LM68
 1913 0278 15        		.byte	0x15
 1914 0279 00        		.byte	0x0
 1915 027a 05        		.uleb128 0x5
 1916 027b 02        		.byte	0x2
GAS LISTING d:\tmp/ccQsvYF8.s 			page 35


 1917 027c 0000 0000 		.long	.LM69
 1918 0280 1A        		.byte	0x1a
 1919 0281 00        		.byte	0x0
 1920 0282 05        		.uleb128 0x5
 1921 0283 02        		.byte	0x2
 1922 0284 0000 0000 		.long	.LM70
 1923 0288 15        		.byte	0x15
 1924 0289 00        		.byte	0x0
 1925 028a 05        		.uleb128 0x5
 1926 028b 02        		.byte	0x2
 1927 028c 0000 0000 		.long	.LM71
 1928 0290 15        		.byte	0x15
 1929 0291 00        		.byte	0x0
 1930 0292 05        		.uleb128 0x5
 1931 0293 02        		.byte	0x2
 1932 0294 0000 0000 		.long	.LM72
 1933 0298 15        		.byte	0x15
 1934 0299 00        		.byte	0x0
 1935 029a 05        		.uleb128 0x5
 1936 029b 02        		.byte	0x2
 1937 029c 0000 0000 		.long	.LM73
 1938 02a0 15        		.byte	0x15
 1939 02a1 00        		.byte	0x0
 1940 02a2 05        		.uleb128 0x5
 1941 02a3 02        		.byte	0x2
 1942 02a4 0000 0000 		.long	.LM74
 1943 02a8 15        		.byte	0x15
 1944 02a9 00        		.byte	0x0
 1945 02aa 05        		.uleb128 0x5
 1946 02ab 02        		.byte	0x2
 1947 02ac 0000 0000 		.long	.LM75
 1948 02b0 0D        		.byte	0xd
 1949 02b1 00        		.byte	0x0
 1950 02b2 05        		.uleb128 0x5
 1951 02b3 02        		.byte	0x2
 1952 02b4 0000 0000 		.long	.LM76
 1953 02b8 1E        		.byte	0x1e
 1954 02b9 00        		.byte	0x0
 1955 02ba 05        		.uleb128 0x5
 1956 02bb 02        		.byte	0x2
 1957 02bc 0000 0000 		.long	.LM77
 1958 02c0 15        		.byte	0x15
 1959 02c1 00        		.byte	0x0
 1960 02c2 05        		.uleb128 0x5
 1961 02c3 02        		.byte	0x2
 1962 02c4 0000 0000 		.long	.LM78
 1963 02c8 18        		.byte	0x18
 1964 02c9 00        		.byte	0x0
 1965 02ca 05        		.uleb128 0x5
 1966 02cb 02        		.byte	0x2
 1967 02cc 0000 0000 		.long	.Letext0
 1968 02d0 00        		.byte	0x0
 1969 02d1 01        		.uleb128 0x1
 1970 02d2 01        		.byte	0x1
 1971               	.LELT0:
 1972 02d3 1900 0000 		.section	.debug_str,"MS",@progbits,1
 1972      0200 1300 
GAS LISTING d:\tmp/ccQsvYF8.s 			page 36


 1972      0000 0101 
 1972      FB0E 0D00 
 1972      0101 0101 
 1973               	.LASF16:
 1974 0000 776F 7264 		.string	"word"
 1974      00
 1975               	.LASF19:
 1976 0005 705F 6469 		.string	"p_din"
 1976      6E00 
 1977               	.LASF18:
 1978 000b 705F 646F 		.string	"p_dout"
 1978      7574 00
 1979               	.LASF27:
 1980 0012 473A 5C61 		.string	"G:\\avr\\tubetester"
 1980      7672 5C74 
 1980      7562 6574 
 1980      6573 7465 
 1980      7200 
 1981               	.LASF26:
 1982 0024 6D63 7033 		.string	"mcp3202.c"
 1982      3230 322E 
 1982      6300 
 1983               	.LASF30:
 1984 002e 6D63 7033 		.string	"mcp3202_getw"
 1984      3230 325F 
 1984      6765 7477 
 1984      00
 1985               	.LASF10:
 1986 003b 6264 6F75 		.string	"bdout"
 1986      7400 
 1987               	.LASF28:
 1988 0041 7569 6E74 		.string	"uint8_t"
 1988      385F 7400 
 1989               	.LASF8:
 1990 0049 646F 7574 		.string	"dout"
 1990      00
 1991               	.LASF11:
 1992 004e 6264 696E 		.string	"bdin"
 1992      00
 1993               	.LASF15:
 1994 0053 7064 696E 		.string	"pdin"
 1994      00
 1995               	.LASF1:
 1996 0058 756E 7369 		.string	"unsigned char"
 1996      676E 6564 
 1996      2063 6861 
 1996      7200 
 1997               	.LASF29:
 1998 0066 696E 6974 		.string	"init_mcp3202"
 1998      5F6D 6370 
 1998      3332 3032 
 1998      00
 1999               	.LASF21:
 2000 0073 625F 6373 		.string	"b_cs"
 2000      00
 2001               	.LASF4:
 2002 0078 6C6F 6E67 		.string	"long unsigned int"
GAS LISTING d:\tmp/ccQsvYF8.s 			page 37


 2002      2075 6E73 
 2002      6967 6E65 
 2002      6420 696E 
 2002      7400 
 2003               	.LASF9:
 2004 008a 6263 6C6B 		.string	"bclk"
 2004      00
 2005               	.LASF20:
 2006 008f 705F 636C 		.string	"p_clk"
 2006      6B00 
 2007               	.LASF2:
 2008 0095 756E 7369 		.string	"unsigned int"
 2008      676E 6564 
 2008      2069 6E74 
 2008      00
 2009               	.LASF24:
 2010 00a2 625F 636C 		.string	"b_clk"
 2010      6B00 
 2011               	.LASF6:
 2012 00a8 6C6F 6E67 		.string	"long long unsigned int"
 2012      206C 6F6E 
 2012      6720 756E 
 2012      7369 676E 
 2012      6564 2069 
 2013               	.LASF25:
 2014 00bf 474E 5520 		.string	"GNU C 4.2.2 (WinAVR 20071221)"
 2014      4320 342E 
 2014      322E 3220 
 2014      2857 696E 
 2014      4156 5220 
 2015               	.LASF12:
 2016 00dd 6D6F 6465 		.string	"mode"
 2016      00
 2017               	.LASF17:
 2018 00e2 705F 6373 		.string	"p_cs"
 2018      00
 2019               	.LASF5:
 2020 00e7 6C6F 6E67 		.string	"long long int"
 2020      206C 6F6E 
 2020      6720 696E 
 2020      7400 
 2021               	.LASF22:
 2022 00f5 625F 646F 		.string	"b_dout"
 2022      7574 00
 2023               	.LASF7:
 2024 00fc 6368 6970 		.string	"chip"
 2024      00
 2025               	.LASF3:
 2026 0101 6C6F 6E67 		.string	"long int"
 2026      2069 6E74 
 2026      00
 2027               	.LASF23:
 2028 010a 625F 6469 		.string	"b_din"
 2028      6E00 
 2029               	.LASF13:
 2030 0110 7063 6C6B 		.string	"pclk"
 2030      00
GAS LISTING d:\tmp/ccQsvYF8.s 			page 38


 2031               	.LASF0:
 2032 0115 7369 676E 		.string	"signed char"
 2032      6564 2063 
 2032      6861 7200 
 2033               	.LASF14:
 2034 0121 7064 6F75 		.string	"pdout"
 2034      7400 
 2035               	/* File "mcp3202.c": code  590 = 0x024e ( 548), prologues  20, epilogues  22 */
GAS LISTING d:\tmp/ccQsvYF8.s 			page 39


DEFINED SYMBOLS
                            *ABS*:00000000 mcp3202.c
   d:\tmp/ccQsvYF8.s:2      *ABS*:0000003f __SREG__
   d:\tmp/ccQsvYF8.s:3      *ABS*:0000003e __SP_H__
   d:\tmp/ccQsvYF8.s:4      *ABS*:0000003d __SP_L__
   d:\tmp/ccQsvYF8.s:5      *ABS*:00000000 __tmp_reg__
   d:\tmp/ccQsvYF8.s:6      *ABS*:00000001 __zero_reg__
   d:\tmp/ccQsvYF8.s:19     .text:00000000 init_mcp3202
                            *COM*:00000004 b_clk
                            *COM*:00000004 b_dout
                            *COM*:00000004 b_cs
                            *COM*:00000004 b_din
                            *COM*:00000008 p_clk
                            *COM*:00000008 p_dout
                            *COM*:00000008 p_din
                            *COM*:00000008 p_cs
   d:\tmp/ccQsvYF8.s:471    .text:000002dc mcp3202_getw

UNDEFINED SYMBOLS
__do_copy_data
__do_clear_bss
udelay
