GAS LISTING d:\tmp/ccouxy21.s 			page 1


   1               		.file	"mcp4922.c"
   2               	__SREG__ = 0x3f
   3               	__SP_H__ = 0x3e
   4               	__SP_L__ = 0x3d
   5               	__tmp_reg__ = 0
   6               	__zero_reg__ = 1
   7               		.global __do_copy_data
   8               		.global __do_clear_bss
   9               		.section	.debug_abbrev,"",@progbits
  10               	.Ldebug_abbrev0:
  11               		.section	.debug_info,"",@progbits
  12               	.Ldebug_info0:
  13               		.section	.debug_line,"",@progbits
  14               	.Ldebug_line0:
  15               		.text
  16               	.Ltext0:
  17               	.global	init_mcp4922
  18               		.type	init_mcp4922, @function
  19               	init_mcp4922:
  20               	.LFB2:
  21               	.LM1:
  22               	/* prologue: frame size=0 */
  23 0000 FF92      		push r15
  24 0002 0F93      		push r16
  25 0004 1F93      		push r17
  26 0006 CF93      		push r28
  27 0008 DF93      		push r29
  28               	/* prologue end (size=5) */
  29               	.LVL0:
  30 000a F62E      		mov r15,r22
  31 000c B22F      		mov r27,r18
  32               	.LM2:
  33 000e 242F      		mov r18,r20
  34               	.LVL1:
  35 0010 2F70      		andi r18,lo8(15)
  36 0012 61E0      		ldi r22,lo8(1)
  37 0014 70E0      		ldi r23,hi8(1)
  38               	.LVL2:
  39 0016 FB01      		movw r30,r22
  40 0018 00C0      		rjmp 2f
  41 001a EE0F      	1:	lsl r30
  42 001c FF1F      		rol r31
  43 001e 2A95      	2:	dec r18
  44 0020 02F4      		brpl 1b
  45 0022 9F01      		movw r18,r30
  46 0024 5E2F      		mov r21,r30
  47               	.LVL3:
  48               	.LM3:
  49 0026 C82F      		mov r28,r24
  50 0028 D0E0      		ldi r29,lo8(0)
  51 002a FE01      		movw r30,r28
  52 002c E050      		subi r30,lo8(-(b_clk))
  53 002e F040      		sbci r31,hi8(-(b_clk))
  54 0030 2083      		st Z,r18
  55               	.LM4:
  56 0032 8B2F      		mov r24,r27
  57               	.LVL4:
GAS LISTING d:\tmp/ccouxy21.s 			page 2


  58 0034 8F70      		andi r24,lo8(15)
  59 0036 9B01      		movw r18,r22
  60 0038 00C0      		rjmp 2f
  61 003a 220F      	1:	lsl r18
  62 003c 331F      		rol r19
  63 003e 8A95      	2:	dec r24
  64 0040 02F4      		brpl 1b
  65 0042 C901      		movw r24,r18
  66 0044 322F      		mov r19,r18
  67               	.LVL5:
  68               	.LM5:
  69 0046 FE01      		movw r30,r28
  70 0048 E050      		subi r30,lo8(-(b_data))
  71 004a F040      		sbci r31,hi8(-(b_data))
  72 004c 8083      		st Z,r24
  73               	.LM6:
  74 004e 8F2D      		mov r24,r15
  75 0050 8F70      		andi r24,lo8(15)
  76 0052 FB01      		movw r30,r22
  77 0054 00C0      		rjmp 2f
  78 0056 EE0F      	1:	lsl r30
  79 0058 FF1F      		rol r31
  80 005a 8A95      	2:	dec r24
  81 005c 02F4      		brpl 1b
  82 005e CF01      		movw r24,r30
  83 0060 1E2F      		mov r17,r30
  84               	.LVL6:
  85               	.LM7:
  86 0062 FE01      		movw r30,r28
  87 0064 E050      		subi r30,lo8(-(b_cs))
  88 0066 F040      		sbci r31,hi8(-(b_cs))
  89 0068 8083      		st Z,r24
  90               	.LM8:
  91 006a 802F      		mov r24,r16
  92 006c 8F70      		andi r24,lo8(15)
  93 006e 00C0      		rjmp 2f
  94 0070 660F      	1:	lsl r22
  95 0072 771F      		rol r23
  96 0074 8A95      	2:	dec r24
  97 0076 02F4      		brpl 1b
  98 0078 A62F      		mov r26,r22
  99               	.LVL7:
 100               	.LM9:
 101 007a FE01      		movw r30,r28
 102 007c E050      		subi r30,lo8(-(b_ldac))
 103 007e F040      		sbci r31,hi8(-(b_ldac))
 104 0080 6083      		st Z,r22
 105               	.LM10:
 106 0082 407F      		andi r20,lo8(-16)
 107               	.LVL8:
 108               	.LM11:
 109 0084 01F4      		brne .L2
 110               	.LM12:
 111 0086 FE01      		movw r30,r28
 112 0088 EE0F      		lsl r30
 113 008a FF1F      		rol r31
 114 008c E050      		subi r30,lo8(-(p_clk))
GAS LISTING d:\tmp/ccouxy21.s 			page 3


 115 008e F040      		sbci r31,hi8(-(p_clk))
 116 0090 8BE3      		ldi r24,lo8(59)
 117 0092 90E0      		ldi r25,hi8(59)
 118 0094 9183      		std Z+1,r25
 119 0096 8083      		st Z,r24
 120 0098 8AB3      		in r24,58-0x20
 121 009a 582B      		or r21,r24
 122 009c 5ABB      		out 58-0x20,r21
 123 009e 00C0      		rjmp .L4
 124               	.L2:
 125               	.LM13:
 126 00a0 4031      		cpi r20,lo8(16)
 127 00a2 01F4      		brne .L5
 128 00a4 FE01      		movw r30,r28
 129 00a6 EE0F      		lsl r30
 130 00a8 FF1F      		rol r31
 131 00aa E050      		subi r30,lo8(-(p_clk))
 132 00ac F040      		sbci r31,hi8(-(p_clk))
 133 00ae 88E3      		ldi r24,lo8(56)
 134 00b0 90E0      		ldi r25,hi8(56)
 135 00b2 9183      		std Z+1,r25
 136 00b4 8083      		st Z,r24
 137 00b6 87B3      		in r24,55-0x20
 138 00b8 582B      		or r21,r24
 139 00ba 57BB      		out 55-0x20,r21
 140 00bc 00C0      		rjmp .L4
 141               	.L5:
 142               	.LM14:
 143 00be 4032      		cpi r20,lo8(32)
 144 00c0 01F4      		brne .L7
 145 00c2 FE01      		movw r30,r28
 146 00c4 EE0F      		lsl r30
 147 00c6 FF1F      		rol r31
 148 00c8 E050      		subi r30,lo8(-(p_clk))
 149 00ca F040      		sbci r31,hi8(-(p_clk))
 150 00cc 85E3      		ldi r24,lo8(53)
 151 00ce 90E0      		ldi r25,hi8(53)
 152 00d0 9183      		std Z+1,r25
 153 00d2 8083      		st Z,r24
 154 00d4 84B3      		in r24,52-0x20
 155 00d6 582B      		or r21,r24
 156 00d8 54BB      		out 52-0x20,r21
 157 00da 00C0      		rjmp .L4
 158               	.L7:
 159               	.LM15:
 160 00dc 4033      		cpi r20,lo8(48)
 161 00de 01F4      		brne .L4
 162 00e0 FE01      		movw r30,r28
 163 00e2 EE0F      		lsl r30
 164 00e4 FF1F      		rol r31
 165 00e6 E050      		subi r30,lo8(-(p_clk))
 166 00e8 F040      		sbci r31,hi8(-(p_clk))
 167 00ea 82E3      		ldi r24,lo8(50)
 168 00ec 90E0      		ldi r25,hi8(50)
 169 00ee 9183      		std Z+1,r25
 170 00f0 8083      		st Z,r24
 171 00f2 81B3      		in r24,49-0x20
GAS LISTING d:\tmp/ccouxy21.s 			page 4


 172 00f4 582B      		or r21,r24
 173 00f6 51BB      		out 49-0x20,r21
 174               	.L4:
 175               	.LM16:
 176 00f8 2B2F      		mov r18,r27
 177 00fa 207F      		andi r18,lo8(-16)
 178               	.LVL9:
 179               	.LM17:
 180 00fc 01F4      		brne .L10
 181 00fe FE01      		movw r30,r28
 182 0100 EE0F      		lsl r30
 183 0102 FF1F      		rol r31
 184               	.LVL10:
 185 0104 E050      		subi r30,lo8(-(p_data))
 186 0106 F040      		sbci r31,hi8(-(p_data))
 187 0108 8BE3      		ldi r24,lo8(59)
 188 010a 90E0      		ldi r25,hi8(59)
 189 010c 9183      		std Z+1,r25
 190 010e 8083      		st Z,r24
 191 0110 8AB3      		in r24,58-0x20
 192 0112 382B      		or r19,r24
 193 0114 3ABB      		out 58-0x20,r19
 194 0116 00C0      		rjmp .L12
 195               	.LVL11:
 196               	.L10:
 197               	.LM18:
 198 0118 2031      		cpi r18,lo8(16)
 199 011a 01F4      		brne .L13
 200 011c FE01      		movw r30,r28
 201 011e EE0F      		lsl r30
 202 0120 FF1F      		rol r31
 203               	.LVL12:
 204 0122 E050      		subi r30,lo8(-(p_data))
 205 0124 F040      		sbci r31,hi8(-(p_data))
 206 0126 88E3      		ldi r24,lo8(56)
 207 0128 90E0      		ldi r25,hi8(56)
 208 012a 9183      		std Z+1,r25
 209 012c 8083      		st Z,r24
 210 012e 87B3      		in r24,55-0x20
 211 0130 382B      		or r19,r24
 212 0132 37BB      		out 55-0x20,r19
 213 0134 00C0      		rjmp .L12
 214               	.LVL13:
 215               	.L13:
 216               	.LM19:
 217 0136 2032      		cpi r18,lo8(32)
 218 0138 01F4      		brne .L15
 219 013a FE01      		movw r30,r28
 220 013c EE0F      		lsl r30
 221 013e FF1F      		rol r31
 222 0140 E050      		subi r30,lo8(-(p_data))
 223 0142 F040      		sbci r31,hi8(-(p_data))
 224 0144 85E3      		ldi r24,lo8(53)
 225 0146 90E0      		ldi r25,hi8(53)
 226 0148 9183      		std Z+1,r25
 227 014a 8083      		st Z,r24
 228 014c 84B3      		in r24,52-0x20
GAS LISTING d:\tmp/ccouxy21.s 			page 5


 229 014e 382B      		or r19,r24
 230 0150 34BB      		out 52-0x20,r19
 231 0152 00C0      		rjmp .L12
 232               	.L15:
 233               	.LM20:
 234 0154 2033      		cpi r18,lo8(48)
 235 0156 01F4      		brne .L12
 236 0158 FE01      		movw r30,r28
 237 015a EE0F      		lsl r30
 238 015c FF1F      		rol r31
 239 015e E050      		subi r30,lo8(-(p_data))
 240 0160 F040      		sbci r31,hi8(-(p_data))
 241 0162 82E3      		ldi r24,lo8(50)
 242 0164 90E0      		ldi r25,hi8(50)
 243 0166 9183      		std Z+1,r25
 244 0168 8083      		st Z,r24
 245 016a 81B3      		in r24,49-0x20
 246 016c 382B      		or r19,r24
 247 016e 31BB      		out 49-0x20,r19
 248               	.L12:
 249               	.LM21:
 250 0170 6F2D      		mov r22,r15
 251 0172 607F      		andi r22,lo8(-16)
 252               	.LVL14:
 253               	.LM22:
 254 0174 01F4      		brne .L18
 255 0176 FE01      		movw r30,r28
 256 0178 EE0F      		lsl r30
 257 017a FF1F      		rol r31
 258 017c E050      		subi r30,lo8(-(p_cs))
 259 017e F040      		sbci r31,hi8(-(p_cs))
 260 0180 8BE3      		ldi r24,lo8(59)
 261 0182 90E0      		ldi r25,hi8(59)
 262 0184 9183      		std Z+1,r25
 263 0186 8083      		st Z,r24
 264 0188 8AB3      		in r24,58-0x20
 265 018a 812B      		or r24,r17
 266 018c 8ABB      		out 58-0x20,r24
 267 018e 00C0      		rjmp .L20
 268               	.L18:
 269               	.LM23:
 270 0190 6031      		cpi r22,lo8(16)
 271 0192 01F4      		brne .L21
 272 0194 FE01      		movw r30,r28
 273 0196 EE0F      		lsl r30
 274 0198 FF1F      		rol r31
 275 019a E050      		subi r30,lo8(-(p_cs))
 276 019c F040      		sbci r31,hi8(-(p_cs))
 277 019e 88E3      		ldi r24,lo8(56)
 278 01a0 90E0      		ldi r25,hi8(56)
 279 01a2 9183      		std Z+1,r25
 280 01a4 8083      		st Z,r24
 281 01a6 87B3      		in r24,55-0x20
 282 01a8 812B      		or r24,r17
 283 01aa 87BB      		out 55-0x20,r24
 284 01ac 00C0      		rjmp .L20
 285               	.L21:
GAS LISTING d:\tmp/ccouxy21.s 			page 6


 286               	.LM24:
 287 01ae 6032      		cpi r22,lo8(32)
 288 01b0 01F4      		brne .L23
 289 01b2 FE01      		movw r30,r28
 290 01b4 EE0F      		lsl r30
 291 01b6 FF1F      		rol r31
 292               	.LVL15:
 293 01b8 E050      		subi r30,lo8(-(p_cs))
 294 01ba F040      		sbci r31,hi8(-(p_cs))
 295 01bc 85E3      		ldi r24,lo8(53)
 296 01be 90E0      		ldi r25,hi8(53)
 297 01c0 9183      		std Z+1,r25
 298 01c2 8083      		st Z,r24
 299 01c4 84B3      		in r24,52-0x20
 300 01c6 812B      		or r24,r17
 301 01c8 84BB      		out 52-0x20,r24
 302 01ca 00C0      		rjmp .L20
 303               	.LVL16:
 304               	.L23:
 305               	.LM25:
 306 01cc 6033      		cpi r22,lo8(48)
 307 01ce 01F4      		brne .L20
 308 01d0 FE01      		movw r30,r28
 309 01d2 EE0F      		lsl r30
 310 01d4 FF1F      		rol r31
 311               	.LVL17:
 312 01d6 E050      		subi r30,lo8(-(p_cs))
 313 01d8 F040      		sbci r31,hi8(-(p_cs))
 314 01da 82E3      		ldi r24,lo8(50)
 315 01dc 90E0      		ldi r25,hi8(50)
 316 01de 9183      		std Z+1,r25
 317 01e0 8083      		st Z,r24
 318 01e2 81B3      		in r24,49-0x20
 319 01e4 812B      		or r24,r17
 320 01e6 81BB      		out 49-0x20,r24
 321               	.LVL18:
 322               	.L20:
 323               	.LM26:
 324 01e8 007F      		andi r16,lo8(-16)
 325               	.LVL19:
 326               	.LM27:
 327 01ea 01F4      		brne .L26
 328 01ec FE01      		movw r30,r28
 329 01ee EE0F      		lsl r30
 330 01f0 FF1F      		rol r31
 331               	.LVL20:
 332 01f2 E050      		subi r30,lo8(-(p_ldac))
 333 01f4 F040      		sbci r31,hi8(-(p_ldac))
 334 01f6 8BE3      		ldi r24,lo8(59)
 335 01f8 90E0      		ldi r25,hi8(59)
 336 01fa 9183      		std Z+1,r25
 337 01fc 8083      		st Z,r24
 338 01fe 8AB3      		in r24,58-0x20
 339 0200 A82B      		or r26,r24
 340 0202 AABB      		out 58-0x20,r26
 341 0204 00C0      		rjmp .L28
 342               	.LVL21:
GAS LISTING d:\tmp/ccouxy21.s 			page 7


 343               	.L26:
 344               	.LM28:
 345 0206 0031      		cpi r16,lo8(16)
 346 0208 01F4      		brne .L29
 347 020a FE01      		movw r30,r28
 348 020c EE0F      		lsl r30
 349 020e FF1F      		rol r31
 350               	.LVL22:
 351 0210 E050      		subi r30,lo8(-(p_ldac))
 352 0212 F040      		sbci r31,hi8(-(p_ldac))
 353 0214 88E3      		ldi r24,lo8(56)
 354 0216 90E0      		ldi r25,hi8(56)
 355 0218 9183      		std Z+1,r25
 356 021a 8083      		st Z,r24
 357 021c 87B3      		in r24,55-0x20
 358 021e A82B      		or r26,r24
 359 0220 A7BB      		out 55-0x20,r26
 360 0222 00C0      		rjmp .L28
 361               	.LVL23:
 362               	.L29:
 363               	.LM29:
 364 0224 0032      		cpi r16,lo8(32)
 365 0226 01F4      		brne .L31
 366 0228 FE01      		movw r30,r28
 367 022a EE0F      		lsl r30
 368 022c FF1F      		rol r31
 369               	.LVL24:
 370 022e E050      		subi r30,lo8(-(p_ldac))
 371 0230 F040      		sbci r31,hi8(-(p_ldac))
 372 0232 85E3      		ldi r24,lo8(53)
 373 0234 90E0      		ldi r25,hi8(53)
 374 0236 9183      		std Z+1,r25
 375 0238 8083      		st Z,r24
 376 023a 84B3      		in r24,52-0x20
 377 023c A82B      		or r26,r24
 378 023e A4BB      		out 52-0x20,r26
 379 0240 00C0      		rjmp .L28
 380               	.LVL25:
 381               	.L31:
 382               	.LM30:
 383 0242 0033      		cpi r16,lo8(48)
 384 0244 01F4      		brne .L28
 385 0246 FE01      		movw r30,r28
 386 0248 EE0F      		lsl r30
 387 024a FF1F      		rol r31
 388 024c E050      		subi r30,lo8(-(p_ldac))
 389 024e F040      		sbci r31,hi8(-(p_ldac))
 390 0250 82E3      		ldi r24,lo8(50)
 391 0252 90E0      		ldi r25,hi8(50)
 392 0254 9183      		std Z+1,r25
 393 0256 8083      		st Z,r24
 394 0258 81B3      		in r24,49-0x20
 395 025a A82B      		or r26,r24
 396 025c A1BB      		out 49-0x20,r26
 397               	.L28:
 398               	.LM31:
 399 025e DE01      		movw r26,r28
GAS LISTING d:\tmp/ccouxy21.s 			page 8


 400               	.LVL26:
 401 0260 AA0F      		lsl r26
 402 0262 BB1F      		rol r27
 403 0264 FD01      		movw r30,r26
 404 0266 E050      		subi r30,lo8(-(p_cs))
 405 0268 F040      		sbci r31,hi8(-(p_cs))
 406 026a 0190      		ld __tmp_reg__,Z+
 407 026c F081      		ld r31,Z
 408 026e E02D      		mov r30,__tmp_reg__
 409 0270 8081      		ld r24,Z
 410 0272 182B      		or r17,r24
 411 0274 1083      		st Z,r17
 412               	.LM32:
 413 0276 FD01      		movw r30,r26
 414 0278 E050      		subi r30,lo8(-(p_clk))
 415 027a F040      		sbci r31,hi8(-(p_clk))
 416 027c 2081      		ld r18,Z
 417 027e 3181      		ldd r19,Z+1
 418               	.LVL27:
 419 0280 F901      		movw r30,r18
 420 0282 9081      		ld r25,Z
 421 0284 FE01      		movw r30,r28
 422 0286 E050      		subi r30,lo8(-(b_clk))
 423 0288 F040      		sbci r31,hi8(-(b_clk))
 424 028a 8081      		ld r24,Z
 425 028c 8095      		com r24
 426 028e 8923      		and r24,r25
 427 0290 F901      		movw r30,r18
 428 0292 8083      		st Z,r24
 429               	.LM33:
 430 0294 A050      		subi r26,lo8(-(p_ldac))
 431 0296 B040      		sbci r27,hi8(-(p_ldac))
 432 0298 ED91      		ld r30,X+
 433 029a FC91      		ld r31,X
 434 029c 8081      		ld r24,Z
 435 029e C050      		subi r28,lo8(-(b_ldac))
 436 02a0 D040      		sbci r29,hi8(-(b_ldac))
 437 02a2 9881      		ld r25,Y
 438 02a4 892B      		or r24,r25
 439 02a6 8083      		st Z,r24
 440               	/* epilogue: frame size=0 */
 441 02a8 DF91      		pop r29
 442 02aa CF91      		pop r28
 443 02ac 1F91      		pop r17
 444 02ae 0F91      		pop r16
 445 02b0 FF90      		pop r15
 446 02b2 0895      		ret
 447               	/* epilogue end (size=6) */
 448               	/* function init_mcp4922 size 354 (343) */
 449               	.LFE2:
 450               		.size	init_mcp4922, .-init_mcp4922
 451               	.global	init_mcp4922_spi
 452               		.type	init_mcp4922_spi, @function
 453               	init_mcp4922_spi:
 454               	.LFB3:
 455               	.LM34:
 456               	/* prologue: frame size=0 */
GAS LISTING d:\tmp/ccouxy21.s 			page 9


 457 02b4 1F93      		push r17
 458 02b6 CF93      		push r28
 459 02b8 DF93      		push r29
 460               	/* prologue end (size=3) */
 461               	.LVL28:
 462 02ba A42F      		mov r26,r20
 463               	.LM35:
 464 02bc 462F      		mov r20,r22
 465               	.LVL29:
 466 02be 4F70      		andi r20,lo8(15)
 467 02c0 21E0      		ldi r18,lo8(1)
 468 02c2 30E0      		ldi r19,hi8(1)
 469 02c4 F901      		movw r30,r18
 470 02c6 00C0      		rjmp 2f
 471 02c8 EE0F      	1:	lsl r30
 472 02ca FF1F      		rol r31
 473 02cc 4A95      	2:	dec r20
 474 02ce 02F4      		brpl 1b
 475 02d0 AF01      		movw r20,r30
 476 02d2 1E2F      		mov r17,r30
 477               	.LVL30:
 478               	.LM36:
 479 02d4 9A2F      		mov r25,r26
 480 02d6 9F70      		andi r25,lo8(15)
 481 02d8 00C0      		rjmp 2f
 482 02da 220F      	1:	lsl r18
 483 02dc 331F      		rol r19
 484 02de 9A95      	2:	dec r25
 485 02e0 02F4      		brpl 1b
 486 02e2 722F      		mov r23,r18
 487               	.LVL31:
 488               	.LM37:
 489 02e4 C82F      		mov r28,r24
 490 02e6 D0E0      		ldi r29,lo8(0)
 491 02e8 FE01      		movw r30,r28
 492 02ea E050      		subi r30,lo8(-(b_cs))
 493 02ec F040      		sbci r31,hi8(-(b_cs))
 494 02ee 4083      		st Z,r20
 495               	.LM38:
 496 02f0 FE01      		movw r30,r28
 497 02f2 E050      		subi r30,lo8(-(b_ldac))
 498 02f4 F040      		sbci r31,hi8(-(b_ldac))
 499 02f6 2083      		st Z,r18
 500               	.LM39:
 501 02f8 607F      		andi r22,lo8(-16)
 502               	.LVL32:
 503               	.LM40:
 504 02fa 01F4      		brne .L36
 505               	.LM41:
 506 02fc FE01      		movw r30,r28
 507 02fe EE0F      		lsl r30
 508 0300 FF1F      		rol r31
 509 0302 E050      		subi r30,lo8(-(p_cs))
 510 0304 F040      		sbci r31,hi8(-(p_cs))
 511 0306 8BE3      		ldi r24,lo8(59)
 512 0308 90E0      		ldi r25,hi8(59)
 513               	.LVL33:
GAS LISTING d:\tmp/ccouxy21.s 			page 10


 514 030a 9183      		std Z+1,r25
 515 030c 8083      		st Z,r24
 516 030e 8AB3      		in r24,58-0x20
 517 0310 842B      		or r24,r20
 518 0312 8ABB      		out 58-0x20,r24
 519 0314 00C0      		rjmp .L38
 520               	.LVL34:
 521               	.L36:
 522               	.LM42:
 523 0316 6031      		cpi r22,lo8(16)
 524 0318 01F4      		brne .L39
 525 031a FE01      		movw r30,r28
 526 031c EE0F      		lsl r30
 527 031e FF1F      		rol r31
 528 0320 E050      		subi r30,lo8(-(p_cs))
 529 0322 F040      		sbci r31,hi8(-(p_cs))
 530 0324 88E3      		ldi r24,lo8(56)
 531 0326 90E0      		ldi r25,hi8(56)
 532               	.LVL35:
 533 0328 9183      		std Z+1,r25
 534 032a 8083      		st Z,r24
 535 032c 87B3      		in r24,55-0x20
 536 032e 842B      		or r24,r20
 537 0330 87BB      		out 55-0x20,r24
 538 0332 00C0      		rjmp .L38
 539               	.LVL36:
 540               	.L39:
 541               	.LM43:
 542 0334 6032      		cpi r22,lo8(32)
 543 0336 01F4      		brne .L41
 544 0338 FE01      		movw r30,r28
 545 033a EE0F      		lsl r30
 546 033c FF1F      		rol r31
 547               	.LVL37:
 548 033e E050      		subi r30,lo8(-(p_cs))
 549 0340 F040      		sbci r31,hi8(-(p_cs))
 550 0342 85E3      		ldi r24,lo8(53)
 551 0344 90E0      		ldi r25,hi8(53)
 552 0346 9183      		std Z+1,r25
 553 0348 8083      		st Z,r24
 554 034a 84B3      		in r24,52-0x20
 555 034c 842B      		or r24,r20
 556 034e 84BB      		out 52-0x20,r24
 557 0350 00C0      		rjmp .L38
 558               	.LVL38:
 559               	.L41:
 560               	.LM44:
 561 0352 6033      		cpi r22,lo8(48)
 562 0354 01F4      		brne .L38
 563 0356 FE01      		movw r30,r28
 564 0358 EE0F      		lsl r30
 565 035a FF1F      		rol r31
 566 035c E050      		subi r30,lo8(-(p_cs))
 567 035e F040      		sbci r31,hi8(-(p_cs))
 568 0360 82E3      		ldi r24,lo8(50)
 569 0362 90E0      		ldi r25,hi8(50)
 570               	.LVL39:
GAS LISTING d:\tmp/ccouxy21.s 			page 11


 571 0364 9183      		std Z+1,r25
 572 0366 8083      		st Z,r24
 573 0368 81B3      		in r24,49-0x20
 574 036a 842B      		or r24,r20
 575 036c 81BB      		out 49-0x20,r24
 576               	.LVL40:
 577               	.L38:
 578               	.LM45:
 579 036e 4A2F      		mov r20,r26
 580 0370 407F      		andi r20,lo8(-16)
 581               	.LVL41:
 582               	.LM46:
 583 0372 01F4      		brne .L44
 584 0374 FE01      		movw r30,r28
 585 0376 EE0F      		lsl r30
 586 0378 FF1F      		rol r31
 587               	.LVL42:
 588 037a E050      		subi r30,lo8(-(p_ldac))
 589 037c F040      		sbci r31,hi8(-(p_ldac))
 590 037e 8BE3      		ldi r24,lo8(59)
 591 0380 90E0      		ldi r25,hi8(59)
 592               	.LVL43:
 593 0382 9183      		std Z+1,r25
 594 0384 8083      		st Z,r24
 595 0386 8AB3      		in r24,58-0x20
 596 0388 782B      		or r23,r24
 597 038a 7ABB      		out 58-0x20,r23
 598 038c 00C0      		rjmp .L46
 599               	.LVL44:
 600               	.L44:
 601               	.LM47:
 602 038e 4031      		cpi r20,lo8(16)
 603 0390 01F4      		brne .L47
 604 0392 FE01      		movw r30,r28
 605 0394 EE0F      		lsl r30
 606 0396 FF1F      		rol r31
 607 0398 E050      		subi r30,lo8(-(p_ldac))
 608 039a F040      		sbci r31,hi8(-(p_ldac))
 609 039c 88E3      		ldi r24,lo8(56)
 610 039e 90E0      		ldi r25,hi8(56)
 611               	.LVL45:
 612 03a0 9183      		std Z+1,r25
 613 03a2 8083      		st Z,r24
 614 03a4 87B3      		in r24,55-0x20
 615 03a6 782B      		or r23,r24
 616 03a8 77BB      		out 55-0x20,r23
 617 03aa 00C0      		rjmp .L46
 618               	.LVL46:
 619               	.L47:
 620               	.LM48:
 621 03ac 4032      		cpi r20,lo8(32)
 622 03ae 01F4      		brne .L49
 623 03b0 FE01      		movw r30,r28
 624 03b2 EE0F      		lsl r30
 625 03b4 FF1F      		rol r31
 626               	.LVL47:
 627 03b6 E050      		subi r30,lo8(-(p_ldac))
GAS LISTING d:\tmp/ccouxy21.s 			page 12


 628 03b8 F040      		sbci r31,hi8(-(p_ldac))
 629 03ba 85E3      		ldi r24,lo8(53)
 630 03bc 90E0      		ldi r25,hi8(53)
 631               	.LVL48:
 632 03be 9183      		std Z+1,r25
 633 03c0 8083      		st Z,r24
 634 03c2 84B3      		in r24,52-0x20
 635 03c4 782B      		or r23,r24
 636 03c6 74BB      		out 52-0x20,r23
 637 03c8 00C0      		rjmp .L46
 638               	.LVL49:
 639               	.L49:
 640               	.LM49:
 641 03ca 4033      		cpi r20,lo8(48)
 642 03cc 01F4      		brne .L46
 643 03ce FE01      		movw r30,r28
 644 03d0 EE0F      		lsl r30
 645 03d2 FF1F      		rol r31
 646 03d4 E050      		subi r30,lo8(-(p_ldac))
 647 03d6 F040      		sbci r31,hi8(-(p_ldac))
 648 03d8 82E3      		ldi r24,lo8(50)
 649 03da 90E0      		ldi r25,hi8(50)
 650               	.LVL50:
 651 03dc 9183      		std Z+1,r25
 652 03de 8083      		st Z,r24
 653 03e0 81B3      		in r24,49-0x20
 654 03e2 782B      		or r23,r24
 655 03e4 71BB      		out 49-0x20,r23
 656               	.LVL51:
 657               	.L46:
 658               	.LM50:
 659 03e6 80E5      		ldi r24,lo8(80)
 660               	.LVL52:
 661 03e8 8DB9      		out 45-0x20,r24
 662               	.LM51:
 663 03ea 81E0      		ldi r24,lo8(1)
 664 03ec 8EB9      		out 46-0x20,r24
 665               	.LM52:
 666 03ee DE01      		movw r26,r28
 667 03f0 AA0F      		lsl r26
 668 03f2 BB1F      		rol r27
 669 03f4 FD01      		movw r30,r26
 670 03f6 E050      		subi r30,lo8(-(p_cs))
 671 03f8 F040      		sbci r31,hi8(-(p_cs))
 672 03fa 0190      		ld __tmp_reg__,Z+
 673 03fc F081      		ld r31,Z
 674 03fe E02D      		mov r30,__tmp_reg__
 675 0400 8081      		ld r24,Z
 676 0402 182B      		or r17,r24
 677 0404 1083      		st Z,r17
 678               	.LM53:
 679 0406 A050      		subi r26,lo8(-(p_ldac))
 680 0408 B040      		sbci r27,hi8(-(p_ldac))
 681 040a ED91      		ld r30,X+
 682 040c FC91      		ld r31,X
 683 040e 8081      		ld r24,Z
 684 0410 C050      		subi r28,lo8(-(b_ldac))
GAS LISTING d:\tmp/ccouxy21.s 			page 13


 685 0412 D040      		sbci r29,hi8(-(b_ldac))
 686 0414 9881      		ld r25,Y
 687 0416 892B      		or r24,r25
 688 0418 8083      		st Z,r24
 689               	/* epilogue: frame size=0 */
 690 041a DF91      		pop r29
 691 041c CF91      		pop r28
 692 041e 1F91      		pop r17
 693 0420 0895      		ret
 694               	/* epilogue end (size=4) */
 695               	/* function init_mcp4922_spi size 187 (180) */
 696               	.LFE3:
 697               		.size	init_mcp4922_spi, .-init_mcp4922_spi
 698               		.data
 699               	.LC0:
 700 0000 7063 7331 		.string	"pcs1:%x\n"
 700      3A25 780A 
 700      00
 701               		.text
 702               	.global	mcp4922_spiw
 703               		.type	mcp4922_spiw, @function
 704               	mcp4922_spiw:
 705               	.LFB5:
 706               	.LM54:
 707               	/* prologue: frame size=0 */
 708 0422 CF92      		push r12
 709 0424 DF92      		push r13
 710 0426 EF92      		push r14
 711 0428 FF92      		push r15
 712 042a 0F93      		push r16
 713 042c 1F93      		push r17
 714 042e CF93      		push r28
 715 0430 DF93      		push r29
 716               	/* prologue end (size=8) */
 717               	.LVL53:
 718 0432 282F      		mov r18,r24
 719 0434 EB01      		movw r28,r22
 720               	.LM55:
 721 0436 CB01      		movw r24,r22
 722               	.LVL54:
 723 0438 8070      		andi r24,lo8(-4096)
 724 043a 907F      		andi r25,hi8(-4096)
 725 043c 892B      		or r24,r25
 726 043e 01F4      		brne .L54
 727               	.LM56:
 728 0440 D067      		ori r29,hi8(28672)
 729               	.LVL55:
 730               	.LM57:
 731 0442 4423      		tst r20
 732 0444 01F4      		brne .L54
 733 0446 D068      		ori r29,hi8(-32768)
 734               	.LVL56:
 735               	.L54:
 736               	.LM58:
 737 0448 822F      		mov r24,r18
 738 044a 90E0      		ldi r25,lo8(0)
 739 044c FC01      		movw r30,r24
GAS LISTING d:\tmp/ccouxy21.s 			page 14


 740 044e EE0F      		lsl r30
 741 0450 FF1F      		rol r31
 742               	.LVL57:
 743 0452 DF01      		movw r26,r30
 744 0454 A050      		subi r26,lo8(-(p_cs))
 745 0456 B040      		sbci r27,hi8(-(p_cs))
 746 0458 0D91      		ld r16,X+
 747 045a 1C91      		ld r17,X
 748               	.LVL58:
 749               	.LM59:
 750 045c E050      		subi r30,lo8(-(p_ldac))
 751 045e F040      		sbci r31,hi8(-(p_ldac))
 752 0460 E080      		ld r14,Z
 753 0462 F180      		ldd r15,Z+1
 754               	.LVL59:
 755               	.LM60:
 756 0464 FC01      		movw r30,r24
 757 0466 E050      		subi r30,lo8(-(b_cs))
 758 0468 F040      		sbci r31,hi8(-(b_cs))
 759 046a D080      		ld r13,Z
 760               	.LVL60:
 761               	.LM61:
 762 046c 8050      		subi r24,lo8(-(b_ldac))
 763 046e 9040      		sbci r25,hi8(-(b_ldac))
 764 0470 FC01      		movw r30,r24
 765 0472 C080      		ld r12,Z
 766               	.LVL61:
 767               	.LM62:
 768 0474 1F93      		push r17
 769 0476 0F93      		push r16
 770 0478 80E0      		ldi r24,lo8(.LC0)
 771 047a 90E0      		ldi r25,hi8(.LC0)
 772 047c 9F93      		push r25
 773 047e 8F93      		push r24
 774 0480 0E94 0000 		call uart_printf
 775               	.LVL62:
 776               	.LM63:
 777 0484 F801      		movw r30,r16
 778 0486 9081      		ld r25,Z
 779 0488 8D2D      		mov r24,r13
 780 048a 8095      		com r24
 781 048c 8923      		and r24,r25
 782 048e 8083      		st Z,r24
 783               	.LM64:
 784 0490 8D2F      		mov r24,r29
 785 0492 9927      		clr r25
 786 0494 87FD      		sbrc r24,7
 787 0496 9A95      		dec r25
 788 0498 8FB9      		out 47-0x20,r24
 789 049a 0F90      		pop __tmp_reg__
 790 049c 0F90      		pop __tmp_reg__
 791 049e 0F90      		pop __tmp_reg__
 792 04a0 0F90      		pop __tmp_reg__
 793               	.L57:
 794               	.LM65:
 795 04a2 779B      		sbis 46-0x20,7
 796 04a4 00C0      		rjmp .L57
GAS LISTING d:\tmp/ccouxy21.s 			page 15


 797               	.LM66:
 798 04a6 CFB9      		out 47-0x20,r28
 799               	.L59:
 800               	.LM67:
 801 04a8 779B      		sbis 46-0x20,7
 802 04aa 00C0      		rjmp .L59
 803               	.LM68:
 804 04ac F801      		movw r30,r16
 805 04ae 8081      		ld r24,Z
 806 04b0 8D29      		or r24,r13
 807 04b2 8083      		st Z,r24
 808               	.LM69:
 809 04b4 F701      		movw r30,r14
 810 04b6 9081      		ld r25,Z
 811 04b8 8C2D      		mov r24,r12
 812 04ba 8095      		com r24
 813 04bc 8923      		and r24,r25
 814 04be 8083      		st Z,r24
 815               	.LM70:
 816 04c0 82E0      		ldi r24,lo8(2)
 817 04c2 90E0      		ldi r25,hi8(2)
 818 04c4 0E94 0000 		call udelay
 819               	.LM71:
 820 04c8 F701      		movw r30,r14
 821 04ca 8081      		ld r24,Z
 822 04cc 8C29      		or r24,r12
 823 04ce 8083      		st Z,r24
 824               	/* epilogue: frame size=0 */
 825 04d0 DF91      		pop r29
 826 04d2 CF91      		pop r28
 827 04d4 1F91      		pop r17
 828 04d6 0F91      		pop r16
 829 04d8 FF90      		pop r15
 830 04da EF90      		pop r14
 831 04dc DF90      		pop r13
 832 04de CF90      		pop r12
 833 04e0 0895      		ret
 834               	/* epilogue end (size=9) */
 835               	/* function mcp4922_spiw size 96 (79) */
 836               	.LFE5:
 837               		.size	mcp4922_spiw, .-mcp4922_spiw
 838               	.global	mcp4922_putw
 839               		.type	mcp4922_putw, @function
 840               	mcp4922_putw:
 841               	.LFB4:
 842               	.LM72:
 843               	/* prologue: frame size=0 */
 844 04e2 CF92      		push r12
 845 04e4 DF92      		push r13
 846 04e6 EF92      		push r14
 847 04e8 FF92      		push r15
 848 04ea 0F93      		push r16
 849 04ec 1F93      		push r17
 850 04ee CF93      		push r28
 851 04f0 DF93      		push r29
 852               	/* prologue end (size=8) */
 853               	.LVL63:
GAS LISTING d:\tmp/ccouxy21.s 			page 16


 854 04f2 282F      		mov r18,r24
 855               	.LM73:
 856 04f4 CB01      		movw r24,r22
 857               	.LVL64:
 858 04f6 8070      		andi r24,lo8(-4096)
 859 04f8 907F      		andi r25,hi8(-4096)
 860 04fa 892B      		or r24,r25
 861 04fc 01F4      		brne .L67
 862               	.LM74:
 863 04fe 7067      		ori r23,hi8(28672)
 864               	.LVL65:
 865               	.LM75:
 866 0500 4423      		tst r20
 867 0502 01F4      		brne .L67
 868 0504 7068      		ori r23,hi8(-32768)
 869               	.L67:
 870               	.LM76:
 871 0506 822F      		mov r24,r18
 872 0508 90E0      		ldi r25,lo8(0)
 873 050a DC01      		movw r26,r24
 874 050c AA0F      		lsl r26
 875 050e BB1F      		rol r27
 876 0510 FD01      		movw r30,r26
 877 0512 E050      		subi r30,lo8(-(p_clk))
 878 0514 F040      		sbci r31,hi8(-(p_clk))
 879 0516 2081      		ld r18,Z
 880 0518 3181      		ldd r19,Z+1
 881               	.LVL66:
 882               	.LM77:
 883 051a FD01      		movw r30,r26
 884 051c E050      		subi r30,lo8(-(p_data))
 885 051e F040      		sbci r31,hi8(-(p_data))
 886 0520 C081      		ld r28,Z
 887 0522 D181      		ldd r29,Z+1
 888               	.LVL67:
 889               	.LM78:
 890 0524 FD01      		movw r30,r26
 891 0526 E050      		subi r30,lo8(-(p_cs))
 892 0528 F040      		sbci r31,hi8(-(p_cs))
 893 052a 0081      		ld r16,Z
 894 052c 1181      		ldd r17,Z+1
 895               	.LVL68:
 896               	.LM79:
 897 052e A050      		subi r26,lo8(-(p_ldac))
 898 0530 B040      		sbci r27,hi8(-(p_ldac))
 899 0532 ED90      		ld r14,X+
 900 0534 FC90      		ld r15,X
 901               	.LVL69:
 902               	.LM80:
 903 0536 FC01      		movw r30,r24
 904 0538 E050      		subi r30,lo8(-(b_clk))
 905 053a F040      		sbci r31,hi8(-(b_clk))
 906 053c 4081      		ld r20,Z
 907               	.LVL70:
 908               	.LM81:
 909 053e FC01      		movw r30,r24
 910 0540 E050      		subi r30,lo8(-(b_data))
GAS LISTING d:\tmp/ccouxy21.s 			page 17


 911 0542 F040      		sbci r31,hi8(-(b_data))
 912 0544 B081      		ld r27,Z
 913               	.LVL71:
 914               	.LM82:
 915 0546 FC01      		movw r30,r24
 916 0548 E050      		subi r30,lo8(-(b_cs))
 917 054a F040      		sbci r31,hi8(-(b_cs))
 918 054c C080      		ld r12,Z
 919               	.LVL72:
 920               	.LM83:
 921 054e 8050      		subi r24,lo8(-(b_ldac))
 922 0550 9040      		sbci r25,hi8(-(b_ldac))
 923 0552 FC01      		movw r30,r24
 924 0554 D080      		ld r13,Z
 925               	.LVL73:
 926               	.LM84:
 927 0556 F801      		movw r30,r16
 928 0558 9081      		ld r25,Z
 929 055a 8C2D      		mov r24,r12
 930 055c 8095      		com r24
 931 055e 8923      		and r24,r25
 932 0560 8083      		st Z,r24
 933               	.LM85:
 934 0562 8881      		ld r24,Y
 935 0564 5B2F      		mov r21,r27
 936 0566 5095      		com r21
 937 0568 8523      		and r24,r21
 938 056a 8883      		st Y,r24
 939 056c 90E0      		ldi r25,lo8(0)
 940               	.LVL74:
 941               	.LM86:
 942 056e A42F      		mov r26,r20
 943 0570 A095      		com r26
 944               	.L70:
 945 0572 F901      		movw r30,r18
 946 0574 8081      		ld r24,Z
 947 0576 8A23      		and r24,r26
 948 0578 8083      		st Z,r24
 949               	.LM87:
 950 057a 77FF      		sbrs r23,7
 951 057c 00C0      		rjmp .L71
 952               	.LM88:
 953 057e 8881      		ld r24,Y
 954 0580 8B2B      		or r24,r27
 955 0582 00C0      		rjmp .L77
 956               	.L71:
 957               	.LM89:
 958 0584 8881      		ld r24,Y
 959 0586 8523      		and r24,r21
 960               	.L77:
 961 0588 8883      		st Y,r24
 962               	.LM90:
 963 058a F901      		movw r30,r18
 964 058c 8081      		ld r24,Z
 965 058e 842B      		or r24,r20
 966 0590 8083      		st Z,r24
 967               	.LM91:
GAS LISTING d:\tmp/ccouxy21.s 			page 18


 968 0592 9F5F      		subi r25,lo8(-(1))
 969 0594 9031      		cpi r25,lo8(16)
 970 0596 01F0      		breq .L74
 971               	.LM92:
 972 0598 660F      		lsl r22
 973 059a 771F      		rol r23
 974               	.LVL75:
 975 059c 00C0      		rjmp .L70
 976               	.L74:
 977               	.LM93:
 978 059e F901      		movw r30,r18
 979 05a0 8081      		ld r24,Z
 980 05a2 4095      		com r20
 981 05a4 4823      		and r20,r24
 982 05a6 4083      		st Z,r20
 983               	.LM94:
 984 05a8 F801      		movw r30,r16
 985 05aa 8081      		ld r24,Z
 986 05ac 8C29      		or r24,r12
 987 05ae 8083      		st Z,r24
 988               	.LM95:
 989 05b0 F701      		movw r30,r14
 990 05b2 9081      		ld r25,Z
 991               	.LVL76:
 992 05b4 8D2D      		mov r24,r13
 993 05b6 8095      		com r24
 994 05b8 8923      		and r24,r25
 995 05ba 8083      		st Z,r24
 996               	.LM96:
 997 05bc 82E0      		ldi r24,lo8(2)
 998 05be 90E0      		ldi r25,hi8(2)
 999 05c0 0E94 0000 		call udelay
 1000               	.LVL77:
 1001               	.LM97:
 1002 05c4 F701      		movw r30,r14
 1003 05c6 8081      		ld r24,Z
 1004 05c8 8D29      		or r24,r13
 1005 05ca 8083      		st Z,r24
 1006               	/* epilogue: frame size=0 */
 1007 05cc DF91      		pop r29
 1008 05ce CF91      		pop r28
 1009 05d0 1F91      		pop r17
 1010 05d2 0F91      		pop r16
 1011 05d4 FF90      		pop r15
 1012 05d6 EF90      		pop r14
 1013 05d8 DF90      		pop r13
 1014 05da CF90      		pop r12
 1015 05dc 0895      		ret
 1016               	/* epilogue end (size=9) */
 1017               	/* function mcp4922_putw size 126 (109) */
 1018               	.LFE4:
 1019               		.size	mcp4922_putw, .-mcp4922_putw
 1020               		.comm p_cs,8,1
 1021               		.comm p_data,8,1
 1022               		.comm p_clk,8,1
 1023               		.comm p_ldac,8,1
 1024               		.comm b_cs,4,1
GAS LISTING d:\tmp/ccouxy21.s 			page 19


 1025               		.comm b_data,4,1
 1026               		.comm b_clk,4,1
 1027               		.comm b_ldac,4,1
 1028               		.section	.debug_frame,"",@progbits
 1029               	.Lframe0:
 1030 0000 0C00 0000 		.long	.LECIE0-.LSCIE0
 1031               	.LSCIE0:
 1032 0004 FFFF FFFF 		.long	0xffffffff
 1033 0008 01        		.byte	0x1
 1034 0009 00        		.string	""
 1035 000a 01        		.uleb128 0x1
 1036 000b 7F        		.sleb128 -1
 1037 000c 24        		.byte	0x24
 1038 000d 0C        		.byte	0xc
 1039 000e 20        		.uleb128 0x20
 1040 000f 00        		.uleb128 0x0
 1041               		.p2align	2
 1042               	.LECIE0:
 1043               	.LSFDE0:
 1044 0010 0C00 0000 		.long	.LEFDE0-.LASFDE0
 1045               	.LASFDE0:
 1046 0014 0000 0000 		.long	.Lframe0
 1047 0018 0000 0000 		.long	.LFB2
 1048 001c B402 0000 		.long	.LFE2-.LFB2
 1049               		.p2align	2
 1050               	.LEFDE0:
 1051               	.LSFDE2:
 1052 0020 0C00 0000 		.long	.LEFDE2-.LASFDE2
 1053               	.LASFDE2:
 1054 0024 0000 0000 		.long	.Lframe0
 1055 0028 0000 0000 		.long	.LFB3
 1056 002c 6E01 0000 		.long	.LFE3-.LFB3
 1057               		.p2align	2
 1058               	.LEFDE2:
 1059               	.LSFDE4:
 1060 0030 0C00 0000 		.long	.LEFDE4-.LASFDE4
 1061               	.LASFDE4:
 1062 0034 0000 0000 		.long	.Lframe0
 1063 0038 0000 0000 		.long	.LFB5
 1064 003c C000 0000 		.long	.LFE5-.LFB5
 1065               		.p2align	2
 1066               	.LEFDE4:
 1067               	.LSFDE6:
 1068 0040 0C00 0000 		.long	.LEFDE6-.LASFDE6
 1069               	.LASFDE6:
 1070 0044 0000 0000 		.long	.Lframe0
 1071 0048 0000 0000 		.long	.LFB4
 1072 004c FC00 0000 		.long	.LFE4-.LFB4
 1073               		.p2align	2
 1074               	.LEFDE6:
 1075               		.text
 1076               	.Letext0:
 1077               		.section	.debug_loc,"",@progbits
 1078               	.Ldebug_loc0:
 1079               	.LLST1:
 1080 0000 0A00 0000 		.long	.LVL0-.Ltext0
 1081 0004 3400 0000 		.long	.LVL4-.Ltext0
GAS LISTING d:\tmp/ccouxy21.s 			page 20


 1082 0008 0100      		.word	0x1
 1083 000a 68        		.byte	0x68
 1084 000b 0000 0000 		.long	0x0
 1085 000f 0000 0000 		.long	0x0
 1086               	.LLST2:
 1087 0013 0A00 0000 		.long	.LVL0-.Ltext0
 1088 0017 1600 0000 		.long	.LVL2-.Ltext0
 1089 001b 0100      		.word	0x1
 1090 001d 66        		.byte	0x66
 1091 001e 1600 0000 		.long	.LVL2-.Ltext0
 1092 0022 7401 0000 		.long	.LVL14-.Ltext0
 1093 0026 0100      		.word	0x1
 1094 0028 5F        		.byte	0x5f
 1095 0029 7401 0000 		.long	.LVL14-.Ltext0
 1096 002d B801 0000 		.long	.LVL15-.Ltext0
 1097 0031 0100      		.word	0x1
 1098 0033 66        		.byte	0x66
 1099 0034 CC01 0000 		.long	.LVL16-.Ltext0
 1100 0038 B402 0000 		.long	.LFE2-.Ltext0
 1101 003c 0100      		.word	0x1
 1102 003e 66        		.byte	0x66
 1103 003f 0000 0000 		.long	0x0
 1104 0043 0000 0000 		.long	0x0
 1105               	.LLST3:
 1106 0047 0A00 0000 		.long	.LVL0-.Ltext0
 1107 004b 0401 0000 		.long	.LVL10-.Ltext0
 1108 004f 0100      		.word	0x1
 1109 0051 64        		.byte	0x64
 1110 0052 1801 0000 		.long	.LVL11-.Ltext0
 1111 0056 F201 0000 		.long	.LVL20-.Ltext0
 1112 005a 0100      		.word	0x1
 1113 005c 64        		.byte	0x64
 1114 005d 0602 0000 		.long	.LVL21-.Ltext0
 1115 0061 B402 0000 		.long	.LFE2-.Ltext0
 1116 0065 0100      		.word	0x1
 1117 0067 64        		.byte	0x64
 1118 0068 0000 0000 		.long	0x0
 1119 006c 0000 0000 		.long	0x0
 1120               	.LLST4:
 1121 0070 0A00 0000 		.long	.LVL0-.Ltext0
 1122 0074 1000 0000 		.long	.LVL1-.Ltext0
 1123 0078 0100      		.word	0x1
 1124 007a 62        		.byte	0x62
 1125 007b 1000 0000 		.long	.LVL1-.Ltext0
 1126 007f FC00 0000 		.long	.LVL9-.Ltext0
 1127 0083 0100      		.word	0x1
 1128 0085 6B        		.byte	0x6b
 1129 0086 FC00 0000 		.long	.LVL9-.Ltext0
 1130 008a 2201 0000 		.long	.LVL12-.Ltext0
 1131 008e 0100      		.word	0x1
 1132 0090 62        		.byte	0x62
 1133 0091 3601 0000 		.long	.LVL13-.Ltext0
 1134 0095 2E02 0000 		.long	.LVL24-.Ltext0
 1135 0099 0100      		.word	0x1
 1136 009b 62        		.byte	0x62
 1137 009c 4202 0000 		.long	.LVL25-.Ltext0
 1138 00a0 8002 0000 		.long	.LVL27-.Ltext0
GAS LISTING d:\tmp/ccouxy21.s 			page 21


 1139 00a4 0100      		.word	0x1
 1140 00a6 62        		.byte	0x62
 1141 00a7 0000 0000 		.long	0x0
 1142 00ab 0000 0000 		.long	0x0
 1143               	.LLST5:
 1144 00af 2600 0000 		.long	.LVL3-.Ltext0
 1145 00b3 D601 0000 		.long	.LVL17-.Ltext0
 1146 00b7 0100      		.word	0x1
 1147 00b9 65        		.byte	0x65
 1148 00ba E801 0000 		.long	.LVL18-.Ltext0
 1149 00be B402 0000 		.long	.LFE2-.Ltext0
 1150 00c2 0100      		.word	0x1
 1151 00c4 65        		.byte	0x65
 1152 00c5 0000 0000 		.long	0x0
 1153 00c9 0000 0000 		.long	0x0
 1154               	.LLST6:
 1155 00cd 4600 0000 		.long	.LVL5-.Ltext0
 1156 00d1 1002 0000 		.long	.LVL22-.Ltext0
 1157 00d5 0100      		.word	0x1
 1158 00d7 63        		.byte	0x63
 1159 00d8 2402 0000 		.long	.LVL23-.Ltext0
 1160 00dc B402 0000 		.long	.LFE2-.Ltext0
 1161 00e0 0100      		.word	0x1
 1162 00e2 63        		.byte	0x63
 1163 00e3 0000 0000 		.long	0x0
 1164 00e7 0000 0000 		.long	0x0
 1165               	.LLST7:
 1166 00eb 7A00 0000 		.long	.LVL7-.Ltext0
 1167 00ef 6002 0000 		.long	.LVL26-.Ltext0
 1168 00f3 0100      		.word	0x1
 1169 00f5 6A        		.byte	0x6a
 1170 00f6 0000 0000 		.long	0x0
 1171 00fa 0000 0000 		.long	0x0
 1172               	.LLST9:
 1173 00fe BA02 0000 		.long	.LVL28-.Ltext0
 1174 0102 0A03 0000 		.long	.LVL33-.Ltext0
 1175 0106 0100      		.word	0x1
 1176 0108 68        		.byte	0x68
 1177 0109 1603 0000 		.long	.LVL34-.Ltext0
 1178 010d 2803 0000 		.long	.LVL35-.Ltext0
 1179 0111 0100      		.word	0x1
 1180 0113 68        		.byte	0x68
 1181 0114 3403 0000 		.long	.LVL36-.Ltext0
 1182 0118 3E03 0000 		.long	.LVL37-.Ltext0
 1183 011c 0100      		.word	0x1
 1184 011e 68        		.byte	0x68
 1185 011f 5203 0000 		.long	.LVL38-.Ltext0
 1186 0123 6403 0000 		.long	.LVL39-.Ltext0
 1187 0127 0100      		.word	0x1
 1188 0129 68        		.byte	0x68
 1189 012a 6E03 0000 		.long	.LVL40-.Ltext0
 1190 012e 8203 0000 		.long	.LVL43-.Ltext0
 1191 0132 0100      		.word	0x1
 1192 0134 68        		.byte	0x68
 1193 0135 8E03 0000 		.long	.LVL44-.Ltext0
 1194 0139 A003 0000 		.long	.LVL45-.Ltext0
 1195 013d 0100      		.word	0x1
GAS LISTING d:\tmp/ccouxy21.s 			page 22


 1196 013f 68        		.byte	0x68
 1197 0140 AC03 0000 		.long	.LVL46-.Ltext0
 1198 0144 BE03 0000 		.long	.LVL48-.Ltext0
 1199 0148 0100      		.word	0x1
 1200 014a 68        		.byte	0x68
 1201 014b CA03 0000 		.long	.LVL49-.Ltext0
 1202 014f DC03 0000 		.long	.LVL50-.Ltext0
 1203 0153 0100      		.word	0x1
 1204 0155 68        		.byte	0x68
 1205 0156 E603 0000 		.long	.LVL51-.Ltext0
 1206 015a E803 0000 		.long	.LVL52-.Ltext0
 1207 015e 0100      		.word	0x1
 1208 0160 68        		.byte	0x68
 1209 0161 0000 0000 		.long	0x0
 1210 0165 0000 0000 		.long	0x0
 1211               	.LLST10:
 1212 0169 BA02 0000 		.long	.LVL28-.Ltext0
 1213 016d 7A03 0000 		.long	.LVL42-.Ltext0
 1214 0171 0100      		.word	0x1
 1215 0173 66        		.byte	0x66
 1216 0174 8E03 0000 		.long	.LVL44-.Ltext0
 1217 0178 2204 0000 		.long	.LFE3-.Ltext0
 1218 017c 0100      		.word	0x1
 1219 017e 66        		.byte	0x66
 1220 017f 0000 0000 		.long	0x0
 1221 0183 0000 0000 		.long	0x0
 1222               	.LLST11:
 1223 0187 BA02 0000 		.long	.LVL28-.Ltext0
 1224 018b BE02 0000 		.long	.LVL29-.Ltext0
 1225 018f 0100      		.word	0x1
 1226 0191 64        		.byte	0x64
 1227 0192 BE02 0000 		.long	.LVL29-.Ltext0
 1228 0196 7203 0000 		.long	.LVL41-.Ltext0
 1229 019a 0100      		.word	0x1
 1230 019c 6A        		.byte	0x6a
 1231 019d 7203 0000 		.long	.LVL41-.Ltext0
 1232 01a1 B603 0000 		.long	.LVL47-.Ltext0
 1233 01a5 0100      		.word	0x1
 1234 01a7 64        		.byte	0x64
 1235 01a8 CA03 0000 		.long	.LVL49-.Ltext0
 1236 01ac 2204 0000 		.long	.LFE3-.Ltext0
 1237 01b0 0100      		.word	0x1
 1238 01b2 64        		.byte	0x64
 1239 01b3 0000 0000 		.long	0x0
 1240 01b7 0000 0000 		.long	0x0
 1241               	.LLST13:
 1242 01bb 3204 0000 		.long	.LVL53-.Ltext0
 1243 01bf 3804 0000 		.long	.LVL54-.Ltext0
 1244 01c3 0100      		.word	0x1
 1245 01c5 68        		.byte	0x68
 1246 01c6 3804 0000 		.long	.LVL54-.Ltext0
 1247 01ca 8404 0000 		.long	.LVL62-.Ltext0
 1248 01ce 0100      		.word	0x1
 1249 01d0 62        		.byte	0x62
 1250 01d1 0000 0000 		.long	0x0
 1251 01d5 0000 0000 		.long	0x0
 1252               	.LLST14:
GAS LISTING d:\tmp/ccouxy21.s 			page 23


 1253 01d9 3204 0000 		.long	.LVL53-.Ltext0
 1254 01dd 4204 0000 		.long	.LVL55-.Ltext0
 1255 01e1 0600      		.word	0x6
 1256 01e3 66        		.byte	0x66
 1257 01e4 93        		.byte	0x93
 1258 01e5 01        		.uleb128 0x1
 1259 01e6 67        		.byte	0x67
 1260 01e7 93        		.byte	0x93
 1261 01e8 01        		.uleb128 0x1
 1262 01e9 4204 0000 		.long	.LVL55-.Ltext0
 1263 01ed E204 0000 		.long	.LFE5-.Ltext0
 1264 01f1 0600      		.word	0x6
 1265 01f3 6C        		.byte	0x6c
 1266 01f4 93        		.byte	0x93
 1267 01f5 01        		.uleb128 0x1
 1268 01f6 6D        		.byte	0x6d
 1269 01f7 93        		.byte	0x93
 1270 01f8 01        		.uleb128 0x1
 1271 01f9 0000 0000 		.long	0x0
 1272 01fd 0000 0000 		.long	0x0
 1273               	.LLST15:
 1274 0201 3204 0000 		.long	.LVL53-.Ltext0
 1275 0205 5204 0000 		.long	.LVL57-.Ltext0
 1276 0209 0100      		.word	0x1
 1277 020b 64        		.byte	0x64
 1278 020c 0000 0000 		.long	0x0
 1279 0210 0000 0000 		.long	0x0
 1280               	.LLST17:
 1281 0214 F204 0000 		.long	.LVL63-.Ltext0
 1282 0218 F604 0000 		.long	.LVL64-.Ltext0
 1283 021c 0100      		.word	0x1
 1284 021e 68        		.byte	0x68
 1285 021f F604 0000 		.long	.LVL64-.Ltext0
 1286 0223 1A05 0000 		.long	.LVL66-.Ltext0
 1287 0227 0100      		.word	0x1
 1288 0229 62        		.byte	0x62
 1289 022a 0000 0000 		.long	0x0
 1290 022e 0000 0000 		.long	0x0
 1291               	.LLST18:
 1292 0232 F204 0000 		.long	.LVL63-.Ltext0
 1293 0236 C405 0000 		.long	.LVL77-.Ltext0
 1294 023a 0600      		.word	0x6
 1295 023c 66        		.byte	0x66
 1296 023d 93        		.byte	0x93
 1297 023e 01        		.uleb128 0x1
 1298 023f 67        		.byte	0x67
 1299 0240 93        		.byte	0x93
 1300 0241 01        		.uleb128 0x1
 1301 0242 0000 0000 		.long	0x0
 1302 0246 0000 0000 		.long	0x0
 1303               	.LLST19:
 1304 024a F204 0000 		.long	.LVL63-.Ltext0
 1305 024e 3E05 0000 		.long	.LVL70-.Ltext0
 1306 0252 0100      		.word	0x1
 1307 0254 64        		.byte	0x64
 1308 0255 0000 0000 		.long	0x0
 1309 0259 0000 0000 		.long	0x0
GAS LISTING d:\tmp/ccouxy21.s 			page 24


 1310               	.LLST20:
 1311 025d 1A05 0000 		.long	.LVL66-.Ltext0
 1312 0261 C405 0000 		.long	.LVL77-.Ltext0
 1313 0265 0600      		.word	0x6
 1314 0267 62        		.byte	0x62
 1315 0268 93        		.byte	0x93
 1316 0269 01        		.uleb128 0x1
 1317 026a 63        		.byte	0x63
 1318 026b 93        		.byte	0x93
 1319 026c 01        		.uleb128 0x1
 1320 026d 0000 0000 		.long	0x0
 1321 0271 0000 0000 		.long	0x0
 1322               	.LLST21:
 1323 0275 3E05 0000 		.long	.LVL70-.Ltext0
 1324 0279 C405 0000 		.long	.LVL77-.Ltext0
 1325 027d 0100      		.word	0x1
 1326 027f 64        		.byte	0x64
 1327 0280 0000 0000 		.long	0x0
 1328 0284 0000 0000 		.long	0x0
 1329               	.LLST22:
 1330 0288 4605 0000 		.long	.LVL71-.Ltext0
 1331 028c C405 0000 		.long	.LVL77-.Ltext0
 1332 0290 0100      		.word	0x1
 1333 0292 6B        		.byte	0x6b
 1334 0293 0000 0000 		.long	0x0
 1335 0297 0000 0000 		.long	0x0
 1336               	.LLST23:
 1337 029b 6E05 0000 		.long	.LVL74-.Ltext0
 1338 029f B405 0000 		.long	.LVL76-.Ltext0
 1339 02a3 0100      		.word	0x1
 1340 02a5 69        		.byte	0x69
 1341 02a6 0000 0000 		.long	0x0
 1342 02aa 0000 0000 		.long	0x0
 1343               		.section	.debug_info
 1344 0000 7F03 0000 		.long	0x37f
 1345 0004 0200      		.word	0x2
 1346 0006 0000 0000 		.long	.Ldebug_abbrev0
 1347 000a 04        		.byte	0x4
 1348 000b 01        		.uleb128 0x1
 1349 000c 0000 0000 		.long	.LASF31
 1350 0010 01        		.byte	0x1
 1351 0011 0000 0000 		.long	.LASF32
 1352 0015 0000 0000 		.long	.LASF33
 1353 0019 0000 0000 		.long	.Ltext0
 1354 001d 0000 0000 		.long	.Letext0
 1355 0021 0000 0000 		.long	.Ldebug_line0
 1356 0025 02        		.uleb128 0x2
 1357 0026 01        		.byte	0x1
 1358 0027 06        		.byte	0x6
 1359 0028 0000 0000 		.long	.LASF0
 1360 002c 03        		.uleb128 0x3
 1361 002d 0000 0000 		.long	.LASF2
 1362 0031 02        		.byte	0x2
 1363 0032 7A        		.byte	0x7a
 1364 0033 3700 0000 		.long	0x37
 1365 0037 02        		.uleb128 0x2
 1366 0038 01        		.byte	0x1
GAS LISTING d:\tmp/ccouxy21.s 			page 25


 1367 0039 08        		.byte	0x8
 1368 003a 0000 0000 		.long	.LASF1
 1369 003e 03        		.uleb128 0x3
 1370 003f 0000 0000 		.long	.LASF3
 1371 0043 02        		.byte	0x2
 1372 0044 7B        		.byte	0x7b
 1373 0045 4900 0000 		.long	0x49
 1374 0049 04        		.uleb128 0x4
 1375 004a 02        		.byte	0x2
 1376 004b 05        		.byte	0x5
 1377 004c 696E 7400 		.string	"int"
 1378 0050 02        		.uleb128 0x2
 1379 0051 02        		.byte	0x2
 1380 0052 07        		.byte	0x7
 1381 0053 0000 0000 		.long	.LASF4
 1382 0057 02        		.uleb128 0x2
 1383 0058 04        		.byte	0x4
 1384 0059 05        		.byte	0x5
 1385 005a 0000 0000 		.long	.LASF5
 1386 005e 02        		.uleb128 0x2
 1387 005f 04        		.byte	0x4
 1388 0060 07        		.byte	0x7
 1389 0061 0000 0000 		.long	.LASF6
 1390 0065 02        		.uleb128 0x2
 1391 0066 08        		.byte	0x8
 1392 0067 05        		.byte	0x5
 1393 0068 0000 0000 		.long	.LASF7
 1394 006c 02        		.uleb128 0x2
 1395 006d 08        		.byte	0x8
 1396 006e 07        		.byte	0x7
 1397 006f 0000 0000 		.long	.LASF8
 1398 0073 05        		.uleb128 0x5
 1399 0074 01        		.byte	0x1
 1400 0075 08        		.byte	0x8
 1401 0076 06        		.uleb128 0x6
 1402 0077 01        		.byte	0x1
 1403 0078 0000 0000 		.long	.LASF15
 1404 007c 01        		.byte	0x1
 1405 007d 22        		.byte	0x22
 1406 007e 01        		.byte	0x1
 1407 007f 0000 0000 		.long	.LFB2
 1408 0083 0000 0000 		.long	.LFE2
 1409 0087 02        		.byte	0x2
 1410 0088 90        		.byte	0x90
 1411 0089 20        		.uleb128 0x20
 1412 008a 1101 0000 		.long	0x111
 1413 008e 07        		.uleb128 0x7
 1414 008f 0000 0000 		.long	.LASF9
 1415 0093 01        		.byte	0x1
 1416 0094 20        		.byte	0x20
 1417 0095 2C00 0000 		.long	0x2c
 1418 0099 0000 0000 		.long	.LLST1
 1419 009d 08        		.uleb128 0x8
 1420 009e 6373 00   		.string	"cs"
 1421 00a1 01        		.byte	0x1
 1422 00a2 20        		.byte	0x20
 1423 00a3 2C00 0000 		.long	0x2c
GAS LISTING d:\tmp/ccouxy21.s 			page 26


 1424 00a7 0000 0000 		.long	.LLST2
 1425 00ab 08        		.uleb128 0x8
 1426 00ac 636C 6B00 		.string	"clk"
 1427 00b0 01        		.byte	0x1
 1428 00b1 20        		.byte	0x20
 1429 00b2 2C00 0000 		.long	0x2c
 1430 00b6 0000 0000 		.long	.LLST3
 1431 00ba 07        		.uleb128 0x7
 1432 00bb 0000 0000 		.long	.LASF10
 1433 00bf 01        		.byte	0x1
 1434 00c0 20        		.byte	0x20
 1435 00c1 2C00 0000 		.long	0x2c
 1436 00c5 0000 0000 		.long	.LLST4
 1437 00c9 09        		.uleb128 0x9
 1438 00ca 0000 0000 		.long	.LASF11
 1439 00ce 01        		.byte	0x1
 1440 00cf 20        		.byte	0x20
 1441 00d0 2C00 0000 		.long	0x2c
 1442 00d4 01        		.byte	0x1
 1443 00d5 60        		.byte	0x60
 1444 00d6 0A        		.uleb128 0xa
 1445 00d7 0000 0000 		.long	.LASF12
 1446 00db 01        		.byte	0x1
 1447 00dc 23        		.byte	0x23
 1448 00dd 2C00 0000 		.long	0x2c
 1449 00e1 0000 0000 		.long	.LLST5
 1450 00e5 0B        		.uleb128 0xb
 1451 00e6 6263 7300 		.string	"bcs"
 1452 00ea 01        		.byte	0x1
 1453 00eb 23        		.byte	0x23
 1454 00ec 2C00 0000 		.long	0x2c
 1455 00f0 01        		.byte	0x1
 1456 00f1 61        		.byte	0x61
 1457 00f2 0A        		.uleb128 0xa
 1458 00f3 0000 0000 		.long	.LASF13
 1459 00f7 01        		.byte	0x1
 1460 00f8 23        		.byte	0x23
 1461 00f9 2C00 0000 		.long	0x2c
 1462 00fd 0000 0000 		.long	.LLST6
 1463 0101 0A        		.uleb128 0xa
 1464 0102 0000 0000 		.long	.LASF14
 1465 0106 01        		.byte	0x1
 1466 0107 23        		.byte	0x23
 1467 0108 2C00 0000 		.long	0x2c
 1468 010c 0000 0000 		.long	.LLST7
 1469 0110 00        		.byte	0x0
 1470 0111 06        		.uleb128 0x6
 1471 0112 01        		.byte	0x1
 1472 0113 0000 0000 		.long	.LASF16
 1473 0117 01        		.byte	0x1
 1474 0118 4E        		.byte	0x4e
 1475 0119 01        		.byte	0x1
 1476 011a 0000 0000 		.long	.LFB3
 1477 011e 0000 0000 		.long	.LFE3
 1478 0122 02        		.byte	0x2
 1479 0123 90        		.byte	0x90
 1480 0124 20        		.uleb128 0x20
GAS LISTING d:\tmp/ccouxy21.s 			page 27


 1481 0125 7001 0000 		.long	0x170
 1482 0129 07        		.uleb128 0x7
 1483 012a 0000 0000 		.long	.LASF9
 1484 012e 01        		.byte	0x1
 1485 012f 4C        		.byte	0x4c
 1486 0130 2C00 0000 		.long	0x2c
 1487 0134 0000 0000 		.long	.LLST9
 1488 0138 08        		.uleb128 0x8
 1489 0139 6373 00   		.string	"cs"
 1490 013c 01        		.byte	0x1
 1491 013d 4C        		.byte	0x4c
 1492 013e 2C00 0000 		.long	0x2c
 1493 0142 0000 0000 		.long	.LLST10
 1494 0146 07        		.uleb128 0x7
 1495 0147 0000 0000 		.long	.LASF11
 1496 014b 01        		.byte	0x1
 1497 014c 4C        		.byte	0x4c
 1498 014d 2C00 0000 		.long	0x2c
 1499 0151 0000 0000 		.long	.LLST11
 1500 0155 0B        		.uleb128 0xb
 1501 0156 6263 7300 		.string	"bcs"
 1502 015a 01        		.byte	0x1
 1503 015b 4F        		.byte	0x4f
 1504 015c 2C00 0000 		.long	0x2c
 1505 0160 01        		.byte	0x1
 1506 0161 61        		.byte	0x61
 1507 0162 0C        		.uleb128 0xc
 1508 0163 0000 0000 		.long	.LASF14
 1509 0167 01        		.byte	0x1
 1510 0168 4F        		.byte	0x4f
 1511 0169 2C00 0000 		.long	0x2c
 1512 016d 01        		.byte	0x1
 1513 016e 67        		.byte	0x67
 1514 016f 00        		.byte	0x0
 1515 0170 06        		.uleb128 0x6
 1516 0171 01        		.byte	0x1
 1517 0172 0000 0000 		.long	.LASF17
 1518 0176 01        		.byte	0x1
 1519 0177 A1        		.byte	0xa1
 1520 0178 01        		.byte	0x1
 1521 0179 0000 0000 		.long	.LFB5
 1522 017d 0000 0000 		.long	.LFE5
 1523 0181 02        		.byte	0x2
 1524 0182 90        		.byte	0x90
 1525 0183 20        		.uleb128 0x20
 1526 0184 F401 0000 		.long	0x1f4
 1527 0188 07        		.uleb128 0x7
 1528 0189 0000 0000 		.long	.LASF9
 1529 018d 01        		.byte	0x1
 1530 018e 9E        		.byte	0x9e
 1531 018f 2C00 0000 		.long	0x2c
 1532 0193 0000 0000 		.long	.LLST13
 1533 0197 07        		.uleb128 0x7
 1534 0198 0000 0000 		.long	.LASF18
 1535 019c 01        		.byte	0x1
 1536 019d 9E        		.byte	0x9e
 1537 019e 3E00 0000 		.long	0x3e
GAS LISTING d:\tmp/ccouxy21.s 			page 28


 1538 01a2 0000 0000 		.long	.LLST14
 1539 01a6 08        		.uleb128 0x8
 1540 01a7 6461 6300 		.string	"dac"
 1541 01ab 01        		.byte	0x1
 1542 01ac 9E        		.byte	0x9e
 1543 01ad 2C00 0000 		.long	0x2c
 1544 01b1 0000 0000 		.long	.LLST15
 1545 01b5 0B        		.uleb128 0xb
 1546 01b6 7063 7300 		.string	"pcs"
 1547 01ba 01        		.byte	0x1
 1548 01bb A2        		.byte	0xa2
 1549 01bc F401 0000 		.long	0x1f4
 1550 01c0 06        		.byte	0x6
 1551 01c1 60        		.byte	0x60
 1552 01c2 93        		.byte	0x93
 1553 01c3 01        		.uleb128 0x1
 1554 01c4 61        		.byte	0x61
 1555 01c5 93        		.byte	0x93
 1556 01c6 01        		.uleb128 0x1
 1557 01c7 0C        		.uleb128 0xc
 1558 01c8 0000 0000 		.long	.LASF19
 1559 01cc 01        		.byte	0x1
 1560 01cd A2        		.byte	0xa2
 1561 01ce F401 0000 		.long	0x1f4
 1562 01d2 06        		.byte	0x6
 1563 01d3 5E        		.byte	0x5e
 1564 01d4 93        		.byte	0x93
 1565 01d5 01        		.uleb128 0x1
 1566 01d6 5F        		.byte	0x5f
 1567 01d7 93        		.byte	0x93
 1568 01d8 01        		.uleb128 0x1
 1569 01d9 0B        		.uleb128 0xb
 1570 01da 6263 7300 		.string	"bcs"
 1571 01de 01        		.byte	0x1
 1572 01df A3        		.byte	0xa3
 1573 01e0 2C00 0000 		.long	0x2c
 1574 01e4 01        		.byte	0x1
 1575 01e5 5D        		.byte	0x5d
 1576 01e6 0C        		.uleb128 0xc
 1577 01e7 0000 0000 		.long	.LASF14
 1578 01eb 01        		.byte	0x1
 1579 01ec A3        		.byte	0xa3
 1580 01ed 2C00 0000 		.long	0x2c
 1581 01f1 01        		.byte	0x1
 1582 01f2 5C        		.byte	0x5c
 1583 01f3 00        		.byte	0x0
 1584 01f4 0D        		.uleb128 0xd
 1585 01f5 02        		.byte	0x2
 1586 01f6 FA01 0000 		.long	0x1fa
 1587 01fa 0E        		.uleb128 0xe
 1588 01fb 2C00 0000 		.long	0x2c
 1589 01ff 06        		.uleb128 0x6
 1590 0200 01        		.byte	0x1
 1591 0201 0000 0000 		.long	.LASF20
 1592 0205 01        		.byte	0x1
 1593 0206 6F        		.byte	0x6f
 1594 0207 01        		.byte	0x1
GAS LISTING d:\tmp/ccouxy21.s 			page 29


 1595 0208 0000 0000 		.long	.LFB4
 1596 020c 0000 0000 		.long	.LFE4
 1597 0210 02        		.byte	0x2
 1598 0211 90        		.byte	0x90
 1599 0212 20        		.uleb128 0x20
 1600 0213 CF02 0000 		.long	0x2cf
 1601 0217 07        		.uleb128 0x7
 1602 0218 0000 0000 		.long	.LASF9
 1603 021c 01        		.byte	0x1
 1604 021d 6C        		.byte	0x6c
 1605 021e 2C00 0000 		.long	0x2c
 1606 0222 0000 0000 		.long	.LLST17
 1607 0226 07        		.uleb128 0x7
 1608 0227 0000 0000 		.long	.LASF18
 1609 022b 01        		.byte	0x1
 1610 022c 6C        		.byte	0x6c
 1611 022d 3E00 0000 		.long	0x3e
 1612 0231 0000 0000 		.long	.LLST18
 1613 0235 08        		.uleb128 0x8
 1614 0236 6461 6300 		.string	"dac"
 1615 023a 01        		.byte	0x1
 1616 023b 6C        		.byte	0x6c
 1617 023c 2C00 0000 		.long	0x2c
 1618 0240 0000 0000 		.long	.LLST19
 1619 0244 0A        		.uleb128 0xa
 1620 0245 0000 0000 		.long	.LASF21
 1621 0249 01        		.byte	0x1
 1622 024a 70        		.byte	0x70
 1623 024b F401 0000 		.long	0x1f4
 1624 024f 0000 0000 		.long	.LLST20
 1625 0253 0B        		.uleb128 0xb
 1626 0254 7063 7300 		.string	"pcs"
 1627 0258 01        		.byte	0x1
 1628 0259 70        		.byte	0x70
 1629 025a F401 0000 		.long	0x1f4
 1630 025e 06        		.byte	0x6
 1631 025f 60        		.byte	0x60
 1632 0260 93        		.byte	0x93
 1633 0261 01        		.uleb128 0x1
 1634 0262 61        		.byte	0x61
 1635 0263 93        		.byte	0x93
 1636 0264 01        		.uleb128 0x1
 1637 0265 0C        		.uleb128 0xc
 1638 0266 0000 0000 		.long	.LASF22
 1639 026a 01        		.byte	0x1
 1640 026b 70        		.byte	0x70
 1641 026c F401 0000 		.long	0x1f4
 1642 0270 06        		.byte	0x6
 1643 0271 6C        		.byte	0x6c
 1644 0272 93        		.byte	0x93
 1645 0273 01        		.uleb128 0x1
 1646 0274 6D        		.byte	0x6d
 1647 0275 93        		.byte	0x93
 1648 0276 01        		.uleb128 0x1
 1649 0277 0C        		.uleb128 0xc
 1650 0278 0000 0000 		.long	.LASF19
 1651 027c 01        		.byte	0x1
GAS LISTING d:\tmp/ccouxy21.s 			page 30


 1652 027d 70        		.byte	0x70
 1653 027e F401 0000 		.long	0x1f4
 1654 0282 06        		.byte	0x6
 1655 0283 5E        		.byte	0x5e
 1656 0284 93        		.byte	0x93
 1657 0285 01        		.uleb128 0x1
 1658 0286 5F        		.byte	0x5f
 1659 0287 93        		.byte	0x93
 1660 0288 01        		.uleb128 0x1
 1661 0289 0A        		.uleb128 0xa
 1662 028a 0000 0000 		.long	.LASF12
 1663 028e 01        		.byte	0x1
 1664 028f 71        		.byte	0x71
 1665 0290 2C00 0000 		.long	0x2c
 1666 0294 0000 0000 		.long	.LLST21
 1667 0298 0B        		.uleb128 0xb
 1668 0299 6263 7300 		.string	"bcs"
 1669 029d 01        		.byte	0x1
 1670 029e 71        		.byte	0x71
 1671 029f 2C00 0000 		.long	0x2c
 1672 02a3 01        		.byte	0x1
 1673 02a4 5C        		.byte	0x5c
 1674 02a5 0A        		.uleb128 0xa
 1675 02a6 0000 0000 		.long	.LASF13
 1676 02aa 01        		.byte	0x1
 1677 02ab 71        		.byte	0x71
 1678 02ac 2C00 0000 		.long	0x2c
 1679 02b0 0000 0000 		.long	.LLST22
 1680 02b4 0C        		.uleb128 0xc
 1681 02b5 0000 0000 		.long	.LASF14
 1682 02b9 01        		.byte	0x1
 1683 02ba 71        		.byte	0x71
 1684 02bb 2C00 0000 		.long	0x2c
 1685 02bf 01        		.byte	0x1
 1686 02c0 5D        		.byte	0x5d
 1687 02c1 0F        		.uleb128 0xf
 1688 02c2 6900      		.string	"i"
 1689 02c4 01        		.byte	0x1
 1690 02c5 72        		.byte	0x72
 1691 02c6 2C00 0000 		.long	0x2c
 1692 02ca 0000 0000 		.long	.LLST23
 1693 02ce 00        		.byte	0x0
 1694 02cf 10        		.uleb128 0x10
 1695 02d0 F401 0000 		.long	0x1f4
 1696 02d4 DF02 0000 		.long	0x2df
 1697 02d8 11        		.uleb128 0x11
 1698 02d9 DF02 0000 		.long	0x2df
 1699 02dd 03        		.byte	0x3
 1700 02de 00        		.byte	0x0
 1701 02df 05        		.uleb128 0x5
 1702 02e0 02        		.byte	0x2
 1703 02e1 07        		.byte	0x7
 1704 02e2 12        		.uleb128 0x12
 1705 02e3 0000 0000 		.long	.LASF23
 1706 02e7 01        		.byte	0x1
 1707 02e8 10        		.byte	0x10
 1708 02e9 CF02 0000 		.long	0x2cf
GAS LISTING d:\tmp/ccouxy21.s 			page 31


 1709 02ed 01        		.byte	0x1
 1710 02ee 05        		.byte	0x5
 1711 02ef 03        		.byte	0x3
 1712 02f0 0000 0000 		.long	p_cs
 1713 02f4 12        		.uleb128 0x12
 1714 02f5 0000 0000 		.long	.LASF24
 1715 02f9 01        		.byte	0x1
 1716 02fa 11        		.byte	0x11
 1717 02fb CF02 0000 		.long	0x2cf
 1718 02ff 01        		.byte	0x1
 1719 0300 05        		.byte	0x5
 1720 0301 03        		.byte	0x3
 1721 0302 0000 0000 		.long	p_data
 1722 0306 12        		.uleb128 0x12
 1723 0307 0000 0000 		.long	.LASF25
 1724 030b 01        		.byte	0x1
 1725 030c 12        		.byte	0x12
 1726 030d CF02 0000 		.long	0x2cf
 1727 0311 01        		.byte	0x1
 1728 0312 05        		.byte	0x5
 1729 0313 03        		.byte	0x3
 1730 0314 0000 0000 		.long	p_clk
 1731 0318 12        		.uleb128 0x12
 1732 0319 0000 0000 		.long	.LASF26
 1733 031d 01        		.byte	0x1
 1734 031e 13        		.byte	0x13
 1735 031f CF02 0000 		.long	0x2cf
 1736 0323 01        		.byte	0x1
 1737 0324 05        		.byte	0x5
 1738 0325 03        		.byte	0x3
 1739 0326 0000 0000 		.long	p_ldac
 1740 032a 10        		.uleb128 0x10
 1741 032b 2C00 0000 		.long	0x2c
 1742 032f 3A03 0000 		.long	0x33a
 1743 0333 11        		.uleb128 0x11
 1744 0334 DF02 0000 		.long	0x2df
 1745 0338 03        		.byte	0x3
 1746 0339 00        		.byte	0x0
 1747 033a 12        		.uleb128 0x12
 1748 033b 0000 0000 		.long	.LASF27
 1749 033f 01        		.byte	0x1
 1750 0340 15        		.byte	0x15
 1751 0341 2A03 0000 		.long	0x32a
 1752 0345 01        		.byte	0x1
 1753 0346 05        		.byte	0x5
 1754 0347 03        		.byte	0x3
 1755 0348 0000 0000 		.long	b_cs
 1756 034c 12        		.uleb128 0x12
 1757 034d 0000 0000 		.long	.LASF28
 1758 0351 01        		.byte	0x1
 1759 0352 16        		.byte	0x16
 1760 0353 2A03 0000 		.long	0x32a
 1761 0357 01        		.byte	0x1
 1762 0358 05        		.byte	0x5
 1763 0359 03        		.byte	0x3
 1764 035a 0000 0000 		.long	b_data
 1765 035e 12        		.uleb128 0x12
GAS LISTING d:\tmp/ccouxy21.s 			page 32


 1766 035f 0000 0000 		.long	.LASF29
 1767 0363 01        		.byte	0x1
 1768 0364 17        		.byte	0x17
 1769 0365 2A03 0000 		.long	0x32a
 1770 0369 01        		.byte	0x1
 1771 036a 05        		.byte	0x5
 1772 036b 03        		.byte	0x3
 1773 036c 0000 0000 		.long	b_clk
 1774 0370 12        		.uleb128 0x12
 1775 0371 0000 0000 		.long	.LASF30
 1776 0375 01        		.byte	0x1
 1777 0376 18        		.byte	0x18
 1778 0377 2A03 0000 		.long	0x32a
 1779 037b 01        		.byte	0x1
 1780 037c 05        		.byte	0x5
 1781 037d 03        		.byte	0x3
 1782 037e 0000 0000 		.long	b_ldac
 1783 0382 00        		.byte	0x0
 1784               		.section	.debug_abbrev
 1785 0000 01        		.uleb128 0x1
 1786 0001 11        		.uleb128 0x11
 1787 0002 01        		.byte	0x1
 1788 0003 25        		.uleb128 0x25
 1789 0004 0E        		.uleb128 0xe
 1790 0005 13        		.uleb128 0x13
 1791 0006 0B        		.uleb128 0xb
 1792 0007 03        		.uleb128 0x3
 1793 0008 0E        		.uleb128 0xe
 1794 0009 1B        		.uleb128 0x1b
 1795 000a 0E        		.uleb128 0xe
 1796 000b 11        		.uleb128 0x11
 1797 000c 01        		.uleb128 0x1
 1798 000d 12        		.uleb128 0x12
 1799 000e 01        		.uleb128 0x1
 1800 000f 10        		.uleb128 0x10
 1801 0010 06        		.uleb128 0x6
 1802 0011 00        		.byte	0x0
 1803 0012 00        		.byte	0x0
 1804 0013 02        		.uleb128 0x2
 1805 0014 24        		.uleb128 0x24
 1806 0015 00        		.byte	0x0
 1807 0016 0B        		.uleb128 0xb
 1808 0017 0B        		.uleb128 0xb
 1809 0018 3E        		.uleb128 0x3e
 1810 0019 0B        		.uleb128 0xb
 1811 001a 03        		.uleb128 0x3
 1812 001b 0E        		.uleb128 0xe
 1813 001c 00        		.byte	0x0
 1814 001d 00        		.byte	0x0
 1815 001e 03        		.uleb128 0x3
 1816 001f 16        		.uleb128 0x16
 1817 0020 00        		.byte	0x0
 1818 0021 03        		.uleb128 0x3
 1819 0022 0E        		.uleb128 0xe
 1820 0023 3A        		.uleb128 0x3a
 1821 0024 0B        		.uleb128 0xb
 1822 0025 3B        		.uleb128 0x3b
GAS LISTING d:\tmp/ccouxy21.s 			page 33


 1823 0026 0B        		.uleb128 0xb
 1824 0027 49        		.uleb128 0x49
 1825 0028 13        		.uleb128 0x13
 1826 0029 00        		.byte	0x0
 1827 002a 00        		.byte	0x0
 1828 002b 04        		.uleb128 0x4
 1829 002c 24        		.uleb128 0x24
 1830 002d 00        		.byte	0x0
 1831 002e 0B        		.uleb128 0xb
 1832 002f 0B        		.uleb128 0xb
 1833 0030 3E        		.uleb128 0x3e
 1834 0031 0B        		.uleb128 0xb
 1835 0032 03        		.uleb128 0x3
 1836 0033 08        		.uleb128 0x8
 1837 0034 00        		.byte	0x0
 1838 0035 00        		.byte	0x0
 1839 0036 05        		.uleb128 0x5
 1840 0037 24        		.uleb128 0x24
 1841 0038 00        		.byte	0x0
 1842 0039 0B        		.uleb128 0xb
 1843 003a 0B        		.uleb128 0xb
 1844 003b 3E        		.uleb128 0x3e
 1845 003c 0B        		.uleb128 0xb
 1846 003d 00        		.byte	0x0
 1847 003e 00        		.byte	0x0
 1848 003f 06        		.uleb128 0x6
 1849 0040 2E        		.uleb128 0x2e
 1850 0041 01        		.byte	0x1
 1851 0042 3F        		.uleb128 0x3f
 1852 0043 0C        		.uleb128 0xc
 1853 0044 03        		.uleb128 0x3
 1854 0045 0E        		.uleb128 0xe
 1855 0046 3A        		.uleb128 0x3a
 1856 0047 0B        		.uleb128 0xb
 1857 0048 3B        		.uleb128 0x3b
 1858 0049 0B        		.uleb128 0xb
 1859 004a 27        		.uleb128 0x27
 1860 004b 0C        		.uleb128 0xc
 1861 004c 11        		.uleb128 0x11
 1862 004d 01        		.uleb128 0x1
 1863 004e 12        		.uleb128 0x12
 1864 004f 01        		.uleb128 0x1
 1865 0050 40        		.uleb128 0x40
 1866 0051 0A        		.uleb128 0xa
 1867 0052 01        		.uleb128 0x1
 1868 0053 13        		.uleb128 0x13
 1869 0054 00        		.byte	0x0
 1870 0055 00        		.byte	0x0
 1871 0056 07        		.uleb128 0x7
 1872 0057 05        		.uleb128 0x5
 1873 0058 00        		.byte	0x0
 1874 0059 03        		.uleb128 0x3
 1875 005a 0E        		.uleb128 0xe
 1876 005b 3A        		.uleb128 0x3a
 1877 005c 0B        		.uleb128 0xb
 1878 005d 3B        		.uleb128 0x3b
 1879 005e 0B        		.uleb128 0xb
GAS LISTING d:\tmp/ccouxy21.s 			page 34


 1880 005f 49        		.uleb128 0x49
 1881 0060 13        		.uleb128 0x13
 1882 0061 02        		.uleb128 0x2
 1883 0062 06        		.uleb128 0x6
 1884 0063 00        		.byte	0x0
 1885 0064 00        		.byte	0x0
 1886 0065 08        		.uleb128 0x8
 1887 0066 05        		.uleb128 0x5
 1888 0067 00        		.byte	0x0
 1889 0068 03        		.uleb128 0x3
 1890 0069 08        		.uleb128 0x8
 1891 006a 3A        		.uleb128 0x3a
 1892 006b 0B        		.uleb128 0xb
 1893 006c 3B        		.uleb128 0x3b
 1894 006d 0B        		.uleb128 0xb
 1895 006e 49        		.uleb128 0x49
 1896 006f 13        		.uleb128 0x13
 1897 0070 02        		.uleb128 0x2
 1898 0071 06        		.uleb128 0x6
 1899 0072 00        		.byte	0x0
 1900 0073 00        		.byte	0x0
 1901 0074 09        		.uleb128 0x9
 1902 0075 05        		.uleb128 0x5
 1903 0076 00        		.byte	0x0
 1904 0077 03        		.uleb128 0x3
 1905 0078 0E        		.uleb128 0xe
 1906 0079 3A        		.uleb128 0x3a
 1907 007a 0B        		.uleb128 0xb
 1908 007b 3B        		.uleb128 0x3b
 1909 007c 0B        		.uleb128 0xb
 1910 007d 49        		.uleb128 0x49
 1911 007e 13        		.uleb128 0x13
 1912 007f 02        		.uleb128 0x2
 1913 0080 0A        		.uleb128 0xa
 1914 0081 00        		.byte	0x0
 1915 0082 00        		.byte	0x0
 1916 0083 0A        		.uleb128 0xa
 1917 0084 34        		.uleb128 0x34
 1918 0085 00        		.byte	0x0
 1919 0086 03        		.uleb128 0x3
 1920 0087 0E        		.uleb128 0xe
 1921 0088 3A        		.uleb128 0x3a
 1922 0089 0B        		.uleb128 0xb
 1923 008a 3B        		.uleb128 0x3b
 1924 008b 0B        		.uleb128 0xb
 1925 008c 49        		.uleb128 0x49
 1926 008d 13        		.uleb128 0x13
 1927 008e 02        		.uleb128 0x2
 1928 008f 06        		.uleb128 0x6
 1929 0090 00        		.byte	0x0
 1930 0091 00        		.byte	0x0
 1931 0092 0B        		.uleb128 0xb
 1932 0093 34        		.uleb128 0x34
 1933 0094 00        		.byte	0x0
 1934 0095 03        		.uleb128 0x3
 1935 0096 08        		.uleb128 0x8
 1936 0097 3A        		.uleb128 0x3a
GAS LISTING d:\tmp/ccouxy21.s 			page 35


 1937 0098 0B        		.uleb128 0xb
 1938 0099 3B        		.uleb128 0x3b
 1939 009a 0B        		.uleb128 0xb
 1940 009b 49        		.uleb128 0x49
 1941 009c 13        		.uleb128 0x13
 1942 009d 02        		.uleb128 0x2
 1943 009e 0A        		.uleb128 0xa
 1944 009f 00        		.byte	0x0
 1945 00a0 00        		.byte	0x0
 1946 00a1 0C        		.uleb128 0xc
 1947 00a2 34        		.uleb128 0x34
 1948 00a3 00        		.byte	0x0
 1949 00a4 03        		.uleb128 0x3
 1950 00a5 0E        		.uleb128 0xe
 1951 00a6 3A        		.uleb128 0x3a
 1952 00a7 0B        		.uleb128 0xb
 1953 00a8 3B        		.uleb128 0x3b
 1954 00a9 0B        		.uleb128 0xb
 1955 00aa 49        		.uleb128 0x49
 1956 00ab 13        		.uleb128 0x13
 1957 00ac 02        		.uleb128 0x2
 1958 00ad 0A        		.uleb128 0xa
 1959 00ae 00        		.byte	0x0
 1960 00af 00        		.byte	0x0
 1961 00b0 0D        		.uleb128 0xd
 1962 00b1 0F        		.uleb128 0xf
 1963 00b2 00        		.byte	0x0
 1964 00b3 0B        		.uleb128 0xb
 1965 00b4 0B        		.uleb128 0xb
 1966 00b5 49        		.uleb128 0x49
 1967 00b6 13        		.uleb128 0x13
 1968 00b7 00        		.byte	0x0
 1969 00b8 00        		.byte	0x0
 1970 00b9 0E        		.uleb128 0xe
 1971 00ba 35        		.uleb128 0x35
 1972 00bb 00        		.byte	0x0
 1973 00bc 49        		.uleb128 0x49
 1974 00bd 13        		.uleb128 0x13
 1975 00be 00        		.byte	0x0
 1976 00bf 00        		.byte	0x0
 1977 00c0 0F        		.uleb128 0xf
 1978 00c1 34        		.uleb128 0x34
 1979 00c2 00        		.byte	0x0
 1980 00c3 03        		.uleb128 0x3
 1981 00c4 08        		.uleb128 0x8
 1982 00c5 3A        		.uleb128 0x3a
 1983 00c6 0B        		.uleb128 0xb
 1984 00c7 3B        		.uleb128 0x3b
 1985 00c8 0B        		.uleb128 0xb
 1986 00c9 49        		.uleb128 0x49
 1987 00ca 13        		.uleb128 0x13
 1988 00cb 02        		.uleb128 0x2
 1989 00cc 06        		.uleb128 0x6
 1990 00cd 00        		.byte	0x0
 1991 00ce 00        		.byte	0x0
 1992 00cf 10        		.uleb128 0x10
 1993 00d0 01        		.uleb128 0x1
GAS LISTING d:\tmp/ccouxy21.s 			page 36


 1994 00d1 01        		.byte	0x1
 1995 00d2 49        		.uleb128 0x49
 1996 00d3 13        		.uleb128 0x13
 1997 00d4 01        		.uleb128 0x1
 1998 00d5 13        		.uleb128 0x13
 1999 00d6 00        		.byte	0x0
 2000 00d7 00        		.byte	0x0
 2001 00d8 11        		.uleb128 0x11
 2002 00d9 21        		.uleb128 0x21
 2003 00da 00        		.byte	0x0
 2004 00db 49        		.uleb128 0x49
 2005 00dc 13        		.uleb128 0x13
 2006 00dd 2F        		.uleb128 0x2f
 2007 00de 0B        		.uleb128 0xb
 2008 00df 00        		.byte	0x0
 2009 00e0 00        		.byte	0x0
 2010 00e1 12        		.uleb128 0x12
 2011 00e2 34        		.uleb128 0x34
 2012 00e3 00        		.byte	0x0
 2013 00e4 03        		.uleb128 0x3
 2014 00e5 0E        		.uleb128 0xe
 2015 00e6 3A        		.uleb128 0x3a
 2016 00e7 0B        		.uleb128 0xb
 2017 00e8 3B        		.uleb128 0x3b
 2018 00e9 0B        		.uleb128 0xb
 2019 00ea 49        		.uleb128 0x49
 2020 00eb 13        		.uleb128 0x13
 2021 00ec 3F        		.uleb128 0x3f
 2022 00ed 0C        		.uleb128 0xc
 2023 00ee 02        		.uleb128 0x2
 2024 00ef 0A        		.uleb128 0xa
 2025 00f0 00        		.byte	0x0
 2026 00f1 00        		.byte	0x0
 2027 00f2 00        		.byte	0x0
 2028               		.section	.debug_pubnames,"",@progbits
 2029 0000 A800 0000 		.long	0xa8
 2030 0004 0200      		.word	0x2
 2031 0006 0000 0000 		.long	.Ldebug_info0
 2032 000a 8303 0000 		.long	0x383
 2033 000e 7600 0000 		.long	0x76
 2034 0012 696E 6974 		.string	"init_mcp4922"
 2034      5F6D 6370 
 2034      3439 3232 
 2034      00
 2035 001f 1101 0000 		.long	0x111
 2036 0023 696E 6974 		.string	"init_mcp4922_spi"
 2036      5F6D 6370 
 2036      3439 3232 
 2036      5F73 7069 
 2036      00
 2037 0034 7001 0000 		.long	0x170
 2038 0038 6D63 7034 		.string	"mcp4922_spiw"
 2038      3932 325F 
 2038      7370 6977 
 2038      00
 2039 0045 FF01 0000 		.long	0x1ff
 2040 0049 6D63 7034 		.string	"mcp4922_putw"
GAS LISTING d:\tmp/ccouxy21.s 			page 37


 2040      3932 325F 
 2040      7075 7477 
 2040      00
 2041 0056 E202 0000 		.long	0x2e2
 2042 005a 705F 6373 		.string	"p_cs"
 2042      00
 2043 005f F402 0000 		.long	0x2f4
 2044 0063 705F 6461 		.string	"p_data"
 2044      7461 00
 2045 006a 0603 0000 		.long	0x306
 2046 006e 705F 636C 		.string	"p_clk"
 2046      6B00 
 2047 0074 1803 0000 		.long	0x318
 2048 0078 705F 6C64 		.string	"p_ldac"
 2048      6163 00
 2049 007f 3A03 0000 		.long	0x33a
 2050 0083 625F 6373 		.string	"b_cs"
 2050      00
 2051 0088 4C03 0000 		.long	0x34c
 2052 008c 625F 6461 		.string	"b_data"
 2052      7461 00
 2053 0093 5E03 0000 		.long	0x35e
 2054 0097 625F 636C 		.string	"b_clk"
 2054      6B00 
 2055 009d 7003 0000 		.long	0x370
 2056 00a1 625F 6C64 		.string	"b_ldac"
 2056      6163 00
 2057 00a8 0000 0000 		.long	0x0
 2058               		.section	.debug_aranges,"",@progbits
 2059 0000 1C00 0000 		.long	0x1c
 2060 0004 0200      		.word	0x2
 2061 0006 0000 0000 		.long	.Ldebug_info0
 2062 000a 04        		.byte	0x4
 2063 000b 00        		.byte	0x0
 2064 000c 0000      		.word	0x0
 2065 000e 0000      		.word	0x0
 2066 0010 0000 0000 		.long	.Ltext0
 2067 0014 DE05 0000 		.long	.Letext0-.Ltext0
 2068 0018 0000 0000 		.long	0x0
 2069 001c 0000 0000 		.long	0x0
 2070               		.section	.debug_line
 2071 0000 6A03 0000 		.long	.LELT0-.LSLT0
 2072               	.LSLT0:
 2073 0004 0200      		.word	0x2
 2074 0006 4F00 0000 		.long	.LELTP0-.LASLTP0
 2075               	.LASLTP0:
 2076 000a 01        		.byte	0x1
 2077 000b 01        		.byte	0x1
 2078 000c F6        		.byte	0xf6
 2079 000d F5        		.byte	0xf5
 2080 000e 0A        		.byte	0xa
 2081 000f 00        		.byte	0x0
 2082 0010 01        		.byte	0x1
 2083 0011 01        		.byte	0x1
 2084 0012 01        		.byte	0x1
 2085 0013 01        		.byte	0x1
 2086 0014 00        		.byte	0x0
GAS LISTING d:\tmp/ccouxy21.s 			page 38


 2087 0015 00        		.byte	0x0
 2088 0016 00        		.byte	0x0
 2089 0017 01        		.byte	0x1
 2090 0018 643A 2F77 		.ascii	"d:/winavr-20071221/bin/../avr/include"
 2090      696E 6176 
 2090      722D 3230 
 2090      3037 3132 
 2090      3231 2F62 
 2091 003d 00        		.byte	0
 2092 003e 00        		.byte	0x0
 2093 003f 6D63 7034 		.string	"mcp4922.c"
 2093      3932 322E 
 2093      6300 
 2094 0049 00        		.uleb128 0x0
 2095 004a 00        		.uleb128 0x0
 2096 004b 00        		.uleb128 0x0
 2097 004c 7374 6469 		.string	"stdint.h"
 2097      6E74 2E68 
 2097      00
 2098 0055 01        		.uleb128 0x1
 2099 0056 00        		.uleb128 0x0
 2100 0057 00        		.uleb128 0x0
 2101 0058 00        		.byte	0x0
 2102               	.LELTP0:
 2103 0059 00        		.byte	0x0
 2104 005a 05        		.uleb128 0x5
 2105 005b 02        		.byte	0x2
 2106 005c 0000 0000 		.long	.LM1
 2107 0060 35        		.byte	0x35
 2108 0061 00        		.byte	0x0
 2109 0062 05        		.uleb128 0x5
 2110 0063 02        		.byte	0x2
 2111 0064 0000 0000 		.long	.LM2
 2112 0068 17        		.byte	0x17
 2113 0069 00        		.byte	0x0
 2114 006a 05        		.uleb128 0x5
 2115 006b 02        		.byte	0x2
 2116 006c 0000 0000 		.long	.LM3
 2117 0070 15        		.byte	0x15
 2118 0071 00        		.byte	0x0
 2119 0072 05        		.uleb128 0x5
 2120 0073 02        		.byte	0x2
 2121 0074 0000 0000 		.long	.LM4
 2122 0078 15        		.byte	0x15
 2123 0079 00        		.byte	0x0
 2124 007a 05        		.uleb128 0x5
 2125 007b 02        		.byte	0x2
 2126 007c 0000 0000 		.long	.LM5
 2127 0080 15        		.byte	0x15
 2128 0081 00        		.byte	0x0
 2129 0082 05        		.uleb128 0x5
 2130 0083 02        		.byte	0x2
 2131 0084 0000 0000 		.long	.LM6
 2132 0088 15        		.byte	0x15
 2133 0089 00        		.byte	0x0
 2134 008a 05        		.uleb128 0x5
 2135 008b 02        		.byte	0x2
GAS LISTING d:\tmp/ccouxy21.s 			page 39


 2136 008c 0000 0000 		.long	.LM7
 2137 0090 15        		.byte	0x15
 2138 0091 00        		.byte	0x0
 2139 0092 05        		.uleb128 0x5
 2140 0093 02        		.byte	0x2
 2141 0094 0000 0000 		.long	.LM8
 2142 0098 15        		.byte	0x15
 2143 0099 00        		.byte	0x0
 2144 009a 05        		.uleb128 0x5
 2145 009b 02        		.byte	0x2
 2146 009c 0000 0000 		.long	.LM9
 2147 00a0 15        		.byte	0x15
 2148 00a1 00        		.byte	0x0
 2149 00a2 05        		.uleb128 0x5
 2150 00a3 02        		.byte	0x2
 2151 00a4 0000 0000 		.long	.LM10
 2152 00a8 17        		.byte	0x17
 2153 00a9 00        		.byte	0x0
 2154 00aa 05        		.uleb128 0x5
 2155 00ab 02        		.byte	0x2
 2156 00ac 0000 0000 		.long	.LM11
 2157 00b0 15        		.byte	0x15
 2158 00b1 00        		.byte	0x0
 2159 00b2 05        		.uleb128 0x5
 2160 00b3 02        		.byte	0x2
 2161 00b4 0000 0000 		.long	.LM12
 2162 00b8 01        		.byte	0x1
 2163 00b9 00        		.byte	0x0
 2164 00ba 05        		.uleb128 0x5
 2165 00bb 02        		.byte	0x2
 2166 00bc 0000 0000 		.long	.LM13
 2167 00c0 15        		.byte	0x15
 2168 00c1 00        		.byte	0x0
 2169 00c2 05        		.uleb128 0x5
 2170 00c3 02        		.byte	0x2
 2171 00c4 0000 0000 		.long	.LM14
 2172 00c8 15        		.byte	0x15
 2173 00c9 00        		.byte	0x0
 2174 00ca 05        		.uleb128 0x5
 2175 00cb 02        		.byte	0x2
 2176 00cc 0000 0000 		.long	.LM15
 2177 00d0 15        		.byte	0x15
 2178 00d1 00        		.byte	0x0
 2179 00d2 05        		.uleb128 0x5
 2180 00d3 02        		.byte	0x2
 2181 00d4 0000 0000 		.long	.LM16
 2182 00d8 16        		.byte	0x16
 2183 00d9 00        		.byte	0x0
 2184 00da 05        		.uleb128 0x5
 2185 00db 02        		.byte	0x2
 2186 00dc 0000 0000 		.long	.LM17
 2187 00e0 15        		.byte	0x15
 2188 00e1 00        		.byte	0x0
 2189 00e2 05        		.uleb128 0x5
 2190 00e3 02        		.byte	0x2
 2191 00e4 0000 0000 		.long	.LM18
 2192 00e8 15        		.byte	0x15
GAS LISTING d:\tmp/ccouxy21.s 			page 40


 2193 00e9 00        		.byte	0x0
 2194 00ea 05        		.uleb128 0x5
 2195 00eb 02        		.byte	0x2
 2196 00ec 0000 0000 		.long	.LM19
 2197 00f0 15        		.byte	0x15
 2198 00f1 00        		.byte	0x0
 2199 00f2 05        		.uleb128 0x5
 2200 00f3 02        		.byte	0x2
 2201 00f4 0000 0000 		.long	.LM20
 2202 00f8 15        		.byte	0x15
 2203 00f9 00        		.byte	0x0
 2204 00fa 05        		.uleb128 0x5
 2205 00fb 02        		.byte	0x2
 2206 00fc 0000 0000 		.long	.LM21
 2207 0100 16        		.byte	0x16
 2208 0101 00        		.byte	0x0
 2209 0102 05        		.uleb128 0x5
 2210 0103 02        		.byte	0x2
 2211 0104 0000 0000 		.long	.LM22
 2212 0108 15        		.byte	0x15
 2213 0109 00        		.byte	0x0
 2214 010a 05        		.uleb128 0x5
 2215 010b 02        		.byte	0x2
 2216 010c 0000 0000 		.long	.LM23
 2217 0110 15        		.byte	0x15
 2218 0111 00        		.byte	0x0
 2219 0112 05        		.uleb128 0x5
 2220 0113 02        		.byte	0x2
 2221 0114 0000 0000 		.long	.LM24
 2222 0118 15        		.byte	0x15
 2223 0119 00        		.byte	0x0
 2224 011a 05        		.uleb128 0x5
 2225 011b 02        		.byte	0x2
 2226 011c 0000 0000 		.long	.LM25
 2227 0120 15        		.byte	0x15
 2228 0121 00        		.byte	0x0
 2229 0122 05        		.uleb128 0x5
 2230 0123 02        		.byte	0x2
 2231 0124 0000 0000 		.long	.LM26
 2232 0128 16        		.byte	0x16
 2233 0129 00        		.byte	0x0
 2234 012a 05        		.uleb128 0x5
 2235 012b 02        		.byte	0x2
 2236 012c 0000 0000 		.long	.LM27
 2237 0130 15        		.byte	0x15
 2238 0131 00        		.byte	0x0
 2239 0132 05        		.uleb128 0x5
 2240 0133 02        		.byte	0x2
 2241 0134 0000 0000 		.long	.LM28
 2242 0138 15        		.byte	0x15
 2243 0139 00        		.byte	0x0
 2244 013a 05        		.uleb128 0x5
 2245 013b 02        		.byte	0x2
 2246 013c 0000 0000 		.long	.LM29
 2247 0140 15        		.byte	0x15
 2248 0141 00        		.byte	0x0
 2249 0142 05        		.uleb128 0x5
GAS LISTING d:\tmp/ccouxy21.s 			page 41


 2250 0143 02        		.byte	0x2
 2251 0144 0000 0000 		.long	.LM30
 2252 0148 15        		.byte	0x15
 2253 0149 00        		.byte	0x0
 2254 014a 05        		.uleb128 0x5
 2255 014b 02        		.byte	0x2
 2256 014c 0000 0000 		.long	.LM31
 2257 0150 16        		.byte	0x16
 2258 0151 00        		.byte	0x0
 2259 0152 05        		.uleb128 0x5
 2260 0153 02        		.byte	0x2
 2261 0154 0000 0000 		.long	.LM32
 2262 0158 15        		.byte	0x15
 2263 0159 00        		.byte	0x0
 2264 015a 05        		.uleb128 0x5
 2265 015b 02        		.byte	0x2
 2266 015c 0000 0000 		.long	.LM33
 2267 0160 15        		.byte	0x15
 2268 0161 00        		.byte	0x0
 2269 0162 05        		.uleb128 0x5
 2270 0163 02        		.byte	0x2
 2271 0164 0000 0000 		.long	.LM34
 2272 0168 19        		.byte	0x19
 2273 0169 00        		.byte	0x0
 2274 016a 05        		.uleb128 0x5
 2275 016b 02        		.byte	0x2
 2276 016c 0000 0000 		.long	.LM35
 2277 0170 17        		.byte	0x17
 2278 0171 00        		.byte	0x0
 2279 0172 05        		.uleb128 0x5
 2280 0173 02        		.byte	0x2
 2281 0174 0000 0000 		.long	.LM36
 2282 0178 15        		.byte	0x15
 2283 0179 00        		.byte	0x0
 2284 017a 05        		.uleb128 0x5
 2285 017b 02        		.byte	0x2
 2286 017c 0000 0000 		.long	.LM37
 2287 0180 15        		.byte	0x15
 2288 0181 00        		.byte	0x0
 2289 0182 05        		.uleb128 0x5
 2290 0183 02        		.byte	0x2
 2291 0184 0000 0000 		.long	.LM38
 2292 0188 15        		.byte	0x15
 2293 0189 00        		.byte	0x0
 2294 018a 05        		.uleb128 0x5
 2295 018b 02        		.byte	0x2
 2296 018c 0000 0000 		.long	.LM39
 2297 0190 16        		.byte	0x16
 2298 0191 00        		.byte	0x0
 2299 0192 05        		.uleb128 0x5
 2300 0193 02        		.byte	0x2
 2301 0194 0000 0000 		.long	.LM40
 2302 0198 16        		.byte	0x16
 2303 0199 00        		.byte	0x0
 2304 019a 05        		.uleb128 0x5
 2305 019b 02        		.byte	0x2
 2306 019c 0000 0000 		.long	.LM41
GAS LISTING d:\tmp/ccouxy21.s 			page 42


 2307 01a0 01        		.byte	0x1
 2308 01a1 00        		.byte	0x0
 2309 01a2 05        		.uleb128 0x5
 2310 01a3 02        		.byte	0x2
 2311 01a4 0000 0000 		.long	.LM42
 2312 01a8 15        		.byte	0x15
 2313 01a9 00        		.byte	0x0
 2314 01aa 05        		.uleb128 0x5
 2315 01ab 02        		.byte	0x2
 2316 01ac 0000 0000 		.long	.LM43
 2317 01b0 15        		.byte	0x15
 2318 01b1 00        		.byte	0x0
 2319 01b2 05        		.uleb128 0x5
 2320 01b3 02        		.byte	0x2
 2321 01b4 0000 0000 		.long	.LM44
 2322 01b8 15        		.byte	0x15
 2323 01b9 00        		.byte	0x0
 2324 01ba 05        		.uleb128 0x5
 2325 01bb 02        		.byte	0x2
 2326 01bc 0000 0000 		.long	.LM45
 2327 01c0 17        		.byte	0x17
 2328 01c1 00        		.byte	0x0
 2329 01c2 05        		.uleb128 0x5
 2330 01c3 02        		.byte	0x2
 2331 01c4 0000 0000 		.long	.LM46
 2332 01c8 15        		.byte	0x15
 2333 01c9 00        		.byte	0x0
 2334 01ca 05        		.uleb128 0x5
 2335 01cb 02        		.byte	0x2
 2336 01cc 0000 0000 		.long	.LM47
 2337 01d0 15        		.byte	0x15
 2338 01d1 00        		.byte	0x0
 2339 01d2 05        		.uleb128 0x5
 2340 01d3 02        		.byte	0x2
 2341 01d4 0000 0000 		.long	.LM48
 2342 01d8 15        		.byte	0x15
 2343 01d9 00        		.byte	0x0
 2344 01da 05        		.uleb128 0x5
 2345 01db 02        		.byte	0x2
 2346 01dc 0000 0000 		.long	.LM49
 2347 01e0 15        		.byte	0x15
 2348 01e1 00        		.byte	0x0
 2349 01e2 05        		.uleb128 0x5
 2350 01e3 02        		.byte	0x2
 2351 01e4 0000 0000 		.long	.LM50
 2352 01e8 16        		.byte	0x16
 2353 01e9 00        		.byte	0x0
 2354 01ea 05        		.uleb128 0x5
 2355 01eb 02        		.byte	0x2
 2356 01ec 0000 0000 		.long	.LM51
 2357 01f0 15        		.byte	0x15
 2358 01f1 00        		.byte	0x0
 2359 01f2 05        		.uleb128 0x5
 2360 01f3 02        		.byte	0x2
 2361 01f4 0000 0000 		.long	.LM52
 2362 01f8 16        		.byte	0x16
 2363 01f9 00        		.byte	0x0
GAS LISTING d:\tmp/ccouxy21.s 			page 43


 2364 01fa 05        		.uleb128 0x5
 2365 01fb 02        		.byte	0x2
 2366 01fc 0000 0000 		.long	.LM53
 2367 0200 15        		.byte	0x15
 2368 0201 00        		.byte	0x0
 2369 0202 05        		.uleb128 0x5
 2370 0203 02        		.byte	0x2
 2371 0204 0000 0000 		.long	.LM54
 2372 0208 4D        		.byte	0x4d
 2373 0209 00        		.byte	0x0
 2374 020a 05        		.uleb128 0x5
 2375 020b 02        		.byte	0x2
 2376 020c 0000 0000 		.long	.LM55
 2377 0210 18        		.byte	0x18
 2378 0211 00        		.byte	0x0
 2379 0212 05        		.uleb128 0x5
 2380 0213 02        		.byte	0x2
 2381 0214 0000 0000 		.long	.LM56
 2382 0218 15        		.byte	0x15
 2383 0219 00        		.byte	0x0
 2384 021a 05        		.uleb128 0x5
 2385 021b 02        		.byte	0x2
 2386 021c 0000 0000 		.long	.LM57
 2387 0220 15        		.byte	0x15
 2388 0221 00        		.byte	0x0
 2389 0222 05        		.uleb128 0x5
 2390 0223 02        		.byte	0x2
 2391 0224 0000 0000 		.long	.LM58
 2392 0228 17        		.byte	0x17
 2393 0229 00        		.byte	0x0
 2394 022a 05        		.uleb128 0x5
 2395 022b 02        		.byte	0x2
 2396 022c 0000 0000 		.long	.LM59
 2397 0230 15        		.byte	0x15
 2398 0231 00        		.byte	0x0
 2399 0232 05        		.uleb128 0x5
 2400 0233 02        		.byte	0x2
 2401 0234 0000 0000 		.long	.LM60
 2402 0238 16        		.byte	0x16
 2403 0239 00        		.byte	0x0
 2404 023a 05        		.uleb128 0x5
 2405 023b 02        		.byte	0x2
 2406 023c 0000 0000 		.long	.LM61
 2407 0240 15        		.byte	0x15
 2408 0241 00        		.byte	0x0
 2409 0242 05        		.uleb128 0x5
 2410 0243 02        		.byte	0x2
 2411 0244 0000 0000 		.long	.LM62
 2412 0248 16        		.byte	0x16
 2413 0249 00        		.byte	0x0
 2414 024a 05        		.uleb128 0x5
 2415 024b 02        		.byte	0x2
 2416 024c 0000 0000 		.long	.LM63
 2417 0250 16        		.byte	0x16
 2418 0251 00        		.byte	0x0
 2419 0252 05        		.uleb128 0x5
 2420 0253 02        		.byte	0x2
GAS LISTING d:\tmp/ccouxy21.s 			page 44


 2421 0254 0000 0000 		.long	.LM64
 2422 0258 19        		.byte	0x19
 2423 0259 00        		.byte	0x0
 2424 025a 05        		.uleb128 0x5
 2425 025b 02        		.byte	0x2
 2426 025c 0000 0000 		.long	.LM65
 2427 0260 15        		.byte	0x15
 2428 0261 00        		.byte	0x0
 2429 0262 05        		.uleb128 0x5
 2430 0263 02        		.byte	0x2
 2431 0264 0000 0000 		.long	.LM66
 2432 0268 15        		.byte	0x15
 2433 0269 00        		.byte	0x0
 2434 026a 05        		.uleb128 0x5
 2435 026b 02        		.byte	0x2
 2436 026c 0000 0000 		.long	.LM67
 2437 0270 15        		.byte	0x15
 2438 0271 00        		.byte	0x0
 2439 0272 05        		.uleb128 0x5
 2440 0273 02        		.byte	0x2
 2441 0274 0000 0000 		.long	.LM68
 2442 0278 1A        		.byte	0x1a
 2443 0279 00        		.byte	0x0
 2444 027a 05        		.uleb128 0x5
 2445 027b 02        		.byte	0x2
 2446 027c 0000 0000 		.long	.LM69
 2447 0280 15        		.byte	0x15
 2448 0281 00        		.byte	0x0
 2449 0282 05        		.uleb128 0x5
 2450 0283 02        		.byte	0x2
 2451 0284 0000 0000 		.long	.LM70
 2452 0288 15        		.byte	0x15
 2453 0289 00        		.byte	0x0
 2454 028a 05        		.uleb128 0x5
 2455 028b 02        		.byte	0x2
 2456 028c 0000 0000 		.long	.LM71
 2457 0290 15        		.byte	0x15
 2458 0291 00        		.byte	0x0
 2459 0292 05        		.uleb128 0x5
 2460 0293 02        		.byte	0x2
 2461 0294 0000 0000 		.long	.LM72
 2462 0298 03        		.byte	0x3
 2463 0299 AC7F      		.sleb128 -84
 2464 029b 01        		.byte	0x1
 2465 029c 00        		.byte	0x0
 2466 029d 05        		.uleb128 0x5
 2467 029e 02        		.byte	0x2
 2468 029f 0000 0000 		.long	.LM73
 2469 02a3 1A        		.byte	0x1a
 2470 02a4 00        		.byte	0x0
 2471 02a5 05        		.uleb128 0x5
 2472 02a6 02        		.byte	0x2
 2473 02a7 0000 0000 		.long	.LM74
 2474 02ab 15        		.byte	0x15
 2475 02ac 00        		.byte	0x0
 2476 02ad 05        		.uleb128 0x5
 2477 02ae 02        		.byte	0x2
GAS LISTING d:\tmp/ccouxy21.s 			page 45


 2478 02af 0000 0000 		.long	.LM75
 2479 02b3 15        		.byte	0x15
 2480 02b4 00        		.byte	0x0
 2481 02b5 05        		.uleb128 0x5
 2482 02b6 02        		.byte	0x2
 2483 02b7 0000 0000 		.long	.LM76
 2484 02bb 17        		.byte	0x17
 2485 02bc 00        		.byte	0x0
 2486 02bd 05        		.uleb128 0x5
 2487 02be 02        		.byte	0x2
 2488 02bf 0000 0000 		.long	.LM77
 2489 02c3 15        		.byte	0x15
 2490 02c4 00        		.byte	0x0
 2491 02c5 05        		.uleb128 0x5
 2492 02c6 02        		.byte	0x2
 2493 02c7 0000 0000 		.long	.LM78
 2494 02cb 15        		.byte	0x15
 2495 02cc 00        		.byte	0x0
 2496 02cd 05        		.uleb128 0x5
 2497 02ce 02        		.byte	0x2
 2498 02cf 0000 0000 		.long	.LM79
 2499 02d3 15        		.byte	0x15
 2500 02d4 00        		.byte	0x0
 2501 02d5 05        		.uleb128 0x5
 2502 02d6 02        		.byte	0x2
 2503 02d7 0000 0000 		.long	.LM80
 2504 02db 16        		.byte	0x16
 2505 02dc 00        		.byte	0x0
 2506 02dd 05        		.uleb128 0x5
 2507 02de 02        		.byte	0x2
 2508 02df 0000 0000 		.long	.LM81
 2509 02e3 15        		.byte	0x15
 2510 02e4 00        		.byte	0x0
 2511 02e5 05        		.uleb128 0x5
 2512 02e6 02        		.byte	0x2
 2513 02e7 0000 0000 		.long	.LM82
 2514 02eb 15        		.byte	0x15
 2515 02ec 00        		.byte	0x0
 2516 02ed 05        		.uleb128 0x5
 2517 02ee 02        		.byte	0x2
 2518 02ef 0000 0000 		.long	.LM83
 2519 02f3 15        		.byte	0x15
 2520 02f4 00        		.byte	0x0
 2521 02f5 05        		.uleb128 0x5
 2522 02f6 02        		.byte	0x2
 2523 02f7 0000 0000 		.long	.LM84
 2524 02fb 16        		.byte	0x16
 2525 02fc 00        		.byte	0x0
 2526 02fd 05        		.uleb128 0x5
 2527 02fe 02        		.byte	0x2
 2528 02ff 0000 0000 		.long	.LM85
 2529 0303 15        		.byte	0x15
 2530 0304 00        		.byte	0x0
 2531 0305 05        		.uleb128 0x5
 2532 0306 02        		.byte	0x2
 2533 0307 0000 0000 		.long	.LM86
 2534 030b 19        		.byte	0x19
GAS LISTING d:\tmp/ccouxy21.s 			page 46


 2535 030c 00        		.byte	0x0
 2536 030d 05        		.uleb128 0x5
 2537 030e 02        		.byte	0x2
 2538 030f 0000 0000 		.long	.LM87
 2539 0313 15        		.byte	0x15
 2540 0314 00        		.byte	0x0
 2541 0315 05        		.uleb128 0x5
 2542 0316 02        		.byte	0x2
 2543 0317 0000 0000 		.long	.LM88
 2544 031b 15        		.byte	0x15
 2545 031c 00        		.byte	0x0
 2546 031d 05        		.uleb128 0x5
 2547 031e 02        		.byte	0x2
 2548 031f 0000 0000 		.long	.LM89
 2549 0323 17        		.byte	0x17
 2550 0324 00        		.byte	0x0
 2551 0325 05        		.uleb128 0x5
 2552 0326 02        		.byte	0x2
 2553 0327 0000 0000 		.long	.LM90
 2554 032b 16        		.byte	0x16
 2555 032c 00        		.byte	0x0
 2556 032d 05        		.uleb128 0x5
 2557 032e 02        		.byte	0x2
 2558 032f 0000 0000 		.long	.LM91
 2559 0333 0B        		.byte	0xb
 2560 0334 00        		.byte	0x0
 2561 0335 05        		.uleb128 0x5
 2562 0336 02        		.byte	0x2
 2563 0337 0000 0000 		.long	.LM92
 2564 033b 1E        		.byte	0x1e
 2565 033c 00        		.byte	0x0
 2566 033d 05        		.uleb128 0x5
 2567 033e 02        		.byte	0x2
 2568 033f 0000 0000 		.long	.LM93
 2569 0343 16        		.byte	0x16
 2570 0344 00        		.byte	0x0
 2571 0345 05        		.uleb128 0x5
 2572 0346 02        		.byte	0x2
 2573 0347 0000 0000 		.long	.LM94
 2574 034b 15        		.byte	0x15
 2575 034c 00        		.byte	0x0
 2576 034d 05        		.uleb128 0x5
 2577 034e 02        		.byte	0x2
 2578 034f 0000 0000 		.long	.LM95
 2579 0353 15        		.byte	0x15
 2580 0354 00        		.byte	0x0
 2581 0355 05        		.uleb128 0x5
 2582 0356 02        		.byte	0x2
 2583 0357 0000 0000 		.long	.LM96
 2584 035b 15        		.byte	0x15
 2585 035c 00        		.byte	0x0
 2586 035d 05        		.uleb128 0x5
 2587 035e 02        		.byte	0x2
 2588 035f 0000 0000 		.long	.LM97
 2589 0363 15        		.byte	0x15
 2590 0364 00        		.byte	0x0
 2591 0365 05        		.uleb128 0x5
GAS LISTING d:\tmp/ccouxy21.s 			page 47


 2592 0366 02        		.byte	0x2
 2593 0367 0000 0000 		.long	.Letext0
 2594 036b 00        		.byte	0x0
 2595 036c 01        		.uleb128 0x1
 2596 036d 01        		.byte	0x1
 2597               	.LELT0:
 2598 036e 1900 0000 		.section	.debug_str,"MS",@progbits,1
 2598      0200 1300 
 2598      0000 0101 
 2598      FB0E 0D00 
 2598      0101 0101 
 2599               	.LASF15:
 2600 0000 696E 6974 		.string	"init_mcp4922"
 2600      5F6D 6370 
 2600      3439 3232 
 2600      00
 2601               	.LASF22:
 2602 000d 7064 6174 		.string	"pdata"
 2602      6100 
 2603               	.LASF29:
 2604 0013 625F 636C 		.string	"b_clk"
 2604      6B00 
 2605               	.LASF2:
 2606 0019 7569 6E74 		.string	"uint8_t"
 2606      385F 7400 
 2607               	.LASF28:
 2608 0021 625F 6461 		.string	"b_data"
 2608      7461 00
 2609               	.LASF18:
 2610 0028 776F 7264 		.string	"word"
 2610      00
 2611               	.LASF26:
 2612 002d 705F 6C64 		.string	"p_ldac"
 2612      6163 00
 2613               	.LASF10:
 2614 0034 6461 7461 		.string	"data"
 2614      00
 2615               	.LASF0:
 2616 0039 7369 676E 		.string	"signed char"
 2616      6564 2063 
 2616      6861 7200 
 2617               	.LASF1:
 2618 0045 756E 7369 		.string	"unsigned char"
 2618      676E 6564 
 2618      2063 6861 
 2618      7200 
 2619               	.LASF11:
 2620 0053 6C64 6163 		.string	"ldac"
 2620      00
 2621               	.LASF27:
 2622 0058 625F 6373 		.string	"b_cs"
 2622      00
 2623               	.LASF14:
 2624 005d 626C 6461 		.string	"bldac"
 2624      6300 
 2625               	.LASF6:
 2626 0063 6C6F 6E67 		.string	"long unsigned int"
GAS LISTING d:\tmp/ccouxy21.s 			page 48


 2626      2075 6E73 
 2626      6967 6E65 
 2626      6420 696E 
 2626      7400 
 2627               	.LASF21:
 2628 0075 7063 6C6B 		.string	"pclk"
 2628      00
 2629               	.LASF12:
 2630 007a 6263 6C6B 		.string	"bclk"
 2630      00
 2631               	.LASF16:
 2632 007f 696E 6974 		.string	"init_mcp4922_spi"
 2632      5F6D 6370 
 2632      3439 3232 
 2632      5F73 7069 
 2632      00
 2633               	.LASF17:
 2634 0090 6D63 7034 		.string	"mcp4922_spiw"
 2634      3932 325F 
 2634      7370 6977 
 2634      00
 2635               	.LASF25:
 2636 009d 705F 636C 		.string	"p_clk"
 2636      6B00 
 2637               	.LASF24:
 2638 00a3 705F 6461 		.string	"p_data"
 2638      7461 00
 2639               	.LASF4:
 2640 00aa 756E 7369 		.string	"unsigned int"
 2640      676E 6564 
 2640      2069 6E74 
 2640      00
 2641               	.LASF32:
 2642 00b7 6D63 7034 		.string	"mcp4922.c"
 2642      3932 322E 
 2642      6300 
 2643               	.LASF31:
 2644 00c1 474E 5520 		.string	"GNU C 4.2.2 (WinAVR 20071221)"
 2644      4320 342E 
 2644      322E 3220 
 2644      2857 696E 
 2644      4156 5220 
 2645               	.LASF13:
 2646 00df 6264 6174 		.string	"bdata"
 2646      6100 
 2647               	.LASF3:
 2648 00e5 696E 7431 		.string	"int16_t"
 2648      365F 7400 
 2649               	.LASF23:
 2650 00ed 705F 6373 		.string	"p_cs"
 2650      00
 2651               	.LASF7:
 2652 00f2 6C6F 6E67 		.string	"long long int"
 2652      206C 6F6E 
 2652      6720 696E 
 2652      7400 
 2653               	.LASF19:
GAS LISTING d:\tmp/ccouxy21.s 			page 49


 2654 0100 706C 6461 		.string	"pldac"
 2654      6300 
 2655               	.LASF9:
 2656 0106 6368 6970 		.string	"chip"
 2656      00
 2657               	.LASF20:
 2658 010b 6D63 7034 		.string	"mcp4922_putw"
 2658      3932 325F 
 2658      7075 7477 
 2658      00
 2659               	.LASF30:
 2660 0118 625F 6C64 		.string	"b_ldac"
 2660      6163 00
 2661               	.LASF5:
 2662 011f 6C6F 6E67 		.string	"long int"
 2662      2069 6E74 
 2662      00
 2663               	.LASF33:
 2664 0128 473A 5C61 		.string	"G:\\avr\\hv_control"
 2664      7672 5C68 
 2664      765F 636F 
 2664      6E74 726F 
 2664      6C00 
 2665               	.LASF8:
 2666 013a 6C6F 6E67 		.string	"long long unsigned int"
 2666      206C 6F6E 
 2666      6720 756E 
 2666      7369 676E 
 2666      6564 2069 
 2667               	/* File "mcp4922.c": code  763 = 0x02fb ( 711), prologues  24, epilogues  28 */
GAS LISTING d:\tmp/ccouxy21.s 			page 50


DEFINED SYMBOLS
                            *ABS*:00000000 mcp4922.c
   d:\tmp/ccouxy21.s:2      *ABS*:0000003f __SREG__
   d:\tmp/ccouxy21.s:3      *ABS*:0000003e __SP_H__
   d:\tmp/ccouxy21.s:4      *ABS*:0000003d __SP_L__
   d:\tmp/ccouxy21.s:5      *ABS*:00000000 __tmp_reg__
   d:\tmp/ccouxy21.s:6      *ABS*:00000001 __zero_reg__
   d:\tmp/ccouxy21.s:19     .text:00000000 init_mcp4922
                            *COM*:00000004 b_clk
                            *COM*:00000004 b_data
                            *COM*:00000004 b_cs
                            *COM*:00000004 b_ldac
                            *COM*:00000008 p_clk
                            *COM*:00000008 p_data
                            *COM*:00000008 p_cs
                            *COM*:00000008 p_ldac
   d:\tmp/ccouxy21.s:453    .text:000002b4 init_mcp4922_spi
   d:\tmp/ccouxy21.s:704    .text:00000422 mcp4922_spiw
   d:\tmp/ccouxy21.s:840    .text:000004e2 mcp4922_putw

UNDEFINED SYMBOLS
__do_copy_data
__do_clear_bss
uart_printf
udelay
