GAS LISTING /tmp/ccWhlOHH.s 			page 1


   1               		.file	"counter.c"
   2               	__SREG__ = 0x3f
   3               	__SP_H__ = 0x3e
   4               	__SP_L__ = 0x3d
   5               	__tmp_reg__ = 0
   6               	__zero_reg__ = 1
   7               		.global __do_copy_data
   8               		.global __do_clear_bss
   9               		.stabs	"/home/alex/avr/counter/",100,0,2,.Ltext0
  10               		.stabs	"counter.c",100,0,2,.Ltext0
  11               		.text
  12               	.Ltext0:
  13               		.stabs	"gcc2_compiled.",60,0,0,0
  14               		.stabs	"int:t(0,1)=r(0,1);-32768;32767;",128,0,0,0
  15               		.stabs	"char:t(0,2)=@s8;r(0,2);0;255;",128,0,0,0
  16               		.stabs	"long int:t(0,3)=@s32;r(0,3);020000000000;017777777777;",128,0,0,0
  17               		.stabs	"unsigned int:t(0,4)=r(0,4);0;0177777;",128,0,0,0
  18               		.stabs	"long unsigned int:t(0,5)=@s32;r(0,5);0;037777777777;",128,0,0,0
  19               		.stabs	"long long int:t(0,6)=@s64;r(0,6);01000000000000000000000;0777777777777777777777;",128,0,0,
  20               		.stabs	"long long unsigned int:t(0,7)=@s64;r(0,7);0;01777777777777777777777;",128,0,0,0
  21               		.stabs	"short int:t(0,8)=r(0,8);-32768;32767;",128,0,0,0
  22               		.stabs	"short unsigned int:t(0,9)=r(0,9);0;0177777;",128,0,0,0
  23               		.stabs	"signed char:t(0,10)=@s8;r(0,10);-128;127;",128,0,0,0
  24               		.stabs	"unsigned char:t(0,11)=@s8;r(0,11);0;255;",128,0,0,0
  25               		.stabs	"float:t(0,12)=r(0,1);4;0;",128,0,0,0
  26               		.stabs	"double:t(0,13)=r(0,1);4;0;",128,0,0,0
  27               		.stabs	"long double:t(0,14)=r(0,1);4;0;",128,0,0,0
  28               		.stabs	"void:t(0,15)=(0,15)",128,0,0,0
  29               		.stabs	"",100,0,0,.Letext0
  30               	.Letext0:
  31               	/* File "counter.c": code    0 = 0x0000 (   0), prologues   0, epilogues   0 */
GAS LISTING /tmp/ccWhlOHH.s 			page 2


DEFINED SYMBOLS
                            *ABS*:00000000 counter.c
     /tmp/ccWhlOHH.s:2      *ABS*:0000003f __SREG__
     /tmp/ccWhlOHH.s:3      *ABS*:0000003e __SP_H__
     /tmp/ccWhlOHH.s:4      *ABS*:0000003d __SP_L__
     /tmp/ccWhlOHH.s:5      *ABS*:00000000 __tmp_reg__
     /tmp/ccWhlOHH.s:6      *ABS*:00000001 __zero_reg__

UNDEFINED SYMBOLS
__do_copy_data
__do_clear_bss
