GAS LISTING D:\DOCUME~1\alex\LOCALS~1\Temp/cc773pIy.s 			page 1


   1               		.file	"hv_supply2.c"
   2               	__SREG__ = 0x3f
   3               	__SP_H__ = 0x3e
   4               	__SP_L__ = 0x3d
   5               	__tmp_reg__ = 0
   6               	__zero_reg__ = 1
   7               		.global __do_copy_data
   8               		.global __do_clear_bss
   9               		.text
  10               	.global	do_sweep
  11               		.type	do_sweep, @function
  12               	do_sweep:
  13               	/* prologue: frame size=16 */
  14 0000 A0E1      		ldi r26,lo8(16)
  15 0002 B0E0      		ldi r27,hi8(16)
  16 0004 E0E0      		ldi r30,pm_lo8(1f)
  17 0006 F0E0      		ldi r31,pm_hi8(1f)
  18 0008 0C94 0000 		jmp __prologue_saves__+24
  19               	1:
  20               	/* prologue end (size=6) */
  21 000c 0E94 0000 		call lcd_puts
  22 0010 8091 0000 		lds r24,dev
  23 0014 90E0      		ldi r25,lo8(0)
  24 0016 2BE1      		ldi r18,lo8(27)
  25 0018 30E0      		ldi r19,hi8(27)
  26 001a 829F      		mul r24,r18
  27 001c F001      		movw r30,r0
  28 001e 839F      		mul r24,r19
  29 0020 F00D      		add r31,r0
  30 0022 929F      		mul r25,r18
  31 0024 F00D      		add r31,r0
  32 0026 1124      		clr r1
  33 0028 E050      		subi r30,lo8(-(powersupply))
  34 002a F040      		sbci r31,hi8(-(powersupply))
  35 002c 6585      		ldd r22,Z+13
  36 002e 7685      		ldd r23,Z+14
  37 0030 8785      		ldd r24,Z+15
  38 0032 9089      		ldd r25,Z+16
  39 0034 0E94 0000 		call __floatsisf
  40 0038 20E0      		ldi r18,lo8(0x0)
  41 003a 30E0      		ldi r19,hi8(0x0)
  42 003c 40E0      		ldi r20,hlo8(0x0)
  43 003e 50E0      		ldi r21,hhi8(0x0)
  44 0040 0E94 0000 		call __gtsf2
  45 0044 1816      		cp __zero_reg__,r24
  46 0046 04F4      		brge .L2
  47 0048 7E01      		movw r14,r28
  48 004a 0894      		sec
  49 004c E11C      		adc r14,__zero_reg__
  50 004e F11C      		adc r15,__zero_reg__
  51               	.L6:
  52 0050 8701      		movw r16,r14
  53 0052 23E0      		ldi r18,lo8(3)
  54 0054 46E0      		ldi r20,lo8(6)
  55 0056 60E0      		ldi r22,lo8(0x0)
  56 0058 70E0      		ldi r23,hi8(0x0)
  57 005a 80E0      		ldi r24,hlo8(0x0)
GAS LISTING D:\DOCUME~1\alex\LOCALS~1\Temp/cc773pIy.s 			page 2


  58 005c 90E0      		ldi r25,hhi8(0x0)
  59 005e 0E94 0000 		call dtostrf
  60 0062 C701      		movw r24,r14
  61 0064 0E94 0000 		call lcd_puts
  62 0068 8AE0      		ldi r24,lo8(10)
  63 006a 0E94 0000 		call lcd_putc
  64 006e 00C0      		rjmp .L6
  65               	.L2:
  66 0070 80E0      		ldi r24,lo8(0)
  67 0072 90E0      		ldi r25,hi8(0)
  68               	/* epilogue: frame size=16 */
  69 0074 E6E0      		ldi r30,6
  70 0076 6096      		adiw r28,16
  71 0078 0C94 0000 		jmp __epilogue_restores__+24
  72               	/* epilogue end (size=4) */
  73               	/* function do_sweep size 63 (53) */
  74               		.size	do_sweep, .-do_sweep
  75               	/* File "hv_supply2.c": code   63 = 0x003f (  53), prologues   6, epilogues   4 */
GAS LISTING D:\DOCUME~1\alex\LOCALS~1\Temp/cc773pIy.s 			page 3


DEFINED SYMBOLS
                            *ABS*:00000000 hv_supply2.c
D:\DOCUME~1\alex\LOCALS~1\Temp/cc773pIy.s:2      *ABS*:0000003f __SREG__
D:\DOCUME~1\alex\LOCALS~1\Temp/cc773pIy.s:3      *ABS*:0000003e __SP_H__
D:\DOCUME~1\alex\LOCALS~1\Temp/cc773pIy.s:4      *ABS*:0000003d __SP_L__
D:\DOCUME~1\alex\LOCALS~1\Temp/cc773pIy.s:5      *ABS*:00000000 __tmp_reg__
D:\DOCUME~1\alex\LOCALS~1\Temp/cc773pIy.s:6      *ABS*:00000001 __zero_reg__
D:\DOCUME~1\alex\LOCALS~1\Temp/cc773pIy.s:12     .text:00000000 do_sweep

UNDEFINED SYMBOLS
__do_copy_data
__do_clear_bss
__prologue_saves__
lcd_puts
dev
powersupply
__floatsisf
__gtsf2
dtostrf
lcd_putc
__epilogue_restores__
