GAS LISTING C:\Users\alex\AppData\Local\Temp/cchybi3M.s 			page 1


   1               		.file	"main.c"
   2               	__SREG__ = 0x3f
   3               	__SP_H__ = 0x3e
   4               	__SP_L__ = 0x3d
   5               	__CCP__  = 0x34
   6               	__tmp_reg__ = 0
   7               	__zero_reg__ = 1
   8               		.section	.debug_abbrev,"",@progbits
   9               	.Ldebug_abbrev0:
  10               		.section	.debug_info,"",@progbits
  11               	.Ldebug_info0:
  12               		.section	.debug_line,"",@progbits
  13               	.Ldebug_line0:
  14               		.text
  15               	.Ltext0:
  16               		.data
  17               	.LC0:
  18 0000 7465 7374 		.string	"testtekst"
  18      7465 6B73 
  18      7400 
  19               		.text
  20               	.global	main
  21               		.type	main, @function
  22               	main:
  23               	.LFB2:
  24               	.LM1:
  25 0000 DF93      		push r29
  26 0002 CF93      		push r28
  27 0004 CDB7      		in r28,__SP_L__
  28 0006 DEB7      		in r29,__SP_H__
  29               	/* prologue: function */
  30               	/* frame size = 0 */
  31               	.LM2:
  32 0008 8FE0      		ldi r24,lo8(15)
  33 000a 0E94 0000 		call lcd_init
  34               	.LM3:
  35 000e 0E94 0000 		call lcd_clrscr
  36               	.LM4:
  37 0012 80E0      		ldi r24,lo8(0)
  38 0014 60E0      		ldi r22,lo8(0)
  39 0016 0E94 0000 		call lcd_gotoxy
  40               	.LM5:
  41 001a 80E0      		ldi r24,lo8(.LC0)
  42 001c 90E0      		ldi r25,hi8(.LC0)
  43 001e 0E94 0000 		call lcd_puts
  44               	.LM6:
  45 0022 80E0      		ldi r24,lo8(0)
  46 0024 90E0      		ldi r25,hi8(0)
  47               	/* epilogue start */
  48               	.LM7:
  49 0026 CF91      		pop r28
  50 0028 DF91      		pop r29
  51 002a 0895      		ret
  52               	.LFE2:
  53               		.size	main, .-main
  54               		.section	.debug_frame,"",@progbits
  55               	.Lframe0:
GAS LISTING C:\Users\alex\AppData\Local\Temp/cchybi3M.s 			page 2


  56 0000 0C00 0000 		.long	.LECIE0-.LSCIE0
  57               	.LSCIE0:
  58 0004 FFFF FFFF 		.long	0xffffffff
  59 0008 01        		.byte	0x1
  60 0009 00        		.string	""
  61 000a 01        		.uleb128 0x1
  62 000b 7F        		.sleb128 -1
  63 000c 24        		.byte	0x24
  64 000d 0C        		.byte	0xc
  65 000e 20        		.uleb128 0x20
  66 000f 00        		.uleb128 0x0
  67               		.p2align	2
  68               	.LECIE0:
  69               	.LSFDE0:
  70 0010 0C00 0000 		.long	.LEFDE0-.LASFDE0
  71               	.LASFDE0:
  72 0014 0000 0000 		.long	.Lframe0
  73 0018 0000 0000 		.long	.LFB2
  74 001c 2C00 0000 		.long	.LFE2-.LFB2
  75               		.p2align	2
  76               	.LEFDE0:
  77               		.text
  78               	.Letext0:
  79               		.section	.debug_info
  80 0000 7500 0000 		.long	0x75
  81 0004 0200      		.word	0x2
  82 0006 0000 0000 		.long	.Ldebug_abbrev0
  83 000a 04        		.byte	0x4
  84 000b 01        		.uleb128 0x1
  85 000c 0000 0000 		.long	.LASF7
  86 0010 01        		.byte	0x1
  87 0011 0000 0000 		.long	.LASF8
  88 0015 0000 0000 		.long	.LASF9
  89 0019 0000 0000 		.long	.Ltext0
  90 001d 0000 0000 		.long	.Letext0
  91 0021 0000 0000 		.long	.Ldebug_line0
  92 0025 02        		.uleb128 0x2
  93 0026 01        		.byte	0x1
  94 0027 06        		.byte	0x6
  95 0028 0000 0000 		.long	.LASF0
  96 002c 02        		.uleb128 0x2
  97 002d 01        		.byte	0x1
  98 002e 08        		.byte	0x8
  99 002f 0000 0000 		.long	.LASF1
 100 0033 03        		.uleb128 0x3
 101 0034 02        		.byte	0x2
 102 0035 05        		.byte	0x5
 103 0036 696E 7400 		.string	"int"
 104 003a 02        		.uleb128 0x2
 105 003b 02        		.byte	0x2
 106 003c 07        		.byte	0x7
 107 003d 0000 0000 		.long	.LASF2
 108 0041 02        		.uleb128 0x2
 109 0042 04        		.byte	0x4
 110 0043 05        		.byte	0x5
 111 0044 0000 0000 		.long	.LASF3
 112 0048 02        		.uleb128 0x2
GAS LISTING C:\Users\alex\AppData\Local\Temp/cchybi3M.s 			page 3


 113 0049 04        		.byte	0x4
 114 004a 07        		.byte	0x7
 115 004b 0000 0000 		.long	.LASF4
 116 004f 02        		.uleb128 0x2
 117 0050 08        		.byte	0x8
 118 0051 05        		.byte	0x5
 119 0052 0000 0000 		.long	.LASF5
 120 0056 02        		.uleb128 0x2
 121 0057 08        		.byte	0x8
 122 0058 07        		.byte	0x7
 123 0059 0000 0000 		.long	.LASF6
 124 005d 04        		.uleb128 0x4
 125 005e 01        		.byte	0x1
 126 005f 08        		.byte	0x8
 127 0060 05        		.uleb128 0x5
 128 0061 01        		.byte	0x1
 129 0062 0000 0000 		.long	.LASF10
 130 0066 01        		.byte	0x1
 131 0067 1B        		.byte	0x1b
 132 0068 01        		.byte	0x1
 133 0069 3300 0000 		.long	0x33
 134 006d 0000 0000 		.long	.LFB2
 135 0071 0000 0000 		.long	.LFE2
 136 0075 02        		.byte	0x2
 137 0076 90        		.byte	0x90
 138 0077 20        		.uleb128 0x20
 139 0078 00        		.byte	0x0
 140               		.section	.debug_abbrev
 141 0000 01        		.uleb128 0x1
 142 0001 11        		.uleb128 0x11
 143 0002 01        		.byte	0x1
 144 0003 25        		.uleb128 0x25
 145 0004 0E        		.uleb128 0xe
 146 0005 13        		.uleb128 0x13
 147 0006 0B        		.uleb128 0xb
 148 0007 03        		.uleb128 0x3
 149 0008 0E        		.uleb128 0xe
 150 0009 1B        		.uleb128 0x1b
 151 000a 0E        		.uleb128 0xe
 152 000b 11        		.uleb128 0x11
 153 000c 01        		.uleb128 0x1
 154 000d 12        		.uleb128 0x12
 155 000e 01        		.uleb128 0x1
 156 000f 10        		.uleb128 0x10
 157 0010 06        		.uleb128 0x6
 158 0011 00        		.byte	0x0
 159 0012 00        		.byte	0x0
 160 0013 02        		.uleb128 0x2
 161 0014 24        		.uleb128 0x24
 162 0015 00        		.byte	0x0
 163 0016 0B        		.uleb128 0xb
 164 0017 0B        		.uleb128 0xb
 165 0018 3E        		.uleb128 0x3e
 166 0019 0B        		.uleb128 0xb
 167 001a 03        		.uleb128 0x3
 168 001b 0E        		.uleb128 0xe
 169 001c 00        		.byte	0x0
GAS LISTING C:\Users\alex\AppData\Local\Temp/cchybi3M.s 			page 4


 170 001d 00        		.byte	0x0
 171 001e 03        		.uleb128 0x3
 172 001f 24        		.uleb128 0x24
 173 0020 00        		.byte	0x0
 174 0021 0B        		.uleb128 0xb
 175 0022 0B        		.uleb128 0xb
 176 0023 3E        		.uleb128 0x3e
 177 0024 0B        		.uleb128 0xb
 178 0025 03        		.uleb128 0x3
 179 0026 08        		.uleb128 0x8
 180 0027 00        		.byte	0x0
 181 0028 00        		.byte	0x0
 182 0029 04        		.uleb128 0x4
 183 002a 24        		.uleb128 0x24
 184 002b 00        		.byte	0x0
 185 002c 0B        		.uleb128 0xb
 186 002d 0B        		.uleb128 0xb
 187 002e 3E        		.uleb128 0x3e
 188 002f 0B        		.uleb128 0xb
 189 0030 00        		.byte	0x0
 190 0031 00        		.byte	0x0
 191 0032 05        		.uleb128 0x5
 192 0033 2E        		.uleb128 0x2e
 193 0034 00        		.byte	0x0
 194 0035 3F        		.uleb128 0x3f
 195 0036 0C        		.uleb128 0xc
 196 0037 03        		.uleb128 0x3
 197 0038 0E        		.uleb128 0xe
 198 0039 3A        		.uleb128 0x3a
 199 003a 0B        		.uleb128 0xb
 200 003b 3B        		.uleb128 0x3b
 201 003c 0B        		.uleb128 0xb
 202 003d 27        		.uleb128 0x27
 203 003e 0C        		.uleb128 0xc
 204 003f 49        		.uleb128 0x49
 205 0040 13        		.uleb128 0x13
 206 0041 11        		.uleb128 0x11
 207 0042 01        		.uleb128 0x1
 208 0043 12        		.uleb128 0x12
 209 0044 01        		.uleb128 0x1
 210 0045 40        		.uleb128 0x40
 211 0046 0A        		.uleb128 0xa
 212 0047 00        		.byte	0x0
 213 0048 00        		.byte	0x0
 214 0049 00        		.byte	0x0
 215               		.section	.debug_pubnames,"",@progbits
 216 0000 1700 0000 		.long	0x17
 217 0004 0200      		.word	0x2
 218 0006 0000 0000 		.long	.Ldebug_info0
 219 000a 7900 0000 		.long	0x79
 220 000e 6000 0000 		.long	0x60
 221 0012 6D61 696E 		.string	"main"
 221      00
 222 0017 0000 0000 		.long	0x0
 223               		.section	.debug_aranges,"",@progbits
 224 0000 1C00 0000 		.long	0x1c
 225 0004 0200      		.word	0x2
GAS LISTING C:\Users\alex\AppData\Local\Temp/cchybi3M.s 			page 5


 226 0006 0000 0000 		.long	.Ldebug_info0
 227 000a 04        		.byte	0x4
 228 000b 00        		.byte	0x0
 229 000c 0000      		.word	0x0
 230 000e 0000      		.word	0x0
 231 0010 0000 0000 		.long	.Ltext0
 232 0014 2C00 0000 		.long	.Letext0-.Ltext0
 233 0018 0000 0000 		.long	0x0
 234 001c 0000 0000 		.long	0x0
 235               		.section	.debug_line
 236 0000 6200 0000 		.long	.LELT0-.LSLT0
 237               	.LSLT0:
 238 0004 0200      		.word	0x2
 239 0006 1A00 0000 		.long	.LELTP0-.LASLTP0
 240               	.LASLTP0:
 241 000a 01        		.byte	0x1
 242 000b 01        		.byte	0x1
 243 000c F6        		.byte	0xf6
 244 000d F5        		.byte	0xf5
 245 000e 0A        		.byte	0xa
 246 000f 00        		.byte	0x0
 247 0010 01        		.byte	0x1
 248 0011 01        		.byte	0x1
 249 0012 01        		.byte	0x1
 250 0013 01        		.byte	0x1
 251 0014 00        		.byte	0x0
 252 0015 00        		.byte	0x0
 253 0016 00        		.byte	0x0
 254 0017 01        		.byte	0x1
 255 0018 00        		.byte	0x0
 256 0019 6D61 696E 		.string	"main.c"
 256      2E63 00
 257 0020 00        		.uleb128 0x0
 258 0021 00        		.uleb128 0x0
 259 0022 00        		.uleb128 0x0
 260 0023 00        		.byte	0x0
 261               	.LELTP0:
 262 0024 00        		.byte	0x0
 263 0025 05        		.uleb128 0x5
 264 0026 02        		.byte	0x2
 265 0027 0000 0000 		.long	.LM1
 266 002b 2E        		.byte	0x2e
 267 002c 00        		.byte	0x0
 268 002d 05        		.uleb128 0x5
 269 002e 02        		.byte	0x2
 270 002f 0000 0000 		.long	.LM2
 271 0033 1D        		.byte	0x1d
 272 0034 00        		.byte	0x0
 273 0035 05        		.uleb128 0x5
 274 0036 02        		.byte	0x2
 275 0037 0000 0000 		.long	.LM3
 276 003b 15        		.byte	0x15
 277 003c 00        		.byte	0x0
 278 003d 05        		.uleb128 0x5
 279 003e 02        		.byte	0x2
 280 003f 0000 0000 		.long	.LM4
 281 0043 15        		.byte	0x15
GAS LISTING C:\Users\alex\AppData\Local\Temp/cchybi3M.s 			page 6


 282 0044 00        		.byte	0x0
 283 0045 05        		.uleb128 0x5
 284 0046 02        		.byte	0x2
 285 0047 0000 0000 		.long	.LM5
 286 004b 15        		.byte	0x15
 287 004c 00        		.byte	0x0
 288 004d 05        		.uleb128 0x5
 289 004e 02        		.byte	0x2
 290 004f 0000 0000 		.long	.LM6
 291 0053 17        		.byte	0x17
 292 0054 00        		.byte	0x0
 293 0055 05        		.uleb128 0x5
 294 0056 02        		.byte	0x2
 295 0057 0000 0000 		.long	.LM7
 296 005b 15        		.byte	0x15
 297 005c 00        		.byte	0x0
 298 005d 05        		.uleb128 0x5
 299 005e 02        		.byte	0x2
 300 005f 0000 0000 		.long	.Letext0
 301 0063 00        		.byte	0x0
 302 0064 01        		.uleb128 0x1
 303 0065 01        		.byte	0x1
 304               	.LELT0:
 305 0066 1600 0000 		.section	.debug_str,"MS",@progbits,1
 305      0200 1000 
 305      0000 0101 
 305      FB0E 0A00 
 305      0101 0101 
 306               	.LASF2:
 307 0000 756E 7369 		.string	"unsigned int"
 307      676E 6564 
 307      2069 6E74 
 307      00
 308               	.LASF4:
 309 000d 6C6F 6E67 		.string	"long unsigned int"
 309      2075 6E73 
 309      6967 6E65 
 309      6420 696E 
 309      7400 
 310               	.LASF7:
 311 001f 474E 5520 		.string	"GNU C 4.3.3"
 311      4320 342E 
 311      332E 3300 
 312               	.LASF0:
 313 002b 7369 676E 		.string	"signed char"
 313      6564 2063 
 313      6861 7200 
 314               	.LASF6:
 315 0037 6C6F 6E67 		.string	"long long unsigned int"
 315      206C 6F6E 
 315      6720 756E 
 315      7369 676E 
 315      6564 2069 
 316               	.LASF8:
 317 004e 6D61 696E 		.string	"main.c"
 317      2E63 00
 318               	.LASF1:
GAS LISTING C:\Users\alex\AppData\Local\Temp/cchybi3M.s 			page 7


 319 0055 756E 7369 		.string	"unsigned char"
 319      676E 6564 
 319      2063 6861 
 319      7200 
 320               	.LASF3:
 321 0063 6C6F 6E67 		.string	"long int"
 321      2069 6E74 
 321      00
 322               	.LASF10:
 323 006c 6D61 696E 		.string	"main"
 323      00
 324               	.LASF9:
 325 0071 453A 5C61 		.string	"E:\\avr\\lcd0"
 325      7672 5C6C 
 325      6364 3000 
 326               	.LASF5:
 327 007d 6C6F 6E67 		.string	"long long int"
 327      206C 6F6E 
 327      6720 696E 
 327      7400 
 328               	.global __do_copy_data
GAS LISTING C:\Users\alex\AppData\Local\Temp/cchybi3M.s 			page 8


DEFINED SYMBOLS
                            *ABS*:00000000 main.c
C:\Users\alex\AppData\Local\Temp/cchybi3M.s:2      *ABS*:0000003f __SREG__
C:\Users\alex\AppData\Local\Temp/cchybi3M.s:3      *ABS*:0000003e __SP_H__
C:\Users\alex\AppData\Local\Temp/cchybi3M.s:4      *ABS*:0000003d __SP_L__
C:\Users\alex\AppData\Local\Temp/cchybi3M.s:5      *ABS*:00000034 __CCP__
C:\Users\alex\AppData\Local\Temp/cchybi3M.s:6      *ABS*:00000000 __tmp_reg__
C:\Users\alex\AppData\Local\Temp/cchybi3M.s:7      *ABS*:00000001 __zero_reg__
C:\Users\alex\AppData\Local\Temp/cchybi3M.s:22     .text:00000000 main

UNDEFINED SYMBOLS
lcd_init
lcd_clrscr
lcd_gotoxy
lcd_puts
__do_copy_data
