GAS LISTING C:\Users\alex\AppData\Local\Temp/ccfhfcxX.s 			page 1


   1               		.file	"74hc595.c"
   2               	__SREG__ = 0x3f
   3               	__SP_H__ = 0x3e
   4               	__SP_L__ = 0x3d
   5               	__CCP__  = 0x34
   6               	__tmp_reg__ = 0
   7               	__zero_reg__ = 1
   8               		.section	.debug_abbrev,"",@progbits
   9               	.Ldebug_abbrev0:
  10               		.section	.debug_info,"",@progbits
  11               	.Ldebug_info0:
  12               		.section	.debug_line,"",@progbits
  13               	.Ldebug_line0:
  14               		.text
  15               	.Ltext0:
  16               	.global	init_74hc595
  17               		.type	init_74hc595, @function
  18               	init_74hc595:
  19               	.LFB2:
  20               	.LM1:
  21 0000 DF93      		push r29
  22 0002 CF93      		push r28
  23 0004 CDB7      		in r28,__SP_L__
  24 0006 DEB7      		in r29,__SP_H__
  25 0008 2797      		sbiw r28,7
  26 000a 0FB6      		in __tmp_reg__,__SREG__
  27 000c F894      		cli
  28 000e DEBF      		out __SP_H__,r29
  29 0010 0FBE      		out __SREG__,__tmp_reg__
  30 0012 CDBF      		out __SP_L__,r28
  31               	/* prologue: function */
  32               	/* frame size = 7 */
  33 0014 8C83      		std Y+4,r24
  34 0016 6D83      		std Y+5,r22
  35 0018 4E83      		std Y+6,r20
  36 001a 2F83      		std Y+7,r18
  37               	.LM2:
  38 001c 8D81      		ldd r24,Y+5
  39 001e 882F      		mov r24,r24
  40 0020 90E0      		ldi r25,lo8(0)
  41 0022 9C01      		movw r18,r24
  42 0024 2F70      		andi r18,lo8(15)
  43 0026 3070      		andi r19,hi8(15)
  44 0028 81E0      		ldi r24,lo8(1)
  45 002a 90E0      		ldi r25,hi8(1)
  46 002c 00C0      		rjmp 2f
  47 002e 880F      	1:	lsl r24
  48 0030 991F      		rol r25
  49 0032 2A95      	2:	dec r18
  50 0034 02F4      		brpl 1b
  51 0036 8B83      		std Y+3,r24
  52               	.LM3:
  53 0038 8C81      		ldd r24,Y+4
  54 003a 882F      		mov r24,r24
  55 003c 90E0      		ldi r25,lo8(0)
  56 003e FC01      		movw r30,r24
  57 0040 E050      		subi r30,lo8(-(hc595_b_clk))
GAS LISTING C:\Users\alex\AppData\Local\Temp/ccfhfcxX.s 			page 2


  58 0042 F040      		sbci r31,hi8(-(hc595_b_clk))
  59 0044 8B81      		ldd r24,Y+3
  60 0046 8083      		st Z,r24
  61               	.LM4:
  62 0048 8F81      		ldd r24,Y+7
  63 004a 882F      		mov r24,r24
  64 004c 90E0      		ldi r25,lo8(0)
  65 004e 9C01      		movw r18,r24
  66 0050 2F70      		andi r18,lo8(15)
  67 0052 3070      		andi r19,hi8(15)
  68 0054 81E0      		ldi r24,lo8(1)
  69 0056 90E0      		ldi r25,hi8(1)
  70 0058 00C0      		rjmp 2f
  71 005a 880F      	1:	lsl r24
  72 005c 991F      		rol r25
  73 005e 2A95      	2:	dec r18
  74 0060 02F4      		brpl 1b
  75 0062 8983      		std Y+1,r24
  76               	.LM5:
  77 0064 8C81      		ldd r24,Y+4
  78 0066 882F      		mov r24,r24
  79 0068 90E0      		ldi r25,lo8(0)
  80 006a FC01      		movw r30,r24
  81 006c E050      		subi r30,lo8(-(hc595_b_data))
  82 006e F040      		sbci r31,hi8(-(hc595_b_data))
  83 0070 8981      		ldd r24,Y+1
  84 0072 8083      		st Z,r24
  85               	.LM6:
  86 0074 8E81      		ldd r24,Y+6
  87 0076 882F      		mov r24,r24
  88 0078 90E0      		ldi r25,lo8(0)
  89 007a 9C01      		movw r18,r24
  90 007c 2F70      		andi r18,lo8(15)
  91 007e 3070      		andi r19,hi8(15)
  92 0080 81E0      		ldi r24,lo8(1)
  93 0082 90E0      		ldi r25,hi8(1)
  94 0084 022E      		mov r0,r18
  95 0086 00C0      		rjmp 2f
  96 0088 880F      	1:	lsl r24
  97 008a 991F      		rol r25
  98 008c 0A94      	2:	dec r0
  99 008e 02F4      		brpl 1b
 100 0090 8A83      		std Y+2,r24
 101               	.LM7:
 102 0092 8C81      		ldd r24,Y+4
 103 0094 882F      		mov r24,r24
 104 0096 90E0      		ldi r25,lo8(0)
 105 0098 FC01      		movw r30,r24
 106 009a E050      		subi r30,lo8(-(hc595_b_cs))
 107 009c F040      		sbci r31,hi8(-(hc595_b_cs))
 108 009e 8A81      		ldd r24,Y+2
 109 00a0 8083      		st Z,r24
 110               	.LM8:
 111 00a2 8D81      		ldd r24,Y+5
 112 00a4 807F      		andi r24,lo8(-16)
 113 00a6 8D83      		std Y+5,r24
 114               	.LM9:
GAS LISTING C:\Users\alex\AppData\Local\Temp/ccfhfcxX.s 			page 3


 115 00a8 8D81      		ldd r24,Y+5
 116 00aa 8823      		tst r24
 117 00ac 01F4      		brne .L2
 118 00ae 8C81      		ldd r24,Y+4
 119 00b0 882F      		mov r24,r24
 120 00b2 90E0      		ldi r25,lo8(0)
 121 00b4 880F      		lsl r24
 122 00b6 991F      		rol r25
 123 00b8 FC01      		movw r30,r24
 124 00ba E050      		subi r30,lo8(-(hc595_p_clk))
 125 00bc F040      		sbci r31,hi8(-(hc595_p_clk))
 126 00be 8BE3      		ldi r24,lo8(59)
 127 00c0 90E0      		ldi r25,hi8(59)
 128 00c2 9183      		std Z+1,r25
 129 00c4 8083      		st Z,r24
 130 00c6 AAE3      		ldi r26,lo8(58)
 131 00c8 B0E0      		ldi r27,hi8(58)
 132 00ca EAE3      		ldi r30,lo8(58)
 133 00cc F0E0      		ldi r31,hi8(58)
 134 00ce 9081      		ld r25,Z
 135 00d0 8B81      		ldd r24,Y+3
 136 00d2 892B      		or r24,r25
 137 00d4 8C93      		st X,r24
 138               	.L2:
 139               	.LM10:
 140 00d6 8D81      		ldd r24,Y+5
 141 00d8 8031      		cpi r24,lo8(16)
 142 00da 01F4      		brne .L3
 143 00dc 8C81      		ldd r24,Y+4
 144 00de 882F      		mov r24,r24
 145 00e0 90E0      		ldi r25,lo8(0)
 146 00e2 880F      		lsl r24
 147 00e4 991F      		rol r25
 148 00e6 FC01      		movw r30,r24
 149 00e8 E050      		subi r30,lo8(-(hc595_p_clk))
 150 00ea F040      		sbci r31,hi8(-(hc595_p_clk))
 151 00ec 88E3      		ldi r24,lo8(56)
 152 00ee 90E0      		ldi r25,hi8(56)
 153 00f0 9183      		std Z+1,r25
 154 00f2 8083      		st Z,r24
 155 00f4 A7E3      		ldi r26,lo8(55)
 156 00f6 B0E0      		ldi r27,hi8(55)
 157 00f8 E7E3      		ldi r30,lo8(55)
 158 00fa F0E0      		ldi r31,hi8(55)
 159 00fc 9081      		ld r25,Z
 160 00fe 8B81      		ldd r24,Y+3
 161 0100 892B      		or r24,r25
 162 0102 8C93      		st X,r24
 163               	.L3:
 164               	.LM11:
 165 0104 8D81      		ldd r24,Y+5
 166 0106 8032      		cpi r24,lo8(32)
 167 0108 01F4      		brne .L4
 168 010a 8C81      		ldd r24,Y+4
 169 010c 882F      		mov r24,r24
 170 010e 90E0      		ldi r25,lo8(0)
 171 0110 880F      		lsl r24
GAS LISTING C:\Users\alex\AppData\Local\Temp/ccfhfcxX.s 			page 4


 172 0112 991F      		rol r25
 173 0114 FC01      		movw r30,r24
 174 0116 E050      		subi r30,lo8(-(hc595_p_clk))
 175 0118 F040      		sbci r31,hi8(-(hc595_p_clk))
 176 011a 85E3      		ldi r24,lo8(53)
 177 011c 90E0      		ldi r25,hi8(53)
 178 011e 9183      		std Z+1,r25
 179 0120 8083      		st Z,r24
 180 0122 A4E3      		ldi r26,lo8(52)
 181 0124 B0E0      		ldi r27,hi8(52)
 182 0126 E4E3      		ldi r30,lo8(52)
 183 0128 F0E0      		ldi r31,hi8(52)
 184 012a 9081      		ld r25,Z
 185 012c 8B81      		ldd r24,Y+3
 186 012e 892B      		or r24,r25
 187 0130 8C93      		st X,r24
 188               	.L4:
 189               	.LM12:
 190 0132 8D81      		ldd r24,Y+5
 191 0134 8033      		cpi r24,lo8(48)
 192 0136 01F4      		brne .L5
 193 0138 8C81      		ldd r24,Y+4
 194 013a 882F      		mov r24,r24
 195 013c 90E0      		ldi r25,lo8(0)
 196 013e 880F      		lsl r24
 197 0140 991F      		rol r25
 198 0142 FC01      		movw r30,r24
 199 0144 E050      		subi r30,lo8(-(hc595_p_clk))
 200 0146 F040      		sbci r31,hi8(-(hc595_p_clk))
 201 0148 82E3      		ldi r24,lo8(50)
 202 014a 90E0      		ldi r25,hi8(50)
 203 014c 9183      		std Z+1,r25
 204 014e 8083      		st Z,r24
 205 0150 A1E3      		ldi r26,lo8(49)
 206 0152 B0E0      		ldi r27,hi8(49)
 207 0154 E1E3      		ldi r30,lo8(49)
 208 0156 F0E0      		ldi r31,hi8(49)
 209 0158 9081      		ld r25,Z
 210 015a 8B81      		ldd r24,Y+3
 211 015c 892B      		or r24,r25
 212 015e 8C93      		st X,r24
 213               	.L5:
 214               	.LM13:
 215 0160 8F81      		ldd r24,Y+7
 216 0162 807F      		andi r24,lo8(-16)
 217 0164 8F83      		std Y+7,r24
 218               	.LM14:
 219 0166 8F81      		ldd r24,Y+7
 220 0168 8823      		tst r24
 221 016a 01F4      		brne .L6
 222 016c 8C81      		ldd r24,Y+4
 223 016e 882F      		mov r24,r24
 224 0170 90E0      		ldi r25,lo8(0)
 225 0172 880F      		lsl r24
 226 0174 991F      		rol r25
 227 0176 FC01      		movw r30,r24
 228 0178 E050      		subi r30,lo8(-(hc595_p_data))
GAS LISTING C:\Users\alex\AppData\Local\Temp/ccfhfcxX.s 			page 5


 229 017a F040      		sbci r31,hi8(-(hc595_p_data))
 230 017c 8BE3      		ldi r24,lo8(59)
 231 017e 90E0      		ldi r25,hi8(59)
 232 0180 9183      		std Z+1,r25
 233 0182 8083      		st Z,r24
 234 0184 AAE3      		ldi r26,lo8(58)
 235 0186 B0E0      		ldi r27,hi8(58)
 236 0188 EAE3      		ldi r30,lo8(58)
 237 018a F0E0      		ldi r31,hi8(58)
 238 018c 9081      		ld r25,Z
 239 018e 8981      		ldd r24,Y+1
 240 0190 892B      		or r24,r25
 241 0192 8C93      		st X,r24
 242               	.L6:
 243               	.LM15:
 244 0194 8F81      		ldd r24,Y+7
 245 0196 8031      		cpi r24,lo8(16)
 246 0198 01F4      		brne .L7
 247 019a 8C81      		ldd r24,Y+4
 248 019c 882F      		mov r24,r24
 249 019e 90E0      		ldi r25,lo8(0)
 250 01a0 880F      		lsl r24
 251 01a2 991F      		rol r25
 252 01a4 FC01      		movw r30,r24
 253 01a6 E050      		subi r30,lo8(-(hc595_p_data))
 254 01a8 F040      		sbci r31,hi8(-(hc595_p_data))
 255 01aa 88E3      		ldi r24,lo8(56)
 256 01ac 90E0      		ldi r25,hi8(56)
 257 01ae 9183      		std Z+1,r25
 258 01b0 8083      		st Z,r24
 259 01b2 A7E3      		ldi r26,lo8(55)
 260 01b4 B0E0      		ldi r27,hi8(55)
 261 01b6 E7E3      		ldi r30,lo8(55)
 262 01b8 F0E0      		ldi r31,hi8(55)
 263 01ba 9081      		ld r25,Z
 264 01bc 8981      		ldd r24,Y+1
 265 01be 892B      		or r24,r25
 266 01c0 8C93      		st X,r24
 267               	.L7:
 268               	.LM16:
 269 01c2 8F81      		ldd r24,Y+7
 270 01c4 8032      		cpi r24,lo8(32)
 271 01c6 01F4      		brne .L8
 272 01c8 8C81      		ldd r24,Y+4
 273 01ca 882F      		mov r24,r24
 274 01cc 90E0      		ldi r25,lo8(0)
 275 01ce 880F      		lsl r24
 276 01d0 991F      		rol r25
 277 01d2 FC01      		movw r30,r24
 278 01d4 E050      		subi r30,lo8(-(hc595_p_data))
 279 01d6 F040      		sbci r31,hi8(-(hc595_p_data))
 280 01d8 85E3      		ldi r24,lo8(53)
 281 01da 90E0      		ldi r25,hi8(53)
 282 01dc 9183      		std Z+1,r25
 283 01de 8083      		st Z,r24
 284 01e0 A4E3      		ldi r26,lo8(52)
 285 01e2 B0E0      		ldi r27,hi8(52)
GAS LISTING C:\Users\alex\AppData\Local\Temp/ccfhfcxX.s 			page 6


 286 01e4 E4E3      		ldi r30,lo8(52)
 287 01e6 F0E0      		ldi r31,hi8(52)
 288 01e8 9081      		ld r25,Z
 289 01ea 8981      		ldd r24,Y+1
 290 01ec 892B      		or r24,r25
 291 01ee 8C93      		st X,r24
 292               	.L8:
 293               	.LM17:
 294 01f0 8F81      		ldd r24,Y+7
 295 01f2 8033      		cpi r24,lo8(48)
 296 01f4 01F4      		brne .L9
 297 01f6 8C81      		ldd r24,Y+4
 298 01f8 882F      		mov r24,r24
 299 01fa 90E0      		ldi r25,lo8(0)
 300 01fc 880F      		lsl r24
 301 01fe 991F      		rol r25
 302 0200 FC01      		movw r30,r24
 303 0202 E050      		subi r30,lo8(-(hc595_p_data))
 304 0204 F040      		sbci r31,hi8(-(hc595_p_data))
 305 0206 82E3      		ldi r24,lo8(50)
 306 0208 90E0      		ldi r25,hi8(50)
 307 020a 9183      		std Z+1,r25
 308 020c 8083      		st Z,r24
 309 020e A1E3      		ldi r26,lo8(49)
 310 0210 B0E0      		ldi r27,hi8(49)
 311 0212 E1E3      		ldi r30,lo8(49)
 312 0214 F0E0      		ldi r31,hi8(49)
 313 0216 9081      		ld r25,Z
 314 0218 8981      		ldd r24,Y+1
 315 021a 892B      		or r24,r25
 316 021c 8C93      		st X,r24
 317               	.L9:
 318               	.LM18:
 319 021e 8E81      		ldd r24,Y+6
 320 0220 807F      		andi r24,lo8(-16)
 321 0222 8E83      		std Y+6,r24
 322               	.LM19:
 323 0224 8E81      		ldd r24,Y+6
 324 0226 8823      		tst r24
 325 0228 01F4      		brne .L10
 326 022a 8C81      		ldd r24,Y+4
 327 022c 882F      		mov r24,r24
 328 022e 90E0      		ldi r25,lo8(0)
 329 0230 880F      		lsl r24
 330 0232 991F      		rol r25
 331 0234 FC01      		movw r30,r24
 332 0236 E050      		subi r30,lo8(-(hc595_p_cs))
 333 0238 F040      		sbci r31,hi8(-(hc595_p_cs))
 334 023a 8BE3      		ldi r24,lo8(59)
 335 023c 90E0      		ldi r25,hi8(59)
 336 023e 9183      		std Z+1,r25
 337 0240 8083      		st Z,r24
 338 0242 AAE3      		ldi r26,lo8(58)
 339 0244 B0E0      		ldi r27,hi8(58)
 340 0246 EAE3      		ldi r30,lo8(58)
 341 0248 F0E0      		ldi r31,hi8(58)
 342 024a 9081      		ld r25,Z
GAS LISTING C:\Users\alex\AppData\Local\Temp/ccfhfcxX.s 			page 7


 343 024c 8A81      		ldd r24,Y+2
 344 024e 892B      		or r24,r25
 345 0250 8C93      		st X,r24
 346               	.L10:
 347               	.LM20:
 348 0252 8E81      		ldd r24,Y+6
 349 0254 8031      		cpi r24,lo8(16)
 350 0256 01F4      		brne .L11
 351 0258 8C81      		ldd r24,Y+4
 352 025a 882F      		mov r24,r24
 353 025c 90E0      		ldi r25,lo8(0)
 354 025e 880F      		lsl r24
 355 0260 991F      		rol r25
 356 0262 FC01      		movw r30,r24
 357 0264 E050      		subi r30,lo8(-(hc595_p_cs))
 358 0266 F040      		sbci r31,hi8(-(hc595_p_cs))
 359 0268 88E3      		ldi r24,lo8(56)
 360 026a 90E0      		ldi r25,hi8(56)
 361 026c 9183      		std Z+1,r25
 362 026e 8083      		st Z,r24
 363 0270 A7E3      		ldi r26,lo8(55)
 364 0272 B0E0      		ldi r27,hi8(55)
 365 0274 E7E3      		ldi r30,lo8(55)
 366 0276 F0E0      		ldi r31,hi8(55)
 367 0278 9081      		ld r25,Z
 368 027a 8A81      		ldd r24,Y+2
 369 027c 892B      		or r24,r25
 370 027e 8C93      		st X,r24
 371               	.L11:
 372               	.LM21:
 373 0280 8E81      		ldd r24,Y+6
 374 0282 8032      		cpi r24,lo8(32)
 375 0284 01F4      		brne .L12
 376 0286 8C81      		ldd r24,Y+4
 377 0288 882F      		mov r24,r24
 378 028a 90E0      		ldi r25,lo8(0)
 379 028c 880F      		lsl r24
 380 028e 991F      		rol r25
 381 0290 FC01      		movw r30,r24
 382 0292 E050      		subi r30,lo8(-(hc595_p_cs))
 383 0294 F040      		sbci r31,hi8(-(hc595_p_cs))
 384 0296 85E3      		ldi r24,lo8(53)
 385 0298 90E0      		ldi r25,hi8(53)
 386 029a 9183      		std Z+1,r25
 387 029c 8083      		st Z,r24
 388 029e A4E3      		ldi r26,lo8(52)
 389 02a0 B0E0      		ldi r27,hi8(52)
 390 02a2 E4E3      		ldi r30,lo8(52)
 391 02a4 F0E0      		ldi r31,hi8(52)
 392 02a6 9081      		ld r25,Z
 393 02a8 8A81      		ldd r24,Y+2
 394 02aa 892B      		or r24,r25
 395 02ac 8C93      		st X,r24
 396               	.L12:
 397               	.LM22:
 398 02ae 8E81      		ldd r24,Y+6
 399 02b0 8033      		cpi r24,lo8(48)
GAS LISTING C:\Users\alex\AppData\Local\Temp/ccfhfcxX.s 			page 8


 400 02b2 01F4      		brne .L14
 401 02b4 8C81      		ldd r24,Y+4
 402 02b6 882F      		mov r24,r24
 403 02b8 90E0      		ldi r25,lo8(0)
 404 02ba 880F      		lsl r24
 405 02bc 991F      		rol r25
 406 02be FC01      		movw r30,r24
 407 02c0 E050      		subi r30,lo8(-(hc595_p_cs))
 408 02c2 F040      		sbci r31,hi8(-(hc595_p_cs))
 409 02c4 82E3      		ldi r24,lo8(50)
 410 02c6 90E0      		ldi r25,hi8(50)
 411 02c8 9183      		std Z+1,r25
 412 02ca 8083      		st Z,r24
 413 02cc A1E3      		ldi r26,lo8(49)
 414 02ce B0E0      		ldi r27,hi8(49)
 415 02d0 E1E3      		ldi r30,lo8(49)
 416 02d2 F0E0      		ldi r31,hi8(49)
 417 02d4 9081      		ld r25,Z
 418 02d6 8A81      		ldd r24,Y+2
 419 02d8 892B      		or r24,r25
 420 02da 8C93      		st X,r24
 421               	.L14:
 422               	/* epilogue start */
 423               	.LM23:
 424 02dc 2796      		adiw r28,7
 425 02de 0FB6      		in __tmp_reg__,__SREG__
 426 02e0 F894      		cli
 427 02e2 DEBF      		out __SP_H__,r29
 428 02e4 0FBE      		out __SREG__,__tmp_reg__
 429 02e6 CDBF      		out __SP_L__,r28
 430 02e8 CF91      		pop r28
 431 02ea DF91      		pop r29
 432 02ec 0895      		ret
 433               	.LFE2:
 434               		.size	init_74hc595, .-init_74hc595
 435               	.global	s595_putc
 436               		.type	s595_putc, @function
 437               	s595_putc:
 438               	.LFB3:
 439               	.LM24:
 440 02ee DF93      		push r29
 441 02f0 CF93      		push r28
 442 02f2 CDB7      		in r28,__SP_L__
 443 02f4 DEB7      		in r29,__SP_H__
 444 02f6 2C97      		sbiw r28,12
 445 02f8 0FB6      		in __tmp_reg__,__SREG__
 446 02fa F894      		cli
 447 02fc DEBF      		out __SP_H__,r29
 448 02fe 0FBE      		out __SREG__,__tmp_reg__
 449 0300 CDBF      		out __SP_L__,r28
 450               	/* prologue: function */
 451               	/* frame size = 12 */
 452 0302 8B87      		std Y+11,r24
 453 0304 6C87      		std Y+12,r22
 454               	.LM25:
 455 0306 8B85      		ldd r24,Y+11
 456 0308 882F      		mov r24,r24
GAS LISTING C:\Users\alex\AppData\Local\Temp/ccfhfcxX.s 			page 9


 457 030a 90E0      		ldi r25,lo8(0)
 458 030c 880F      		lsl r24
 459 030e 991F      		rol r25
 460 0310 FC01      		movw r30,r24
 461 0312 E050      		subi r30,lo8(-(hc595_p_clk))
 462 0314 F040      		sbci r31,hi8(-(hc595_p_clk))
 463 0316 8081      		ld r24,Z
 464 0318 9181      		ldd r25,Z+1
 465 031a 9A87      		std Y+10,r25
 466 031c 8987      		std Y+9,r24
 467               	.LM26:
 468 031e 8B85      		ldd r24,Y+11
 469 0320 882F      		mov r24,r24
 470 0322 90E0      		ldi r25,lo8(0)
 471 0324 880F      		lsl r24
 472 0326 991F      		rol r25
 473 0328 FC01      		movw r30,r24
 474 032a E050      		subi r30,lo8(-(hc595_p_data))
 475 032c F040      		sbci r31,hi8(-(hc595_p_data))
 476 032e 8081      		ld r24,Z
 477 0330 9181      		ldd r25,Z+1
 478 0332 9E83      		std Y+6,r25
 479 0334 8D83      		std Y+5,r24
 480               	.LM27:
 481 0336 8B85      		ldd r24,Y+11
 482 0338 882F      		mov r24,r24
 483 033a 90E0      		ldi r25,lo8(0)
 484 033c 880F      		lsl r24
 485 033e 991F      		rol r25
 486 0340 FC01      		movw r30,r24
 487 0342 E050      		subi r30,lo8(-(hc595_p_cs))
 488 0344 F040      		sbci r31,hi8(-(hc595_p_cs))
 489 0346 8081      		ld r24,Z
 490 0348 9181      		ldd r25,Z+1
 491 034a 9887      		std Y+8,r25
 492 034c 8F83      		std Y+7,r24
 493               	.LM28:
 494 034e 8B85      		ldd r24,Y+11
 495 0350 882F      		mov r24,r24
 496 0352 90E0      		ldi r25,lo8(0)
 497 0354 FC01      		movw r30,r24
 498 0356 E050      		subi r30,lo8(-(hc595_b_clk))
 499 0358 F040      		sbci r31,hi8(-(hc595_b_clk))
 500 035a 8081      		ld r24,Z
 501 035c 8C83      		std Y+4,r24
 502               	.LM29:
 503 035e 8B85      		ldd r24,Y+11
 504 0360 882F      		mov r24,r24
 505 0362 90E0      		ldi r25,lo8(0)
 506 0364 FC01      		movw r30,r24
 507 0366 E050      		subi r30,lo8(-(hc595_b_data))
 508 0368 F040      		sbci r31,hi8(-(hc595_b_data))
 509 036a 8081      		ld r24,Z
 510 036c 8A83      		std Y+2,r24
 511               	.LM30:
 512 036e 8B85      		ldd r24,Y+11
 513 0370 882F      		mov r24,r24
GAS LISTING C:\Users\alex\AppData\Local\Temp/ccfhfcxX.s 			page 10


 514 0372 90E0      		ldi r25,lo8(0)
 515 0374 FC01      		movw r30,r24
 516 0376 E050      		subi r30,lo8(-(hc595_b_cs))
 517 0378 F040      		sbci r31,hi8(-(hc595_b_cs))
 518 037a 8081      		ld r24,Z
 519 037c 8B83      		std Y+3,r24
 520               	.LM31:
 521 037e EF81      		ldd r30,Y+7
 522 0380 F885      		ldd r31,Y+8
 523 0382 8081      		ld r24,Z
 524 0384 982F      		mov r25,r24
 525 0386 8B81      		ldd r24,Y+3
 526 0388 8095      		com r24
 527 038a 8923      		and r24,r25
 528 038c EF81      		ldd r30,Y+7
 529 038e F885      		ldd r31,Y+8
 530 0390 8083      		st Z,r24
 531               	.LM32:
 532 0392 ED81      		ldd r30,Y+5
 533 0394 FE81      		ldd r31,Y+6
 534 0396 8081      		ld r24,Z
 535 0398 982F      		mov r25,r24
 536 039a 8A81      		ldd r24,Y+2
 537 039c 8095      		com r24
 538 039e 8923      		and r24,r25
 539 03a0 ED81      		ldd r30,Y+5
 540 03a2 FE81      		ldd r31,Y+6
 541 03a4 8083      		st Z,r24
 542               	.LM33:
 543 03a6 E985      		ldd r30,Y+9
 544 03a8 FA85      		ldd r31,Y+10
 545 03aa 8081      		ld r24,Z
 546 03ac 982F      		mov r25,r24
 547 03ae 8C81      		ldd r24,Y+4
 548 03b0 8095      		com r24
 549 03b2 8923      		and r24,r25
 550 03b4 E985      		ldd r30,Y+9
 551 03b6 FA85      		ldd r31,Y+10
 552 03b8 8083      		st Z,r24
 553               	.LM34:
 554 03ba 1982      		std Y+1,__zero_reg__
 555 03bc 00C0      		rjmp .L16
 556               	.L19:
 557               	.LM35:
 558 03be 8C85      		ldd r24,Y+12
 559 03c0 8823      		tst r24
 560 03c2 04F0      		brlt .L17
 561               	.LM36:
 562 03c4 ED81      		ldd r30,Y+5
 563 03c6 FE81      		ldd r31,Y+6
 564 03c8 8081      		ld r24,Z
 565 03ca 982F      		mov r25,r24
 566 03cc 8A81      		ldd r24,Y+2
 567 03ce 8095      		com r24
 568 03d0 8923      		and r24,r25
 569 03d2 ED81      		ldd r30,Y+5
 570 03d4 FE81      		ldd r31,Y+6
GAS LISTING C:\Users\alex\AppData\Local\Temp/ccfhfcxX.s 			page 11


 571 03d6 8083      		st Z,r24
 572 03d8 00C0      		rjmp .L18
 573               	.L17:
 574               	.LM37:
 575 03da ED81      		ldd r30,Y+5
 576 03dc FE81      		ldd r31,Y+6
 577 03de 9081      		ld r25,Z
 578 03e0 8A81      		ldd r24,Y+2
 579 03e2 892B      		or r24,r25
 580 03e4 ED81      		ldd r30,Y+5
 581 03e6 FE81      		ldd r31,Y+6
 582 03e8 8083      		st Z,r24
 583               	.L18:
 584               	.LM38:
 585 03ea 8AE0      		ldi r24,lo8(10)
 586 03ec 90E0      		ldi r25,hi8(10)
 587 03ee 0E94 0000 		call udelay
 588               	.LM39:
 589 03f2 E985      		ldd r30,Y+9
 590 03f4 FA85      		ldd r31,Y+10
 591 03f6 9081      		ld r25,Z
 592 03f8 8C81      		ldd r24,Y+4
 593 03fa 892B      		or r24,r25
 594 03fc E985      		ldd r30,Y+9
 595 03fe FA85      		ldd r31,Y+10
 596 0400 8083      		st Z,r24
 597               	.LM40:
 598 0402 84E1      		ldi r24,lo8(20)
 599 0404 90E0      		ldi r25,hi8(20)
 600 0406 0E94 0000 		call udelay
 601               	.LM41:
 602 040a ED81      		ldd r30,Y+5
 603 040c FE81      		ldd r31,Y+6
 604 040e 8081      		ld r24,Z
 605 0410 982F      		mov r25,r24
 606 0412 8A81      		ldd r24,Y+2
 607 0414 8095      		com r24
 608 0416 8923      		and r24,r25
 609 0418 ED81      		ldd r30,Y+5
 610 041a FE81      		ldd r31,Y+6
 611 041c 8083      		st Z,r24
 612               	.LM42:
 613 041e E985      		ldd r30,Y+9
 614 0420 FA85      		ldd r31,Y+10
 615 0422 8081      		ld r24,Z
 616 0424 982F      		mov r25,r24
 617 0426 8C81      		ldd r24,Y+4
 618 0428 8095      		com r24
 619 042a 8923      		and r24,r25
 620 042c E985      		ldd r30,Y+9
 621 042e FA85      		ldd r31,Y+10
 622 0430 8083      		st Z,r24
 623               	.LM43:
 624 0432 8C85      		ldd r24,Y+12
 625 0434 880F      		lsl r24
 626 0436 8C87      		std Y+12,r24
 627               	.LM44:
GAS LISTING C:\Users\alex\AppData\Local\Temp/ccfhfcxX.s 			page 12


 628 0438 8981      		ldd r24,Y+1
 629 043a 8F5F      		subi r24,lo8(-(1))
 630 043c 8983      		std Y+1,r24
 631               	.L16:
 632 043e 8981      		ldd r24,Y+1
 633 0440 8830      		cpi r24,lo8(8)
 634 0442 00F4      		brsh .+2
 635 0444 00C0      		rjmp .L19
 636               	.LM45:
 637 0446 84E1      		ldi r24,lo8(20)
 638 0448 90E0      		ldi r25,hi8(20)
 639 044a 0E94 0000 		call udelay
 640               	.LM46:
 641 044e EF81      		ldd r30,Y+7
 642 0450 F885      		ldd r31,Y+8
 643 0452 9081      		ld r25,Z
 644 0454 8B81      		ldd r24,Y+3
 645 0456 892B      		or r24,r25
 646 0458 EF81      		ldd r30,Y+7
 647 045a F885      		ldd r31,Y+8
 648 045c 8083      		st Z,r24
 649               	.LM47:
 650 045e 84E1      		ldi r24,lo8(20)
 651 0460 90E0      		ldi r25,hi8(20)
 652 0462 0E94 0000 		call udelay
 653               	.LM48:
 654 0466 EF81      		ldd r30,Y+7
 655 0468 F885      		ldd r31,Y+8
 656 046a 8081      		ld r24,Z
 657 046c 982F      		mov r25,r24
 658 046e 8B81      		ldd r24,Y+3
 659 0470 8095      		com r24
 660 0472 8923      		and r24,r25
 661 0474 EF81      		ldd r30,Y+7
 662 0476 F885      		ldd r31,Y+8
 663 0478 8083      		st Z,r24
 664               	.LM49:
 665 047a 84E1      		ldi r24,lo8(20)
 666 047c 90E0      		ldi r25,hi8(20)
 667 047e 0E94 0000 		call udelay
 668               	/* epilogue start */
 669               	.LM50:
 670 0482 2C96      		adiw r28,12
 671 0484 0FB6      		in __tmp_reg__,__SREG__
 672 0486 F894      		cli
 673 0488 DEBF      		out __SP_H__,r29
 674 048a 0FBE      		out __SREG__,__tmp_reg__
 675 048c CDBF      		out __SP_L__,r28
 676 048e CF91      		pop r28
 677 0490 DF91      		pop r29
 678 0492 0895      		ret
 679               	.LFE3:
 680               		.size	s595_putc, .-s595_putc
 681               	.global	s595_set_val
 682               		.type	s595_set_val, @function
 683               	s595_set_val:
 684               	.LFB4:
GAS LISTING C:\Users\alex\AppData\Local\Temp/ccfhfcxX.s 			page 13


 685               	.LM51:
 686 0494 DF93      		push r29
 687 0496 CF93      		push r28
 688 0498 00D0      		rcall .
 689 049a CDB7      		in r28,__SP_L__
 690 049c DEB7      		in r29,__SP_H__
 691               	/* prologue: function */
 692               	/* frame size = 2 */
 693 049e 8983      		std Y+1,r24
 694 04a0 6A83      		std Y+2,r22
 695               	.LM52:
 696 04a2 8981      		ldd r24,Y+1
 697 04a4 882F      		mov r24,r24
 698 04a6 90E0      		ldi r25,lo8(0)
 699 04a8 FC01      		movw r30,r24
 700 04aa E050      		subi r30,lo8(-(hc595_c_data))
 701 04ac F040      		sbci r31,hi8(-(hc595_c_data))
 702 04ae 8A81      		ldd r24,Y+2
 703 04b0 8083      		st Z,r24
 704               	/* epilogue start */
 705               	.LM53:
 706 04b2 0F90      		pop __tmp_reg__
 707 04b4 0F90      		pop __tmp_reg__
 708 04b6 CF91      		pop r28
 709 04b8 DF91      		pop r29
 710 04ba 0895      		ret
 711               	.LFE4:
 712               		.size	s595_set_val, .-s595_set_val
 713               	.global	s595_write
 714               		.type	s595_write, @function
 715               	s595_write:
 716               	.LFB5:
 717               	.LM54:
 718 04bc DF93      		push r29
 719 04be CF93      		push r28
 720 04c0 CDB7      		in r28,__SP_L__
 721 04c2 DEB7      		in r29,__SP_H__
 722 04c4 2D97      		sbiw r28,13
 723 04c6 0FB6      		in __tmp_reg__,__SREG__
 724 04c8 F894      		cli
 725 04ca DEBF      		out __SP_H__,r29
 726 04cc 0FBE      		out __SREG__,__tmp_reg__
 727 04ce CDBF      		out __SP_L__,r28
 728               	/* prologue: function */
 729               	/* frame size = 13 */
 730 04d0 8D87      		std Y+13,r24
 731               	.LM55:
 732 04d2 8091 0000 		lds r24,hc595_p_clk
 733 04d6 9091 0000 		lds r25,(hc595_p_clk)+1
 734 04da 9C87      		std Y+12,r25
 735 04dc 8B87      		std Y+11,r24
 736               	.LM56:
 737 04de 8091 0000 		lds r24,hc595_b_clk
 738 04e2 8E83      		std Y+6,r24
 739               	.LM57:
 740 04e4 8091 0000 		lds r24,hc595_p_cs
 741 04e8 9091 0000 		lds r25,(hc595_p_cs)+1
GAS LISTING C:\Users\alex\AppData\Local\Temp/ccfhfcxX.s 			page 14


 742 04ec 9A87      		std Y+10,r25
 743 04ee 8987      		std Y+9,r24
 744               	.LM58:
 745 04f0 8091 0000 		lds r24,hc595_b_cs
 746 04f4 8D83      		std Y+5,r24
 747               	.LM59:
 748 04f6 E985      		ldd r30,Y+9
 749 04f8 FA85      		ldd r31,Y+10
 750 04fa 8081      		ld r24,Z
 751 04fc 982F      		mov r25,r24
 752 04fe 8D81      		ldd r24,Y+5
 753 0500 8095      		com r24
 754 0502 8923      		and r24,r25
 755 0504 E985      		ldd r30,Y+9
 756 0506 FA85      		ldd r31,Y+10
 757 0508 8083      		st Z,r24
 758               	.LM60:
 759 050a 1A82      		std Y+2,__zero_reg__
 760 050c 00C0      		rjmp .L24
 761               	.L25:
 762               	.LM61:
 763 050e 8A81      		ldd r24,Y+2
 764 0510 882F      		mov r24,r24
 765 0512 90E0      		ldi r25,lo8(0)
 766 0514 880F      		lsl r24
 767 0516 991F      		rol r25
 768 0518 FC01      		movw r30,r24
 769 051a E050      		subi r30,lo8(-(hc595_p_data))
 770 051c F040      		sbci r31,hi8(-(hc595_p_data))
 771 051e 8081      		ld r24,Z
 772 0520 9181      		ldd r25,Z+1
 773 0522 9887      		std Y+8,r25
 774 0524 8F83      		std Y+7,r24
 775               	.LM62:
 776 0526 8A81      		ldd r24,Y+2
 777 0528 882F      		mov r24,r24
 778 052a 90E0      		ldi r25,lo8(0)
 779 052c FC01      		movw r30,r24
 780 052e E050      		subi r30,lo8(-(hc595_b_data))
 781 0530 F040      		sbci r31,hi8(-(hc595_b_data))
 782 0532 8081      		ld r24,Z
 783 0534 8C83      		std Y+4,r24
 784               	.LM63:
 785 0536 EF81      		ldd r30,Y+7
 786 0538 F885      		ldd r31,Y+8
 787 053a 8081      		ld r24,Z
 788 053c 982F      		mov r25,r24
 789 053e 8C81      		ldd r24,Y+4
 790 0540 8095      		com r24
 791 0542 8923      		and r24,r25
 792 0544 EF81      		ldd r30,Y+7
 793 0546 F885      		ldd r31,Y+8
 794 0548 8083      		st Z,r24
 795               	.LM64:
 796 054a 8A81      		ldd r24,Y+2
 797 054c 8F5F      		subi r24,lo8(-(1))
 798 054e 8A83      		std Y+2,r24
GAS LISTING C:\Users\alex\AppData\Local\Temp/ccfhfcxX.s 			page 15


 799               	.L24:
 800 0550 9A81      		ldd r25,Y+2
 801 0552 8D85      		ldd r24,Y+13
 802 0554 9817      		cp r25,r24
 803 0556 00F0      		brlo .L25
 804               	.LM65:
 805 0558 1A82      		std Y+2,__zero_reg__
 806 055a 00C0      		rjmp .L26
 807               	.L27:
 808               	.LM66:
 809 055c 8A81      		ldd r24,Y+2
 810 055e 282F      		mov r18,r24
 811 0560 30E0      		ldi r19,lo8(0)
 812 0562 8A81      		ldd r24,Y+2
 813 0564 882F      		mov r24,r24
 814 0566 90E0      		ldi r25,lo8(0)
 815 0568 FC01      		movw r30,r24
 816 056a E050      		subi r30,lo8(-(hc595_c_data))
 817 056c F040      		sbci r31,hi8(-(hc595_c_data))
 818 056e 8081      		ld r24,Z
 819 0570 F901      		movw r30,r18
 820 0572 E050      		subi r30,lo8(-(hc595_copy_data))
 821 0574 F040      		sbci r31,hi8(-(hc595_copy_data))
 822 0576 8083      		st Z,r24
 823               	.LM67:
 824 0578 8A81      		ldd r24,Y+2
 825 057a 8F5F      		subi r24,lo8(-(1))
 826 057c 8A83      		std Y+2,r24
 827               	.L26:
 828 057e 9A81      		ldd r25,Y+2
 829 0580 8D85      		ldd r24,Y+13
 830 0582 9817      		cp r25,r24
 831 0584 00F0      		brlo .L27
 832               	.LM68:
 833 0586 EB85      		ldd r30,Y+11
 834 0588 FC85      		ldd r31,Y+12
 835 058a 8081      		ld r24,Z
 836 058c 982F      		mov r25,r24
 837 058e 8E81      		ldd r24,Y+6
 838 0590 8095      		com r24
 839 0592 8923      		and r24,r25
 840 0594 EB85      		ldd r30,Y+11
 841 0596 FC85      		ldd r31,Y+12
 842 0598 8083      		st Z,r24
 843               	.LM69:
 844 059a 1B82      		std Y+3,__zero_reg__
 845 059c 00C0      		rjmp .L28
 846               	.L35:
 847               	.LM70:
 848 059e 1A82      		std Y+2,__zero_reg__
 849 05a0 00C0      		rjmp .L29
 850               	.L32:
 851               	.LM71:
 852 05a2 8A81      		ldd r24,Y+2
 853 05a4 882F      		mov r24,r24
 854 05a6 90E0      		ldi r25,lo8(0)
 855 05a8 880F      		lsl r24
GAS LISTING C:\Users\alex\AppData\Local\Temp/ccfhfcxX.s 			page 16


 856 05aa 991F      		rol r25
 857 05ac FC01      		movw r30,r24
 858 05ae E050      		subi r30,lo8(-(hc595_p_data))
 859 05b0 F040      		sbci r31,hi8(-(hc595_p_data))
 860 05b2 8081      		ld r24,Z
 861 05b4 9181      		ldd r25,Z+1
 862 05b6 9887      		std Y+8,r25
 863 05b8 8F83      		std Y+7,r24
 864               	.LM72:
 865 05ba 8A81      		ldd r24,Y+2
 866 05bc 882F      		mov r24,r24
 867 05be 90E0      		ldi r25,lo8(0)
 868 05c0 FC01      		movw r30,r24
 869 05c2 E050      		subi r30,lo8(-(hc595_b_data))
 870 05c4 F040      		sbci r31,hi8(-(hc595_b_data))
 871 05c6 8081      		ld r24,Z
 872 05c8 8C83      		std Y+4,r24
 873               	.LM73:
 874 05ca 8A81      		ldd r24,Y+2
 875 05cc 882F      		mov r24,r24
 876 05ce 90E0      		ldi r25,lo8(0)
 877 05d0 FC01      		movw r30,r24
 878 05d2 E050      		subi r30,lo8(-(hc595_copy_data))
 879 05d4 F040      		sbci r31,hi8(-(hc595_copy_data))
 880 05d6 8081      		ld r24,Z
 881 05d8 8983      		std Y+1,r24
 882               	.LM74:
 883 05da 8981      		ldd r24,Y+1
 884 05dc 8823      		tst r24
 885 05de 04F0      		brlt .L30
 886               	.LM75:
 887 05e0 EF81      		ldd r30,Y+7
 888 05e2 F885      		ldd r31,Y+8
 889 05e4 8081      		ld r24,Z
 890 05e6 982F      		mov r25,r24
 891 05e8 8C81      		ldd r24,Y+4
 892 05ea 8095      		com r24
 893 05ec 8923      		and r24,r25
 894 05ee EF81      		ldd r30,Y+7
 895 05f0 F885      		ldd r31,Y+8
 896 05f2 8083      		st Z,r24
 897 05f4 00C0      		rjmp .L31
 898               	.L30:
 899               	.LM76:
 900 05f6 EF81      		ldd r30,Y+7
 901 05f8 F885      		ldd r31,Y+8
 902 05fa 9081      		ld r25,Z
 903 05fc 8C81      		ldd r24,Y+4
 904 05fe 892B      		or r24,r25
 905 0600 EF81      		ldd r30,Y+7
 906 0602 F885      		ldd r31,Y+8
 907 0604 8083      		st Z,r24
 908               	.L31:
 909               	.LM77:
 910 0606 8A81      		ldd r24,Y+2
 911 0608 8F5F      		subi r24,lo8(-(1))
 912 060a 8A83      		std Y+2,r24
GAS LISTING C:\Users\alex\AppData\Local\Temp/ccfhfcxX.s 			page 17


 913               	.L29:
 914 060c 9A81      		ldd r25,Y+2
 915 060e 8D85      		ldd r24,Y+13
 916 0610 9817      		cp r25,r24
 917 0612 00F0      		brlo .L32
 918               	.LM78:
 919 0614 8AE0      		ldi r24,lo8(10)
 920 0616 90E0      		ldi r25,hi8(10)
 921 0618 0E94 0000 		call udelay
 922               	.LM79:
 923 061c EB85      		ldd r30,Y+11
 924 061e FC85      		ldd r31,Y+12
 925 0620 9081      		ld r25,Z
 926 0622 8E81      		ldd r24,Y+6
 927 0624 892B      		or r24,r25
 928 0626 EB85      		ldd r30,Y+11
 929 0628 FC85      		ldd r31,Y+12
 930 062a 8083      		st Z,r24
 931               	.LM80:
 932 062c 84E1      		ldi r24,lo8(20)
 933 062e 90E0      		ldi r25,hi8(20)
 934 0630 0E94 0000 		call udelay
 935               	.LM81:
 936 0634 1A82      		std Y+2,__zero_reg__
 937 0636 00C0      		rjmp .L33
 938               	.L34:
 939               	.LM82:
 940 0638 8A81      		ldd r24,Y+2
 941 063a 882F      		mov r24,r24
 942 063c 90E0      		ldi r25,lo8(0)
 943 063e 880F      		lsl r24
 944 0640 991F      		rol r25
 945 0642 FC01      		movw r30,r24
 946 0644 E050      		subi r30,lo8(-(hc595_p_data))
 947 0646 F040      		sbci r31,hi8(-(hc595_p_data))
 948 0648 8081      		ld r24,Z
 949 064a 9181      		ldd r25,Z+1
 950 064c 9887      		std Y+8,r25
 951 064e 8F83      		std Y+7,r24
 952               	.LM83:
 953 0650 8A81      		ldd r24,Y+2
 954 0652 882F      		mov r24,r24
 955 0654 90E0      		ldi r25,lo8(0)
 956 0656 FC01      		movw r30,r24
 957 0658 E050      		subi r30,lo8(-(hc595_b_data))
 958 065a F040      		sbci r31,hi8(-(hc595_b_data))
 959 065c 8081      		ld r24,Z
 960 065e 8C83      		std Y+4,r24
 961               	.LM84:
 962 0660 EF81      		ldd r30,Y+7
 963 0662 F885      		ldd r31,Y+8
 964 0664 8081      		ld r24,Z
 965 0666 982F      		mov r25,r24
 966 0668 8C81      		ldd r24,Y+4
 967 066a 8095      		com r24
 968 066c 8923      		and r24,r25
 969 066e EF81      		ldd r30,Y+7
GAS LISTING C:\Users\alex\AppData\Local\Temp/ccfhfcxX.s 			page 18


 970 0670 F885      		ldd r31,Y+8
 971 0672 8083      		st Z,r24
 972               	.LM85:
 973 0674 8A81      		ldd r24,Y+2
 974 0676 882F      		mov r24,r24
 975 0678 90E0      		ldi r25,lo8(0)
 976 067a FC01      		movw r30,r24
 977 067c E050      		subi r30,lo8(-(hc595_copy_data))
 978 067e F040      		sbci r31,hi8(-(hc595_copy_data))
 979 0680 8081      		ld r24,Z
 980 0682 8983      		std Y+1,r24
 981               	.LM86:
 982 0684 8A81      		ldd r24,Y+2
 983 0686 282F      		mov r18,r24
 984 0688 30E0      		ldi r19,lo8(0)
 985 068a 8981      		ldd r24,Y+1
 986 068c 880F      		lsl r24
 987 068e F901      		movw r30,r18
 988 0690 E050      		subi r30,lo8(-(hc595_copy_data))
 989 0692 F040      		sbci r31,hi8(-(hc595_copy_data))
 990 0694 8083      		st Z,r24
 991               	.LM87:
 992 0696 8A81      		ldd r24,Y+2
 993 0698 8F5F      		subi r24,lo8(-(1))
 994 069a 8A83      		std Y+2,r24
 995               	.L33:
 996 069c 9A81      		ldd r25,Y+2
 997 069e 8D85      		ldd r24,Y+13
 998 06a0 9817      		cp r25,r24
 999 06a2 00F0      		brlo .L34
 1000               	.LM88:
 1001 06a4 EB85      		ldd r30,Y+11
 1002 06a6 FC85      		ldd r31,Y+12
 1003 06a8 8081      		ld r24,Z
 1004 06aa 982F      		mov r25,r24
 1005 06ac 8E81      		ldd r24,Y+6
 1006 06ae 8095      		com r24
 1007 06b0 8923      		and r24,r25
 1008 06b2 EB85      		ldd r30,Y+11
 1009 06b4 FC85      		ldd r31,Y+12
 1010 06b6 8083      		st Z,r24
 1011               	.LM89:
 1012 06b8 8B81      		ldd r24,Y+3
 1013 06ba 8F5F      		subi r24,lo8(-(1))
 1014 06bc 8B83      		std Y+3,r24
 1015               	.L28:
 1016 06be 8B81      		ldd r24,Y+3
 1017 06c0 8830      		cpi r24,lo8(8)
 1018 06c2 00F4      		brsh .+2
 1019 06c4 00C0      		rjmp .L35
 1020               	.LM90:
 1021 06c6 84E1      		ldi r24,lo8(20)
 1022 06c8 90E0      		ldi r25,hi8(20)
 1023 06ca 0E94 0000 		call udelay
 1024               	.LM91:
 1025 06ce E985      		ldd r30,Y+9
 1026 06d0 FA85      		ldd r31,Y+10
GAS LISTING C:\Users\alex\AppData\Local\Temp/ccfhfcxX.s 			page 19


 1027 06d2 9081      		ld r25,Z
 1028 06d4 8D81      		ldd r24,Y+5
 1029 06d6 892B      		or r24,r25
 1030 06d8 E985      		ldd r30,Y+9
 1031 06da FA85      		ldd r31,Y+10
 1032 06dc 8083      		st Z,r24
 1033               	.LM92:
 1034 06de 84E1      		ldi r24,lo8(20)
 1035 06e0 90E0      		ldi r25,hi8(20)
 1036 06e2 0E94 0000 		call udelay
 1037               	.LM93:
 1038 06e6 E985      		ldd r30,Y+9
 1039 06e8 FA85      		ldd r31,Y+10
 1040 06ea 8081      		ld r24,Z
 1041 06ec 982F      		mov r25,r24
 1042 06ee 8D81      		ldd r24,Y+5
 1043 06f0 8095      		com r24
 1044 06f2 8923      		and r24,r25
 1045 06f4 E985      		ldd r30,Y+9
 1046 06f6 FA85      		ldd r31,Y+10
 1047 06f8 8083      		st Z,r24
 1048               	.LM94:
 1049 06fa 84E1      		ldi r24,lo8(20)
 1050 06fc 90E0      		ldi r25,hi8(20)
 1051 06fe 0E94 0000 		call udelay
 1052               	/* epilogue start */
 1053               	.LM95:
 1054 0702 2D96      		adiw r28,13
 1055 0704 0FB6      		in __tmp_reg__,__SREG__
 1056 0706 F894      		cli
 1057 0708 DEBF      		out __SP_H__,r29
 1058 070a 0FBE      		out __SREG__,__tmp_reg__
 1059 070c CDBF      		out __SP_L__,r28
 1060 070e CF91      		pop r28
 1061 0710 DF91      		pop r29
 1062 0712 0895      		ret
 1063               	.LFE5:
 1064               		.size	s595_write, .-s595_write
 1065               		.comm hc595_p_cs,40,1
 1066               		.comm hc595_p_data,40,1
 1067               		.comm hc595_p_clk,40,1
 1068               		.comm hc595_b_cs,20,1
 1069               		.comm hc595_b_data,20,1
 1070               		.comm hc595_b_clk,20,1
 1071               		.comm hc595_c_data,20,1
 1072               		.comm hc595_copy_data,20,1
 1073               		.section	.debug_frame,"",@progbits
 1074               	.Lframe0:
 1075 0000 0C00 0000 		.long	.LECIE0-.LSCIE0
 1076               	.LSCIE0:
 1077 0004 FFFF FFFF 		.long	0xffffffff
 1078 0008 01        		.byte	0x1
 1079 0009 00        		.string	""
 1080 000a 01        		.uleb128 0x1
 1081 000b 7F        		.sleb128 -1
 1082 000c 24        		.byte	0x24
 1083 000d 0C        		.byte	0xc
GAS LISTING C:\Users\alex\AppData\Local\Temp/ccfhfcxX.s 			page 20


 1084 000e 20        		.uleb128 0x20
 1085 000f 00        		.uleb128 0x0
 1086               		.p2align	2
 1087               	.LECIE0:
 1088               	.LSFDE0:
 1089 0010 0C00 0000 		.long	.LEFDE0-.LASFDE0
 1090               	.LASFDE0:
 1091 0014 0000 0000 		.long	.Lframe0
 1092 0018 0000 0000 		.long	.LFB2
 1093 001c EE02 0000 		.long	.LFE2-.LFB2
 1094               		.p2align	2
 1095               	.LEFDE0:
 1096               	.LSFDE2:
 1097 0020 0C00 0000 		.long	.LEFDE2-.LASFDE2
 1098               	.LASFDE2:
 1099 0024 0000 0000 		.long	.Lframe0
 1100 0028 0000 0000 		.long	.LFB3
 1101 002c A601 0000 		.long	.LFE3-.LFB3
 1102               		.p2align	2
 1103               	.LEFDE2:
 1104               	.LSFDE4:
 1105 0030 0C00 0000 		.long	.LEFDE4-.LASFDE4
 1106               	.LASFDE4:
 1107 0034 0000 0000 		.long	.Lframe0
 1108 0038 0000 0000 		.long	.LFB4
 1109 003c 2800 0000 		.long	.LFE4-.LFB4
 1110               		.p2align	2
 1111               	.LEFDE4:
 1112               	.LSFDE6:
 1113 0040 0C00 0000 		.long	.LEFDE6-.LASFDE6
 1114               	.LASFDE6:
 1115 0044 0000 0000 		.long	.Lframe0
 1116 0048 0000 0000 		.long	.LFB5
 1117 004c 5802 0000 		.long	.LFE5-.LFB5
 1118               		.p2align	2
 1119               	.LEFDE6:
 1120               		.text
 1121               	.Letext0:
 1122               		.section	.debug_info
 1123 0000 1903 0000 		.long	0x319
 1124 0004 0200      		.word	0x2
 1125 0006 0000 0000 		.long	.Ldebug_abbrev0
 1126 000a 04        		.byte	0x4
 1127 000b 01        		.uleb128 0x1
 1128 000c 0000 0000 		.long	.LASF26
 1129 0010 01        		.byte	0x1
 1130 0011 0000 0000 		.long	.LASF27
 1131 0015 0000 0000 		.long	.LASF28
 1132 0019 0000 0000 		.long	.Ltext0
 1133 001d 0000 0000 		.long	.Letext0
 1134 0021 0000 0000 		.long	.Ldebug_line0
 1135 0025 02        		.uleb128 0x2
 1136 0026 01        		.byte	0x1
 1137 0027 06        		.byte	0x6
 1138 0028 0000 0000 		.long	.LASF0
 1139 002c 03        		.uleb128 0x3
 1140 002d 0000 0000 		.long	.LASF29
GAS LISTING C:\Users\alex\AppData\Local\Temp/ccfhfcxX.s 			page 21


 1141 0031 02        		.byte	0x2
 1142 0032 7A        		.byte	0x7a
 1143 0033 3700 0000 		.long	0x37
 1144 0037 02        		.uleb128 0x2
 1145 0038 01        		.byte	0x1
 1146 0039 08        		.byte	0x8
 1147 003a 0000 0000 		.long	.LASF1
 1148 003e 04        		.uleb128 0x4
 1149 003f 02        		.byte	0x2
 1150 0040 05        		.byte	0x5
 1151 0041 696E 7400 		.string	"int"
 1152 0045 02        		.uleb128 0x2
 1153 0046 02        		.byte	0x2
 1154 0047 07        		.byte	0x7
 1155 0048 0000 0000 		.long	.LASF2
 1156 004c 02        		.uleb128 0x2
 1157 004d 04        		.byte	0x4
 1158 004e 05        		.byte	0x5
 1159 004f 0000 0000 		.long	.LASF3
 1160 0053 02        		.uleb128 0x2
 1161 0054 04        		.byte	0x4
 1162 0055 07        		.byte	0x7
 1163 0056 0000 0000 		.long	.LASF4
 1164 005a 02        		.uleb128 0x2
 1165 005b 08        		.byte	0x8
 1166 005c 05        		.byte	0x5
 1167 005d 0000 0000 		.long	.LASF5
 1168 0061 02        		.uleb128 0x2
 1169 0062 08        		.byte	0x8
 1170 0063 07        		.byte	0x7
 1171 0064 0000 0000 		.long	.LASF6
 1172 0068 05        		.uleb128 0x5
 1173 0069 01        		.byte	0x1
 1174 006a 08        		.byte	0x8
 1175 006b 06        		.uleb128 0x6
 1176 006c 01        		.byte	0x1
 1177 006d 0000 0000 		.long	.LASF11
 1178 0071 01        		.byte	0x1
 1179 0072 1F        		.byte	0x1f
 1180 0073 01        		.byte	0x1
 1181 0074 0000 0000 		.long	.LFB2
 1182 0078 0000 0000 		.long	.LFE2
 1183 007c 02        		.byte	0x2
 1184 007d 90        		.byte	0x90
 1185 007e 20        		.uleb128 0x20
 1186 007f E500 0000 		.long	0xe5
 1187 0083 07        		.uleb128 0x7
 1188 0084 0000 0000 		.long	.LASF7
 1189 0088 01        		.byte	0x1
 1190 0089 1D        		.byte	0x1d
 1191 008a 2C00 0000 		.long	0x2c
 1192 008e 02        		.byte	0x2
 1193 008f 8C        		.byte	0x8c
 1194 0090 04        		.sleb128 4
 1195 0091 08        		.uleb128 0x8
 1196 0092 636C 6B00 		.string	"clk"
 1197 0096 01        		.byte	0x1
GAS LISTING C:\Users\alex\AppData\Local\Temp/ccfhfcxX.s 			page 22


 1198 0097 1D        		.byte	0x1d
 1199 0098 2C00 0000 		.long	0x2c
 1200 009c 02        		.byte	0x2
 1201 009d 8C        		.byte	0x8c
 1202 009e 05        		.sleb128 5
 1203 009f 08        		.uleb128 0x8
 1204 00a0 6373 00   		.string	"cs"
 1205 00a3 01        		.byte	0x1
 1206 00a4 1D        		.byte	0x1d
 1207 00a5 2C00 0000 		.long	0x2c
 1208 00a9 02        		.byte	0x2
 1209 00aa 8C        		.byte	0x8c
 1210 00ab 06        		.sleb128 6
 1211 00ac 07        		.uleb128 0x7
 1212 00ad 0000 0000 		.long	.LASF8
 1213 00b1 01        		.byte	0x1
 1214 00b2 1D        		.byte	0x1d
 1215 00b3 2C00 0000 		.long	0x2c
 1216 00b7 02        		.byte	0x2
 1217 00b8 8C        		.byte	0x8c
 1218 00b9 07        		.sleb128 7
 1219 00ba 09        		.uleb128 0x9
 1220 00bb 0000 0000 		.long	.LASF9
 1221 00bf 01        		.byte	0x1
 1222 00c0 1F        		.byte	0x1f
 1223 00c1 2C00 0000 		.long	0x2c
 1224 00c5 02        		.byte	0x2
 1225 00c6 8C        		.byte	0x8c
 1226 00c7 03        		.sleb128 3
 1227 00c8 0A        		.uleb128 0xa
 1228 00c9 6263 7300 		.string	"bcs"
 1229 00cd 01        		.byte	0x1
 1230 00ce 1F        		.byte	0x1f
 1231 00cf 2C00 0000 		.long	0x2c
 1232 00d3 02        		.byte	0x2
 1233 00d4 8C        		.byte	0x8c
 1234 00d5 02        		.sleb128 2
 1235 00d6 09        		.uleb128 0x9
 1236 00d7 0000 0000 		.long	.LASF10
 1237 00db 01        		.byte	0x1
 1238 00dc 1F        		.byte	0x1f
 1239 00dd 2C00 0000 		.long	0x2c
 1240 00e1 02        		.byte	0x2
 1241 00e2 8C        		.byte	0x8c
 1242 00e3 01        		.sleb128 1
 1243 00e4 00        		.byte	0x0
 1244 00e5 06        		.uleb128 0x6
 1245 00e6 01        		.byte	0x1
 1246 00e7 0000 0000 		.long	.LASF12
 1247 00eb 01        		.byte	0x1
 1248 00ec 3E        		.byte	0x3e
 1249 00ed 01        		.byte	0x1
 1250 00ee 0000 0000 		.long	.LFB3
 1251 00f2 0000 0000 		.long	.LFE3
 1252 00f6 02        		.byte	0x2
 1253 00f7 90        		.byte	0x90
 1254 00f8 20        		.uleb128 0x20
GAS LISTING C:\Users\alex\AppData\Local\Temp/ccfhfcxX.s 			page 23


 1255 00f9 7801 0000 		.long	0x178
 1256 00fd 07        		.uleb128 0x7
 1257 00fe 0000 0000 		.long	.LASF7
 1258 0102 01        		.byte	0x1
 1259 0103 3C        		.byte	0x3c
 1260 0104 2C00 0000 		.long	0x2c
 1261 0108 02        		.byte	0x2
 1262 0109 8C        		.byte	0x8c
 1263 010a 0B        		.sleb128 11
 1264 010b 08        		.uleb128 0x8
 1265 010c 6300      		.string	"c"
 1266 010e 01        		.byte	0x1
 1267 010f 3C        		.byte	0x3c
 1268 0110 3700 0000 		.long	0x37
 1269 0114 02        		.byte	0x2
 1270 0115 8C        		.byte	0x8c
 1271 0116 0C        		.sleb128 12
 1272 0117 09        		.uleb128 0x9
 1273 0118 0000 0000 		.long	.LASF13
 1274 011c 01        		.byte	0x1
 1275 011d 3F        		.byte	0x3f
 1276 011e 7801 0000 		.long	0x178
 1277 0122 02        		.byte	0x2
 1278 0123 8C        		.byte	0x8c
 1279 0124 09        		.sleb128 9
 1280 0125 0A        		.uleb128 0xa
 1281 0126 7063 7300 		.string	"pcs"
 1282 012a 01        		.byte	0x1
 1283 012b 3F        		.byte	0x3f
 1284 012c 7801 0000 		.long	0x178
 1285 0130 02        		.byte	0x2
 1286 0131 8C        		.byte	0x8c
 1287 0132 07        		.sleb128 7
 1288 0133 09        		.uleb128 0x9
 1289 0134 0000 0000 		.long	.LASF14
 1290 0138 01        		.byte	0x1
 1291 0139 3F        		.byte	0x3f
 1292 013a 7801 0000 		.long	0x178
 1293 013e 02        		.byte	0x2
 1294 013f 8C        		.byte	0x8c
 1295 0140 05        		.sleb128 5
 1296 0141 09        		.uleb128 0x9
 1297 0142 0000 0000 		.long	.LASF9
 1298 0146 01        		.byte	0x1
 1299 0147 40        		.byte	0x40
 1300 0148 2C00 0000 		.long	0x2c
 1301 014c 02        		.byte	0x2
 1302 014d 8C        		.byte	0x8c
 1303 014e 04        		.sleb128 4
 1304 014f 0A        		.uleb128 0xa
 1305 0150 6263 7300 		.string	"bcs"
 1306 0154 01        		.byte	0x1
 1307 0155 40        		.byte	0x40
 1308 0156 2C00 0000 		.long	0x2c
 1309 015a 02        		.byte	0x2
 1310 015b 8C        		.byte	0x8c
 1311 015c 03        		.sleb128 3
GAS LISTING C:\Users\alex\AppData\Local\Temp/ccfhfcxX.s 			page 24


 1312 015d 09        		.uleb128 0x9
 1313 015e 0000 0000 		.long	.LASF10
 1314 0162 01        		.byte	0x1
 1315 0163 40        		.byte	0x40
 1316 0164 2C00 0000 		.long	0x2c
 1317 0168 02        		.byte	0x2
 1318 0169 8C        		.byte	0x8c
 1319 016a 02        		.sleb128 2
 1320 016b 0A        		.uleb128 0xa
 1321 016c 6900      		.string	"i"
 1322 016e 01        		.byte	0x1
 1323 016f 41        		.byte	0x41
 1324 0170 2C00 0000 		.long	0x2c
 1325 0174 02        		.byte	0x2
 1326 0175 8C        		.byte	0x8c
 1327 0176 01        		.sleb128 1
 1328 0177 00        		.byte	0x0
 1329 0178 0B        		.uleb128 0xb
 1330 0179 02        		.byte	0x2
 1331 017a 7E01 0000 		.long	0x17e
 1332 017e 0C        		.uleb128 0xc
 1333 017f 2C00 0000 		.long	0x2c
 1334 0183 06        		.uleb128 0x6
 1335 0184 01        		.byte	0x1
 1336 0185 0000 0000 		.long	.LASF15
 1337 0189 01        		.byte	0x1
 1338 018a 70        		.byte	0x70
 1339 018b 01        		.byte	0x1
 1340 018c 0000 0000 		.long	.LFB4
 1341 0190 0000 0000 		.long	.LFE4
 1342 0194 02        		.byte	0x2
 1343 0195 90        		.byte	0x90
 1344 0196 20        		.uleb128 0x20
 1345 0197 B801 0000 		.long	0x1b8
 1346 019b 07        		.uleb128 0x7
 1347 019c 0000 0000 		.long	.LASF7
 1348 01a0 01        		.byte	0x1
 1349 01a1 70        		.byte	0x70
 1350 01a2 2C00 0000 		.long	0x2c
 1351 01a6 02        		.byte	0x2
 1352 01a7 8C        		.byte	0x8c
 1353 01a8 01        		.sleb128 1
 1354 01a9 08        		.uleb128 0x8
 1355 01aa 7661 6C00 		.string	"val"
 1356 01ae 01        		.byte	0x1
 1357 01af 70        		.byte	0x70
 1358 01b0 3700 0000 		.long	0x37
 1359 01b4 02        		.byte	0x2
 1360 01b5 8C        		.byte	0x8c
 1361 01b6 02        		.sleb128 2
 1362 01b7 00        		.byte	0x0
 1363 01b8 06        		.uleb128 0x6
 1364 01b9 01        		.byte	0x1
 1365 01ba 0000 0000 		.long	.LASF16
 1366 01be 01        		.byte	0x1
 1367 01bf 79        		.byte	0x79
 1368 01c0 01        		.byte	0x1
GAS LISTING C:\Users\alex\AppData\Local\Temp/ccfhfcxX.s 			page 25


 1369 01c1 0000 0000 		.long	.LFB5
 1370 01c5 0000 0000 		.long	.LFE5
 1371 01c9 02        		.byte	0x2
 1372 01ca 90        		.byte	0x90
 1373 01cb 20        		.uleb128 0x20
 1374 01cc 5902 0000 		.long	0x259
 1375 01d0 07        		.uleb128 0x7
 1376 01d1 0000 0000 		.long	.LASF17
 1377 01d5 01        		.byte	0x1
 1378 01d6 77        		.byte	0x77
 1379 01d7 2C00 0000 		.long	0x2c
 1380 01db 02        		.byte	0x2
 1381 01dc 8C        		.byte	0x8c
 1382 01dd 0D        		.sleb128 13
 1383 01de 09        		.uleb128 0x9
 1384 01df 0000 0000 		.long	.LASF13
 1385 01e3 01        		.byte	0x1
 1386 01e4 7A        		.byte	0x7a
 1387 01e5 7801 0000 		.long	0x178
 1388 01e9 02        		.byte	0x2
 1389 01ea 8C        		.byte	0x8c
 1390 01eb 0B        		.sleb128 11
 1391 01ec 0A        		.uleb128 0xa
 1392 01ed 7063 7300 		.string	"pcs"
 1393 01f1 01        		.byte	0x1
 1394 01f2 7A        		.byte	0x7a
 1395 01f3 7801 0000 		.long	0x178
 1396 01f7 02        		.byte	0x2
 1397 01f8 8C        		.byte	0x8c
 1398 01f9 09        		.sleb128 9
 1399 01fa 09        		.uleb128 0x9
 1400 01fb 0000 0000 		.long	.LASF14
 1401 01ff 01        		.byte	0x1
 1402 0200 7A        		.byte	0x7a
 1403 0201 7801 0000 		.long	0x178
 1404 0205 02        		.byte	0x2
 1405 0206 8C        		.byte	0x8c
 1406 0207 07        		.sleb128 7
 1407 0208 09        		.uleb128 0x9
 1408 0209 0000 0000 		.long	.LASF9
 1409 020d 01        		.byte	0x1
 1410 020e 7B        		.byte	0x7b
 1411 020f 2C00 0000 		.long	0x2c
 1412 0213 02        		.byte	0x2
 1413 0214 8C        		.byte	0x8c
 1414 0215 06        		.sleb128 6
 1415 0216 0A        		.uleb128 0xa
 1416 0217 6263 7300 		.string	"bcs"
 1417 021b 01        		.byte	0x1
 1418 021c 7B        		.byte	0x7b
 1419 021d 2C00 0000 		.long	0x2c
 1420 0221 02        		.byte	0x2
 1421 0222 8C        		.byte	0x8c
 1422 0223 05        		.sleb128 5
 1423 0224 09        		.uleb128 0x9
 1424 0225 0000 0000 		.long	.LASF10
 1425 0229 01        		.byte	0x1
GAS LISTING C:\Users\alex\AppData\Local\Temp/ccfhfcxX.s 			page 26


 1426 022a 7B        		.byte	0x7b
 1427 022b 2C00 0000 		.long	0x2c
 1428 022f 02        		.byte	0x2
 1429 0230 8C        		.byte	0x8c
 1430 0231 04        		.sleb128 4
 1431 0232 0A        		.uleb128 0xa
 1432 0233 6900      		.string	"i"
 1433 0235 01        		.byte	0x1
 1434 0236 7C        		.byte	0x7c
 1435 0237 2C00 0000 		.long	0x2c
 1436 023b 02        		.byte	0x2
 1437 023c 8C        		.byte	0x8c
 1438 023d 03        		.sleb128 3
 1439 023e 09        		.uleb128 0x9
 1440 023f 0000 0000 		.long	.LASF7
 1441 0243 01        		.byte	0x1
 1442 0244 7C        		.byte	0x7c
 1443 0245 2C00 0000 		.long	0x2c
 1444 0249 02        		.byte	0x2
 1445 024a 8C        		.byte	0x8c
 1446 024b 02        		.sleb128 2
 1447 024c 0A        		.uleb128 0xa
 1448 024d 6300      		.string	"c"
 1449 024f 01        		.byte	0x1
 1450 0250 7C        		.byte	0x7c
 1451 0251 2C00 0000 		.long	0x2c
 1452 0255 02        		.byte	0x2
 1453 0256 8C        		.byte	0x8c
 1454 0257 01        		.sleb128 1
 1455 0258 00        		.byte	0x0
 1456 0259 0D        		.uleb128 0xd
 1457 025a 7801 0000 		.long	0x178
 1458 025e 6902 0000 		.long	0x269
 1459 0262 0E        		.uleb128 0xe
 1460 0263 6902 0000 		.long	0x269
 1461 0267 13        		.byte	0x13
 1462 0268 00        		.byte	0x0
 1463 0269 05        		.uleb128 0x5
 1464 026a 02        		.byte	0x2
 1465 026b 07        		.byte	0x7
 1466 026c 0F        		.uleb128 0xf
 1467 026d 0000 0000 		.long	.LASF18
 1468 0271 01        		.byte	0x1
 1469 0272 11        		.byte	0x11
 1470 0273 5902 0000 		.long	0x259
 1471 0277 01        		.byte	0x1
 1472 0278 05        		.byte	0x5
 1473 0279 03        		.byte	0x3
 1474 027a 0000 0000 		.long	hc595_p_cs
 1475 027e 0F        		.uleb128 0xf
 1476 027f 0000 0000 		.long	.LASF19
 1477 0283 01        		.byte	0x1
 1478 0284 12        		.byte	0x12
 1479 0285 5902 0000 		.long	0x259
 1480 0289 01        		.byte	0x1
 1481 028a 05        		.byte	0x5
 1482 028b 03        		.byte	0x3
GAS LISTING C:\Users\alex\AppData\Local\Temp/ccfhfcxX.s 			page 27


 1483 028c 0000 0000 		.long	hc595_p_data
 1484 0290 0F        		.uleb128 0xf
 1485 0291 0000 0000 		.long	.LASF20
 1486 0295 01        		.byte	0x1
 1487 0296 13        		.byte	0x13
 1488 0297 5902 0000 		.long	0x259
 1489 029b 01        		.byte	0x1
 1490 029c 05        		.byte	0x5
 1491 029d 03        		.byte	0x3
 1492 029e 0000 0000 		.long	hc595_p_clk
 1493 02a2 0D        		.uleb128 0xd
 1494 02a3 2C00 0000 		.long	0x2c
 1495 02a7 B202 0000 		.long	0x2b2
 1496 02ab 0E        		.uleb128 0xe
 1497 02ac 6902 0000 		.long	0x269
 1498 02b0 13        		.byte	0x13
 1499 02b1 00        		.byte	0x0
 1500 02b2 0F        		.uleb128 0xf
 1501 02b3 0000 0000 		.long	.LASF21
 1502 02b7 01        		.byte	0x1
 1503 02b8 15        		.byte	0x15
 1504 02b9 A202 0000 		.long	0x2a2
 1505 02bd 01        		.byte	0x1
 1506 02be 05        		.byte	0x5
 1507 02bf 03        		.byte	0x3
 1508 02c0 0000 0000 		.long	hc595_b_cs
 1509 02c4 0F        		.uleb128 0xf
 1510 02c5 0000 0000 		.long	.LASF22
 1511 02c9 01        		.byte	0x1
 1512 02ca 16        		.byte	0x16
 1513 02cb A202 0000 		.long	0x2a2
 1514 02cf 01        		.byte	0x1
 1515 02d0 05        		.byte	0x5
 1516 02d1 03        		.byte	0x3
 1517 02d2 0000 0000 		.long	hc595_b_data
 1518 02d6 0F        		.uleb128 0xf
 1519 02d7 0000 0000 		.long	.LASF23
 1520 02db 01        		.byte	0x1
 1521 02dc 17        		.byte	0x17
 1522 02dd A202 0000 		.long	0x2a2
 1523 02e1 01        		.byte	0x1
 1524 02e2 05        		.byte	0x5
 1525 02e3 03        		.byte	0x3
 1526 02e4 0000 0000 		.long	hc595_b_clk
 1527 02e8 0D        		.uleb128 0xd
 1528 02e9 3700 0000 		.long	0x37
 1529 02ed F802 0000 		.long	0x2f8
 1530 02f1 0E        		.uleb128 0xe
 1531 02f2 6902 0000 		.long	0x269
 1532 02f6 13        		.byte	0x13
 1533 02f7 00        		.byte	0x0
 1534 02f8 0F        		.uleb128 0xf
 1535 02f9 0000 0000 		.long	.LASF24
 1536 02fd 01        		.byte	0x1
 1537 02fe 18        		.byte	0x18
 1538 02ff E802 0000 		.long	0x2e8
 1539 0303 01        		.byte	0x1
GAS LISTING C:\Users\alex\AppData\Local\Temp/ccfhfcxX.s 			page 28


 1540 0304 05        		.byte	0x5
 1541 0305 03        		.byte	0x3
 1542 0306 0000 0000 		.long	hc595_c_data
 1543 030a 0F        		.uleb128 0xf
 1544 030b 0000 0000 		.long	.LASF25
 1545 030f 01        		.byte	0x1
 1546 0310 19        		.byte	0x19
 1547 0311 E802 0000 		.long	0x2e8
 1548 0315 01        		.byte	0x1
 1549 0316 05        		.byte	0x5
 1550 0317 03        		.byte	0x3
 1551 0318 0000 0000 		.long	hc595_copy_data
 1552 031c 00        		.byte	0x0
 1553               		.section	.debug_abbrev
 1554 0000 01        		.uleb128 0x1
 1555 0001 11        		.uleb128 0x11
 1556 0002 01        		.byte	0x1
 1557 0003 25        		.uleb128 0x25
 1558 0004 0E        		.uleb128 0xe
 1559 0005 13        		.uleb128 0x13
 1560 0006 0B        		.uleb128 0xb
 1561 0007 03        		.uleb128 0x3
 1562 0008 0E        		.uleb128 0xe
 1563 0009 1B        		.uleb128 0x1b
 1564 000a 0E        		.uleb128 0xe
 1565 000b 11        		.uleb128 0x11
 1566 000c 01        		.uleb128 0x1
 1567 000d 12        		.uleb128 0x12
 1568 000e 01        		.uleb128 0x1
 1569 000f 10        		.uleb128 0x10
 1570 0010 06        		.uleb128 0x6
 1571 0011 00        		.byte	0x0
 1572 0012 00        		.byte	0x0
 1573 0013 02        		.uleb128 0x2
 1574 0014 24        		.uleb128 0x24
 1575 0015 00        		.byte	0x0
 1576 0016 0B        		.uleb128 0xb
 1577 0017 0B        		.uleb128 0xb
 1578 0018 3E        		.uleb128 0x3e
 1579 0019 0B        		.uleb128 0xb
 1580 001a 03        		.uleb128 0x3
 1581 001b 0E        		.uleb128 0xe
 1582 001c 00        		.byte	0x0
 1583 001d 00        		.byte	0x0
 1584 001e 03        		.uleb128 0x3
 1585 001f 16        		.uleb128 0x16
 1586 0020 00        		.byte	0x0
 1587 0021 03        		.uleb128 0x3
 1588 0022 0E        		.uleb128 0xe
 1589 0023 3A        		.uleb128 0x3a
 1590 0024 0B        		.uleb128 0xb
 1591 0025 3B        		.uleb128 0x3b
 1592 0026 0B        		.uleb128 0xb
 1593 0027 49        		.uleb128 0x49
 1594 0028 13        		.uleb128 0x13
 1595 0029 00        		.byte	0x0
 1596 002a 00        		.byte	0x0
GAS LISTING C:\Users\alex\AppData\Local\Temp/ccfhfcxX.s 			page 29


 1597 002b 04        		.uleb128 0x4
 1598 002c 24        		.uleb128 0x24
 1599 002d 00        		.byte	0x0
 1600 002e 0B        		.uleb128 0xb
 1601 002f 0B        		.uleb128 0xb
 1602 0030 3E        		.uleb128 0x3e
 1603 0031 0B        		.uleb128 0xb
 1604 0032 03        		.uleb128 0x3
 1605 0033 08        		.uleb128 0x8
 1606 0034 00        		.byte	0x0
 1607 0035 00        		.byte	0x0
 1608 0036 05        		.uleb128 0x5
 1609 0037 24        		.uleb128 0x24
 1610 0038 00        		.byte	0x0
 1611 0039 0B        		.uleb128 0xb
 1612 003a 0B        		.uleb128 0xb
 1613 003b 3E        		.uleb128 0x3e
 1614 003c 0B        		.uleb128 0xb
 1615 003d 00        		.byte	0x0
 1616 003e 00        		.byte	0x0
 1617 003f 06        		.uleb128 0x6
 1618 0040 2E        		.uleb128 0x2e
 1619 0041 01        		.byte	0x1
 1620 0042 3F        		.uleb128 0x3f
 1621 0043 0C        		.uleb128 0xc
 1622 0044 03        		.uleb128 0x3
 1623 0045 0E        		.uleb128 0xe
 1624 0046 3A        		.uleb128 0x3a
 1625 0047 0B        		.uleb128 0xb
 1626 0048 3B        		.uleb128 0x3b
 1627 0049 0B        		.uleb128 0xb
 1628 004a 27        		.uleb128 0x27
 1629 004b 0C        		.uleb128 0xc
 1630 004c 11        		.uleb128 0x11
 1631 004d 01        		.uleb128 0x1
 1632 004e 12        		.uleb128 0x12
 1633 004f 01        		.uleb128 0x1
 1634 0050 40        		.uleb128 0x40
 1635 0051 0A        		.uleb128 0xa
 1636 0052 01        		.uleb128 0x1
 1637 0053 13        		.uleb128 0x13
 1638 0054 00        		.byte	0x0
 1639 0055 00        		.byte	0x0
 1640 0056 07        		.uleb128 0x7
 1641 0057 05        		.uleb128 0x5
 1642 0058 00        		.byte	0x0
 1643 0059 03        		.uleb128 0x3
 1644 005a 0E        		.uleb128 0xe
 1645 005b 3A        		.uleb128 0x3a
 1646 005c 0B        		.uleb128 0xb
 1647 005d 3B        		.uleb128 0x3b
 1648 005e 0B        		.uleb128 0xb
 1649 005f 49        		.uleb128 0x49
 1650 0060 13        		.uleb128 0x13
 1651 0061 02        		.uleb128 0x2
 1652 0062 0A        		.uleb128 0xa
 1653 0063 00        		.byte	0x0
GAS LISTING C:\Users\alex\AppData\Local\Temp/ccfhfcxX.s 			page 30


 1654 0064 00        		.byte	0x0
 1655 0065 08        		.uleb128 0x8
 1656 0066 05        		.uleb128 0x5
 1657 0067 00        		.byte	0x0
 1658 0068 03        		.uleb128 0x3
 1659 0069 08        		.uleb128 0x8
 1660 006a 3A        		.uleb128 0x3a
 1661 006b 0B        		.uleb128 0xb
 1662 006c 3B        		.uleb128 0x3b
 1663 006d 0B        		.uleb128 0xb
 1664 006e 49        		.uleb128 0x49
 1665 006f 13        		.uleb128 0x13
 1666 0070 02        		.uleb128 0x2
 1667 0071 0A        		.uleb128 0xa
 1668 0072 00        		.byte	0x0
 1669 0073 00        		.byte	0x0
 1670 0074 09        		.uleb128 0x9
 1671 0075 34        		.uleb128 0x34
 1672 0076 00        		.byte	0x0
 1673 0077 03        		.uleb128 0x3
 1674 0078 0E        		.uleb128 0xe
 1675 0079 3A        		.uleb128 0x3a
 1676 007a 0B        		.uleb128 0xb
 1677 007b 3B        		.uleb128 0x3b
 1678 007c 0B        		.uleb128 0xb
 1679 007d 49        		.uleb128 0x49
 1680 007e 13        		.uleb128 0x13
 1681 007f 02        		.uleb128 0x2
 1682 0080 0A        		.uleb128 0xa
 1683 0081 00        		.byte	0x0
 1684 0082 00        		.byte	0x0
 1685 0083 0A        		.uleb128 0xa
 1686 0084 34        		.uleb128 0x34
 1687 0085 00        		.byte	0x0
 1688 0086 03        		.uleb128 0x3
 1689 0087 08        		.uleb128 0x8
 1690 0088 3A        		.uleb128 0x3a
 1691 0089 0B        		.uleb128 0xb
 1692 008a 3B        		.uleb128 0x3b
 1693 008b 0B        		.uleb128 0xb
 1694 008c 49        		.uleb128 0x49
 1695 008d 13        		.uleb128 0x13
 1696 008e 02        		.uleb128 0x2
 1697 008f 0A        		.uleb128 0xa
 1698 0090 00        		.byte	0x0
 1699 0091 00        		.byte	0x0
 1700 0092 0B        		.uleb128 0xb
 1701 0093 0F        		.uleb128 0xf
 1702 0094 00        		.byte	0x0
 1703 0095 0B        		.uleb128 0xb
 1704 0096 0B        		.uleb128 0xb
 1705 0097 49        		.uleb128 0x49
 1706 0098 13        		.uleb128 0x13
 1707 0099 00        		.byte	0x0
 1708 009a 00        		.byte	0x0
 1709 009b 0C        		.uleb128 0xc
 1710 009c 35        		.uleb128 0x35
GAS LISTING C:\Users\alex\AppData\Local\Temp/ccfhfcxX.s 			page 31


 1711 009d 00        		.byte	0x0
 1712 009e 49        		.uleb128 0x49
 1713 009f 13        		.uleb128 0x13
 1714 00a0 00        		.byte	0x0
 1715 00a1 00        		.byte	0x0
 1716 00a2 0D        		.uleb128 0xd
 1717 00a3 01        		.uleb128 0x1
 1718 00a4 01        		.byte	0x1
 1719 00a5 49        		.uleb128 0x49
 1720 00a6 13        		.uleb128 0x13
 1721 00a7 01        		.uleb128 0x1
 1722 00a8 13        		.uleb128 0x13
 1723 00a9 00        		.byte	0x0
 1724 00aa 00        		.byte	0x0
 1725 00ab 0E        		.uleb128 0xe
 1726 00ac 21        		.uleb128 0x21
 1727 00ad 00        		.byte	0x0
 1728 00ae 49        		.uleb128 0x49
 1729 00af 13        		.uleb128 0x13
 1730 00b0 2F        		.uleb128 0x2f
 1731 00b1 0B        		.uleb128 0xb
 1732 00b2 00        		.byte	0x0
 1733 00b3 00        		.byte	0x0
 1734 00b4 0F        		.uleb128 0xf
 1735 00b5 34        		.uleb128 0x34
 1736 00b6 00        		.byte	0x0
 1737 00b7 03        		.uleb128 0x3
 1738 00b8 0E        		.uleb128 0xe
 1739 00b9 3A        		.uleb128 0x3a
 1740 00ba 0B        		.uleb128 0xb
 1741 00bb 3B        		.uleb128 0x3b
 1742 00bc 0B        		.uleb128 0xb
 1743 00bd 49        		.uleb128 0x49
 1744 00be 13        		.uleb128 0x13
 1745 00bf 3F        		.uleb128 0x3f
 1746 00c0 0C        		.uleb128 0xc
 1747 00c1 02        		.uleb128 0x2
 1748 00c2 0A        		.uleb128 0xa
 1749 00c3 00        		.byte	0x0
 1750 00c4 00        		.byte	0x0
 1751 00c5 00        		.byte	0x0
 1752               		.section	.debug_pubnames,"",@progbits
 1753 0000 D200 0000 		.long	0xd2
 1754 0004 0200      		.word	0x2
 1755 0006 0000 0000 		.long	.Ldebug_info0
 1756 000a 1D03 0000 		.long	0x31d
 1757 000e 6B00 0000 		.long	0x6b
 1758 0012 696E 6974 		.string	"init_74hc595"
 1758      5F37 3468 
 1758      6335 3935 
 1758      00
 1759 001f E500 0000 		.long	0xe5
 1760 0023 7335 3935 		.string	"s595_putc"
 1760      5F70 7574 
 1760      6300 
 1761 002d 8301 0000 		.long	0x183
 1762 0031 7335 3935 		.string	"s595_set_val"
GAS LISTING C:\Users\alex\AppData\Local\Temp/ccfhfcxX.s 			page 32


 1762      5F73 6574 
 1762      5F76 616C 
 1762      00
 1763 003e B801 0000 		.long	0x1b8
 1764 0042 7335 3935 		.string	"s595_write"
 1764      5F77 7269 
 1764      7465 00
 1765 004d 6C02 0000 		.long	0x26c
 1766 0051 6863 3539 		.string	"hc595_p_cs"
 1766      355F 705F 
 1766      6373 00
 1767 005c 7E02 0000 		.long	0x27e
 1768 0060 6863 3539 		.string	"hc595_p_data"
 1768      355F 705F 
 1768      6461 7461 
 1768      00
 1769 006d 9002 0000 		.long	0x290
 1770 0071 6863 3539 		.string	"hc595_p_clk"
 1770      355F 705F 
 1770      636C 6B00 
 1771 007d B202 0000 		.long	0x2b2
 1772 0081 6863 3539 		.string	"hc595_b_cs"
 1772      355F 625F 
 1772      6373 00
 1773 008c C402 0000 		.long	0x2c4
 1774 0090 6863 3539 		.string	"hc595_b_data"
 1774      355F 625F 
 1774      6461 7461 
 1774      00
 1775 009d D602 0000 		.long	0x2d6
 1776 00a1 6863 3539 		.string	"hc595_b_clk"
 1776      355F 625F 
 1776      636C 6B00 
 1777 00ad F802 0000 		.long	0x2f8
 1778 00b1 6863 3539 		.string	"hc595_c_data"
 1778      355F 635F 
 1778      6461 7461 
 1778      00
 1779 00be 0A03 0000 		.long	0x30a
 1780 00c2 6863 3539 		.string	"hc595_copy_data"
 1780      355F 636F 
 1780      7079 5F64 
 1780      6174 6100 
 1781 00d2 0000 0000 		.long	0x0
 1782               		.section	.debug_aranges,"",@progbits
 1783 0000 1C00 0000 		.long	0x1c
 1784 0004 0200      		.word	0x2
 1785 0006 0000 0000 		.long	.Ldebug_info0
 1786 000a 04        		.byte	0x4
 1787 000b 00        		.byte	0x0
 1788 000c 0000      		.word	0x0
 1789 000e 0000      		.word	0x0
 1790 0010 0000 0000 		.long	.Ltext0
 1791 0014 1407 0000 		.long	.Letext0-.Ltext0
 1792 0018 0000 0000 		.long	0x0
 1793 001c 0000 0000 		.long	0x0
 1794               		.section	.debug_line
GAS LISTING C:\Users\alex\AppData\Local\Temp/ccfhfcxX.s 			page 33


 1795 0000 6203 0000 		.long	.LELT0-.LSLT0
 1796               	.LSLT0:
 1797 0004 0200      		.word	0x2
 1798 0006 5600 0000 		.long	.LELTP0-.LASLTP0
 1799               	.LASLTP0:
 1800 000a 01        		.byte	0x1
 1801 000b 01        		.byte	0x1
 1802 000c F6        		.byte	0xf6
 1803 000d F5        		.byte	0xf5
 1804 000e 0A        		.byte	0xa
 1805 000f 00        		.byte	0x0
 1806 0010 01        		.byte	0x1
 1807 0011 01        		.byte	0x1
 1808 0012 01        		.byte	0x1
 1809 0013 01        		.byte	0x1
 1810 0014 00        		.byte	0x0
 1811 0015 00        		.byte	0x0
 1812 0016 00        		.byte	0x0
 1813 0017 01        		.byte	0x1
 1814 0018 633A 2F77 		.ascii	"c:/winavr-20100110/lib/gcc/../../avr/include"
 1814      696E 6176 
 1814      722D 3230 
 1814      3130 3031 
 1814      3130 2F6C 
 1815 0044 00        		.byte	0
 1816 0045 00        		.byte	0x0
 1817 0046 3734 6863 		.string	"74hc595.c"
 1817      3539 352E 
 1817      6300 
 1818 0050 00        		.uleb128 0x0
 1819 0051 00        		.uleb128 0x0
 1820 0052 00        		.uleb128 0x0
 1821 0053 7374 6469 		.string	"stdint.h"
 1821      6E74 2E68 
 1821      00
 1822 005c 01        		.uleb128 0x1
 1823 005d 00        		.uleb128 0x0
 1824 005e 00        		.uleb128 0x0
 1825 005f 00        		.byte	0x0
 1826               	.LELTP0:
 1827 0060 00        		.byte	0x0
 1828 0061 05        		.uleb128 0x5
 1829 0062 02        		.byte	0x2
 1830 0063 0000 0000 		.long	.LM1
 1831 0067 32        		.byte	0x32
 1832 0068 00        		.byte	0x0
 1833 0069 05        		.uleb128 0x5
 1834 006a 02        		.byte	0x2
 1835 006b 0000 0000 		.long	.LM2
 1836 006f 16        		.byte	0x16
 1837 0070 00        		.byte	0x0
 1838 0071 05        		.uleb128 0x5
 1839 0072 02        		.byte	0x2
 1840 0073 0000 0000 		.long	.LM3
 1841 0077 15        		.byte	0x15
 1842 0078 00        		.byte	0x0
 1843 0079 05        		.uleb128 0x5
GAS LISTING C:\Users\alex\AppData\Local\Temp/ccfhfcxX.s 			page 34


 1844 007a 02        		.byte	0x2
 1845 007b 0000 0000 		.long	.LM4
 1846 007f 15        		.byte	0x15
 1847 0080 00        		.byte	0x0
 1848 0081 05        		.uleb128 0x5
 1849 0082 02        		.byte	0x2
 1850 0083 0000 0000 		.long	.LM5
 1851 0087 15        		.byte	0x15
 1852 0088 00        		.byte	0x0
 1853 0089 05        		.uleb128 0x5
 1854 008a 02        		.byte	0x2
 1855 008b 0000 0000 		.long	.LM6
 1856 008f 15        		.byte	0x15
 1857 0090 00        		.byte	0x0
 1858 0091 05        		.uleb128 0x5
 1859 0092 02        		.byte	0x2
 1860 0093 0000 0000 		.long	.LM7
 1861 0097 15        		.byte	0x15
 1862 0098 00        		.byte	0x0
 1863 0099 05        		.uleb128 0x5
 1864 009a 02        		.byte	0x2
 1865 009b 0000 0000 		.long	.LM8
 1866 009f 16        		.byte	0x16
 1867 00a0 00        		.byte	0x0
 1868 00a1 05        		.uleb128 0x5
 1869 00a2 02        		.byte	0x2
 1870 00a3 0000 0000 		.long	.LM9
 1871 00a7 15        		.byte	0x15
 1872 00a8 00        		.byte	0x0
 1873 00a9 05        		.uleb128 0x5
 1874 00aa 02        		.byte	0x2
 1875 00ab 0000 0000 		.long	.LM10
 1876 00af 15        		.byte	0x15
 1877 00b0 00        		.byte	0x0
 1878 00b1 05        		.uleb128 0x5
 1879 00b2 02        		.byte	0x2
 1880 00b3 0000 0000 		.long	.LM11
 1881 00b7 15        		.byte	0x15
 1882 00b8 00        		.byte	0x0
 1883 00b9 05        		.uleb128 0x5
 1884 00ba 02        		.byte	0x2
 1885 00bb 0000 0000 		.long	.LM12
 1886 00bf 15        		.byte	0x15
 1887 00c0 00        		.byte	0x0
 1888 00c1 05        		.uleb128 0x5
 1889 00c2 02        		.byte	0x2
 1890 00c3 0000 0000 		.long	.LM13
 1891 00c7 16        		.byte	0x16
 1892 00c8 00        		.byte	0x0
 1893 00c9 05        		.uleb128 0x5
 1894 00ca 02        		.byte	0x2
 1895 00cb 0000 0000 		.long	.LM14
 1896 00cf 15        		.byte	0x15
 1897 00d0 00        		.byte	0x0
 1898 00d1 05        		.uleb128 0x5
 1899 00d2 02        		.byte	0x2
 1900 00d3 0000 0000 		.long	.LM15
GAS LISTING C:\Users\alex\AppData\Local\Temp/ccfhfcxX.s 			page 35


 1901 00d7 15        		.byte	0x15
 1902 00d8 00        		.byte	0x0
 1903 00d9 05        		.uleb128 0x5
 1904 00da 02        		.byte	0x2
 1905 00db 0000 0000 		.long	.LM16
 1906 00df 15        		.byte	0x15
 1907 00e0 00        		.byte	0x0
 1908 00e1 05        		.uleb128 0x5
 1909 00e2 02        		.byte	0x2
 1910 00e3 0000 0000 		.long	.LM17
 1911 00e7 15        		.byte	0x15
 1912 00e8 00        		.byte	0x0
 1913 00e9 05        		.uleb128 0x5
 1914 00ea 02        		.byte	0x2
 1915 00eb 0000 0000 		.long	.LM18
 1916 00ef 16        		.byte	0x16
 1917 00f0 00        		.byte	0x0
 1918 00f1 05        		.uleb128 0x5
 1919 00f2 02        		.byte	0x2
 1920 00f3 0000 0000 		.long	.LM19
 1921 00f7 15        		.byte	0x15
 1922 00f8 00        		.byte	0x0
 1923 00f9 05        		.uleb128 0x5
 1924 00fa 02        		.byte	0x2
 1925 00fb 0000 0000 		.long	.LM20
 1926 00ff 15        		.byte	0x15
 1927 0100 00        		.byte	0x0
 1928 0101 05        		.uleb128 0x5
 1929 0102 02        		.byte	0x2
 1930 0103 0000 0000 		.long	.LM21
 1931 0107 15        		.byte	0x15
 1932 0108 00        		.byte	0x0
 1933 0109 05        		.uleb128 0x5
 1934 010a 02        		.byte	0x2
 1935 010b 0000 0000 		.long	.LM22
 1936 010f 15        		.byte	0x15
 1937 0110 00        		.byte	0x0
 1938 0111 05        		.uleb128 0x5
 1939 0112 02        		.byte	0x2
 1940 0113 0000 0000 		.long	.LM23
 1941 0117 15        		.byte	0x15
 1942 0118 00        		.byte	0x0
 1943 0119 05        		.uleb128 0x5
 1944 011a 02        		.byte	0x2
 1945 011b 0000 0000 		.long	.LM24
 1946 011f 19        		.byte	0x19
 1947 0120 00        		.byte	0x0
 1948 0121 05        		.uleb128 0x5
 1949 0122 02        		.byte	0x2
 1950 0123 0000 0000 		.long	.LM25
 1951 0127 19        		.byte	0x19
 1952 0128 00        		.byte	0x0
 1953 0129 05        		.uleb128 0x5
 1954 012a 02        		.byte	0x2
 1955 012b 0000 0000 		.long	.LM26
 1956 012f 15        		.byte	0x15
 1957 0130 00        		.byte	0x0
GAS LISTING C:\Users\alex\AppData\Local\Temp/ccfhfcxX.s 			page 36


 1958 0131 05        		.uleb128 0x5
 1959 0132 02        		.byte	0x2
 1960 0133 0000 0000 		.long	.LM27
 1961 0137 15        		.byte	0x15
 1962 0138 00        		.byte	0x0
 1963 0139 05        		.uleb128 0x5
 1964 013a 02        		.byte	0x2
 1965 013b 0000 0000 		.long	.LM28
 1966 013f 16        		.byte	0x16
 1967 0140 00        		.byte	0x0
 1968 0141 05        		.uleb128 0x5
 1969 0142 02        		.byte	0x2
 1970 0143 0000 0000 		.long	.LM29
 1971 0147 15        		.byte	0x15
 1972 0148 00        		.byte	0x0
 1973 0149 05        		.uleb128 0x5
 1974 014a 02        		.byte	0x2
 1975 014b 0000 0000 		.long	.LM30
 1976 014f 15        		.byte	0x15
 1977 0150 00        		.byte	0x0
 1978 0151 05        		.uleb128 0x5
 1979 0152 02        		.byte	0x2
 1980 0153 0000 0000 		.long	.LM31
 1981 0157 16        		.byte	0x16
 1982 0158 00        		.byte	0x0
 1983 0159 05        		.uleb128 0x5
 1984 015a 02        		.byte	0x2
 1985 015b 0000 0000 		.long	.LM32
 1986 015f 15        		.byte	0x15
 1987 0160 00        		.byte	0x0
 1988 0161 05        		.uleb128 0x5
 1989 0162 02        		.byte	0x2
 1990 0163 0000 0000 		.long	.LM33
 1991 0167 15        		.byte	0x15
 1992 0168 00        		.byte	0x0
 1993 0169 05        		.uleb128 0x5
 1994 016a 02        		.byte	0x2
 1995 016b 0000 0000 		.long	.LM34
 1996 016f 16        		.byte	0x16
 1997 0170 00        		.byte	0x0
 1998 0171 05        		.uleb128 0x5
 1999 0172 02        		.byte	0x2
 2000 0173 0000 0000 		.long	.LM35
 2001 0177 16        		.byte	0x16
 2002 0178 00        		.byte	0x0
 2003 0179 05        		.uleb128 0x5
 2004 017a 02        		.byte	0x2
 2005 017b 0000 0000 		.long	.LM36
 2006 017f 15        		.byte	0x15
 2007 0180 00        		.byte	0x0
 2008 0181 05        		.uleb128 0x5
 2009 0182 02        		.byte	0x2
 2010 0183 0000 0000 		.long	.LM37
 2011 0187 18        		.byte	0x18
 2012 0188 00        		.byte	0x0
 2013 0189 05        		.uleb128 0x5
 2014 018a 02        		.byte	0x2
GAS LISTING C:\Users\alex\AppData\Local\Temp/ccfhfcxX.s 			page 37


 2015 018b 0000 0000 		.long	.LM38
 2016 018f 17        		.byte	0x17
 2017 0190 00        		.byte	0x0
 2018 0191 05        		.uleb128 0x5
 2019 0192 02        		.byte	0x2
 2020 0193 0000 0000 		.long	.LM39
 2021 0197 16        		.byte	0x16
 2022 0198 00        		.byte	0x0
 2023 0199 05        		.uleb128 0x5
 2024 019a 02        		.byte	0x2
 2025 019b 0000 0000 		.long	.LM40
 2026 019f 15        		.byte	0x15
 2027 01a0 00        		.byte	0x0
 2028 01a1 05        		.uleb128 0x5
 2029 01a2 02        		.byte	0x2
 2030 01a3 0000 0000 		.long	.LM41
 2031 01a7 16        		.byte	0x16
 2032 01a8 00        		.byte	0x0
 2033 01a9 05        		.uleb128 0x5
 2034 01aa 02        		.byte	0x2
 2035 01ab 0000 0000 		.long	.LM42
 2036 01af 15        		.byte	0x15
 2037 01b0 00        		.byte	0x0
 2038 01b1 05        		.uleb128 0x5
 2039 01b2 02        		.byte	0x2
 2040 01b3 0000 0000 		.long	.LM43
 2041 01b7 17        		.byte	0x17
 2042 01b8 00        		.byte	0x0
 2043 01b9 05        		.uleb128 0x5
 2044 01ba 02        		.byte	0x2
 2045 01bb 0000 0000 		.long	.LM44
 2046 01bf 03        		.byte	0x3
 2047 01c0 6D        		.sleb128 -19
 2048 01c1 01        		.byte	0x1
 2049 01c2 00        		.byte	0x0
 2050 01c3 05        		.uleb128 0x5
 2051 01c4 02        		.byte	0x2
 2052 01c5 0000 0000 		.long	.LM45
 2053 01c9 2A        		.byte	0x2a
 2054 01ca 00        		.byte	0x0
 2055 01cb 05        		.uleb128 0x5
 2056 01cc 02        		.byte	0x2
 2057 01cd 0000 0000 		.long	.LM46
 2058 01d1 15        		.byte	0x15
 2059 01d2 00        		.byte	0x0
 2060 01d3 05        		.uleb128 0x5
 2061 01d4 02        		.byte	0x2
 2062 01d5 0000 0000 		.long	.LM47
 2063 01d9 15        		.byte	0x15
 2064 01da 00        		.byte	0x0
 2065 01db 05        		.uleb128 0x5
 2066 01dc 02        		.byte	0x2
 2067 01dd 0000 0000 		.long	.LM48
 2068 01e1 15        		.byte	0x15
 2069 01e2 00        		.byte	0x0
 2070 01e3 05        		.uleb128 0x5
 2071 01e4 02        		.byte	0x2
GAS LISTING C:\Users\alex\AppData\Local\Temp/ccfhfcxX.s 			page 38


 2072 01e5 0000 0000 		.long	.LM49
 2073 01e9 15        		.byte	0x15
 2074 01ea 00        		.byte	0x0
 2075 01eb 05        		.uleb128 0x5
 2076 01ec 02        		.byte	0x2
 2077 01ed 0000 0000 		.long	.LM50
 2078 01f1 16        		.byte	0x16
 2079 01f2 00        		.byte	0x0
 2080 01f3 05        		.uleb128 0x5
 2081 01f4 02        		.byte	0x2
 2082 01f5 0000 0000 		.long	.LM51
 2083 01f9 19        		.byte	0x19
 2084 01fa 00        		.byte	0x0
 2085 01fb 05        		.uleb128 0x5
 2086 01fc 02        		.byte	0x2
 2087 01fd 0000 0000 		.long	.LM52
 2088 0201 16        		.byte	0x16
 2089 0202 00        		.byte	0x0
 2090 0203 05        		.uleb128 0x5
 2091 0204 02        		.byte	0x2
 2092 0205 0000 0000 		.long	.LM53
 2093 0209 15        		.byte	0x15
 2094 020a 00        		.byte	0x0
 2095 020b 05        		.uleb128 0x5
 2096 020c 02        		.byte	0x2
 2097 020d 0000 0000 		.long	.LM54
 2098 0211 1A        		.byte	0x1a
 2099 0212 00        		.byte	0x0
 2100 0213 05        		.uleb128 0x5
 2101 0214 02        		.byte	0x2
 2102 0215 0000 0000 		.long	.LM55
 2103 0219 19        		.byte	0x19
 2104 021a 00        		.byte	0x0
 2105 021b 05        		.uleb128 0x5
 2106 021c 02        		.byte	0x2
 2107 021d 0000 0000 		.long	.LM56
 2108 0221 15        		.byte	0x15
 2109 0222 00        		.byte	0x0
 2110 0223 05        		.uleb128 0x5
 2111 0224 02        		.byte	0x2
 2112 0225 0000 0000 		.long	.LM57
 2113 0229 16        		.byte	0x16
 2114 022a 00        		.byte	0x0
 2115 022b 05        		.uleb128 0x5
 2116 022c 02        		.byte	0x2
 2117 022d 0000 0000 		.long	.LM58
 2118 0231 15        		.byte	0x15
 2119 0232 00        		.byte	0x0
 2120 0233 05        		.uleb128 0x5
 2121 0234 02        		.byte	0x2
 2122 0235 0000 0000 		.long	.LM59
 2123 0239 16        		.byte	0x16
 2124 023a 00        		.byte	0x0
 2125 023b 05        		.uleb128 0x5
 2126 023c 02        		.byte	0x2
 2127 023d 0000 0000 		.long	.LM60
 2128 0241 15        		.byte	0x15
GAS LISTING C:\Users\alex\AppData\Local\Temp/ccfhfcxX.s 			page 39


 2129 0242 00        		.byte	0x0
 2130 0243 05        		.uleb128 0x5
 2131 0244 02        		.byte	0x2
 2132 0245 0000 0000 		.long	.LM61
 2133 0249 15        		.byte	0x15
 2134 024a 00        		.byte	0x0
 2135 024b 05        		.uleb128 0x5
 2136 024c 02        		.byte	0x2
 2137 024d 0000 0000 		.long	.LM62
 2138 0251 15        		.byte	0x15
 2139 0252 00        		.byte	0x0
 2140 0253 05        		.uleb128 0x5
 2141 0254 02        		.byte	0x2
 2142 0255 0000 0000 		.long	.LM63
 2143 0259 15        		.byte	0x15
 2144 025a 00        		.byte	0x0
 2145 025b 05        		.uleb128 0x5
 2146 025c 02        		.byte	0x2
 2147 025d 0000 0000 		.long	.LM64
 2148 0261 11        		.byte	0x11
 2149 0262 00        		.byte	0x0
 2150 0263 05        		.uleb128 0x5
 2151 0264 02        		.byte	0x2
 2152 0265 0000 0000 		.long	.LM65
 2153 0269 19        		.byte	0x19
 2154 026a 00        		.byte	0x0
 2155 026b 05        		.uleb128 0x5
 2156 026c 02        		.byte	0x2
 2157 026d 0000 0000 		.long	.LM66
 2158 0271 15        		.byte	0x15
 2159 0272 00        		.byte	0x0
 2160 0273 05        		.uleb128 0x5
 2161 0274 02        		.byte	0x2
 2162 0275 0000 0000 		.long	.LM67
 2163 0279 13        		.byte	0x13
 2164 027a 00        		.byte	0x0
 2165 027b 05        		.uleb128 0x5
 2166 027c 02        		.byte	0x2
 2167 027d 0000 0000 		.long	.LM68
 2168 0281 17        		.byte	0x17
 2169 0282 00        		.byte	0x0
 2170 0283 05        		.uleb128 0x5
 2171 0284 02        		.byte	0x2
 2172 0285 0000 0000 		.long	.LM69
 2173 0289 16        		.byte	0x16
 2174 028a 00        		.byte	0x0
 2175 028b 05        		.uleb128 0x5
 2176 028c 02        		.byte	0x2
 2177 028d 0000 0000 		.long	.LM70
 2178 0291 15        		.byte	0x15
 2179 0292 00        		.byte	0x0
 2180 0293 05        		.uleb128 0x5
 2181 0294 02        		.byte	0x2
 2182 0295 0000 0000 		.long	.LM71
 2183 0299 15        		.byte	0x15
 2184 029a 00        		.byte	0x0
 2185 029b 05        		.uleb128 0x5
GAS LISTING C:\Users\alex\AppData\Local\Temp/ccfhfcxX.s 			page 40


 2186 029c 02        		.byte	0x2
 2187 029d 0000 0000 		.long	.LM72
 2188 02a1 15        		.byte	0x15
 2189 02a2 00        		.byte	0x0
 2190 02a3 05        		.uleb128 0x5
 2191 02a4 02        		.byte	0x2
 2192 02a5 0000 0000 		.long	.LM73
 2193 02a9 15        		.byte	0x15
 2194 02aa 00        		.byte	0x0
 2195 02ab 05        		.uleb128 0x5
 2196 02ac 02        		.byte	0x2
 2197 02ad 0000 0000 		.long	.LM74
 2198 02b1 15        		.byte	0x15
 2199 02b2 00        		.byte	0x0
 2200 02b3 05        		.uleb128 0x5
 2201 02b4 02        		.byte	0x2
 2202 02b5 0000 0000 		.long	.LM75
 2203 02b9 15        		.byte	0x15
 2204 02ba 00        		.byte	0x0
 2205 02bb 05        		.uleb128 0x5
 2206 02bc 02        		.byte	0x2
 2207 02bd 0000 0000 		.long	.LM76
 2208 02c1 18        		.byte	0x18
 2209 02c2 00        		.byte	0x0
 2210 02c3 05        		.uleb128 0x5
 2211 02c4 02        		.byte	0x2
 2212 02c5 0000 0000 		.long	.LM77
 2213 02c9 0B        		.byte	0xb
 2214 02ca 00        		.byte	0x0
 2215 02cb 05        		.uleb128 0x5
 2216 02cc 02        		.byte	0x2
 2217 02cd 0000 0000 		.long	.LM78
 2218 02d1 21        		.byte	0x21
 2219 02d2 00        		.byte	0x0
 2220 02d3 05        		.uleb128 0x5
 2221 02d4 02        		.byte	0x2
 2222 02d5 0000 0000 		.long	.LM79
 2223 02d9 16        		.byte	0x16
 2224 02da 00        		.byte	0x0
 2225 02db 05        		.uleb128 0x5
 2226 02dc 02        		.byte	0x2
 2227 02dd 0000 0000 		.long	.LM80
 2228 02e1 15        		.byte	0x15
 2229 02e2 00        		.byte	0x0
 2230 02e3 05        		.uleb128 0x5
 2231 02e4 02        		.byte	0x2
 2232 02e5 0000 0000 		.long	.LM81
 2233 02e9 15        		.byte	0x15
 2234 02ea 00        		.byte	0x0
 2235 02eb 05        		.uleb128 0x5
 2236 02ec 02        		.byte	0x2
 2237 02ed 0000 0000 		.long	.LM82
 2238 02f1 15        		.byte	0x15
 2239 02f2 00        		.byte	0x0
 2240 02f3 05        		.uleb128 0x5
 2241 02f4 02        		.byte	0x2
 2242 02f5 0000 0000 		.long	.LM83
GAS LISTING C:\Users\alex\AppData\Local\Temp/ccfhfcxX.s 			page 41


 2243 02f9 15        		.byte	0x15
 2244 02fa 00        		.byte	0x0
 2245 02fb 05        		.uleb128 0x5
 2246 02fc 02        		.byte	0x2
 2247 02fd 0000 0000 		.long	.LM84
 2248 0301 15        		.byte	0x15
 2249 0302 00        		.byte	0x0
 2250 0303 05        		.uleb128 0x5
 2251 0304 02        		.byte	0x2
 2252 0305 0000 0000 		.long	.LM85
 2253 0309 16        		.byte	0x16
 2254 030a 00        		.byte	0x0
 2255 030b 05        		.uleb128 0x5
 2256 030c 02        		.byte	0x2
 2257 030d 0000 0000 		.long	.LM86
 2258 0311 15        		.byte	0x15
 2259 0312 00        		.byte	0x0
 2260 0313 05        		.uleb128 0x5
 2261 0314 02        		.byte	0x2
 2262 0315 0000 0000 		.long	.LM87
 2263 0319 0E        		.byte	0xe
 2264 031a 00        		.byte	0x0
 2265 031b 05        		.uleb128 0x5
 2266 031c 02        		.byte	0x2
 2267 031d 0000 0000 		.long	.LM88
 2268 0321 1C        		.byte	0x1c
 2269 0322 00        		.byte	0x0
 2270 0323 05        		.uleb128 0x5
 2271 0324 02        		.byte	0x2
 2272 0325 0000 0000 		.long	.LM89
 2273 0329 03        		.byte	0x3
 2274 032a 66        		.sleb128 -26
 2275 032b 01        		.byte	0x1
 2276 032c 00        		.byte	0x0
 2277 032d 05        		.uleb128 0x5
 2278 032e 02        		.byte	0x2
 2279 032f 0000 0000 		.long	.LM90
 2280 0333 32        		.byte	0x32
 2281 0334 00        		.byte	0x0
 2282 0335 05        		.uleb128 0x5
 2283 0336 02        		.byte	0x2
 2284 0337 0000 0000 		.long	.LM91
 2285 033b 15        		.byte	0x15
 2286 033c 00        		.byte	0x0
 2287 033d 05        		.uleb128 0x5
 2288 033e 02        		.byte	0x2
 2289 033f 0000 0000 		.long	.LM92
 2290 0343 15        		.byte	0x15
 2291 0344 00        		.byte	0x0
 2292 0345 05        		.uleb128 0x5
 2293 0346 02        		.byte	0x2
 2294 0347 0000 0000 		.long	.LM93
 2295 034b 15        		.byte	0x15
 2296 034c 00        		.byte	0x0
 2297 034d 05        		.uleb128 0x5
 2298 034e 02        		.byte	0x2
 2299 034f 0000 0000 		.long	.LM94
GAS LISTING C:\Users\alex\AppData\Local\Temp/ccfhfcxX.s 			page 42


 2300 0353 15        		.byte	0x15
 2301 0354 00        		.byte	0x0
 2302 0355 05        		.uleb128 0x5
 2303 0356 02        		.byte	0x2
 2304 0357 0000 0000 		.long	.LM95
 2305 035b 15        		.byte	0x15
 2306 035c 00        		.byte	0x0
 2307 035d 05        		.uleb128 0x5
 2308 035e 02        		.byte	0x2
 2309 035f 0000 0000 		.long	.Letext0
 2310 0363 00        		.byte	0x0
 2311 0364 01        		.uleb128 0x1
 2312 0365 01        		.byte	0x1
 2313               	.LELT0:
 2314 0366 1600 0000 		.section	.debug_str,"MS",@progbits,1
 2314      0200 1000 
 2314      0000 0101 
 2314      FB0E 0A00 
 2314      0101 0101 
 2315               	.LASF14:
 2316 0000 7064 6174 		.string	"pdata"
 2316      6100 
 2317               	.LASF21:
 2318 0006 6863 3539 		.string	"hc595_b_cs"
 2318      355F 625F 
 2318      6373 00
 2319               	.LASF17:
 2320 0011 6E75 6D63 		.string	"numchips"
 2320      6869 7073 
 2320      00
 2321               	.LASF27:
 2322 001a 3734 6863 		.string	"74hc595.c"
 2322      3539 352E 
 2322      6300 
 2323               	.LASF18:
 2324 0024 6863 3539 		.string	"hc595_p_cs"
 2324      355F 705F 
 2324      6373 00
 2325               	.LASF24:
 2326 002f 6863 3539 		.string	"hc595_c_data"
 2326      355F 635F 
 2326      6461 7461 
 2326      00
 2327               	.LASF8:
 2328 003c 6461 7461 		.string	"data"
 2328      00
 2329               	.LASF1:
 2330 0041 756E 7369 		.string	"unsigned char"
 2330      676E 6564 
 2330      2063 6861 
 2330      7200 
 2331               	.LASF19:
 2332 004f 6863 3539 		.string	"hc595_p_data"
 2332      355F 705F 
 2332      6461 7461 
 2332      00
 2333               	.LASF4:
GAS LISTING C:\Users\alex\AppData\Local\Temp/ccfhfcxX.s 			page 43


 2334 005c 6C6F 6E67 		.string	"long unsigned int"
 2334      2075 6E73 
 2334      6967 6E65 
 2334      6420 696E 
 2334      7400 
 2335               	.LASF13:
 2336 006e 7063 6C6B 		.string	"pclk"
 2336      00
 2337               	.LASF26:
 2338 0073 474E 5520 		.string	"GNU C 4.3.3"
 2338      4320 342E 
 2338      332E 3300 
 2339               	.LASF9:
 2340 007f 6263 6C6B 		.string	"bclk"
 2340      00
 2341               	.LASF2:
 2342 0084 756E 7369 		.string	"unsigned int"
 2342      676E 6564 
 2342      2069 6E74 
 2342      00
 2343               	.LASF6:
 2344 0091 6C6F 6E67 		.string	"long long unsigned int"
 2344      206C 6F6E 
 2344      6720 756E 
 2344      7369 676E 
 2344      6564 2069 
 2345               	.LASF29:
 2346 00a8 7569 6E74 		.string	"uint8_t"
 2346      385F 7400 
 2347               	.LASF10:
 2348 00b0 6264 6174 		.string	"bdata"
 2348      6100 
 2349               	.LASF12:
 2350 00b6 7335 3935 		.string	"s595_putc"
 2350      5F70 7574 
 2350      6300 
 2351               	.LASF20:
 2352 00c0 6863 3539 		.string	"hc595_p_clk"
 2352      355F 705F 
 2352      636C 6B00 
 2353               	.LASF5:
 2354 00cc 6C6F 6E67 		.string	"long long int"
 2354      206C 6F6E 
 2354      6720 696E 
 2354      7400 
 2355               	.LASF16:
 2356 00da 7335 3935 		.string	"s595_write"
 2356      5F77 7269 
 2356      7465 00
 2357               	.LASF7:
 2358 00e5 6368 6970 		.string	"chip"
 2358      00
 2359               	.LASF23:
 2360 00ea 6863 3539 		.string	"hc595_b_clk"
 2360      355F 625F 
 2360      636C 6B00 
 2361               	.LASF28:
GAS LISTING C:\Users\alex\AppData\Local\Temp/ccfhfcxX.s 			page 44


 2362 00f6 453A 5C61 		.string	"E:\\avr\\lib"
 2362      7672 5C6C 
 2362      6962 00
 2363               	.LASF15:
 2364 0101 7335 3935 		.string	"s595_set_val"
 2364      5F73 6574 
 2364      5F76 616C 
 2364      00
 2365               	.LASF3:
 2366 010e 6C6F 6E67 		.string	"long int"
 2366      2069 6E74 
 2366      00
 2367               	.LASF22:
 2368 0117 6863 3539 		.string	"hc595_b_data"
 2368      355F 625F 
 2368      6461 7461 
 2368      00
 2369               	.LASF11:
 2370 0124 696E 6974 		.string	"init_74hc595"
 2370      5F37 3468 
 2370      6335 3935 
 2370      00
 2371               	.LASF0:
 2372 0131 7369 676E 		.string	"signed char"
 2372      6564 2063 
 2372      6861 7200 
 2373               	.LASF25:
 2374 013d 6863 3539 		.string	"hc595_copy_data"
 2374      355F 636F 
 2374      7079 5F64 
 2374      6174 6100 
 2375               	.global __do_clear_bss
GAS LISTING C:\Users\alex\AppData\Local\Temp/ccfhfcxX.s 			page 45


DEFINED SYMBOLS
                            *ABS*:00000000 74hc595.c
C:\Users\alex\AppData\Local\Temp/ccfhfcxX.s:2      *ABS*:0000003f __SREG__
C:\Users\alex\AppData\Local\Temp/ccfhfcxX.s:3      *ABS*:0000003e __SP_H__
C:\Users\alex\AppData\Local\Temp/ccfhfcxX.s:4      *ABS*:0000003d __SP_L__
C:\Users\alex\AppData\Local\Temp/ccfhfcxX.s:5      *ABS*:00000034 __CCP__
C:\Users\alex\AppData\Local\Temp/ccfhfcxX.s:6      *ABS*:00000000 __tmp_reg__
C:\Users\alex\AppData\Local\Temp/ccfhfcxX.s:7      *ABS*:00000001 __zero_reg__
C:\Users\alex\AppData\Local\Temp/ccfhfcxX.s:18     .text:00000000 init_74hc595
                            *COM*:00000014 hc595_b_clk
                            *COM*:00000014 hc595_b_data
                            *COM*:00000014 hc595_b_cs
                            *COM*:00000028 hc595_p_clk
                            *COM*:00000028 hc595_p_data
                            *COM*:00000028 hc595_p_cs
C:\Users\alex\AppData\Local\Temp/ccfhfcxX.s:437    .text:000002ee s595_putc
C:\Users\alex\AppData\Local\Temp/ccfhfcxX.s:683    .text:00000494 s595_set_val
                            *COM*:00000014 hc595_c_data
C:\Users\alex\AppData\Local\Temp/ccfhfcxX.s:715    .text:000004bc s595_write
                            *COM*:00000014 hc595_copy_data

UNDEFINED SYMBOLS
udelay
__do_clear_bss
