GAS LISTING C:\Users\alex\AppData\Local\Temp/ccGE76TY.s 			page 1


   1               		.file	"leds.c"
   2               	__SREG__ = 0x3f
   3               	__SP_H__ = 0x3e
   4               	__SP_L__ = 0x3d
   5               	__CCP__  = 0x34
   6               	__tmp_reg__ = 0
   7               	__zero_reg__ = 1
   8               		.section	.debug_abbrev,"",@progbits
   9               	.Ldebug_abbrev0:
  10               		.section	.debug_info,"",@progbits
  11               	.Ldebug_info0:
  12               		.section	.debug_line,"",@progbits
  13               	.Ldebug_line0:
  14               		.text
  15               	.Ltext0:
  16               	.global	init_led
  17               		.type	init_led, @function
  18               	init_led:
  19               	.LFB2:
  20               	.LM1:
  21 0000 DF93      		push r29
  22 0002 CF93      		push r28
  23 0004 00D0      		rcall .
  24 0006 0F92      		push __tmp_reg__
  25 0008 CDB7      		in r28,__SP_L__
  26 000a DEB7      		in r29,__SP_H__
  27               	/* prologue: function */
  28               	/* frame size = 3 */
  29 000c 8A83      		std Y+2,r24
  30 000e 6B83      		std Y+3,r22
  31               	.LM2:
  32 0010 8A81      		ldd r24,Y+2
  33 0012 482F      		mov r20,r24
  34 0014 50E0      		ldi r21,lo8(0)
  35 0016 8B81      		ldd r24,Y+3
  36 0018 882F      		mov r24,r24
  37 001a 90E0      		ldi r25,lo8(0)
  38 001c 9C01      		movw r18,r24
  39 001e 2770      		andi r18,lo8(7)
  40 0020 3070      		andi r19,hi8(7)
  41 0022 81E0      		ldi r24,lo8(1)
  42 0024 90E0      		ldi r25,hi8(1)
  43 0026 022E      		mov r0,r18
  44 0028 00C0      		rjmp 2f
  45 002a 880F      	1:	lsl r24
  46 002c 991F      		rol r25
  47 002e 0A94      	2:	dec r0
  48 0030 02F4      		brpl 1b
  49 0032 FA01      		movw r30,r20
  50 0034 E050      		subi r30,lo8(-(b_leds))
  51 0036 F040      		sbci r31,hi8(-(b_leds))
  52 0038 8083      		st Z,r24
  53               	.LM3:
  54 003a 8B81      		ldd r24,Y+3
  55 003c 807F      		andi r24,lo8(-16)
  56 003e 8983      		std Y+1,r24
  57               	.LM4:
GAS LISTING C:\Users\alex\AppData\Local\Temp/ccGE76TY.s 			page 2


  58 0040 8981      		ldd r24,Y+1
  59 0042 8823      		tst r24
  60 0044 01F4      		brne .L2
  61 0046 8A81      		ldd r24,Y+2
  62 0048 882F      		mov r24,r24
  63 004a 90E0      		ldi r25,lo8(0)
  64 004c 880F      		lsl r24
  65 004e 991F      		rol r25
  66 0050 FC01      		movw r30,r24
  67 0052 E050      		subi r30,lo8(-(p_leds))
  68 0054 F040      		sbci r31,hi8(-(p_leds))
  69 0056 8BE3      		ldi r24,lo8(59)
  70 0058 90E0      		ldi r25,hi8(59)
  71 005a 9183      		std Z+1,r25
  72 005c 8083      		st Z,r24
  73               	.L2:
  74               	.LM5:
  75 005e 8981      		ldd r24,Y+1
  76 0060 8031      		cpi r24,lo8(16)
  77 0062 01F4      		brne .L3
  78 0064 8A81      		ldd r24,Y+2
  79 0066 882F      		mov r24,r24
  80 0068 90E0      		ldi r25,lo8(0)
  81 006a 880F      		lsl r24
  82 006c 991F      		rol r25
  83 006e FC01      		movw r30,r24
  84 0070 E050      		subi r30,lo8(-(p_leds))
  85 0072 F040      		sbci r31,hi8(-(p_leds))
  86 0074 88E3      		ldi r24,lo8(56)
  87 0076 90E0      		ldi r25,hi8(56)
  88 0078 9183      		std Z+1,r25
  89 007a 8083      		st Z,r24
  90               	.L3:
  91               	.LM6:
  92 007c 8981      		ldd r24,Y+1
  93 007e 8032      		cpi r24,lo8(32)
  94 0080 01F4      		brne .L4
  95 0082 8A81      		ldd r24,Y+2
  96 0084 882F      		mov r24,r24
  97 0086 90E0      		ldi r25,lo8(0)
  98 0088 880F      		lsl r24
  99 008a 991F      		rol r25
 100 008c FC01      		movw r30,r24
 101 008e E050      		subi r30,lo8(-(p_leds))
 102 0090 F040      		sbci r31,hi8(-(p_leds))
 103 0092 85E3      		ldi r24,lo8(53)
 104 0094 90E0      		ldi r25,hi8(53)
 105 0096 9183      		std Z+1,r25
 106 0098 8083      		st Z,r24
 107               	.L4:
 108               	.LM7:
 109 009a 8981      		ldd r24,Y+1
 110 009c 8033      		cpi r24,lo8(48)
 111 009e 01F4      		brne .L6
 112 00a0 8A81      		ldd r24,Y+2
 113 00a2 882F      		mov r24,r24
 114 00a4 90E0      		ldi r25,lo8(0)
GAS LISTING C:\Users\alex\AppData\Local\Temp/ccGE76TY.s 			page 3


 115 00a6 880F      		lsl r24
 116 00a8 991F      		rol r25
 117 00aa FC01      		movw r30,r24
 118 00ac E050      		subi r30,lo8(-(p_leds))
 119 00ae F040      		sbci r31,hi8(-(p_leds))
 120 00b0 82E3      		ldi r24,lo8(50)
 121 00b2 90E0      		ldi r25,hi8(50)
 122 00b4 9183      		std Z+1,r25
 123 00b6 8083      		st Z,r24
 124               	.L6:
 125               	/* epilogue start */
 126               	.LM8:
 127 00b8 0F90      		pop __tmp_reg__
 128 00ba 0F90      		pop __tmp_reg__
 129 00bc 0F90      		pop __tmp_reg__
 130 00be CF91      		pop r28
 131 00c0 DF91      		pop r29
 132 00c2 0895      		ret
 133               	.LFE2:
 134               		.size	init_led, .-init_led
 135               	.global	init_leds
 136               		.type	init_leds, @function
 137               	init_leds:
 138               	.LFB3:
 139               	.LM9:
 140 00c4 DF93      		push r29
 141 00c6 CF93      		push r28
 142 00c8 00D0      		rcall .
 143 00ca 0F92      		push __tmp_reg__
 144 00cc CDB7      		in r28,__SP_L__
 145 00ce DEB7      		in r29,__SP_H__
 146               	/* prologue: function */
 147               	/* frame size = 3 */
 148 00d0 8B83      		std Y+3,r24
 149               	.LM10:
 150 00d2 8B81      		ldd r24,Y+3
 151 00d4 807F      		andi r24,lo8(-16)
 152 00d6 8A83      		std Y+2,r24
 153               	.LM11:
 154 00d8 1982      		std Y+1,__zero_reg__
 155 00da 00C0      		rjmp .L8
 156               	.L13:
 157               	.LM12:
 158 00dc 8981      		ldd r24,Y+1
 159 00de 482F      		mov r20,r24
 160 00e0 50E0      		ldi r21,lo8(0)
 161 00e2 8981      		ldd r24,Y+1
 162 00e4 282F      		mov r18,r24
 163 00e6 30E0      		ldi r19,lo8(0)
 164 00e8 81E0      		ldi r24,lo8(1)
 165 00ea 90E0      		ldi r25,hi8(1)
 166 00ec 022E      		mov r0,r18
 167 00ee 00C0      		rjmp 2f
 168 00f0 880F      	1:	lsl r24
 169 00f2 991F      		rol r25
 170 00f4 0A94      	2:	dec r0
 171 00f6 02F4      		brpl 1b
GAS LISTING C:\Users\alex\AppData\Local\Temp/ccGE76TY.s 			page 4


 172 00f8 FA01      		movw r30,r20
 173 00fa E050      		subi r30,lo8(-(b_leds))
 174 00fc F040      		sbci r31,hi8(-(b_leds))
 175 00fe 8083      		st Z,r24
 176               	.LM13:
 177 0100 8A81      		ldd r24,Y+2
 178 0102 8823      		tst r24
 179 0104 01F4      		brne .L9
 180 0106 8981      		ldd r24,Y+1
 181 0108 882F      		mov r24,r24
 182 010a 90E0      		ldi r25,lo8(0)
 183 010c 880F      		lsl r24
 184 010e 991F      		rol r25
 185 0110 FC01      		movw r30,r24
 186 0112 E050      		subi r30,lo8(-(p_leds))
 187 0114 F040      		sbci r31,hi8(-(p_leds))
 188 0116 8BE3      		ldi r24,lo8(59)
 189 0118 90E0      		ldi r25,hi8(59)
 190 011a 9183      		std Z+1,r25
 191 011c 8083      		st Z,r24
 192               	.L9:
 193               	.LM14:
 194 011e 8A81      		ldd r24,Y+2
 195 0120 8031      		cpi r24,lo8(16)
 196 0122 01F4      		brne .L10
 197 0124 8981      		ldd r24,Y+1
 198 0126 882F      		mov r24,r24
 199 0128 90E0      		ldi r25,lo8(0)
 200 012a 880F      		lsl r24
 201 012c 991F      		rol r25
 202 012e FC01      		movw r30,r24
 203 0130 E050      		subi r30,lo8(-(p_leds))
 204 0132 F040      		sbci r31,hi8(-(p_leds))
 205 0134 88E3      		ldi r24,lo8(56)
 206 0136 90E0      		ldi r25,hi8(56)
 207 0138 9183      		std Z+1,r25
 208 013a 8083      		st Z,r24
 209               	.L10:
 210               	.LM15:
 211 013c 8A81      		ldd r24,Y+2
 212 013e 8032      		cpi r24,lo8(32)
 213 0140 01F4      		brne .L11
 214 0142 8981      		ldd r24,Y+1
 215 0144 882F      		mov r24,r24
 216 0146 90E0      		ldi r25,lo8(0)
 217 0148 880F      		lsl r24
 218 014a 991F      		rol r25
 219 014c FC01      		movw r30,r24
 220 014e E050      		subi r30,lo8(-(p_leds))
 221 0150 F040      		sbci r31,hi8(-(p_leds))
 222 0152 85E3      		ldi r24,lo8(53)
 223 0154 90E0      		ldi r25,hi8(53)
 224 0156 9183      		std Z+1,r25
 225 0158 8083      		st Z,r24
 226               	.L11:
 227               	.LM16:
 228 015a 8A81      		ldd r24,Y+2
GAS LISTING C:\Users\alex\AppData\Local\Temp/ccGE76TY.s 			page 5


 229 015c 8033      		cpi r24,lo8(48)
 230 015e 01F4      		brne .L12
 231 0160 8981      		ldd r24,Y+1
 232 0162 882F      		mov r24,r24
 233 0164 90E0      		ldi r25,lo8(0)
 234 0166 880F      		lsl r24
 235 0168 991F      		rol r25
 236 016a FC01      		movw r30,r24
 237 016c E050      		subi r30,lo8(-(p_leds))
 238 016e F040      		sbci r31,hi8(-(p_leds))
 239 0170 82E3      		ldi r24,lo8(50)
 240 0172 90E0      		ldi r25,hi8(50)
 241 0174 9183      		std Z+1,r25
 242 0176 8083      		st Z,r24
 243               	.L12:
 244               	.LM17:
 245 0178 8981      		ldd r24,Y+1
 246 017a 8F5F      		subi r24,lo8(-(1))
 247 017c 8983      		std Y+1,r24
 248               	.L8:
 249 017e 8981      		ldd r24,Y+1
 250 0180 8830      		cpi r24,lo8(8)
 251 0182 00F4      		brsh .+2
 252 0184 00C0      		rjmp .L13
 253               	/* epilogue start */
 254               	.LM18:
 255 0186 0F90      		pop __tmp_reg__
 256 0188 0F90      		pop __tmp_reg__
 257 018a 0F90      		pop __tmp_reg__
 258 018c CF91      		pop r28
 259 018e DF91      		pop r29
 260 0190 0895      		ret
 261               	.LFE3:
 262               		.size	init_leds, .-init_leds
 263               	.global	set_led
 264               		.type	set_led, @function
 265               	set_led:
 266               	.LFB4:
 267               	.LM19:
 268 0192 DF93      		push r29
 269 0194 CF93      		push r28
 270 0196 00D0      		rcall .
 271 0198 00D0      		rcall .
 272 019a CDB7      		in r28,__SP_L__
 273 019c DEB7      		in r29,__SP_H__
 274               	/* prologue: function */
 275               	/* frame size = 4 */
 276 019e 8C83      		std Y+4,r24
 277               	.LM20:
 278 01a0 8C81      		ldd r24,Y+4
 279 01a2 882F      		mov r24,r24
 280 01a4 90E0      		ldi r25,lo8(0)
 281 01a6 880F      		lsl r24
 282 01a8 991F      		rol r25
 283 01aa FC01      		movw r30,r24
 284 01ac E050      		subi r30,lo8(-(p_leds))
 285 01ae F040      		sbci r31,hi8(-(p_leds))
GAS LISTING C:\Users\alex\AppData\Local\Temp/ccGE76TY.s 			page 6


 286 01b0 8081      		ld r24,Z
 287 01b2 9181      		ldd r25,Z+1
 288 01b4 9B83      		std Y+3,r25
 289 01b6 8A83      		std Y+2,r24
 290               	.LM21:
 291 01b8 8C81      		ldd r24,Y+4
 292 01ba 882F      		mov r24,r24
 293 01bc 90E0      		ldi r25,lo8(0)
 294 01be FC01      		movw r30,r24
 295 01c0 E050      		subi r30,lo8(-(b_leds))
 296 01c2 F040      		sbci r31,hi8(-(b_leds))
 297 01c4 8081      		ld r24,Z
 298 01c6 8983      		std Y+1,r24
 299               	.LM22:
 300 01c8 EA81      		ldd r30,Y+2
 301 01ca FB81      		ldd r31,Y+3
 302 01cc 9081      		ld r25,Z
 303 01ce 8981      		ldd r24,Y+1
 304 01d0 892B      		or r24,r25
 305 01d2 EA81      		ldd r30,Y+2
 306 01d4 FB81      		ldd r31,Y+3
 307 01d6 8083      		st Z,r24
 308               	/* epilogue start */
 309               	.LM23:
 310 01d8 0F90      		pop __tmp_reg__
 311 01da 0F90      		pop __tmp_reg__
 312 01dc 0F90      		pop __tmp_reg__
 313 01de 0F90      		pop __tmp_reg__
 314 01e0 CF91      		pop r28
 315 01e2 DF91      		pop r29
 316 01e4 0895      		ret
 317               	.LFE4:
 318               		.size	set_led, .-set_led
 319               	.global	clr_led
 320               		.type	clr_led, @function
 321               	clr_led:
 322               	.LFB5:
 323               	.LM24:
 324 01e6 DF93      		push r29
 325 01e8 CF93      		push r28
 326 01ea 00D0      		rcall .
 327 01ec 00D0      		rcall .
 328 01ee CDB7      		in r28,__SP_L__
 329 01f0 DEB7      		in r29,__SP_H__
 330               	/* prologue: function */
 331               	/* frame size = 4 */
 332 01f2 8C83      		std Y+4,r24
 333               	.LM25:
 334 01f4 8C81      		ldd r24,Y+4
 335 01f6 882F      		mov r24,r24
 336 01f8 90E0      		ldi r25,lo8(0)
 337 01fa 880F      		lsl r24
 338 01fc 991F      		rol r25
 339 01fe FC01      		movw r30,r24
 340 0200 E050      		subi r30,lo8(-(p_leds))
 341 0202 F040      		sbci r31,hi8(-(p_leds))
 342 0204 8081      		ld r24,Z
GAS LISTING C:\Users\alex\AppData\Local\Temp/ccGE76TY.s 			page 7


 343 0206 9181      		ldd r25,Z+1
 344 0208 9B83      		std Y+3,r25
 345 020a 8A83      		std Y+2,r24
 346               	.LM26:
 347 020c 8C81      		ldd r24,Y+4
 348 020e 882F      		mov r24,r24
 349 0210 90E0      		ldi r25,lo8(0)
 350 0212 FC01      		movw r30,r24
 351 0214 E050      		subi r30,lo8(-(b_leds))
 352 0216 F040      		sbci r31,hi8(-(b_leds))
 353 0218 8081      		ld r24,Z
 354 021a 8983      		std Y+1,r24
 355               	.LM27:
 356 021c EA81      		ldd r30,Y+2
 357 021e FB81      		ldd r31,Y+3
 358 0220 8081      		ld r24,Z
 359 0222 982F      		mov r25,r24
 360 0224 8981      		ldd r24,Y+1
 361 0226 8095      		com r24
 362 0228 8923      		and r24,r25
 363 022a EA81      		ldd r30,Y+2
 364 022c FB81      		ldd r31,Y+3
 365 022e 8083      		st Z,r24
 366               	/* epilogue start */
 367               	.LM28:
 368 0230 0F90      		pop __tmp_reg__
 369 0232 0F90      		pop __tmp_reg__
 370 0234 0F90      		pop __tmp_reg__
 371 0236 0F90      		pop __tmp_reg__
 372 0238 CF91      		pop r28
 373 023a DF91      		pop r29
 374 023c 0895      		ret
 375               	.LFE5:
 376               		.size	clr_led, .-clr_led
 377               		.comm p_leds,32,1
 378               		.comm b_leds,16,1
 379               		.section	.debug_frame,"",@progbits
 380               	.Lframe0:
 381 0000 0C00 0000 		.long	.LECIE0-.LSCIE0
 382               	.LSCIE0:
 383 0004 FFFF FFFF 		.long	0xffffffff
 384 0008 01        		.byte	0x1
 385 0009 00        		.string	""
 386 000a 01        		.uleb128 0x1
 387 000b 7F        		.sleb128 -1
 388 000c 24        		.byte	0x24
 389 000d 0C        		.byte	0xc
 390 000e 20        		.uleb128 0x20
 391 000f 00        		.uleb128 0x0
 392               		.p2align	2
 393               	.LECIE0:
 394               	.LSFDE0:
 395 0010 0C00 0000 		.long	.LEFDE0-.LASFDE0
 396               	.LASFDE0:
 397 0014 0000 0000 		.long	.Lframe0
 398 0018 0000 0000 		.long	.LFB2
 399 001c C400 0000 		.long	.LFE2-.LFB2
GAS LISTING C:\Users\alex\AppData\Local\Temp/ccGE76TY.s 			page 8


 400               		.p2align	2
 401               	.LEFDE0:
 402               	.LSFDE2:
 403 0020 0C00 0000 		.long	.LEFDE2-.LASFDE2
 404               	.LASFDE2:
 405 0024 0000 0000 		.long	.Lframe0
 406 0028 0000 0000 		.long	.LFB3
 407 002c CE00 0000 		.long	.LFE3-.LFB3
 408               		.p2align	2
 409               	.LEFDE2:
 410               	.LSFDE4:
 411 0030 0C00 0000 		.long	.LEFDE4-.LASFDE4
 412               	.LASFDE4:
 413 0034 0000 0000 		.long	.Lframe0
 414 0038 0000 0000 		.long	.LFB4
 415 003c 5400 0000 		.long	.LFE4-.LFB4
 416               		.p2align	2
 417               	.LEFDE4:
 418               	.LSFDE6:
 419 0040 0C00 0000 		.long	.LEFDE6-.LASFDE6
 420               	.LASFDE6:
 421 0044 0000 0000 		.long	.Lframe0
 422 0048 0000 0000 		.long	.LFB5
 423 004c 5800 0000 		.long	.LFE5-.LFB5
 424               		.p2align	2
 425               	.LEFDE6:
 426               		.text
 427               	.Letext0:
 428               		.section	.debug_info
 429 0000 C201 0000 		.long	0x1c2
 430 0004 0200      		.word	0x2
 431 0006 0000 0000 		.long	.Ldebug_abbrev0
 432 000a 04        		.byte	0x4
 433 000b 01        		.uleb128 0x1
 434 000c 0000 0000 		.long	.LASF17
 435 0010 01        		.byte	0x1
 436 0011 0000 0000 		.long	.LASF18
 437 0015 0000 0000 		.long	.LASF19
 438 0019 0000 0000 		.long	.Ltext0
 439 001d 0000 0000 		.long	.Letext0
 440 0021 0000 0000 		.long	.Ldebug_line0
 441 0025 02        		.uleb128 0x2
 442 0026 01        		.byte	0x1
 443 0027 06        		.byte	0x6
 444 0028 0000 0000 		.long	.LASF0
 445 002c 03        		.uleb128 0x3
 446 002d 0000 0000 		.long	.LASF20
 447 0031 02        		.byte	0x2
 448 0032 7A        		.byte	0x7a
 449 0033 3700 0000 		.long	0x37
 450 0037 02        		.uleb128 0x2
 451 0038 01        		.byte	0x1
 452 0039 08        		.byte	0x8
 453 003a 0000 0000 		.long	.LASF1
 454 003e 04        		.uleb128 0x4
 455 003f 02        		.byte	0x2
 456 0040 05        		.byte	0x5
GAS LISTING C:\Users\alex\AppData\Local\Temp/ccGE76TY.s 			page 9


 457 0041 696E 7400 		.string	"int"
 458 0045 02        		.uleb128 0x2
 459 0046 02        		.byte	0x2
 460 0047 07        		.byte	0x7
 461 0048 0000 0000 		.long	.LASF2
 462 004c 02        		.uleb128 0x2
 463 004d 04        		.byte	0x4
 464 004e 05        		.byte	0x5
 465 004f 0000 0000 		.long	.LASF3
 466 0053 02        		.uleb128 0x2
 467 0054 04        		.byte	0x4
 468 0055 07        		.byte	0x7
 469 0056 0000 0000 		.long	.LASF4
 470 005a 02        		.uleb128 0x2
 471 005b 08        		.byte	0x8
 472 005c 05        		.byte	0x5
 473 005d 0000 0000 		.long	.LASF5
 474 0061 02        		.uleb128 0x2
 475 0062 08        		.byte	0x8
 476 0063 07        		.byte	0x7
 477 0064 0000 0000 		.long	.LASF6
 478 0068 05        		.uleb128 0x5
 479 0069 01        		.byte	0x1
 480 006a 08        		.byte	0x8
 481 006b 06        		.uleb128 0x6
 482 006c 01        		.byte	0x1
 483 006d 0000 0000 		.long	.LASF8
 484 0071 01        		.byte	0x1
 485 0072 17        		.byte	0x17
 486 0073 01        		.byte	0x1
 487 0074 0000 0000 		.long	.LFB2
 488 0078 0000 0000 		.long	.LFE2
 489 007c 02        		.byte	0x2
 490 007d 90        		.byte	0x90
 491 007e 20        		.uleb128 0x20
 492 007f AC00 0000 		.long	0xac
 493 0083 07        		.uleb128 0x7
 494 0084 6C65 6400 		.string	"led"
 495 0088 01        		.byte	0x1
 496 0089 15        		.byte	0x15
 497 008a 2C00 0000 		.long	0x2c
 498 008e 02        		.byte	0x2
 499 008f 8C        		.byte	0x8c
 500 0090 02        		.sleb128 2
 501 0091 08        		.uleb128 0x8
 502 0092 0000 0000 		.long	.LASF7
 503 0096 01        		.byte	0x1
 504 0097 15        		.byte	0x15
 505 0098 2C00 0000 		.long	0x2c
 506 009c 02        		.byte	0x2
 507 009d 8C        		.byte	0x8c
 508 009e 03        		.sleb128 3
 509 009f 09        		.uleb128 0x9
 510 00a0 6C00      		.string	"l"
 511 00a2 01        		.byte	0x1
 512 00a3 18        		.byte	0x18
 513 00a4 2C00 0000 		.long	0x2c
GAS LISTING C:\Users\alex\AppData\Local\Temp/ccGE76TY.s 			page 10


 514 00a8 02        		.byte	0x2
 515 00a9 8C        		.byte	0x8c
 516 00aa 01        		.sleb128 1
 517 00ab 00        		.byte	0x0
 518 00ac 06        		.uleb128 0x6
 519 00ad 01        		.byte	0x1
 520 00ae 0000 0000 		.long	.LASF9
 521 00b2 01        		.byte	0x1
 522 00b3 25        		.byte	0x25
 523 00b4 01        		.byte	0x1
 524 00b5 0000 0000 		.long	.LFB3
 525 00b9 0000 0000 		.long	.LFE3
 526 00bd 02        		.byte	0x2
 527 00be 90        		.byte	0x90
 528 00bf 20        		.uleb128 0x20
 529 00c0 ED00 0000 		.long	0xed
 530 00c4 08        		.uleb128 0x8
 531 00c5 0000 0000 		.long	.LASF10
 532 00c9 01        		.byte	0x1
 533 00ca 23        		.byte	0x23
 534 00cb 2C00 0000 		.long	0x2c
 535 00cf 02        		.byte	0x2
 536 00d0 8C        		.byte	0x8c
 537 00d1 03        		.sleb128 3
 538 00d2 09        		.uleb128 0x9
 539 00d3 6C00      		.string	"l"
 540 00d5 01        		.byte	0x1
 541 00d6 26        		.byte	0x26
 542 00d7 2C00 0000 		.long	0x2c
 543 00db 02        		.byte	0x2
 544 00dc 8C        		.byte	0x8c
 545 00dd 02        		.sleb128 2
 546 00de 09        		.uleb128 0x9
 547 00df 6C65 6400 		.string	"led"
 548 00e3 01        		.byte	0x1
 549 00e4 26        		.byte	0x26
 550 00e5 2C00 0000 		.long	0x2c
 551 00e9 02        		.byte	0x2
 552 00ea 8C        		.byte	0x8c
 553 00eb 01        		.sleb128 1
 554 00ec 00        		.byte	0x0
 555 00ed 06        		.uleb128 0x6
 556 00ee 01        		.byte	0x1
 557 00ef 0000 0000 		.long	.LASF11
 558 00f3 01        		.byte	0x1
 559 00f4 37        		.byte	0x37
 560 00f5 01        		.byte	0x1
 561 00f6 0000 0000 		.long	.LFB4
 562 00fa 0000 0000 		.long	.LFE4
 563 00fe 02        		.byte	0x2
 564 00ff 90        		.byte	0x90
 565 0100 20        		.uleb128 0x20
 566 0101 3001 0000 		.long	0x130
 567 0105 07        		.uleb128 0x7
 568 0106 6C65 6400 		.string	"led"
 569 010a 01        		.byte	0x1
 570 010b 34        		.byte	0x34
GAS LISTING C:\Users\alex\AppData\Local\Temp/ccGE76TY.s 			page 11


 571 010c 2C00 0000 		.long	0x2c
 572 0110 02        		.byte	0x2
 573 0111 8C        		.byte	0x8c
 574 0112 04        		.sleb128 4
 575 0113 0A        		.uleb128 0xa
 576 0114 0000 0000 		.long	.LASF12
 577 0118 01        		.byte	0x1
 578 0119 38        		.byte	0x38
 579 011a 3001 0000 		.long	0x130
 580 011e 02        		.byte	0x2
 581 011f 8C        		.byte	0x8c
 582 0120 02        		.sleb128 2
 583 0121 0A        		.uleb128 0xa
 584 0122 0000 0000 		.long	.LASF13
 585 0126 01        		.byte	0x1
 586 0127 39        		.byte	0x39
 587 0128 2C00 0000 		.long	0x2c
 588 012c 02        		.byte	0x2
 589 012d 8C        		.byte	0x8c
 590 012e 01        		.sleb128 1
 591 012f 00        		.byte	0x0
 592 0130 0B        		.uleb128 0xb
 593 0131 02        		.byte	0x2
 594 0132 3601 0000 		.long	0x136
 595 0136 0C        		.uleb128 0xc
 596 0137 2C00 0000 		.long	0x2c
 597 013b 06        		.uleb128 0x6
 598 013c 01        		.byte	0x1
 599 013d 0000 0000 		.long	.LASF14
 600 0141 01        		.byte	0x1
 601 0142 45        		.byte	0x45
 602 0143 01        		.byte	0x1
 603 0144 0000 0000 		.long	.LFB5
 604 0148 0000 0000 		.long	.LFE5
 605 014c 02        		.byte	0x2
 606 014d 90        		.byte	0x90
 607 014e 20        		.uleb128 0x20
 608 014f 7E01 0000 		.long	0x17e
 609 0153 07        		.uleb128 0x7
 610 0154 6C65 6400 		.string	"led"
 611 0158 01        		.byte	0x1
 612 0159 42        		.byte	0x42
 613 015a 2C00 0000 		.long	0x2c
 614 015e 02        		.byte	0x2
 615 015f 8C        		.byte	0x8c
 616 0160 04        		.sleb128 4
 617 0161 0A        		.uleb128 0xa
 618 0162 0000 0000 		.long	.LASF12
 619 0166 01        		.byte	0x1
 620 0167 46        		.byte	0x46
 621 0168 3001 0000 		.long	0x130
 622 016c 02        		.byte	0x2
 623 016d 8C        		.byte	0x8c
 624 016e 02        		.sleb128 2
 625 016f 0A        		.uleb128 0xa
 626 0170 0000 0000 		.long	.LASF13
 627 0174 01        		.byte	0x1
GAS LISTING C:\Users\alex\AppData\Local\Temp/ccGE76TY.s 			page 12


 628 0175 47        		.byte	0x47
 629 0176 2C00 0000 		.long	0x2c
 630 017a 02        		.byte	0x2
 631 017b 8C        		.byte	0x8c
 632 017c 01        		.sleb128 1
 633 017d 00        		.byte	0x0
 634 017e 0D        		.uleb128 0xd
 635 017f 3001 0000 		.long	0x130
 636 0183 8E01 0000 		.long	0x18e
 637 0187 0E        		.uleb128 0xe
 638 0188 8E01 0000 		.long	0x18e
 639 018c 0F        		.byte	0xf
 640 018d 00        		.byte	0x0
 641 018e 05        		.uleb128 0x5
 642 018f 02        		.byte	0x2
 643 0190 07        		.byte	0x7
 644 0191 0F        		.uleb128 0xf
 645 0192 0000 0000 		.long	.LASF15
 646 0196 01        		.byte	0x1
 647 0197 0F        		.byte	0xf
 648 0198 7E01 0000 		.long	0x17e
 649 019c 01        		.byte	0x1
 650 019d 05        		.byte	0x5
 651 019e 03        		.byte	0x3
 652 019f 0000 0000 		.long	p_leds
 653 01a3 0D        		.uleb128 0xd
 654 01a4 2C00 0000 		.long	0x2c
 655 01a8 B301 0000 		.long	0x1b3
 656 01ac 0E        		.uleb128 0xe
 657 01ad 8E01 0000 		.long	0x18e
 658 01b1 0F        		.byte	0xf
 659 01b2 00        		.byte	0x0
 660 01b3 0F        		.uleb128 0xf
 661 01b4 0000 0000 		.long	.LASF16
 662 01b8 01        		.byte	0x1
 663 01b9 10        		.byte	0x10
 664 01ba A301 0000 		.long	0x1a3
 665 01be 01        		.byte	0x1
 666 01bf 05        		.byte	0x5
 667 01c0 03        		.byte	0x3
 668 01c1 0000 0000 		.long	b_leds
 669 01c5 00        		.byte	0x0
 670               		.section	.debug_abbrev
 671 0000 01        		.uleb128 0x1
 672 0001 11        		.uleb128 0x11
 673 0002 01        		.byte	0x1
 674 0003 25        		.uleb128 0x25
 675 0004 0E        		.uleb128 0xe
 676 0005 13        		.uleb128 0x13
 677 0006 0B        		.uleb128 0xb
 678 0007 03        		.uleb128 0x3
 679 0008 0E        		.uleb128 0xe
 680 0009 1B        		.uleb128 0x1b
 681 000a 0E        		.uleb128 0xe
 682 000b 11        		.uleb128 0x11
 683 000c 01        		.uleb128 0x1
 684 000d 12        		.uleb128 0x12
GAS LISTING C:\Users\alex\AppData\Local\Temp/ccGE76TY.s 			page 13


 685 000e 01        		.uleb128 0x1
 686 000f 10        		.uleb128 0x10
 687 0010 06        		.uleb128 0x6
 688 0011 00        		.byte	0x0
 689 0012 00        		.byte	0x0
 690 0013 02        		.uleb128 0x2
 691 0014 24        		.uleb128 0x24
 692 0015 00        		.byte	0x0
 693 0016 0B        		.uleb128 0xb
 694 0017 0B        		.uleb128 0xb
 695 0018 3E        		.uleb128 0x3e
 696 0019 0B        		.uleb128 0xb
 697 001a 03        		.uleb128 0x3
 698 001b 0E        		.uleb128 0xe
 699 001c 00        		.byte	0x0
 700 001d 00        		.byte	0x0
 701 001e 03        		.uleb128 0x3
 702 001f 16        		.uleb128 0x16
 703 0020 00        		.byte	0x0
 704 0021 03        		.uleb128 0x3
 705 0022 0E        		.uleb128 0xe
 706 0023 3A        		.uleb128 0x3a
 707 0024 0B        		.uleb128 0xb
 708 0025 3B        		.uleb128 0x3b
 709 0026 0B        		.uleb128 0xb
 710 0027 49        		.uleb128 0x49
 711 0028 13        		.uleb128 0x13
 712 0029 00        		.byte	0x0
 713 002a 00        		.byte	0x0
 714 002b 04        		.uleb128 0x4
 715 002c 24        		.uleb128 0x24
 716 002d 00        		.byte	0x0
 717 002e 0B        		.uleb128 0xb
 718 002f 0B        		.uleb128 0xb
 719 0030 3E        		.uleb128 0x3e
 720 0031 0B        		.uleb128 0xb
 721 0032 03        		.uleb128 0x3
 722 0033 08        		.uleb128 0x8
 723 0034 00        		.byte	0x0
 724 0035 00        		.byte	0x0
 725 0036 05        		.uleb128 0x5
 726 0037 24        		.uleb128 0x24
 727 0038 00        		.byte	0x0
 728 0039 0B        		.uleb128 0xb
 729 003a 0B        		.uleb128 0xb
 730 003b 3E        		.uleb128 0x3e
 731 003c 0B        		.uleb128 0xb
 732 003d 00        		.byte	0x0
 733 003e 00        		.byte	0x0
 734 003f 06        		.uleb128 0x6
 735 0040 2E        		.uleb128 0x2e
 736 0041 01        		.byte	0x1
 737 0042 3F        		.uleb128 0x3f
 738 0043 0C        		.uleb128 0xc
 739 0044 03        		.uleb128 0x3
 740 0045 0E        		.uleb128 0xe
 741 0046 3A        		.uleb128 0x3a
GAS LISTING C:\Users\alex\AppData\Local\Temp/ccGE76TY.s 			page 14


 742 0047 0B        		.uleb128 0xb
 743 0048 3B        		.uleb128 0x3b
 744 0049 0B        		.uleb128 0xb
 745 004a 27        		.uleb128 0x27
 746 004b 0C        		.uleb128 0xc
 747 004c 11        		.uleb128 0x11
 748 004d 01        		.uleb128 0x1
 749 004e 12        		.uleb128 0x12
 750 004f 01        		.uleb128 0x1
 751 0050 40        		.uleb128 0x40
 752 0051 0A        		.uleb128 0xa
 753 0052 01        		.uleb128 0x1
 754 0053 13        		.uleb128 0x13
 755 0054 00        		.byte	0x0
 756 0055 00        		.byte	0x0
 757 0056 07        		.uleb128 0x7
 758 0057 05        		.uleb128 0x5
 759 0058 00        		.byte	0x0
 760 0059 03        		.uleb128 0x3
 761 005a 08        		.uleb128 0x8
 762 005b 3A        		.uleb128 0x3a
 763 005c 0B        		.uleb128 0xb
 764 005d 3B        		.uleb128 0x3b
 765 005e 0B        		.uleb128 0xb
 766 005f 49        		.uleb128 0x49
 767 0060 13        		.uleb128 0x13
 768 0061 02        		.uleb128 0x2
 769 0062 0A        		.uleb128 0xa
 770 0063 00        		.byte	0x0
 771 0064 00        		.byte	0x0
 772 0065 08        		.uleb128 0x8
 773 0066 05        		.uleb128 0x5
 774 0067 00        		.byte	0x0
 775 0068 03        		.uleb128 0x3
 776 0069 0E        		.uleb128 0xe
 777 006a 3A        		.uleb128 0x3a
 778 006b 0B        		.uleb128 0xb
 779 006c 3B        		.uleb128 0x3b
 780 006d 0B        		.uleb128 0xb
 781 006e 49        		.uleb128 0x49
 782 006f 13        		.uleb128 0x13
 783 0070 02        		.uleb128 0x2
 784 0071 0A        		.uleb128 0xa
 785 0072 00        		.byte	0x0
 786 0073 00        		.byte	0x0
 787 0074 09        		.uleb128 0x9
 788 0075 34        		.uleb128 0x34
 789 0076 00        		.byte	0x0
 790 0077 03        		.uleb128 0x3
 791 0078 08        		.uleb128 0x8
 792 0079 3A        		.uleb128 0x3a
 793 007a 0B        		.uleb128 0xb
 794 007b 3B        		.uleb128 0x3b
 795 007c 0B        		.uleb128 0xb
 796 007d 49        		.uleb128 0x49
 797 007e 13        		.uleb128 0x13
 798 007f 02        		.uleb128 0x2
GAS LISTING C:\Users\alex\AppData\Local\Temp/ccGE76TY.s 			page 15


 799 0080 0A        		.uleb128 0xa
 800 0081 00        		.byte	0x0
 801 0082 00        		.byte	0x0
 802 0083 0A        		.uleb128 0xa
 803 0084 34        		.uleb128 0x34
 804 0085 00        		.byte	0x0
 805 0086 03        		.uleb128 0x3
 806 0087 0E        		.uleb128 0xe
 807 0088 3A        		.uleb128 0x3a
 808 0089 0B        		.uleb128 0xb
 809 008a 3B        		.uleb128 0x3b
 810 008b 0B        		.uleb128 0xb
 811 008c 49        		.uleb128 0x49
 812 008d 13        		.uleb128 0x13
 813 008e 02        		.uleb128 0x2
 814 008f 0A        		.uleb128 0xa
 815 0090 00        		.byte	0x0
 816 0091 00        		.byte	0x0
 817 0092 0B        		.uleb128 0xb
 818 0093 0F        		.uleb128 0xf
 819 0094 00        		.byte	0x0
 820 0095 0B        		.uleb128 0xb
 821 0096 0B        		.uleb128 0xb
 822 0097 49        		.uleb128 0x49
 823 0098 13        		.uleb128 0x13
 824 0099 00        		.byte	0x0
 825 009a 00        		.byte	0x0
 826 009b 0C        		.uleb128 0xc
 827 009c 35        		.uleb128 0x35
 828 009d 00        		.byte	0x0
 829 009e 49        		.uleb128 0x49
 830 009f 13        		.uleb128 0x13
 831 00a0 00        		.byte	0x0
 832 00a1 00        		.byte	0x0
 833 00a2 0D        		.uleb128 0xd
 834 00a3 01        		.uleb128 0x1
 835 00a4 01        		.byte	0x1
 836 00a5 49        		.uleb128 0x49
 837 00a6 13        		.uleb128 0x13
 838 00a7 01        		.uleb128 0x1
 839 00a8 13        		.uleb128 0x13
 840 00a9 00        		.byte	0x0
 841 00aa 00        		.byte	0x0
 842 00ab 0E        		.uleb128 0xe
 843 00ac 21        		.uleb128 0x21
 844 00ad 00        		.byte	0x0
 845 00ae 49        		.uleb128 0x49
 846 00af 13        		.uleb128 0x13
 847 00b0 2F        		.uleb128 0x2f
 848 00b1 0B        		.uleb128 0xb
 849 00b2 00        		.byte	0x0
 850 00b3 00        		.byte	0x0
 851 00b4 0F        		.uleb128 0xf
 852 00b5 34        		.uleb128 0x34
 853 00b6 00        		.byte	0x0
 854 00b7 03        		.uleb128 0x3
 855 00b8 0E        		.uleb128 0xe
GAS LISTING C:\Users\alex\AppData\Local\Temp/ccGE76TY.s 			page 16


 856 00b9 3A        		.uleb128 0x3a
 857 00ba 0B        		.uleb128 0xb
 858 00bb 3B        		.uleb128 0x3b
 859 00bc 0B        		.uleb128 0xb
 860 00bd 49        		.uleb128 0x49
 861 00be 13        		.uleb128 0x13
 862 00bf 3F        		.uleb128 0x3f
 863 00c0 0C        		.uleb128 0xc
 864 00c1 02        		.uleb128 0x2
 865 00c2 0A        		.uleb128 0xa
 866 00c3 00        		.byte	0x0
 867 00c4 00        		.byte	0x0
 868 00c5 00        		.byte	0x0
 869               		.section	.debug_pubnames,"",@progbits
 870 0000 5700 0000 		.long	0x57
 871 0004 0200      		.word	0x2
 872 0006 0000 0000 		.long	.Ldebug_info0
 873 000a C601 0000 		.long	0x1c6
 874 000e 6B00 0000 		.long	0x6b
 875 0012 696E 6974 		.string	"init_led"
 875      5F6C 6564 
 875      00
 876 001b AC00 0000 		.long	0xac
 877 001f 696E 6974 		.string	"init_leds"
 877      5F6C 6564 
 877      7300 
 878 0029 ED00 0000 		.long	0xed
 879 002d 7365 745F 		.string	"set_led"
 879      6C65 6400 
 880 0035 3B01 0000 		.long	0x13b
 881 0039 636C 725F 		.string	"clr_led"
 881      6C65 6400 
 882 0041 9101 0000 		.long	0x191
 883 0045 705F 6C65 		.string	"p_leds"
 883      6473 00
 884 004c B301 0000 		.long	0x1b3
 885 0050 625F 6C65 		.string	"b_leds"
 885      6473 00
 886 0057 0000 0000 		.long	0x0
 887               		.section	.debug_aranges,"",@progbits
 888 0000 1C00 0000 		.long	0x1c
 889 0004 0200      		.word	0x2
 890 0006 0000 0000 		.long	.Ldebug_info0
 891 000a 04        		.byte	0x4
 892 000b 00        		.byte	0x0
 893 000c 0000      		.word	0x0
 894 000e 0000      		.word	0x0
 895 0010 0000 0000 		.long	.Ltext0
 896 0014 3E02 0000 		.long	.Letext0-.Ltext0
 897 0018 0000 0000 		.long	0x0
 898 001c 0000 0000 		.long	0x0
 899               		.section	.debug_line
 900 0000 4301 0000 		.long	.LELT0-.LSLT0
 901               	.LSLT0:
 902 0004 0200      		.word	0x2
 903 0006 5300 0000 		.long	.LELTP0-.LASLTP0
 904               	.LASLTP0:
GAS LISTING C:\Users\alex\AppData\Local\Temp/ccGE76TY.s 			page 17


 905 000a 01        		.byte	0x1
 906 000b 01        		.byte	0x1
 907 000c F6        		.byte	0xf6
 908 000d F5        		.byte	0xf5
 909 000e 0A        		.byte	0xa
 910 000f 00        		.byte	0x0
 911 0010 01        		.byte	0x1
 912 0011 01        		.byte	0x1
 913 0012 01        		.byte	0x1
 914 0013 01        		.byte	0x1
 915 0014 00        		.byte	0x0
 916 0015 00        		.byte	0x0
 917 0016 00        		.byte	0x0
 918 0017 01        		.byte	0x1
 919 0018 643A 2F77 		.ascii	"d:/winavr-20100110/lib/gcc/../../avr/include"
 919      696E 6176 
 919      722D 3230 
 919      3130 3031 
 919      3130 2F6C 
 920 0044 00        		.byte	0
 921 0045 00        		.byte	0x0
 922 0046 6C65 6473 		.string	"leds.c"
 922      2E63 00
 923 004d 00        		.uleb128 0x0
 924 004e 00        		.uleb128 0x0
 925 004f 00        		.uleb128 0x0
 926 0050 7374 6469 		.string	"stdint.h"
 926      6E74 2E68 
 926      00
 927 0059 01        		.uleb128 0x1
 928 005a 00        		.uleb128 0x0
 929 005b 00        		.uleb128 0x0
 930 005c 00        		.byte	0x0
 931               	.LELTP0:
 932 005d 00        		.byte	0x0
 933 005e 05        		.uleb128 0x5
 934 005f 02        		.byte	0x2
 935 0060 0000 0000 		.long	.LM1
 936 0064 2A        		.byte	0x2a
 937 0065 00        		.byte	0x0
 938 0066 05        		.uleb128 0x5
 939 0067 02        		.byte	0x2
 940 0068 0000 0000 		.long	.LM2
 941 006c 16        		.byte	0x16
 942 006d 00        		.byte	0x0
 943 006e 05        		.uleb128 0x5
 944 006f 02        		.byte	0x2
 945 0070 0000 0000 		.long	.LM3
 946 0074 17        		.byte	0x17
 947 0075 00        		.byte	0x0
 948 0076 05        		.uleb128 0x5
 949 0077 02        		.byte	0x2
 950 0078 0000 0000 		.long	.LM4
 951 007c 15        		.byte	0x15
 952 007d 00        		.byte	0x0
 953 007e 05        		.uleb128 0x5
 954 007f 02        		.byte	0x2
GAS LISTING C:\Users\alex\AppData\Local\Temp/ccGE76TY.s 			page 18


 955 0080 0000 0000 		.long	.LM5
 956 0084 15        		.byte	0x15
 957 0085 00        		.byte	0x0
 958 0086 05        		.uleb128 0x5
 959 0087 02        		.byte	0x2
 960 0088 0000 0000 		.long	.LM6
 961 008c 15        		.byte	0x15
 962 008d 00        		.byte	0x0
 963 008e 05        		.uleb128 0x5
 964 008f 02        		.byte	0x2
 965 0090 0000 0000 		.long	.LM7
 966 0094 15        		.byte	0x15
 967 0095 00        		.byte	0x0
 968 0096 05        		.uleb128 0x5
 969 0097 02        		.byte	0x2
 970 0098 0000 0000 		.long	.LM8
 971 009c 15        		.byte	0x15
 972 009d 00        		.byte	0x0
 973 009e 05        		.uleb128 0x5
 974 009f 02        		.byte	0x2
 975 00a0 0000 0000 		.long	.LM9
 976 00a4 18        		.byte	0x18
 977 00a5 00        		.byte	0x0
 978 00a6 05        		.uleb128 0x5
 979 00a7 02        		.byte	0x2
 980 00a8 0000 0000 		.long	.LM10
 981 00ac 17        		.byte	0x17
 982 00ad 00        		.byte	0x0
 983 00ae 05        		.uleb128 0x5
 984 00af 02        		.byte	0x2
 985 00b0 0000 0000 		.long	.LM11
 986 00b4 15        		.byte	0x15
 987 00b5 00        		.byte	0x0
 988 00b6 05        		.uleb128 0x5
 989 00b7 02        		.byte	0x2
 990 00b8 0000 0000 		.long	.LM12
 991 00bc 15        		.byte	0x15
 992 00bd 00        		.byte	0x0
 993 00be 05        		.uleb128 0x5
 994 00bf 02        		.byte	0x2
 995 00c0 0000 0000 		.long	.LM13
 996 00c4 15        		.byte	0x15
 997 00c5 00        		.byte	0x0
 998 00c6 05        		.uleb128 0x5
 999 00c7 02        		.byte	0x2
 1000 00c8 0000 0000 		.long	.LM14
 1001 00cc 15        		.byte	0x15
 1002 00cd 00        		.byte	0x0
 1003 00ce 05        		.uleb128 0x5
 1004 00cf 02        		.byte	0x2
 1005 00d0 0000 0000 		.long	.LM15
 1006 00d4 15        		.byte	0x15
 1007 00d5 00        		.byte	0x0
 1008 00d6 05        		.uleb128 0x5
 1009 00d7 02        		.byte	0x2
 1010 00d8 0000 0000 		.long	.LM16
 1011 00dc 15        		.byte	0x15
GAS LISTING C:\Users\alex\AppData\Local\Temp/ccGE76TY.s 			page 19


 1012 00dd 00        		.byte	0x0
 1013 00de 05        		.uleb128 0x5
 1014 00df 02        		.byte	0x2
 1015 00e0 0000 0000 		.long	.LM17
 1016 00e4 0F        		.byte	0xf
 1017 00e5 00        		.byte	0x0
 1018 00e6 05        		.uleb128 0x5
 1019 00e7 02        		.byte	0x2
 1020 00e8 0000 0000 		.long	.LM18
 1021 00ec 1C        		.byte	0x1c
 1022 00ed 00        		.byte	0x0
 1023 00ee 05        		.uleb128 0x5
 1024 00ef 02        		.byte	0x2
 1025 00f0 0000 0000 		.long	.LM19
 1026 00f4 1A        		.byte	0x1a
 1027 00f5 00        		.byte	0x0
 1028 00f6 05        		.uleb128 0x5
 1029 00f7 02        		.byte	0x2
 1030 00f8 0000 0000 		.long	.LM20
 1031 00fc 18        		.byte	0x18
 1032 00fd 00        		.byte	0x0
 1033 00fe 05        		.uleb128 0x5
 1034 00ff 02        		.byte	0x2
 1035 0100 0000 0000 		.long	.LM21
 1036 0104 15        		.byte	0x15
 1037 0105 00        		.byte	0x0
 1038 0106 05        		.uleb128 0x5
 1039 0107 02        		.byte	0x2
 1040 0108 0000 0000 		.long	.LM22
 1041 010c 16        		.byte	0x16
 1042 010d 00        		.byte	0x0
 1043 010e 05        		.uleb128 0x5
 1044 010f 02        		.byte	0x2
 1045 0110 0000 0000 		.long	.LM23
 1046 0114 15        		.byte	0x15
 1047 0115 00        		.byte	0x0
 1048 0116 05        		.uleb128 0x5
 1049 0117 02        		.byte	0x2
 1050 0118 0000 0000 		.long	.LM24
 1051 011c 1A        		.byte	0x1a
 1052 011d 00        		.byte	0x0
 1053 011e 05        		.uleb128 0x5
 1054 011f 02        		.byte	0x2
 1055 0120 0000 0000 		.long	.LM25
 1056 0124 18        		.byte	0x18
 1057 0125 00        		.byte	0x0
 1058 0126 05        		.uleb128 0x5
 1059 0127 02        		.byte	0x2
 1060 0128 0000 0000 		.long	.LM26
 1061 012c 15        		.byte	0x15
 1062 012d 00        		.byte	0x0
 1063 012e 05        		.uleb128 0x5
 1064 012f 02        		.byte	0x2
 1065 0130 0000 0000 		.long	.LM27
 1066 0134 16        		.byte	0x16
 1067 0135 00        		.byte	0x0
 1068 0136 05        		.uleb128 0x5
GAS LISTING C:\Users\alex\AppData\Local\Temp/ccGE76TY.s 			page 20


 1069 0137 02        		.byte	0x2
 1070 0138 0000 0000 		.long	.LM28
 1071 013c 15        		.byte	0x15
 1072 013d 00        		.byte	0x0
 1073 013e 05        		.uleb128 0x5
 1074 013f 02        		.byte	0x2
 1075 0140 0000 0000 		.long	.Letext0
 1076 0144 00        		.byte	0x0
 1077 0145 01        		.uleb128 0x1
 1078 0146 01        		.byte	0x1
 1079               	.LELT0:
 1080 0147 1600 0000 		.section	.debug_str,"MS",@progbits,1
 1080      0200 1000 
 1080      0000 0101 
 1080      FB0E 0A00 
 1080      0101 0101 
 1081               	.LASF18:
 1082 0000 6C65 6473 		.string	"leds.c"
 1082      2E63 00
 1083               	.LASF10:
 1084 0007 6C65 6473 		.string	"leds"
 1084      00
 1085               	.LASF11:
 1086 000c 7365 745F 		.string	"set_led"
 1086      6C65 6400 
 1087               	.LASF9:
 1088 0014 696E 6974 		.string	"init_leds"
 1088      5F6C 6564 
 1088      7300 
 1089               	.LASF1:
 1090 001e 756E 7369 		.string	"unsigned char"
 1090      676E 6564 
 1090      2063 6861 
 1090      7200 
 1091               	.LASF15:
 1092 002c 705F 6C65 		.string	"p_leds"
 1092      6473 00
 1093               	.LASF4:
 1094 0033 6C6F 6E67 		.string	"long unsigned int"
 1094      2075 6E73 
 1094      6967 6E65 
 1094      6420 696E 
 1094      7400 
 1095               	.LASF17:
 1096 0045 474E 5520 		.string	"GNU C 4.3.3"
 1096      4320 342E 
 1096      332E 3300 
 1097               	.LASF8:
 1098 0051 696E 6974 		.string	"init_led"
 1098      5F6C 6564 
 1098      00
 1099               	.LASF14:
 1100 005a 636C 725F 		.string	"clr_led"
 1100      6C65 6400 
 1101               	.LASF2:
 1102 0062 756E 7369 		.string	"unsigned int"
 1102      676E 6564 
GAS LISTING C:\Users\alex\AppData\Local\Temp/ccGE76TY.s 			page 21


 1102      2069 6E74 
 1102      00
 1103               	.LASF6:
 1104 006f 6C6F 6E67 		.string	"long long unsigned int"
 1104      206C 6F6E 
 1104      6720 756E 
 1104      7369 676E 
 1104      6564 2069 
 1105               	.LASF20:
 1106 0086 7569 6E74 		.string	"uint8_t"
 1106      385F 7400 
 1107               	.LASF5:
 1108 008e 6C6F 6E67 		.string	"long long int"
 1108      206C 6F6E 
 1108      6720 696E 
 1108      7400 
 1109               	.LASF12:
 1110 009c 706C 6564 		.string	"pled"
 1110      00
 1111               	.LASF13:
 1112 00a1 626C 6564 		.string	"bled"
 1112      00
 1113               	.LASF7:
 1114 00a6 706F 7274 		.string	"portbit"
 1114      6269 7400 
 1115               	.LASF19:
 1116 00ae 453A 5C61 		.string	"E:\\avr\\lib"
 1116      7672 5C6C 
 1116      6962 00
 1117               	.LASF16:
 1118 00b9 625F 6C65 		.string	"b_leds"
 1118      6473 00
 1119               	.LASF3:
 1120 00c0 6C6F 6E67 		.string	"long int"
 1120      2069 6E74 
 1120      00
 1121               	.LASF0:
 1122 00c9 7369 676E 		.string	"signed char"
 1122      6564 2063 
 1122      6861 7200 
 1123               	.global __do_clear_bss
GAS LISTING C:\Users\alex\AppData\Local\Temp/ccGE76TY.s 			page 22


DEFINED SYMBOLS
                            *ABS*:00000000 leds.c
C:\Users\alex\AppData\Local\Temp/ccGE76TY.s:2      *ABS*:0000003f __SREG__
C:\Users\alex\AppData\Local\Temp/ccGE76TY.s:3      *ABS*:0000003e __SP_H__
C:\Users\alex\AppData\Local\Temp/ccGE76TY.s:4      *ABS*:0000003d __SP_L__
C:\Users\alex\AppData\Local\Temp/ccGE76TY.s:5      *ABS*:00000034 __CCP__
C:\Users\alex\AppData\Local\Temp/ccGE76TY.s:6      *ABS*:00000000 __tmp_reg__
C:\Users\alex\AppData\Local\Temp/ccGE76TY.s:7      *ABS*:00000001 __zero_reg__
C:\Users\alex\AppData\Local\Temp/ccGE76TY.s:18     .text:00000000 init_led
                            *COM*:00000010 b_leds
                            *COM*:00000020 p_leds
C:\Users\alex\AppData\Local\Temp/ccGE76TY.s:137    .text:000000c4 init_leds
C:\Users\alex\AppData\Local\Temp/ccGE76TY.s:265    .text:00000192 set_led
C:\Users\alex\AppData\Local\Temp/ccGE76TY.s:321    .text:000001e6 clr_led

UNDEFINED SYMBOLS
__do_clear_bss
