GAS LISTING C:\Users\alex\AppData\Local\Temp/ccC6rrFA.s 			page 1


   1               		.file	"mcp3204.c"
   2               	__SREG__ = 0x3f
   3               	__SP_H__ = 0x3e
   4               	__SP_L__ = 0x3d
   5               	__CCP__  = 0x34
   6               	__tmp_reg__ = 0
   7               	__zero_reg__ = 1
   8               		.section	.debug_abbrev,"",@progbits
   9               	.Ldebug_abbrev0:
  10               		.section	.debug_info,"",@progbits
  11               	.Ldebug_info0:
  12               		.section	.debug_line,"",@progbits
  13               	.Ldebug_line0:
  14               		.text
  15               	.Ltext0:
  16               	.global	init_mcp3204
  17               		.type	init_mcp3204, @function
  18               	init_mcp3204:
  19               	.LFB2:
  20               	.LM1:
  21 0000 0F93      		push r16
  22 0002 DF93      		push r29
  23 0004 CF93      		push r28
  24 0006 CDB7      		in r28,__SP_L__
  25 0008 DEB7      		in r29,__SP_H__
  26 000a 2997      		sbiw r28,9
  27 000c 0FB6      		in __tmp_reg__,__SREG__
  28 000e F894      		cli
  29 0010 DEBF      		out __SP_H__,r29
  30 0012 0FBE      		out __SREG__,__tmp_reg__
  31 0014 CDBF      		out __SP_L__,r28
  32               	/* prologue: function */
  33               	/* frame size = 9 */
  34 0016 8D83      		std Y+5,r24
  35 0018 6E83      		std Y+6,r22
  36 001a 4F83      		std Y+7,r20
  37 001c 2887      		std Y+8,r18
  38 001e 0987      		std Y+9,r16
  39               	.LM2:
  40 0020 8F81      		ldd r24,Y+7
  41 0022 882F      		mov r24,r24
  42 0024 90E0      		ldi r25,lo8(0)
  43 0026 9C01      		movw r18,r24
  44 0028 2F70      		andi r18,lo8(15)
  45 002a 3070      		andi r19,hi8(15)
  46 002c 81E0      		ldi r24,lo8(1)
  47 002e 90E0      		ldi r25,hi8(1)
  48 0030 00C0      		rjmp 2f
  49 0032 880F      	1:	lsl r24
  50 0034 991F      		rol r25
  51 0036 2A95      	2:	dec r18
  52 0038 02F4      		brpl 1b
  53 003a 8C83      		std Y+4,r24
  54               	.LM3:
  55 003c 8D81      		ldd r24,Y+5
  56 003e 882F      		mov r24,r24
  57 0040 90E0      		ldi r25,lo8(0)
GAS LISTING C:\Users\alex\AppData\Local\Temp/ccC6rrFA.s 			page 2


  58 0042 FC01      		movw r30,r24
  59 0044 E050      		subi r30,lo8(-(mcp3204_b_clk))
  60 0046 F040      		sbci r31,hi8(-(mcp3204_b_clk))
  61 0048 8C81      		ldd r24,Y+4
  62 004a 8083      		st Z,r24
  63               	.LM4:
  64 004c 8885      		ldd r24,Y+8
  65 004e 882F      		mov r24,r24
  66 0050 90E0      		ldi r25,lo8(0)
  67 0052 9C01      		movw r18,r24
  68 0054 2F70      		andi r18,lo8(15)
  69 0056 3070      		andi r19,hi8(15)
  70 0058 81E0      		ldi r24,lo8(1)
  71 005a 90E0      		ldi r25,hi8(1)
  72 005c 00C0      		rjmp 2f
  73 005e 880F      	1:	lsl r24
  74 0060 991F      		rol r25
  75 0062 2A95      	2:	dec r18
  76 0064 02F4      		brpl 1b
  77 0066 8A83      		std Y+2,r24
  78               	.LM5:
  79 0068 8D81      		ldd r24,Y+5
  80 006a 882F      		mov r24,r24
  81 006c 90E0      		ldi r25,lo8(0)
  82 006e FC01      		movw r30,r24
  83 0070 E050      		subi r30,lo8(-(mcp3204_b_dout))
  84 0072 F040      		sbci r31,hi8(-(mcp3204_b_dout))
  85 0074 8A81      		ldd r24,Y+2
  86 0076 8083      		st Z,r24
  87               	.LM6:
  88 0078 8E81      		ldd r24,Y+6
  89 007a 882F      		mov r24,r24
  90 007c 90E0      		ldi r25,lo8(0)
  91 007e 9C01      		movw r18,r24
  92 0080 2F70      		andi r18,lo8(15)
  93 0082 3070      		andi r19,hi8(15)
  94 0084 81E0      		ldi r24,lo8(1)
  95 0086 90E0      		ldi r25,hi8(1)
  96 0088 00C0      		rjmp 2f
  97 008a 880F      	1:	lsl r24
  98 008c 991F      		rol r25
  99 008e 2A95      	2:	dec r18
 100 0090 02F4      		brpl 1b
 101 0092 8B83      		std Y+3,r24
 102               	.LM7:
 103 0094 8D81      		ldd r24,Y+5
 104 0096 882F      		mov r24,r24
 105 0098 90E0      		ldi r25,lo8(0)
 106 009a FC01      		movw r30,r24
 107 009c E050      		subi r30,lo8(-(mcp3204_b_cs))
 108 009e F040      		sbci r31,hi8(-(mcp3204_b_cs))
 109 00a0 8B81      		ldd r24,Y+3
 110 00a2 8083      		st Z,r24
 111               	.LM8:
 112 00a4 8985      		ldd r24,Y+9
 113 00a6 882F      		mov r24,r24
 114 00a8 90E0      		ldi r25,lo8(0)
GAS LISTING C:\Users\alex\AppData\Local\Temp/ccC6rrFA.s 			page 3


 115 00aa 9C01      		movw r18,r24
 116 00ac 2F70      		andi r18,lo8(15)
 117 00ae 3070      		andi r19,hi8(15)
 118 00b0 81E0      		ldi r24,lo8(1)
 119 00b2 90E0      		ldi r25,hi8(1)
 120 00b4 022E      		mov r0,r18
 121 00b6 00C0      		rjmp 2f
 122 00b8 880F      	1:	lsl r24
 123 00ba 991F      		rol r25
 124 00bc 0A94      	2:	dec r0
 125 00be 02F4      		brpl 1b
 126 00c0 8983      		std Y+1,r24
 127               	.LM9:
 128 00c2 8D81      		ldd r24,Y+5
 129 00c4 882F      		mov r24,r24
 130 00c6 90E0      		ldi r25,lo8(0)
 131 00c8 FC01      		movw r30,r24
 132 00ca E050      		subi r30,lo8(-(mcp3204_b_din))
 133 00cc F040      		sbci r31,hi8(-(mcp3204_b_din))
 134 00ce 8981      		ldd r24,Y+1
 135 00d0 8083      		st Z,r24
 136               	.LM10:
 137 00d2 8F81      		ldd r24,Y+7
 138 00d4 807F      		andi r24,lo8(-16)
 139 00d6 8F83      		std Y+7,r24
 140               	.LM11:
 141 00d8 8F81      		ldd r24,Y+7
 142 00da 8823      		tst r24
 143 00dc 01F4      		brne .L2
 144 00de 8D81      		ldd r24,Y+5
 145 00e0 882F      		mov r24,r24
 146 00e2 90E0      		ldi r25,lo8(0)
 147 00e4 880F      		lsl r24
 148 00e6 991F      		rol r25
 149 00e8 FC01      		movw r30,r24
 150 00ea E050      		subi r30,lo8(-(mcp3204_p_clk))
 151 00ec F040      		sbci r31,hi8(-(mcp3204_p_clk))
 152 00ee 8BE3      		ldi r24,lo8(59)
 153 00f0 90E0      		ldi r25,hi8(59)
 154 00f2 9183      		std Z+1,r25
 155 00f4 8083      		st Z,r24
 156 00f6 AAE3      		ldi r26,lo8(58)
 157 00f8 B0E0      		ldi r27,hi8(58)
 158 00fa EAE3      		ldi r30,lo8(58)
 159 00fc F0E0      		ldi r31,hi8(58)
 160 00fe 9081      		ld r25,Z
 161 0100 8C81      		ldd r24,Y+4
 162 0102 892B      		or r24,r25
 163 0104 8C93      		st X,r24
 164               	.L2:
 165               	.LM12:
 166 0106 8F81      		ldd r24,Y+7
 167 0108 8031      		cpi r24,lo8(16)
 168 010a 01F4      		brne .L3
 169 010c 8D81      		ldd r24,Y+5
 170 010e 882F      		mov r24,r24
 171 0110 90E0      		ldi r25,lo8(0)
GAS LISTING C:\Users\alex\AppData\Local\Temp/ccC6rrFA.s 			page 4


 172 0112 880F      		lsl r24
 173 0114 991F      		rol r25
 174 0116 FC01      		movw r30,r24
 175 0118 E050      		subi r30,lo8(-(mcp3204_p_clk))
 176 011a F040      		sbci r31,hi8(-(mcp3204_p_clk))
 177 011c 88E3      		ldi r24,lo8(56)
 178 011e 90E0      		ldi r25,hi8(56)
 179 0120 9183      		std Z+1,r25
 180 0122 8083      		st Z,r24
 181 0124 A7E3      		ldi r26,lo8(55)
 182 0126 B0E0      		ldi r27,hi8(55)
 183 0128 E7E3      		ldi r30,lo8(55)
 184 012a F0E0      		ldi r31,hi8(55)
 185 012c 9081      		ld r25,Z
 186 012e 8C81      		ldd r24,Y+4
 187 0130 892B      		or r24,r25
 188 0132 8C93      		st X,r24
 189               	.L3:
 190               	.LM13:
 191 0134 8F81      		ldd r24,Y+7
 192 0136 8032      		cpi r24,lo8(32)
 193 0138 01F4      		brne .L4
 194 013a 8D81      		ldd r24,Y+5
 195 013c 882F      		mov r24,r24
 196 013e 90E0      		ldi r25,lo8(0)
 197 0140 880F      		lsl r24
 198 0142 991F      		rol r25
 199 0144 FC01      		movw r30,r24
 200 0146 E050      		subi r30,lo8(-(mcp3204_p_clk))
 201 0148 F040      		sbci r31,hi8(-(mcp3204_p_clk))
 202 014a 85E3      		ldi r24,lo8(53)
 203 014c 90E0      		ldi r25,hi8(53)
 204 014e 9183      		std Z+1,r25
 205 0150 8083      		st Z,r24
 206 0152 A4E3      		ldi r26,lo8(52)
 207 0154 B0E0      		ldi r27,hi8(52)
 208 0156 E4E3      		ldi r30,lo8(52)
 209 0158 F0E0      		ldi r31,hi8(52)
 210 015a 9081      		ld r25,Z
 211 015c 8C81      		ldd r24,Y+4
 212 015e 892B      		or r24,r25
 213 0160 8C93      		st X,r24
 214               	.L4:
 215               	.LM14:
 216 0162 8F81      		ldd r24,Y+7
 217 0164 8033      		cpi r24,lo8(48)
 218 0166 01F4      		brne .L5
 219 0168 8D81      		ldd r24,Y+5
 220 016a 882F      		mov r24,r24
 221 016c 90E0      		ldi r25,lo8(0)
 222 016e 880F      		lsl r24
 223 0170 991F      		rol r25
 224 0172 FC01      		movw r30,r24
 225 0174 E050      		subi r30,lo8(-(mcp3204_p_clk))
 226 0176 F040      		sbci r31,hi8(-(mcp3204_p_clk))
 227 0178 82E3      		ldi r24,lo8(50)
 228 017a 90E0      		ldi r25,hi8(50)
GAS LISTING C:\Users\alex\AppData\Local\Temp/ccC6rrFA.s 			page 5


 229 017c 9183      		std Z+1,r25
 230 017e 8083      		st Z,r24
 231 0180 A1E3      		ldi r26,lo8(49)
 232 0182 B0E0      		ldi r27,hi8(49)
 233 0184 E1E3      		ldi r30,lo8(49)
 234 0186 F0E0      		ldi r31,hi8(49)
 235 0188 9081      		ld r25,Z
 236 018a 8C81      		ldd r24,Y+4
 237 018c 892B      		or r24,r25
 238 018e 8C93      		st X,r24
 239               	.L5:
 240               	.LM15:
 241 0190 8885      		ldd r24,Y+8
 242 0192 807F      		andi r24,lo8(-16)
 243 0194 8887      		std Y+8,r24
 244               	.LM16:
 245 0196 8885      		ldd r24,Y+8
 246 0198 8823      		tst r24
 247 019a 01F4      		brne .L6
 248 019c 8D81      		ldd r24,Y+5
 249 019e 882F      		mov r24,r24
 250 01a0 90E0      		ldi r25,lo8(0)
 251 01a2 880F      		lsl r24
 252 01a4 991F      		rol r25
 253 01a6 FC01      		movw r30,r24
 254 01a8 E050      		subi r30,lo8(-(mcp3204_p_dout))
 255 01aa F040      		sbci r31,hi8(-(mcp3204_p_dout))
 256 01ac 89E3      		ldi r24,lo8(57)
 257 01ae 90E0      		ldi r25,hi8(57)
 258 01b0 9183      		std Z+1,r25
 259 01b2 8083      		st Z,r24
 260 01b4 AAE3      		ldi r26,lo8(58)
 261 01b6 B0E0      		ldi r27,hi8(58)
 262 01b8 EAE3      		ldi r30,lo8(58)
 263 01ba F0E0      		ldi r31,hi8(58)
 264 01bc 8081      		ld r24,Z
 265 01be 982F      		mov r25,r24
 266 01c0 8A81      		ldd r24,Y+2
 267 01c2 8095      		com r24
 268 01c4 8923      		and r24,r25
 269 01c6 8C93      		st X,r24
 270 01c8 ABE3      		ldi r26,lo8(59)
 271 01ca B0E0      		ldi r27,hi8(59)
 272 01cc EBE3      		ldi r30,lo8(59)
 273 01ce F0E0      		ldi r31,hi8(59)
 274 01d0 9081      		ld r25,Z
 275 01d2 8A81      		ldd r24,Y+2
 276 01d4 892B      		or r24,r25
 277 01d6 8C93      		st X,r24
 278               	.L6:
 279               	.LM17:
 280 01d8 8885      		ldd r24,Y+8
 281 01da 8031      		cpi r24,lo8(16)
 282 01dc 01F4      		brne .L7
 283 01de 8D81      		ldd r24,Y+5
 284 01e0 882F      		mov r24,r24
 285 01e2 90E0      		ldi r25,lo8(0)
GAS LISTING C:\Users\alex\AppData\Local\Temp/ccC6rrFA.s 			page 6


 286 01e4 880F      		lsl r24
 287 01e6 991F      		rol r25
 288 01e8 FC01      		movw r30,r24
 289 01ea E050      		subi r30,lo8(-(mcp3204_p_dout))
 290 01ec F040      		sbci r31,hi8(-(mcp3204_p_dout))
 291 01ee 86E3      		ldi r24,lo8(54)
 292 01f0 90E0      		ldi r25,hi8(54)
 293 01f2 9183      		std Z+1,r25
 294 01f4 8083      		st Z,r24
 295 01f6 A7E3      		ldi r26,lo8(55)
 296 01f8 B0E0      		ldi r27,hi8(55)
 297 01fa E7E3      		ldi r30,lo8(55)
 298 01fc F0E0      		ldi r31,hi8(55)
 299 01fe 8081      		ld r24,Z
 300 0200 982F      		mov r25,r24
 301 0202 8A81      		ldd r24,Y+2
 302 0204 8095      		com r24
 303 0206 8923      		and r24,r25
 304 0208 8C93      		st X,r24
 305 020a A8E3      		ldi r26,lo8(56)
 306 020c B0E0      		ldi r27,hi8(56)
 307 020e E8E3      		ldi r30,lo8(56)
 308 0210 F0E0      		ldi r31,hi8(56)
 309 0212 9081      		ld r25,Z
 310 0214 8A81      		ldd r24,Y+2
 311 0216 892B      		or r24,r25
 312 0218 8C93      		st X,r24
 313               	.L7:
 314               	.LM18:
 315 021a 8885      		ldd r24,Y+8
 316 021c 8032      		cpi r24,lo8(32)
 317 021e 01F4      		brne .L8
 318 0220 8D81      		ldd r24,Y+5
 319 0222 882F      		mov r24,r24
 320 0224 90E0      		ldi r25,lo8(0)
 321 0226 880F      		lsl r24
 322 0228 991F      		rol r25
 323 022a FC01      		movw r30,r24
 324 022c E050      		subi r30,lo8(-(mcp3204_p_dout))
 325 022e F040      		sbci r31,hi8(-(mcp3204_p_dout))
 326 0230 83E3      		ldi r24,lo8(51)
 327 0232 90E0      		ldi r25,hi8(51)
 328 0234 9183      		std Z+1,r25
 329 0236 8083      		st Z,r24
 330 0238 A4E3      		ldi r26,lo8(52)
 331 023a B0E0      		ldi r27,hi8(52)
 332 023c E4E3      		ldi r30,lo8(52)
 333 023e F0E0      		ldi r31,hi8(52)
 334 0240 8081      		ld r24,Z
 335 0242 982F      		mov r25,r24
 336 0244 8A81      		ldd r24,Y+2
 337 0246 8095      		com r24
 338 0248 8923      		and r24,r25
 339 024a 8C93      		st X,r24
 340 024c A5E3      		ldi r26,lo8(53)
 341 024e B0E0      		ldi r27,hi8(53)
 342 0250 E5E3      		ldi r30,lo8(53)
GAS LISTING C:\Users\alex\AppData\Local\Temp/ccC6rrFA.s 			page 7


 343 0252 F0E0      		ldi r31,hi8(53)
 344 0254 9081      		ld r25,Z
 345 0256 8A81      		ldd r24,Y+2
 346 0258 892B      		or r24,r25
 347 025a 8C93      		st X,r24
 348               	.L8:
 349               	.LM19:
 350 025c 8885      		ldd r24,Y+8
 351 025e 8033      		cpi r24,lo8(48)
 352 0260 01F4      		brne .L9
 353 0262 8D81      		ldd r24,Y+5
 354 0264 882F      		mov r24,r24
 355 0266 90E0      		ldi r25,lo8(0)
 356 0268 880F      		lsl r24
 357 026a 991F      		rol r25
 358 026c FC01      		movw r30,r24
 359 026e E050      		subi r30,lo8(-(mcp3204_p_dout))
 360 0270 F040      		sbci r31,hi8(-(mcp3204_p_dout))
 361 0272 80E3      		ldi r24,lo8(48)
 362 0274 90E0      		ldi r25,hi8(48)
 363 0276 9183      		std Z+1,r25
 364 0278 8083      		st Z,r24
 365 027a A1E3      		ldi r26,lo8(49)
 366 027c B0E0      		ldi r27,hi8(49)
 367 027e E1E3      		ldi r30,lo8(49)
 368 0280 F0E0      		ldi r31,hi8(49)
 369 0282 8081      		ld r24,Z
 370 0284 982F      		mov r25,r24
 371 0286 8A81      		ldd r24,Y+2
 372 0288 8095      		com r24
 373 028a 8923      		and r24,r25
 374 028c 8C93      		st X,r24
 375 028e A2E3      		ldi r26,lo8(50)
 376 0290 B0E0      		ldi r27,hi8(50)
 377 0292 E2E3      		ldi r30,lo8(50)
 378 0294 F0E0      		ldi r31,hi8(50)
 379 0296 9081      		ld r25,Z
 380 0298 8A81      		ldd r24,Y+2
 381 029a 892B      		or r24,r25
 382 029c 8C93      		st X,r24
 383               	.L9:
 384               	.LM20:
 385 029e 8985      		ldd r24,Y+9
 386 02a0 807F      		andi r24,lo8(-16)
 387 02a2 8987      		std Y+9,r24
 388               	.LM21:
 389 02a4 8985      		ldd r24,Y+9
 390 02a6 8823      		tst r24
 391 02a8 01F4      		brne .L10
 392 02aa 8D81      		ldd r24,Y+5
 393 02ac 882F      		mov r24,r24
 394 02ae 90E0      		ldi r25,lo8(0)
 395 02b0 880F      		lsl r24
 396 02b2 991F      		rol r25
 397 02b4 FC01      		movw r30,r24
 398 02b6 E050      		subi r30,lo8(-(mcp3204_p_din))
 399 02b8 F040      		sbci r31,hi8(-(mcp3204_p_din))
GAS LISTING C:\Users\alex\AppData\Local\Temp/ccC6rrFA.s 			page 8


 400 02ba 8BE3      		ldi r24,lo8(59)
 401 02bc 90E0      		ldi r25,hi8(59)
 402 02be 9183      		std Z+1,r25
 403 02c0 8083      		st Z,r24
 404 02c2 AAE3      		ldi r26,lo8(58)
 405 02c4 B0E0      		ldi r27,hi8(58)
 406 02c6 EAE3      		ldi r30,lo8(58)
 407 02c8 F0E0      		ldi r31,hi8(58)
 408 02ca 9081      		ld r25,Z
 409 02cc 8981      		ldd r24,Y+1
 410 02ce 892B      		or r24,r25
 411 02d0 8C93      		st X,r24
 412               	.L10:
 413               	.LM22:
 414 02d2 8985      		ldd r24,Y+9
 415 02d4 8031      		cpi r24,lo8(16)
 416 02d6 01F4      		brne .L11
 417 02d8 8D81      		ldd r24,Y+5
 418 02da 882F      		mov r24,r24
 419 02dc 90E0      		ldi r25,lo8(0)
 420 02de 880F      		lsl r24
 421 02e0 991F      		rol r25
 422 02e2 FC01      		movw r30,r24
 423 02e4 E050      		subi r30,lo8(-(mcp3204_p_din))
 424 02e6 F040      		sbci r31,hi8(-(mcp3204_p_din))
 425 02e8 88E3      		ldi r24,lo8(56)
 426 02ea 90E0      		ldi r25,hi8(56)
 427 02ec 9183      		std Z+1,r25
 428 02ee 8083      		st Z,r24
 429 02f0 A7E3      		ldi r26,lo8(55)
 430 02f2 B0E0      		ldi r27,hi8(55)
 431 02f4 E7E3      		ldi r30,lo8(55)
 432 02f6 F0E0      		ldi r31,hi8(55)
 433 02f8 9081      		ld r25,Z
 434 02fa 8981      		ldd r24,Y+1
 435 02fc 892B      		or r24,r25
 436 02fe 8C93      		st X,r24
 437               	.L11:
 438               	.LM23:
 439 0300 8985      		ldd r24,Y+9
 440 0302 8032      		cpi r24,lo8(32)
 441 0304 01F4      		brne .L12
 442 0306 8D81      		ldd r24,Y+5
 443 0308 882F      		mov r24,r24
 444 030a 90E0      		ldi r25,lo8(0)
 445 030c 880F      		lsl r24
 446 030e 991F      		rol r25
 447 0310 FC01      		movw r30,r24
 448 0312 E050      		subi r30,lo8(-(mcp3204_p_din))
 449 0314 F040      		sbci r31,hi8(-(mcp3204_p_din))
 450 0316 85E3      		ldi r24,lo8(53)
 451 0318 90E0      		ldi r25,hi8(53)
 452 031a 9183      		std Z+1,r25
 453 031c 8083      		st Z,r24
 454 031e A4E3      		ldi r26,lo8(52)
 455 0320 B0E0      		ldi r27,hi8(52)
 456 0322 E4E3      		ldi r30,lo8(52)
GAS LISTING C:\Users\alex\AppData\Local\Temp/ccC6rrFA.s 			page 9


 457 0324 F0E0      		ldi r31,hi8(52)
 458 0326 9081      		ld r25,Z
 459 0328 8981      		ldd r24,Y+1
 460 032a 892B      		or r24,r25
 461 032c 8C93      		st X,r24
 462               	.L12:
 463               	.LM24:
 464 032e 8985      		ldd r24,Y+9
 465 0330 8033      		cpi r24,lo8(48)
 466 0332 01F4      		brne .L13
 467 0334 8D81      		ldd r24,Y+5
 468 0336 882F      		mov r24,r24
 469 0338 90E0      		ldi r25,lo8(0)
 470 033a 880F      		lsl r24
 471 033c 991F      		rol r25
 472 033e FC01      		movw r30,r24
 473 0340 E050      		subi r30,lo8(-(mcp3204_p_din))
 474 0342 F040      		sbci r31,hi8(-(mcp3204_p_din))
 475 0344 82E3      		ldi r24,lo8(50)
 476 0346 90E0      		ldi r25,hi8(50)
 477 0348 9183      		std Z+1,r25
 478 034a 8083      		st Z,r24
 479 034c A1E3      		ldi r26,lo8(49)
 480 034e B0E0      		ldi r27,hi8(49)
 481 0350 E1E3      		ldi r30,lo8(49)
 482 0352 F0E0      		ldi r31,hi8(49)
 483 0354 9081      		ld r25,Z
 484 0356 8981      		ldd r24,Y+1
 485 0358 892B      		or r24,r25
 486 035a 8C93      		st X,r24
 487               	.L13:
 488               	.LM25:
 489 035c 8E81      		ldd r24,Y+6
 490 035e 807F      		andi r24,lo8(-16)
 491 0360 8E83      		std Y+6,r24
 492               	.LM26:
 493 0362 8E81      		ldd r24,Y+6
 494 0364 8823      		tst r24
 495 0366 01F4      		brne .L14
 496 0368 8D81      		ldd r24,Y+5
 497 036a 882F      		mov r24,r24
 498 036c 90E0      		ldi r25,lo8(0)
 499 036e 880F      		lsl r24
 500 0370 991F      		rol r25
 501 0372 FC01      		movw r30,r24
 502 0374 E050      		subi r30,lo8(-(mcp3204_p_cs))
 503 0376 F040      		sbci r31,hi8(-(mcp3204_p_cs))
 504 0378 8BE3      		ldi r24,lo8(59)
 505 037a 90E0      		ldi r25,hi8(59)
 506 037c 9183      		std Z+1,r25
 507 037e 8083      		st Z,r24
 508 0380 AAE3      		ldi r26,lo8(58)
 509 0382 B0E0      		ldi r27,hi8(58)
 510 0384 EAE3      		ldi r30,lo8(58)
 511 0386 F0E0      		ldi r31,hi8(58)
 512 0388 9081      		ld r25,Z
 513 038a 8B81      		ldd r24,Y+3
GAS LISTING C:\Users\alex\AppData\Local\Temp/ccC6rrFA.s 			page 10


 514 038c 892B      		or r24,r25
 515 038e 8C93      		st X,r24
 516               	.L14:
 517               	.LM27:
 518 0390 8E81      		ldd r24,Y+6
 519 0392 8031      		cpi r24,lo8(16)
 520 0394 01F4      		brne .L15
 521 0396 8D81      		ldd r24,Y+5
 522 0398 882F      		mov r24,r24
 523 039a 90E0      		ldi r25,lo8(0)
 524 039c 880F      		lsl r24
 525 039e 991F      		rol r25
 526 03a0 FC01      		movw r30,r24
 527 03a2 E050      		subi r30,lo8(-(mcp3204_p_cs))
 528 03a4 F040      		sbci r31,hi8(-(mcp3204_p_cs))
 529 03a6 88E3      		ldi r24,lo8(56)
 530 03a8 90E0      		ldi r25,hi8(56)
 531 03aa 9183      		std Z+1,r25
 532 03ac 8083      		st Z,r24
 533 03ae A7E3      		ldi r26,lo8(55)
 534 03b0 B0E0      		ldi r27,hi8(55)
 535 03b2 E7E3      		ldi r30,lo8(55)
 536 03b4 F0E0      		ldi r31,hi8(55)
 537 03b6 9081      		ld r25,Z
 538 03b8 8B81      		ldd r24,Y+3
 539 03ba 892B      		or r24,r25
 540 03bc 8C93      		st X,r24
 541               	.L15:
 542               	.LM28:
 543 03be 8E81      		ldd r24,Y+6
 544 03c0 8032      		cpi r24,lo8(32)
 545 03c2 01F4      		brne .L16
 546 03c4 8D81      		ldd r24,Y+5
 547 03c6 882F      		mov r24,r24
 548 03c8 90E0      		ldi r25,lo8(0)
 549 03ca 880F      		lsl r24
 550 03cc 991F      		rol r25
 551 03ce FC01      		movw r30,r24
 552 03d0 E050      		subi r30,lo8(-(mcp3204_p_cs))
 553 03d2 F040      		sbci r31,hi8(-(mcp3204_p_cs))
 554 03d4 85E3      		ldi r24,lo8(53)
 555 03d6 90E0      		ldi r25,hi8(53)
 556 03d8 9183      		std Z+1,r25
 557 03da 8083      		st Z,r24
 558 03dc A4E3      		ldi r26,lo8(52)
 559 03de B0E0      		ldi r27,hi8(52)
 560 03e0 E4E3      		ldi r30,lo8(52)
 561 03e2 F0E0      		ldi r31,hi8(52)
 562 03e4 9081      		ld r25,Z
 563 03e6 8B81      		ldd r24,Y+3
 564 03e8 892B      		or r24,r25
 565 03ea 8C93      		st X,r24
 566               	.L16:
 567               	.LM29:
 568 03ec 8E81      		ldd r24,Y+6
 569 03ee 8033      		cpi r24,lo8(48)
 570 03f0 01F4      		brne .L17
GAS LISTING C:\Users\alex\AppData\Local\Temp/ccC6rrFA.s 			page 11


 571 03f2 8D81      		ldd r24,Y+5
 572 03f4 882F      		mov r24,r24
 573 03f6 90E0      		ldi r25,lo8(0)
 574 03f8 880F      		lsl r24
 575 03fa 991F      		rol r25
 576 03fc FC01      		movw r30,r24
 577 03fe E050      		subi r30,lo8(-(mcp3204_p_cs))
 578 0400 F040      		sbci r31,hi8(-(mcp3204_p_cs))
 579 0402 82E3      		ldi r24,lo8(50)
 580 0404 90E0      		ldi r25,hi8(50)
 581 0406 9183      		std Z+1,r25
 582 0408 8083      		st Z,r24
 583 040a A1E3      		ldi r26,lo8(49)
 584 040c B0E0      		ldi r27,hi8(49)
 585 040e E1E3      		ldi r30,lo8(49)
 586 0410 F0E0      		ldi r31,hi8(49)
 587 0412 9081      		ld r25,Z
 588 0414 8B81      		ldd r24,Y+3
 589 0416 892B      		or r24,r25
 590 0418 8C93      		st X,r24
 591               	.L17:
 592               	.LM30:
 593 041a 8D81      		ldd r24,Y+5
 594 041c 882F      		mov r24,r24
 595 041e 90E0      		ldi r25,lo8(0)
 596 0420 880F      		lsl r24
 597 0422 991F      		rol r25
 598 0424 FC01      		movw r30,r24
 599 0426 E050      		subi r30,lo8(-(mcp3204_p_cs))
 600 0428 F040      		sbci r31,hi8(-(mcp3204_p_cs))
 601 042a A081      		ld r26,Z
 602 042c B181      		ldd r27,Z+1
 603 042e 8D81      		ldd r24,Y+5
 604 0430 882F      		mov r24,r24
 605 0432 90E0      		ldi r25,lo8(0)
 606 0434 880F      		lsl r24
 607 0436 991F      		rol r25
 608 0438 FC01      		movw r30,r24
 609 043a E050      		subi r30,lo8(-(mcp3204_p_cs))
 610 043c F040      		sbci r31,hi8(-(mcp3204_p_cs))
 611 043e 0190      		ld __tmp_reg__,Z+
 612 0440 F081      		ld r31,Z
 613 0442 E02D      		mov r30,__tmp_reg__
 614 0444 2081      		ld r18,Z
 615 0446 8D81      		ldd r24,Y+5
 616 0448 882F      		mov r24,r24
 617 044a 90E0      		ldi r25,lo8(0)
 618 044c FC01      		movw r30,r24
 619 044e E050      		subi r30,lo8(-(mcp3204_b_cs))
 620 0450 F040      		sbci r31,hi8(-(mcp3204_b_cs))
 621 0452 8081      		ld r24,Z
 622 0454 822B      		or r24,r18
 623 0456 8C93      		st X,r24
 624               	.LM31:
 625 0458 8D81      		ldd r24,Y+5
 626 045a 882F      		mov r24,r24
 627 045c 90E0      		ldi r25,lo8(0)
GAS LISTING C:\Users\alex\AppData\Local\Temp/ccC6rrFA.s 			page 12


 628 045e 880F      		lsl r24
 629 0460 991F      		rol r25
 630 0462 FC01      		movw r30,r24
 631 0464 E050      		subi r30,lo8(-(mcp3204_p_clk))
 632 0466 F040      		sbci r31,hi8(-(mcp3204_p_clk))
 633 0468 A081      		ld r26,Z
 634 046a B181      		ldd r27,Z+1
 635 046c 8D81      		ldd r24,Y+5
 636 046e 882F      		mov r24,r24
 637 0470 90E0      		ldi r25,lo8(0)
 638 0472 880F      		lsl r24
 639 0474 991F      		rol r25
 640 0476 FC01      		movw r30,r24
 641 0478 E050      		subi r30,lo8(-(mcp3204_p_clk))
 642 047a F040      		sbci r31,hi8(-(mcp3204_p_clk))
 643 047c 0190      		ld __tmp_reg__,Z+
 644 047e F081      		ld r31,Z
 645 0480 E02D      		mov r30,__tmp_reg__
 646 0482 8081      		ld r24,Z
 647 0484 282F      		mov r18,r24
 648 0486 8D81      		ldd r24,Y+5
 649 0488 882F      		mov r24,r24
 650 048a 90E0      		ldi r25,lo8(0)
 651 048c FC01      		movw r30,r24
 652 048e E050      		subi r30,lo8(-(mcp3204_b_clk))
 653 0490 F040      		sbci r31,hi8(-(mcp3204_b_clk))
 654 0492 8081      		ld r24,Z
 655 0494 8095      		com r24
 656 0496 8223      		and r24,r18
 657 0498 8C93      		st X,r24
 658               	.LM32:
 659 049a 8D81      		ldd r24,Y+5
 660 049c 882F      		mov r24,r24
 661 049e 90E0      		ldi r25,lo8(0)
 662 04a0 880F      		lsl r24
 663 04a2 991F      		rol r25
 664 04a4 FC01      		movw r30,r24
 665 04a6 E050      		subi r30,lo8(-(mcp3204_p_din))
 666 04a8 F040      		sbci r31,hi8(-(mcp3204_p_din))
 667 04aa A081      		ld r26,Z
 668 04ac B181      		ldd r27,Z+1
 669 04ae 8D81      		ldd r24,Y+5
 670 04b0 882F      		mov r24,r24
 671 04b2 90E0      		ldi r25,lo8(0)
 672 04b4 880F      		lsl r24
 673 04b6 991F      		rol r25
 674 04b8 FC01      		movw r30,r24
 675 04ba E050      		subi r30,lo8(-(mcp3204_p_din))
 676 04bc F040      		sbci r31,hi8(-(mcp3204_p_din))
 677 04be 0190      		ld __tmp_reg__,Z+
 678 04c0 F081      		ld r31,Z
 679 04c2 E02D      		mov r30,__tmp_reg__
 680 04c4 2081      		ld r18,Z
 681 04c6 8D81      		ldd r24,Y+5
 682 04c8 882F      		mov r24,r24
 683 04ca 90E0      		ldi r25,lo8(0)
 684 04cc FC01      		movw r30,r24
GAS LISTING C:\Users\alex\AppData\Local\Temp/ccC6rrFA.s 			page 13


 685 04ce E050      		subi r30,lo8(-(mcp3204_b_din))
 686 04d0 F040      		sbci r31,hi8(-(mcp3204_b_din))
 687 04d2 8081      		ld r24,Z
 688 04d4 822B      		or r24,r18
 689 04d6 8C93      		st X,r24
 690               	/* epilogue start */
 691               	.LM33:
 692 04d8 2996      		adiw r28,9
 693 04da 0FB6      		in __tmp_reg__,__SREG__
 694 04dc F894      		cli
 695 04de DEBF      		out __SP_H__,r29
 696 04e0 0FBE      		out __SREG__,__tmp_reg__
 697 04e2 CDBF      		out __SP_L__,r28
 698 04e4 CF91      		pop r28
 699 04e6 DF91      		pop r29
 700 04e8 0F91      		pop r16
 701 04ea 0895      		ret
 702               	.LFE2:
 703               		.size	init_mcp3204, .-init_mcp3204
 704               	.global	mcp3204_getw
 705               		.type	mcp3204_getw, @function
 706               	mcp3204_getw:
 707               	.LFB3:
 708               	.LM34:
 709 04ec DF93      		push r29
 710 04ee CF93      		push r28
 711 04f0 CDB7      		in r28,__SP_L__
 712 04f2 DEB7      		in r29,__SP_H__
 713 04f4 6297      		sbiw r28,18
 714 04f6 0FB6      		in __tmp_reg__,__SREG__
 715 04f8 F894      		cli
 716 04fa DEBF      		out __SP_H__,r29
 717 04fc 0FBE      		out __SREG__,__tmp_reg__
 718 04fe CDBF      		out __SP_L__,r28
 719               	/* prologue: function */
 720               	/* frame size = 18 */
 721 0500 888B      		std Y+16,r24
 722 0502 698B      		std Y+17,r22
 723 0504 4A8B      		std Y+18,r20
 724               	.LM35:
 725 0506 8889      		ldd r24,Y+16
 726 0508 882F      		mov r24,r24
 727 050a 90E0      		ldi r25,lo8(0)
 728 050c 880F      		lsl r24
 729 050e 991F      		rol r25
 730 0510 FC01      		movw r30,r24
 731 0512 E050      		subi r30,lo8(-(mcp3204_p_clk))
 732 0514 F040      		sbci r31,hi8(-(mcp3204_p_clk))
 733 0516 8081      		ld r24,Z
 734 0518 9181      		ldd r25,Z+1
 735 051a 9F87      		std Y+15,r25
 736 051c 8E87      		std Y+14,r24
 737               	.LM36:
 738 051e 8889      		ldd r24,Y+16
 739 0520 882F      		mov r24,r24
 740 0522 90E0      		ldi r25,lo8(0)
 741 0524 880F      		lsl r24
GAS LISTING C:\Users\alex\AppData\Local\Temp/ccC6rrFA.s 			page 14


 742 0526 991F      		rol r25
 743 0528 FC01      		movw r30,r24
 744 052a E050      		subi r30,lo8(-(mcp3204_p_dout))
 745 052c F040      		sbci r31,hi8(-(mcp3204_p_dout))
 746 052e 8081      		ld r24,Z
 747 0530 9181      		ldd r25,Z+1
 748 0532 9B87      		std Y+11,r25
 749 0534 8A87      		std Y+10,r24
 750               	.LM37:
 751 0536 8889      		ldd r24,Y+16
 752 0538 882F      		mov r24,r24
 753 053a 90E0      		ldi r25,lo8(0)
 754 053c 880F      		lsl r24
 755 053e 991F      		rol r25
 756 0540 FC01      		movw r30,r24
 757 0542 E050      		subi r30,lo8(-(mcp3204_p_din))
 758 0544 F040      		sbci r31,hi8(-(mcp3204_p_din))
 759 0546 8081      		ld r24,Z
 760 0548 9181      		ldd r25,Z+1
 761 054a 9987      		std Y+9,r25
 762 054c 8887      		std Y+8,r24
 763               	.LM38:
 764 054e 8889      		ldd r24,Y+16
 765 0550 882F      		mov r24,r24
 766 0552 90E0      		ldi r25,lo8(0)
 767 0554 880F      		lsl r24
 768 0556 991F      		rol r25
 769 0558 FC01      		movw r30,r24
 770 055a E050      		subi r30,lo8(-(mcp3204_p_cs))
 771 055c F040      		sbci r31,hi8(-(mcp3204_p_cs))
 772 055e 8081      		ld r24,Z
 773 0560 9181      		ldd r25,Z+1
 774 0562 9D87      		std Y+13,r25
 775 0564 8C87      		std Y+12,r24
 776               	.LM39:
 777 0566 8889      		ldd r24,Y+16
 778 0568 882F      		mov r24,r24
 779 056a 90E0      		ldi r25,lo8(0)
 780 056c FC01      		movw r30,r24
 781 056e E050      		subi r30,lo8(-(mcp3204_b_clk))
 782 0570 F040      		sbci r31,hi8(-(mcp3204_b_clk))
 783 0572 8081      		ld r24,Z
 784 0574 8F83      		std Y+7,r24
 785               	.LM40:
 786 0576 8889      		ldd r24,Y+16
 787 0578 882F      		mov r24,r24
 788 057a 90E0      		ldi r25,lo8(0)
 789 057c FC01      		movw r30,r24
 790 057e E050      		subi r30,lo8(-(mcp3204_b_dout))
 791 0580 F040      		sbci r31,hi8(-(mcp3204_b_dout))
 792 0582 8081      		ld r24,Z
 793 0584 8D83      		std Y+5,r24
 794               	.LM41:
 795 0586 8889      		ldd r24,Y+16
 796 0588 882F      		mov r24,r24
 797 058a 90E0      		ldi r25,lo8(0)
 798 058c FC01      		movw r30,r24
GAS LISTING C:\Users\alex\AppData\Local\Temp/ccC6rrFA.s 			page 15


 799 058e E050      		subi r30,lo8(-(mcp3204_b_din))
 800 0590 F040      		sbci r31,hi8(-(mcp3204_b_din))
 801 0592 8081      		ld r24,Z
 802 0594 8C83      		std Y+4,r24
 803               	.LM42:
 804 0596 8889      		ldd r24,Y+16
 805 0598 882F      		mov r24,r24
 806 059a 90E0      		ldi r25,lo8(0)
 807 059c FC01      		movw r30,r24
 808 059e E050      		subi r30,lo8(-(mcp3204_b_cs))
 809 05a0 F040      		sbci r31,hi8(-(mcp3204_b_cs))
 810 05a2 8081      		ld r24,Z
 811 05a4 8E83      		std Y+6,r24
 812               	.LM43:
 813 05a6 E885      		ldd r30,Y+8
 814 05a8 F985      		ldd r31,Y+9
 815 05aa 9081      		ld r25,Z
 816 05ac 8C81      		ldd r24,Y+4
 817 05ae 892B      		or r24,r25
 818 05b0 E885      		ldd r30,Y+8
 819 05b2 F985      		ldd r31,Y+9
 820 05b4 8083      		st Z,r24
 821               	.LM44:
 822 05b6 EE85      		ldd r30,Y+14
 823 05b8 FF85      		ldd r31,Y+15
 824 05ba 8081      		ld r24,Z
 825 05bc 982F      		mov r25,r24
 826 05be 8F81      		ldd r24,Y+7
 827 05c0 8095      		com r24
 828 05c2 8923      		and r24,r25
 829 05c4 EE85      		ldd r30,Y+14
 830 05c6 FF85      		ldd r31,Y+15
 831 05c8 8083      		st Z,r24
 832               	.LM45:
 833 05ca EC85      		ldd r30,Y+12
 834 05cc FD85      		ldd r31,Y+13
 835 05ce 8081      		ld r24,Z
 836 05d0 982F      		mov r25,r24
 837 05d2 8E81      		ldd r24,Y+6
 838 05d4 8095      		com r24
 839 05d6 8923      		and r24,r25
 840 05d8 EC85      		ldd r30,Y+12
 841 05da FD85      		ldd r31,Y+13
 842 05dc 8083      		st Z,r24
 843               	.LM46:
 844 05de 84E1      		ldi r24,lo8(20)
 845 05e0 90E0      		ldi r25,hi8(20)
 846 05e2 0E94 0000 		call udelay
 847               	.LM47:
 848 05e6 EE85      		ldd r30,Y+14
 849 05e8 FF85      		ldd r31,Y+15
 850 05ea 9081      		ld r25,Z
 851 05ec 8F81      		ldd r24,Y+7
 852 05ee 892B      		or r24,r25
 853 05f0 EE85      		ldd r30,Y+14
 854 05f2 FF85      		ldd r31,Y+15
 855 05f4 8083      		st Z,r24
GAS LISTING C:\Users\alex\AppData\Local\Temp/ccC6rrFA.s 			page 16


 856               	.LM48:
 857 05f6 84E6      		ldi r24,lo8(100)
 858 05f8 90E0      		ldi r25,hi8(100)
 859 05fa 0E94 0000 		call udelay
 860               	.LM49:
 861 05fe EE85      		ldd r30,Y+14
 862 0600 FF85      		ldd r31,Y+15
 863 0602 8081      		ld r24,Z
 864 0604 982F      		mov r25,r24
 865 0606 8F81      		ldd r24,Y+7
 866 0608 8095      		com r24
 867 060a 8923      		and r24,r25
 868 060c EE85      		ldd r30,Y+14
 869 060e FF85      		ldd r31,Y+15
 870 0610 8083      		st Z,r24
 871               	.LM50:
 872 0612 84E6      		ldi r24,lo8(100)
 873 0614 90E0      		ldi r25,hi8(100)
 874 0616 0E94 0000 		call udelay
 875               	.LM51:
 876 061a 8A89      		ldd r24,Y+18
 877 061c 8823      		tst r24
 878 061e 01F0      		breq .L20
 879 0620 E885      		ldd r30,Y+8
 880 0622 F985      		ldd r31,Y+9
 881 0624 9081      		ld r25,Z
 882 0626 8C81      		ldd r24,Y+4
 883 0628 892B      		or r24,r25
 884 062a E885      		ldd r30,Y+8
 885 062c F985      		ldd r31,Y+9
 886 062e 8083      		st Z,r24
 887 0630 00C0      		rjmp .L21
 888               	.L20:
 889               	.LM52:
 890 0632 E885      		ldd r30,Y+8
 891 0634 F985      		ldd r31,Y+9
 892 0636 8081      		ld r24,Z
 893 0638 982F      		mov r25,r24
 894 063a 8C81      		ldd r24,Y+4
 895 063c 8095      		com r24
 896 063e 8923      		and r24,r25
 897 0640 E885      		ldd r30,Y+8
 898 0642 F985      		ldd r31,Y+9
 899 0644 8083      		st Z,r24
 900               	.L21:
 901               	.LM53:
 902 0646 EE85      		ldd r30,Y+14
 903 0648 FF85      		ldd r31,Y+15
 904 064a 9081      		ld r25,Z
 905 064c 8F81      		ldd r24,Y+7
 906 064e 892B      		or r24,r25
 907 0650 EE85      		ldd r30,Y+14
 908 0652 FF85      		ldd r31,Y+15
 909 0654 8083      		st Z,r24
 910               	.LM54:
 911 0656 84E6      		ldi r24,lo8(100)
 912 0658 90E0      		ldi r25,hi8(100)
GAS LISTING C:\Users\alex\AppData\Local\Temp/ccC6rrFA.s 			page 17


 913 065a 0E94 0000 		call udelay
 914               	.LM55:
 915 065e EE85      		ldd r30,Y+14
 916 0660 FF85      		ldd r31,Y+15
 917 0662 8081      		ld r24,Z
 918 0664 982F      		mov r25,r24
 919 0666 8F81      		ldd r24,Y+7
 920 0668 8095      		com r24
 921 066a 8923      		and r24,r25
 922 066c EE85      		ldd r30,Y+14
 923 066e FF85      		ldd r31,Y+15
 924 0670 8083      		st Z,r24
 925               	.LM56:
 926 0672 84E6      		ldi r24,lo8(100)
 927 0674 90E0      		ldi r25,hi8(100)
 928 0676 0E94 0000 		call udelay
 929               	.LM57:
 930 067a 8989      		ldd r24,Y+17
 931 067c 882F      		mov r24,r24
 932 067e 90E0      		ldi r25,lo8(0)
 933 0680 8470      		andi r24,lo8(4)
 934 0682 9070      		andi r25,hi8(4)
 935 0684 0097      		sbiw r24,0
 936 0686 01F0      		breq .L22
 937 0688 E885      		ldd r30,Y+8
 938 068a F985      		ldd r31,Y+9
 939 068c 9081      		ld r25,Z
 940 068e 8C81      		ldd r24,Y+4
 941 0690 892B      		or r24,r25
 942 0692 E885      		ldd r30,Y+8
 943 0694 F985      		ldd r31,Y+9
 944 0696 8083      		st Z,r24
 945 0698 00C0      		rjmp .L23
 946               	.L22:
 947               	.LM58:
 948 069a E885      		ldd r30,Y+8
 949 069c F985      		ldd r31,Y+9
 950 069e 8081      		ld r24,Z
 951 06a0 982F      		mov r25,r24
 952 06a2 8C81      		ldd r24,Y+4
 953 06a4 8095      		com r24
 954 06a6 8923      		and r24,r25
 955 06a8 E885      		ldd r30,Y+8
 956 06aa F985      		ldd r31,Y+9
 957 06ac 8083      		st Z,r24
 958               	.L23:
 959               	.LM59:
 960 06ae EE85      		ldd r30,Y+14
 961 06b0 FF85      		ldd r31,Y+15
 962 06b2 9081      		ld r25,Z
 963 06b4 8F81      		ldd r24,Y+7
 964 06b6 892B      		or r24,r25
 965 06b8 EE85      		ldd r30,Y+14
 966 06ba FF85      		ldd r31,Y+15
 967 06bc 8083      		st Z,r24
 968               	.LM60:
 969 06be 84E6      		ldi r24,lo8(100)
GAS LISTING C:\Users\alex\AppData\Local\Temp/ccC6rrFA.s 			page 18


 970 06c0 90E0      		ldi r25,hi8(100)
 971 06c2 0E94 0000 		call udelay
 972               	.LM61:
 973 06c6 EE85      		ldd r30,Y+14
 974 06c8 FF85      		ldd r31,Y+15
 975 06ca 8081      		ld r24,Z
 976 06cc 982F      		mov r25,r24
 977 06ce 8F81      		ldd r24,Y+7
 978 06d0 8095      		com r24
 979 06d2 8923      		and r24,r25
 980 06d4 EE85      		ldd r30,Y+14
 981 06d6 FF85      		ldd r31,Y+15
 982 06d8 8083      		st Z,r24
 983               	.LM62:
 984 06da 84E6      		ldi r24,lo8(100)
 985 06dc 90E0      		ldi r25,hi8(100)
 986 06de 0E94 0000 		call udelay
 987               	.LM63:
 988 06e2 8989      		ldd r24,Y+17
 989 06e4 882F      		mov r24,r24
 990 06e6 90E0      		ldi r25,lo8(0)
 991 06e8 8270      		andi r24,lo8(2)
 992 06ea 9070      		andi r25,hi8(2)
 993 06ec 0097      		sbiw r24,0
 994 06ee 01F0      		breq .L24
 995 06f0 E885      		ldd r30,Y+8
 996 06f2 F985      		ldd r31,Y+9
 997 06f4 9081      		ld r25,Z
 998 06f6 8C81      		ldd r24,Y+4
 999 06f8 892B      		or r24,r25
 1000 06fa E885      		ldd r30,Y+8
 1001 06fc F985      		ldd r31,Y+9
 1002 06fe 8083      		st Z,r24
 1003 0700 00C0      		rjmp .L25
 1004               	.L24:
 1005               	.LM64:
 1006 0702 E885      		ldd r30,Y+8
 1007 0704 F985      		ldd r31,Y+9
 1008 0706 8081      		ld r24,Z
 1009 0708 982F      		mov r25,r24
 1010 070a 8C81      		ldd r24,Y+4
 1011 070c 8095      		com r24
 1012 070e 8923      		and r24,r25
 1013 0710 E885      		ldd r30,Y+8
 1014 0712 F985      		ldd r31,Y+9
 1015 0714 8083      		st Z,r24
 1016               	.L25:
 1017               	.LM65:
 1018 0716 EE85      		ldd r30,Y+14
 1019 0718 FF85      		ldd r31,Y+15
 1020 071a 9081      		ld r25,Z
 1021 071c 8F81      		ldd r24,Y+7
 1022 071e 892B      		or r24,r25
 1023 0720 EE85      		ldd r30,Y+14
 1024 0722 FF85      		ldd r31,Y+15
 1025 0724 8083      		st Z,r24
 1026               	.LM66:
GAS LISTING C:\Users\alex\AppData\Local\Temp/ccC6rrFA.s 			page 19


 1027 0726 84E6      		ldi r24,lo8(100)
 1028 0728 90E0      		ldi r25,hi8(100)
 1029 072a 0E94 0000 		call udelay
 1030               	.LM67:
 1031 072e EE85      		ldd r30,Y+14
 1032 0730 FF85      		ldd r31,Y+15
 1033 0732 8081      		ld r24,Z
 1034 0734 982F      		mov r25,r24
 1035 0736 8F81      		ldd r24,Y+7
 1036 0738 8095      		com r24
 1037 073a 8923      		and r24,r25
 1038 073c EE85      		ldd r30,Y+14
 1039 073e FF85      		ldd r31,Y+15
 1040 0740 8083      		st Z,r24
 1041               	.LM68:
 1042 0742 84E6      		ldi r24,lo8(100)
 1043 0744 90E0      		ldi r25,hi8(100)
 1044 0746 0E94 0000 		call udelay
 1045               	.LM69:
 1046 074a 8989      		ldd r24,Y+17
 1047 074c 882F      		mov r24,r24
 1048 074e 90E0      		ldi r25,lo8(0)
 1049 0750 8170      		andi r24,lo8(1)
 1050 0752 9070      		andi r25,hi8(1)
 1051 0754 8823      		tst r24
 1052 0756 01F0      		breq .L26
 1053 0758 E885      		ldd r30,Y+8
 1054 075a F985      		ldd r31,Y+9
 1055 075c 9081      		ld r25,Z
 1056 075e 8C81      		ldd r24,Y+4
 1057 0760 892B      		or r24,r25
 1058 0762 E885      		ldd r30,Y+8
 1059 0764 F985      		ldd r31,Y+9
 1060 0766 8083      		st Z,r24
 1061 0768 00C0      		rjmp .L27
 1062               	.L26:
 1063               	.LM70:
 1064 076a E885      		ldd r30,Y+8
 1065 076c F985      		ldd r31,Y+9
 1066 076e 8081      		ld r24,Z
 1067 0770 982F      		mov r25,r24
 1068 0772 8C81      		ldd r24,Y+4
 1069 0774 8095      		com r24
 1070 0776 8923      		and r24,r25
 1071 0778 E885      		ldd r30,Y+8
 1072 077a F985      		ldd r31,Y+9
 1073 077c 8083      		st Z,r24
 1074               	.L27:
 1075               	.LM71:
 1076 077e EE85      		ldd r30,Y+14
 1077 0780 FF85      		ldd r31,Y+15
 1078 0782 9081      		ld r25,Z
 1079 0784 8F81      		ldd r24,Y+7
 1080 0786 892B      		or r24,r25
 1081 0788 EE85      		ldd r30,Y+14
 1082 078a FF85      		ldd r31,Y+15
 1083 078c 8083      		st Z,r24
GAS LISTING C:\Users\alex\AppData\Local\Temp/ccC6rrFA.s 			page 20


 1084               	.LM72:
 1085 078e 84E6      		ldi r24,lo8(100)
 1086 0790 90E0      		ldi r25,hi8(100)
 1087 0792 0E94 0000 		call udelay
 1088               	.LM73:
 1089 0796 EE85      		ldd r30,Y+14
 1090 0798 FF85      		ldd r31,Y+15
 1091 079a 8081      		ld r24,Z
 1092 079c 982F      		mov r25,r24
 1093 079e 8F81      		ldd r24,Y+7
 1094 07a0 8095      		com r24
 1095 07a2 8923      		and r24,r25
 1096 07a4 EE85      		ldd r30,Y+14
 1097 07a6 FF85      		ldd r31,Y+15
 1098 07a8 8083      		st Z,r24
 1099               	.LM74:
 1100 07aa 84E6      		ldi r24,lo8(100)
 1101 07ac 90E0      		ldi r25,hi8(100)
 1102 07ae 0E94 0000 		call udelay
 1103               	.LM75:
 1104 07b2 EE85      		ldd r30,Y+14
 1105 07b4 FF85      		ldd r31,Y+15
 1106 07b6 9081      		ld r25,Z
 1107 07b8 8F81      		ldd r24,Y+7
 1108 07ba 892B      		or r24,r25
 1109 07bc EE85      		ldd r30,Y+14
 1110 07be FF85      		ldd r31,Y+15
 1111 07c0 8083      		st Z,r24
 1112               	.LM76:
 1113 07c2 84E6      		ldi r24,lo8(100)
 1114 07c4 90E0      		ldi r25,hi8(100)
 1115 07c6 0E94 0000 		call udelay
 1116               	.LM77:
 1117 07ca EE85      		ldd r30,Y+14
 1118 07cc FF85      		ldd r31,Y+15
 1119 07ce 8081      		ld r24,Z
 1120 07d0 982F      		mov r25,r24
 1121 07d2 8F81      		ldd r24,Y+7
 1122 07d4 8095      		com r24
 1123 07d6 8923      		and r24,r25
 1124 07d8 EE85      		ldd r30,Y+14
 1125 07da FF85      		ldd r31,Y+15
 1126 07dc 8083      		st Z,r24
 1127               	.LM78:
 1128 07de 84E6      		ldi r24,lo8(100)
 1129 07e0 90E0      		ldi r25,hi8(100)
 1130 07e2 0E94 0000 		call udelay
 1131               	.LM79:
 1132 07e6 1A82      		std Y+2,__zero_reg__
 1133 07e8 1982      		std Y+1,__zero_reg__
 1134               	.LM80:
 1135 07ea 1B82      		std Y+3,__zero_reg__
 1136 07ec 00C0      		rjmp .L28
 1137               	.L30:
 1138               	.LM81:
 1139 07ee EE85      		ldd r30,Y+14
 1140 07f0 FF85      		ldd r31,Y+15
GAS LISTING C:\Users\alex\AppData\Local\Temp/ccC6rrFA.s 			page 21


 1141 07f2 9081      		ld r25,Z
 1142 07f4 8F81      		ldd r24,Y+7
 1143 07f6 892B      		or r24,r25
 1144 07f8 EE85      		ldd r30,Y+14
 1145 07fa FF85      		ldd r31,Y+15
 1146 07fc 8083      		st Z,r24
 1147               	.LM82:
 1148 07fe 84E6      		ldi r24,lo8(100)
 1149 0800 90E0      		ldi r25,hi8(100)
 1150 0802 0E94 0000 		call udelay
 1151               	.LM83:
 1152 0806 EE85      		ldd r30,Y+14
 1153 0808 FF85      		ldd r31,Y+15
 1154 080a 8081      		ld r24,Z
 1155 080c 982F      		mov r25,r24
 1156 080e 8F81      		ldd r24,Y+7
 1157 0810 8095      		com r24
 1158 0812 8923      		and r24,r25
 1159 0814 EE85      		ldd r30,Y+14
 1160 0816 FF85      		ldd r31,Y+15
 1161 0818 8083      		st Z,r24
 1162               	.LM84:
 1163 081a 84E6      		ldi r24,lo8(100)
 1164 081c 90E0      		ldi r25,hi8(100)
 1165 081e 0E94 0000 		call udelay
 1166               	.LM85:
 1167 0822 8981      		ldd r24,Y+1
 1168 0824 9A81      		ldd r25,Y+2
 1169 0826 880F      		lsl r24
 1170 0828 991F      		rol r25
 1171 082a 9A83      		std Y+2,r25
 1172 082c 8983      		std Y+1,r24
 1173               	.LM86:
 1174 082e EA85      		ldd r30,Y+10
 1175 0830 FB85      		ldd r31,Y+11
 1176 0832 9081      		ld r25,Z
 1177 0834 8D81      		ldd r24,Y+5
 1178 0836 8923      		and r24,r25
 1179 0838 8823      		tst r24
 1180 083a 01F0      		breq .L29
 1181 083c 8981      		ldd r24,Y+1
 1182 083e 9A81      		ldd r25,Y+2
 1183 0840 0196      		adiw r24,1
 1184 0842 9A83      		std Y+2,r25
 1185 0844 8983      		std Y+1,r24
 1186               	.L29:
 1187               	.LM87:
 1188 0846 8B81      		ldd r24,Y+3
 1189 0848 8F5F      		subi r24,lo8(-(1))
 1190 084a 8B83      		std Y+3,r24
 1191               	.L28:
 1192 084c 8B81      		ldd r24,Y+3
 1193 084e 8D30      		cpi r24,lo8(13)
 1194 0850 00F0      		brlo .L30
 1195               	.LM88:
 1196 0852 EC85      		ldd r30,Y+12
 1197 0854 FD85      		ldd r31,Y+13
GAS LISTING C:\Users\alex\AppData\Local\Temp/ccC6rrFA.s 			page 22


 1198 0856 9081      		ld r25,Z
 1199 0858 8E81      		ldd r24,Y+6
 1200 085a 892B      		or r24,r25
 1201 085c EC85      		ldd r30,Y+12
 1202 085e FD85      		ldd r31,Y+13
 1203 0860 8083      		st Z,r24
 1204               	.LM89:
 1205 0862 84E6      		ldi r24,lo8(100)
 1206 0864 90E0      		ldi r25,hi8(100)
 1207 0866 0E94 0000 		call udelay
 1208               	.LM90:
 1209 086a 8981      		ldd r24,Y+1
 1210 086c 9A81      		ldd r25,Y+2
 1211 086e 9695      		lsr r25
 1212 0870 8795      		ror r24
 1213 0872 9F70      		andi r25,hi8(4095)
 1214               	/* epilogue start */
 1215               	.LM91:
 1216 0874 6296      		adiw r28,18
 1217 0876 0FB6      		in __tmp_reg__,__SREG__
 1218 0878 F894      		cli
 1219 087a DEBF      		out __SP_H__,r29
 1220 087c 0FBE      		out __SREG__,__tmp_reg__
 1221 087e CDBF      		out __SP_L__,r28
 1222 0880 CF91      		pop r28
 1223 0882 DF91      		pop r29
 1224 0884 0895      		ret
 1225               	.LFE3:
 1226               		.size	mcp3204_getw, .-mcp3204_getw
 1227               		.comm mcp3204_p_cs,8,1
 1228               		.comm mcp3204_p_dout,8,1
 1229               		.comm mcp3204_p_din,8,1
 1230               		.comm mcp3204_p_clk,8,1
 1231               		.comm mcp3204_b_cs,4,1
 1232               		.comm mcp3204_b_dout,4,1
 1233               		.comm mcp3204_b_din,4,1
 1234               		.comm mcp3204_b_clk,4,1
 1235               		.section	.debug_frame,"",@progbits
 1236               	.Lframe0:
 1237 0000 0C00 0000 		.long	.LECIE0-.LSCIE0
 1238               	.LSCIE0:
 1239 0004 FFFF FFFF 		.long	0xffffffff
 1240 0008 01        		.byte	0x1
 1241 0009 00        		.string	""
 1242 000a 01        		.uleb128 0x1
 1243 000b 7F        		.sleb128 -1
 1244 000c 24        		.byte	0x24
 1245 000d 0C        		.byte	0xc
 1246 000e 20        		.uleb128 0x20
 1247 000f 00        		.uleb128 0x0
 1248               		.p2align	2
 1249               	.LECIE0:
 1250               	.LSFDE0:
 1251 0010 0C00 0000 		.long	.LEFDE0-.LASFDE0
 1252               	.LASFDE0:
 1253 0014 0000 0000 		.long	.Lframe0
 1254 0018 0000 0000 		.long	.LFB2
GAS LISTING C:\Users\alex\AppData\Local\Temp/ccC6rrFA.s 			page 23


 1255 001c EC04 0000 		.long	.LFE2-.LFB2
 1256               		.p2align	2
 1257               	.LEFDE0:
 1258               	.LSFDE2:
 1259 0020 0C00 0000 		.long	.LEFDE2-.LASFDE2
 1260               	.LASFDE2:
 1261 0024 0000 0000 		.long	.Lframe0
 1262 0028 0000 0000 		.long	.LFB3
 1263 002c 9A03 0000 		.long	.LFE3-.LFB3
 1264               		.p2align	2
 1265               	.LEFDE2:
 1266               		.text
 1267               	.Letext0:
 1268               		.section	.debug_info
 1269 0000 8D02 0000 		.long	0x28d
 1270 0004 0200      		.word	0x2
 1271 0006 0000 0000 		.long	.Ldebug_abbrev0
 1272 000a 04        		.byte	0x4
 1273 000b 01        		.uleb128 0x1
 1274 000c 0000 0000 		.long	.LASF25
 1275 0010 01        		.byte	0x1
 1276 0011 0000 0000 		.long	.LASF26
 1277 0015 0000 0000 		.long	.LASF27
 1278 0019 0000 0000 		.long	.Ltext0
 1279 001d 0000 0000 		.long	.Letext0
 1280 0021 0000 0000 		.long	.Ldebug_line0
 1281 0025 02        		.uleb128 0x2
 1282 0026 01        		.byte	0x1
 1283 0027 06        		.byte	0x6
 1284 0028 0000 0000 		.long	.LASF0
 1285 002c 03        		.uleb128 0x3
 1286 002d 0000 0000 		.long	.LASF28
 1287 0031 02        		.byte	0x2
 1288 0032 7A        		.byte	0x7a
 1289 0033 3700 0000 		.long	0x37
 1290 0037 02        		.uleb128 0x2
 1291 0038 01        		.byte	0x1
 1292 0039 08        		.byte	0x8
 1293 003a 0000 0000 		.long	.LASF1
 1294 003e 04        		.uleb128 0x4
 1295 003f 02        		.byte	0x2
 1296 0040 05        		.byte	0x5
 1297 0041 696E 7400 		.string	"int"
 1298 0045 02        		.uleb128 0x2
 1299 0046 02        		.byte	0x2
 1300 0047 07        		.byte	0x7
 1301 0048 0000 0000 		.long	.LASF2
 1302 004c 02        		.uleb128 0x2
 1303 004d 04        		.byte	0x4
 1304 004e 05        		.byte	0x5
 1305 004f 0000 0000 		.long	.LASF3
 1306 0053 02        		.uleb128 0x2
 1307 0054 04        		.byte	0x4
 1308 0055 07        		.byte	0x7
 1309 0056 0000 0000 		.long	.LASF4
 1310 005a 02        		.uleb128 0x2
 1311 005b 08        		.byte	0x8
GAS LISTING C:\Users\alex\AppData\Local\Temp/ccC6rrFA.s 			page 24


 1312 005c 05        		.byte	0x5
 1313 005d 0000 0000 		.long	.LASF5
 1314 0061 02        		.uleb128 0x2
 1315 0062 08        		.byte	0x8
 1316 0063 07        		.byte	0x7
 1317 0064 0000 0000 		.long	.LASF6
 1318 0068 05        		.uleb128 0x5
 1319 0069 01        		.byte	0x1
 1320 006a 08        		.byte	0x8
 1321 006b 06        		.uleb128 0x6
 1322 006c 01        		.byte	0x1
 1323 006d 0000 0000 		.long	.LASF29
 1324 0071 01        		.byte	0x1
 1325 0072 20        		.byte	0x20
 1326 0073 01        		.byte	0x1
 1327 0074 0000 0000 		.long	.LFB2
 1328 0078 0000 0000 		.long	.LFE2
 1329 007c 02        		.byte	0x2
 1330 007d 90        		.byte	0x90
 1331 007e 20        		.uleb128 0x20
 1332 007f 0101 0000 		.long	0x101
 1333 0083 07        		.uleb128 0x7
 1334 0084 0000 0000 		.long	.LASF7
 1335 0088 01        		.byte	0x1
 1336 0089 1E        		.byte	0x1e
 1337 008a 2C00 0000 		.long	0x2c
 1338 008e 02        		.byte	0x2
 1339 008f 8C        		.byte	0x8c
 1340 0090 05        		.sleb128 5
 1341 0091 08        		.uleb128 0x8
 1342 0092 6373 00   		.string	"cs"
 1343 0095 01        		.byte	0x1
 1344 0096 1E        		.byte	0x1e
 1345 0097 2C00 0000 		.long	0x2c
 1346 009b 02        		.byte	0x2
 1347 009c 8C        		.byte	0x8c
 1348 009d 06        		.sleb128 6
 1349 009e 08        		.uleb128 0x8
 1350 009f 636C 6B00 		.string	"clk"
 1351 00a3 01        		.byte	0x1
 1352 00a4 1E        		.byte	0x1e
 1353 00a5 2C00 0000 		.long	0x2c
 1354 00a9 02        		.byte	0x2
 1355 00aa 8C        		.byte	0x8c
 1356 00ab 07        		.sleb128 7
 1357 00ac 07        		.uleb128 0x7
 1358 00ad 0000 0000 		.long	.LASF8
 1359 00b1 01        		.byte	0x1
 1360 00b2 1E        		.byte	0x1e
 1361 00b3 2C00 0000 		.long	0x2c
 1362 00b7 02        		.byte	0x2
 1363 00b8 8C        		.byte	0x8c
 1364 00b9 08        		.sleb128 8
 1365 00ba 08        		.uleb128 0x8
 1366 00bb 6469 6E00 		.string	"din"
 1367 00bf 01        		.byte	0x1
 1368 00c0 1E        		.byte	0x1e
GAS LISTING C:\Users\alex\AppData\Local\Temp/ccC6rrFA.s 			page 25


 1369 00c1 2C00 0000 		.long	0x2c
 1370 00c5 02        		.byte	0x2
 1371 00c6 8C        		.byte	0x8c
 1372 00c7 09        		.sleb128 9
 1373 00c8 09        		.uleb128 0x9
 1374 00c9 0000 0000 		.long	.LASF9
 1375 00cd 01        		.byte	0x1
 1376 00ce 21        		.byte	0x21
 1377 00cf 2C00 0000 		.long	0x2c
 1378 00d3 02        		.byte	0x2
 1379 00d4 8C        		.byte	0x8c
 1380 00d5 04        		.sleb128 4
 1381 00d6 0A        		.uleb128 0xa
 1382 00d7 6263 7300 		.string	"bcs"
 1383 00db 01        		.byte	0x1
 1384 00dc 21        		.byte	0x21
 1385 00dd 2C00 0000 		.long	0x2c
 1386 00e1 02        		.byte	0x2
 1387 00e2 8C        		.byte	0x8c
 1388 00e3 03        		.sleb128 3
 1389 00e4 09        		.uleb128 0x9
 1390 00e5 0000 0000 		.long	.LASF10
 1391 00e9 01        		.byte	0x1
 1392 00ea 21        		.byte	0x21
 1393 00eb 2C00 0000 		.long	0x2c
 1394 00ef 02        		.byte	0x2
 1395 00f0 8C        		.byte	0x8c
 1396 00f1 02        		.sleb128 2
 1397 00f2 09        		.uleb128 0x9
 1398 00f3 0000 0000 		.long	.LASF11
 1399 00f7 01        		.byte	0x1
 1400 00f8 21        		.byte	0x21
 1401 00f9 2C00 0000 		.long	0x2c
 1402 00fd 02        		.byte	0x2
 1403 00fe 8C        		.byte	0x8c
 1404 00ff 01        		.sleb128 1
 1405 0100 00        		.byte	0x0
 1406 0101 0B        		.uleb128 0xb
 1407 0102 01        		.byte	0x1
 1408 0103 0000 0000 		.long	.LASF30
 1409 0107 01        		.byte	0x1
 1410 0108 4F        		.byte	0x4f
 1411 0109 01        		.byte	0x1
 1412 010a 4500 0000 		.long	0x45
 1413 010e 0000 0000 		.long	.LFB3
 1414 0112 0000 0000 		.long	.LFE3
 1415 0116 02        		.byte	0x2
 1416 0117 90        		.byte	0x90
 1417 0118 20        		.uleb128 0x20
 1418 0119 D201 0000 		.long	0x1d2
 1419 011d 07        		.uleb128 0x7
 1420 011e 0000 0000 		.long	.LASF7
 1421 0122 01        		.byte	0x1
 1422 0123 4C        		.byte	0x4c
 1423 0124 2C00 0000 		.long	0x2c
 1424 0128 02        		.byte	0x2
 1425 0129 8C        		.byte	0x8c
GAS LISTING C:\Users\alex\AppData\Local\Temp/ccC6rrFA.s 			page 26


 1426 012a 10        		.sleb128 16
 1427 012b 08        		.uleb128 0x8
 1428 012c 6164 6300 		.string	"adc"
 1429 0130 01        		.byte	0x1
 1430 0131 4C        		.byte	0x4c
 1431 0132 2C00 0000 		.long	0x2c
 1432 0136 02        		.byte	0x2
 1433 0137 8C        		.byte	0x8c
 1434 0138 11        		.sleb128 17
 1435 0139 07        		.uleb128 0x7
 1436 013a 0000 0000 		.long	.LASF12
 1437 013e 01        		.byte	0x1
 1438 013f 4C        		.byte	0x4c
 1439 0140 2C00 0000 		.long	0x2c
 1440 0144 02        		.byte	0x2
 1441 0145 8C        		.byte	0x8c
 1442 0146 12        		.sleb128 18
 1443 0147 09        		.uleb128 0x9
 1444 0148 0000 0000 		.long	.LASF13
 1445 014c 01        		.byte	0x1
 1446 014d 50        		.byte	0x50
 1447 014e D201 0000 		.long	0x1d2
 1448 0152 02        		.byte	0x2
 1449 0153 8C        		.byte	0x8c
 1450 0154 0E        		.sleb128 14
 1451 0155 0A        		.uleb128 0xa
 1452 0156 7063 7300 		.string	"pcs"
 1453 015a 01        		.byte	0x1
 1454 015b 50        		.byte	0x50
 1455 015c D201 0000 		.long	0x1d2
 1456 0160 02        		.byte	0x2
 1457 0161 8C        		.byte	0x8c
 1458 0162 0C        		.sleb128 12
 1459 0163 09        		.uleb128 0x9
 1460 0164 0000 0000 		.long	.LASF14
 1461 0168 01        		.byte	0x1
 1462 0169 50        		.byte	0x50
 1463 016a D201 0000 		.long	0x1d2
 1464 016e 02        		.byte	0x2
 1465 016f 8C        		.byte	0x8c
 1466 0170 0A        		.sleb128 10
 1467 0171 09        		.uleb128 0x9
 1468 0172 0000 0000 		.long	.LASF15
 1469 0176 01        		.byte	0x1
 1470 0177 50        		.byte	0x50
 1471 0178 D201 0000 		.long	0x1d2
 1472 017c 02        		.byte	0x2
 1473 017d 8C        		.byte	0x8c
 1474 017e 08        		.sleb128 8
 1475 017f 09        		.uleb128 0x9
 1476 0180 0000 0000 		.long	.LASF9
 1477 0184 01        		.byte	0x1
 1478 0185 51        		.byte	0x51
 1479 0186 2C00 0000 		.long	0x2c
 1480 018a 02        		.byte	0x2
 1481 018b 8C        		.byte	0x8c
 1482 018c 07        		.sleb128 7
GAS LISTING C:\Users\alex\AppData\Local\Temp/ccC6rrFA.s 			page 27


 1483 018d 0A        		.uleb128 0xa
 1484 018e 6263 7300 		.string	"bcs"
 1485 0192 01        		.byte	0x1
 1486 0193 51        		.byte	0x51
 1487 0194 2C00 0000 		.long	0x2c
 1488 0198 02        		.byte	0x2
 1489 0199 8C        		.byte	0x8c
 1490 019a 06        		.sleb128 6
 1491 019b 09        		.uleb128 0x9
 1492 019c 0000 0000 		.long	.LASF10
 1493 01a0 01        		.byte	0x1
 1494 01a1 51        		.byte	0x51
 1495 01a2 2C00 0000 		.long	0x2c
 1496 01a6 02        		.byte	0x2
 1497 01a7 8C        		.byte	0x8c
 1498 01a8 05        		.sleb128 5
 1499 01a9 09        		.uleb128 0x9
 1500 01aa 0000 0000 		.long	.LASF11
 1501 01ae 01        		.byte	0x1
 1502 01af 51        		.byte	0x51
 1503 01b0 2C00 0000 		.long	0x2c
 1504 01b4 02        		.byte	0x2
 1505 01b5 8C        		.byte	0x8c
 1506 01b6 04        		.sleb128 4
 1507 01b7 0A        		.uleb128 0xa
 1508 01b8 6900      		.string	"i"
 1509 01ba 01        		.byte	0x1
 1510 01bb 52        		.byte	0x52
 1511 01bc 2C00 0000 		.long	0x2c
 1512 01c0 02        		.byte	0x2
 1513 01c1 8C        		.byte	0x8c
 1514 01c2 03        		.sleb128 3
 1515 01c3 09        		.uleb128 0x9
 1516 01c4 0000 0000 		.long	.LASF16
 1517 01c8 01        		.byte	0x1
 1518 01c9 53        		.byte	0x53
 1519 01ca 4500 0000 		.long	0x45
 1520 01ce 02        		.byte	0x2
 1521 01cf 8C        		.byte	0x8c
 1522 01d0 01        		.sleb128 1
 1523 01d1 00        		.byte	0x0
 1524 01d2 0C        		.uleb128 0xc
 1525 01d3 02        		.byte	0x2
 1526 01d4 D801 0000 		.long	0x1d8
 1527 01d8 0D        		.uleb128 0xd
 1528 01d9 2C00 0000 		.long	0x2c
 1529 01dd 0E        		.uleb128 0xe
 1530 01de D201 0000 		.long	0x1d2
 1531 01e2 ED01 0000 		.long	0x1ed
 1532 01e6 0F        		.uleb128 0xf
 1533 01e7 ED01 0000 		.long	0x1ed
 1534 01eb 03        		.byte	0x3
 1535 01ec 00        		.byte	0x0
 1536 01ed 05        		.uleb128 0x5
 1537 01ee 02        		.byte	0x2
 1538 01ef 07        		.byte	0x7
 1539 01f0 10        		.uleb128 0x10
GAS LISTING C:\Users\alex\AppData\Local\Temp/ccC6rrFA.s 			page 28


 1540 01f1 0000 0000 		.long	.LASF17
 1541 01f5 01        		.byte	0x1
 1542 01f6 0C        		.byte	0xc
 1543 01f7 DD01 0000 		.long	0x1dd
 1544 01fb 01        		.byte	0x1
 1545 01fc 05        		.byte	0x5
 1546 01fd 03        		.byte	0x3
 1547 01fe 0000 0000 		.long	mcp3204_p_cs
 1548 0202 10        		.uleb128 0x10
 1549 0203 0000 0000 		.long	.LASF18
 1550 0207 01        		.byte	0x1
 1551 0208 0D        		.byte	0xd
 1552 0209 DD01 0000 		.long	0x1dd
 1553 020d 01        		.byte	0x1
 1554 020e 05        		.byte	0x5
 1555 020f 03        		.byte	0x3
 1556 0210 0000 0000 		.long	mcp3204_p_dout
 1557 0214 10        		.uleb128 0x10
 1558 0215 0000 0000 		.long	.LASF19
 1559 0219 01        		.byte	0x1
 1560 021a 0E        		.byte	0xe
 1561 021b DD01 0000 		.long	0x1dd
 1562 021f 01        		.byte	0x1
 1563 0220 05        		.byte	0x5
 1564 0221 03        		.byte	0x3
 1565 0222 0000 0000 		.long	mcp3204_p_din
 1566 0226 10        		.uleb128 0x10
 1567 0227 0000 0000 		.long	.LASF20
 1568 022b 01        		.byte	0x1
 1569 022c 0F        		.byte	0xf
 1570 022d DD01 0000 		.long	0x1dd
 1571 0231 01        		.byte	0x1
 1572 0232 05        		.byte	0x5
 1573 0233 03        		.byte	0x3
 1574 0234 0000 0000 		.long	mcp3204_p_clk
 1575 0238 0E        		.uleb128 0xe
 1576 0239 2C00 0000 		.long	0x2c
 1577 023d 4802 0000 		.long	0x248
 1578 0241 0F        		.uleb128 0xf
 1579 0242 ED01 0000 		.long	0x1ed
 1580 0246 03        		.byte	0x3
 1581 0247 00        		.byte	0x0
 1582 0248 10        		.uleb128 0x10
 1583 0249 0000 0000 		.long	.LASF21
 1584 024d 01        		.byte	0x1
 1585 024e 11        		.byte	0x11
 1586 024f 3802 0000 		.long	0x238
 1587 0253 01        		.byte	0x1
 1588 0254 05        		.byte	0x5
 1589 0255 03        		.byte	0x3
 1590 0256 0000 0000 		.long	mcp3204_b_cs
 1591 025a 10        		.uleb128 0x10
 1592 025b 0000 0000 		.long	.LASF22
 1593 025f 01        		.byte	0x1
 1594 0260 12        		.byte	0x12
 1595 0261 3802 0000 		.long	0x238
 1596 0265 01        		.byte	0x1
GAS LISTING C:\Users\alex\AppData\Local\Temp/ccC6rrFA.s 			page 29


 1597 0266 05        		.byte	0x5
 1598 0267 03        		.byte	0x3
 1599 0268 0000 0000 		.long	mcp3204_b_dout
 1600 026c 10        		.uleb128 0x10
 1601 026d 0000 0000 		.long	.LASF23
 1602 0271 01        		.byte	0x1
 1603 0272 13        		.byte	0x13
 1604 0273 3802 0000 		.long	0x238
 1605 0277 01        		.byte	0x1
 1606 0278 05        		.byte	0x5
 1607 0279 03        		.byte	0x3
 1608 027a 0000 0000 		.long	mcp3204_b_din
 1609 027e 10        		.uleb128 0x10
 1610 027f 0000 0000 		.long	.LASF24
 1611 0283 01        		.byte	0x1
 1612 0284 14        		.byte	0x14
 1613 0285 3802 0000 		.long	0x238
 1614 0289 01        		.byte	0x1
 1615 028a 05        		.byte	0x5
 1616 028b 03        		.byte	0x3
 1617 028c 0000 0000 		.long	mcp3204_b_clk
 1618 0290 00        		.byte	0x0
 1619               		.section	.debug_abbrev
 1620 0000 01        		.uleb128 0x1
 1621 0001 11        		.uleb128 0x11
 1622 0002 01        		.byte	0x1
 1623 0003 25        		.uleb128 0x25
 1624 0004 0E        		.uleb128 0xe
 1625 0005 13        		.uleb128 0x13
 1626 0006 0B        		.uleb128 0xb
 1627 0007 03        		.uleb128 0x3
 1628 0008 0E        		.uleb128 0xe
 1629 0009 1B        		.uleb128 0x1b
 1630 000a 0E        		.uleb128 0xe
 1631 000b 11        		.uleb128 0x11
 1632 000c 01        		.uleb128 0x1
 1633 000d 12        		.uleb128 0x12
 1634 000e 01        		.uleb128 0x1
 1635 000f 10        		.uleb128 0x10
 1636 0010 06        		.uleb128 0x6
 1637 0011 00        		.byte	0x0
 1638 0012 00        		.byte	0x0
 1639 0013 02        		.uleb128 0x2
 1640 0014 24        		.uleb128 0x24
 1641 0015 00        		.byte	0x0
 1642 0016 0B        		.uleb128 0xb
 1643 0017 0B        		.uleb128 0xb
 1644 0018 3E        		.uleb128 0x3e
 1645 0019 0B        		.uleb128 0xb
 1646 001a 03        		.uleb128 0x3
 1647 001b 0E        		.uleb128 0xe
 1648 001c 00        		.byte	0x0
 1649 001d 00        		.byte	0x0
 1650 001e 03        		.uleb128 0x3
 1651 001f 16        		.uleb128 0x16
 1652 0020 00        		.byte	0x0
 1653 0021 03        		.uleb128 0x3
GAS LISTING C:\Users\alex\AppData\Local\Temp/ccC6rrFA.s 			page 30


 1654 0022 0E        		.uleb128 0xe
 1655 0023 3A        		.uleb128 0x3a
 1656 0024 0B        		.uleb128 0xb
 1657 0025 3B        		.uleb128 0x3b
 1658 0026 0B        		.uleb128 0xb
 1659 0027 49        		.uleb128 0x49
 1660 0028 13        		.uleb128 0x13
 1661 0029 00        		.byte	0x0
 1662 002a 00        		.byte	0x0
 1663 002b 04        		.uleb128 0x4
 1664 002c 24        		.uleb128 0x24
 1665 002d 00        		.byte	0x0
 1666 002e 0B        		.uleb128 0xb
 1667 002f 0B        		.uleb128 0xb
 1668 0030 3E        		.uleb128 0x3e
 1669 0031 0B        		.uleb128 0xb
 1670 0032 03        		.uleb128 0x3
 1671 0033 08        		.uleb128 0x8
 1672 0034 00        		.byte	0x0
 1673 0035 00        		.byte	0x0
 1674 0036 05        		.uleb128 0x5
 1675 0037 24        		.uleb128 0x24
 1676 0038 00        		.byte	0x0
 1677 0039 0B        		.uleb128 0xb
 1678 003a 0B        		.uleb128 0xb
 1679 003b 3E        		.uleb128 0x3e
 1680 003c 0B        		.uleb128 0xb
 1681 003d 00        		.byte	0x0
 1682 003e 00        		.byte	0x0
 1683 003f 06        		.uleb128 0x6
 1684 0040 2E        		.uleb128 0x2e
 1685 0041 01        		.byte	0x1
 1686 0042 3F        		.uleb128 0x3f
 1687 0043 0C        		.uleb128 0xc
 1688 0044 03        		.uleb128 0x3
 1689 0045 0E        		.uleb128 0xe
 1690 0046 3A        		.uleb128 0x3a
 1691 0047 0B        		.uleb128 0xb
 1692 0048 3B        		.uleb128 0x3b
 1693 0049 0B        		.uleb128 0xb
 1694 004a 27        		.uleb128 0x27
 1695 004b 0C        		.uleb128 0xc
 1696 004c 11        		.uleb128 0x11
 1697 004d 01        		.uleb128 0x1
 1698 004e 12        		.uleb128 0x12
 1699 004f 01        		.uleb128 0x1
 1700 0050 40        		.uleb128 0x40
 1701 0051 0A        		.uleb128 0xa
 1702 0052 01        		.uleb128 0x1
 1703 0053 13        		.uleb128 0x13
 1704 0054 00        		.byte	0x0
 1705 0055 00        		.byte	0x0
 1706 0056 07        		.uleb128 0x7
 1707 0057 05        		.uleb128 0x5
 1708 0058 00        		.byte	0x0
 1709 0059 03        		.uleb128 0x3
 1710 005a 0E        		.uleb128 0xe
GAS LISTING C:\Users\alex\AppData\Local\Temp/ccC6rrFA.s 			page 31


 1711 005b 3A        		.uleb128 0x3a
 1712 005c 0B        		.uleb128 0xb
 1713 005d 3B        		.uleb128 0x3b
 1714 005e 0B        		.uleb128 0xb
 1715 005f 49        		.uleb128 0x49
 1716 0060 13        		.uleb128 0x13
 1717 0061 02        		.uleb128 0x2
 1718 0062 0A        		.uleb128 0xa
 1719 0063 00        		.byte	0x0
 1720 0064 00        		.byte	0x0
 1721 0065 08        		.uleb128 0x8
 1722 0066 05        		.uleb128 0x5
 1723 0067 00        		.byte	0x0
 1724 0068 03        		.uleb128 0x3
 1725 0069 08        		.uleb128 0x8
 1726 006a 3A        		.uleb128 0x3a
 1727 006b 0B        		.uleb128 0xb
 1728 006c 3B        		.uleb128 0x3b
 1729 006d 0B        		.uleb128 0xb
 1730 006e 49        		.uleb128 0x49
 1731 006f 13        		.uleb128 0x13
 1732 0070 02        		.uleb128 0x2
 1733 0071 0A        		.uleb128 0xa
 1734 0072 00        		.byte	0x0
 1735 0073 00        		.byte	0x0
 1736 0074 09        		.uleb128 0x9
 1737 0075 34        		.uleb128 0x34
 1738 0076 00        		.byte	0x0
 1739 0077 03        		.uleb128 0x3
 1740 0078 0E        		.uleb128 0xe
 1741 0079 3A        		.uleb128 0x3a
 1742 007a 0B        		.uleb128 0xb
 1743 007b 3B        		.uleb128 0x3b
 1744 007c 0B        		.uleb128 0xb
 1745 007d 49        		.uleb128 0x49
 1746 007e 13        		.uleb128 0x13
 1747 007f 02        		.uleb128 0x2
 1748 0080 0A        		.uleb128 0xa
 1749 0081 00        		.byte	0x0
 1750 0082 00        		.byte	0x0
 1751 0083 0A        		.uleb128 0xa
 1752 0084 34        		.uleb128 0x34
 1753 0085 00        		.byte	0x0
 1754 0086 03        		.uleb128 0x3
 1755 0087 08        		.uleb128 0x8
 1756 0088 3A        		.uleb128 0x3a
 1757 0089 0B        		.uleb128 0xb
 1758 008a 3B        		.uleb128 0x3b
 1759 008b 0B        		.uleb128 0xb
 1760 008c 49        		.uleb128 0x49
 1761 008d 13        		.uleb128 0x13
 1762 008e 02        		.uleb128 0x2
 1763 008f 0A        		.uleb128 0xa
 1764 0090 00        		.byte	0x0
 1765 0091 00        		.byte	0x0
 1766 0092 0B        		.uleb128 0xb
 1767 0093 2E        		.uleb128 0x2e
GAS LISTING C:\Users\alex\AppData\Local\Temp/ccC6rrFA.s 			page 32


 1768 0094 01        		.byte	0x1
 1769 0095 3F        		.uleb128 0x3f
 1770 0096 0C        		.uleb128 0xc
 1771 0097 03        		.uleb128 0x3
 1772 0098 0E        		.uleb128 0xe
 1773 0099 3A        		.uleb128 0x3a
 1774 009a 0B        		.uleb128 0xb
 1775 009b 3B        		.uleb128 0x3b
 1776 009c 0B        		.uleb128 0xb
 1777 009d 27        		.uleb128 0x27
 1778 009e 0C        		.uleb128 0xc
 1779 009f 49        		.uleb128 0x49
 1780 00a0 13        		.uleb128 0x13
 1781 00a1 11        		.uleb128 0x11
 1782 00a2 01        		.uleb128 0x1
 1783 00a3 12        		.uleb128 0x12
 1784 00a4 01        		.uleb128 0x1
 1785 00a5 40        		.uleb128 0x40
 1786 00a6 0A        		.uleb128 0xa
 1787 00a7 01        		.uleb128 0x1
 1788 00a8 13        		.uleb128 0x13
 1789 00a9 00        		.byte	0x0
 1790 00aa 00        		.byte	0x0
 1791 00ab 0C        		.uleb128 0xc
 1792 00ac 0F        		.uleb128 0xf
 1793 00ad 00        		.byte	0x0
 1794 00ae 0B        		.uleb128 0xb
 1795 00af 0B        		.uleb128 0xb
 1796 00b0 49        		.uleb128 0x49
 1797 00b1 13        		.uleb128 0x13
 1798 00b2 00        		.byte	0x0
 1799 00b3 00        		.byte	0x0
 1800 00b4 0D        		.uleb128 0xd
 1801 00b5 35        		.uleb128 0x35
 1802 00b6 00        		.byte	0x0
 1803 00b7 49        		.uleb128 0x49
 1804 00b8 13        		.uleb128 0x13
 1805 00b9 00        		.byte	0x0
 1806 00ba 00        		.byte	0x0
 1807 00bb 0E        		.uleb128 0xe
 1808 00bc 01        		.uleb128 0x1
 1809 00bd 01        		.byte	0x1
 1810 00be 49        		.uleb128 0x49
 1811 00bf 13        		.uleb128 0x13
 1812 00c0 01        		.uleb128 0x1
 1813 00c1 13        		.uleb128 0x13
 1814 00c2 00        		.byte	0x0
 1815 00c3 00        		.byte	0x0
 1816 00c4 0F        		.uleb128 0xf
 1817 00c5 21        		.uleb128 0x21
 1818 00c6 00        		.byte	0x0
 1819 00c7 49        		.uleb128 0x49
 1820 00c8 13        		.uleb128 0x13
 1821 00c9 2F        		.uleb128 0x2f
 1822 00ca 0B        		.uleb128 0xb
 1823 00cb 00        		.byte	0x0
 1824 00cc 00        		.byte	0x0
GAS LISTING C:\Users\alex\AppData\Local\Temp/ccC6rrFA.s 			page 33


 1825 00cd 10        		.uleb128 0x10
 1826 00ce 34        		.uleb128 0x34
 1827 00cf 00        		.byte	0x0
 1828 00d0 03        		.uleb128 0x3
 1829 00d1 0E        		.uleb128 0xe
 1830 00d2 3A        		.uleb128 0x3a
 1831 00d3 0B        		.uleb128 0xb
 1832 00d4 3B        		.uleb128 0x3b
 1833 00d5 0B        		.uleb128 0xb
 1834 00d6 49        		.uleb128 0x49
 1835 00d7 13        		.uleb128 0x13
 1836 00d8 3F        		.uleb128 0x3f
 1837 00d9 0C        		.uleb128 0xc
 1838 00da 02        		.uleb128 0x2
 1839 00db 0A        		.uleb128 0xa
 1840 00dc 00        		.byte	0x0
 1841 00dd 00        		.byte	0x0
 1842 00de 00        		.byte	0x0
 1843               		.section	.debug_pubnames,"",@progbits
 1844 0000 C000 0000 		.long	0xc0
 1845 0004 0200      		.word	0x2
 1846 0006 0000 0000 		.long	.Ldebug_info0
 1847 000a 9102 0000 		.long	0x291
 1848 000e 6B00 0000 		.long	0x6b
 1849 0012 696E 6974 		.string	"init_mcp3204"
 1849      5F6D 6370 
 1849      3332 3034 
 1849      00
 1850 001f 0101 0000 		.long	0x101
 1851 0023 6D63 7033 		.string	"mcp3204_getw"
 1851      3230 345F 
 1851      6765 7477 
 1851      00
 1852 0030 F001 0000 		.long	0x1f0
 1853 0034 6D63 7033 		.string	"mcp3204_p_cs"
 1853      3230 345F 
 1853      705F 6373 
 1853      00
 1854 0041 0202 0000 		.long	0x202
 1855 0045 6D63 7033 		.string	"mcp3204_p_dout"
 1855      3230 345F 
 1855      705F 646F 
 1855      7574 00
 1856 0054 1402 0000 		.long	0x214
 1857 0058 6D63 7033 		.string	"mcp3204_p_din"
 1857      3230 345F 
 1857      705F 6469 
 1857      6E00 
 1858 0066 2602 0000 		.long	0x226
 1859 006a 6D63 7033 		.string	"mcp3204_p_clk"
 1859      3230 345F 
 1859      705F 636C 
 1859      6B00 
 1860 0078 4802 0000 		.long	0x248
 1861 007c 6D63 7033 		.string	"mcp3204_b_cs"
 1861      3230 345F 
 1861      625F 6373 
GAS LISTING C:\Users\alex\AppData\Local\Temp/ccC6rrFA.s 			page 34


 1861      00
 1862 0089 5A02 0000 		.long	0x25a
 1863 008d 6D63 7033 		.string	"mcp3204_b_dout"
 1863      3230 345F 
 1863      625F 646F 
 1863      7574 00
 1864 009c 6C02 0000 		.long	0x26c
 1865 00a0 6D63 7033 		.string	"mcp3204_b_din"
 1865      3230 345F 
 1865      625F 6469 
 1865      6E00 
 1866 00ae 7E02 0000 		.long	0x27e
 1867 00b2 6D63 7033 		.string	"mcp3204_b_clk"
 1867      3230 345F 
 1867      625F 636C 
 1867      6B00 
 1868 00c0 0000 0000 		.long	0x0
 1869               		.section	.debug_aranges,"",@progbits
 1870 0000 1C00 0000 		.long	0x1c
 1871 0004 0200      		.word	0x2
 1872 0006 0000 0000 		.long	.Ldebug_info0
 1873 000a 04        		.byte	0x4
 1874 000b 00        		.byte	0x0
 1875 000c 0000      		.word	0x0
 1876 000e 0000      		.word	0x0
 1877 0010 0000 0000 		.long	.Ltext0
 1878 0014 8608 0000 		.long	.Letext0-.Ltext0
 1879 0018 0000 0000 		.long	0x0
 1880 001c 0000 0000 		.long	0x0
 1881               		.section	.debug_line
 1882 0000 3E03 0000 		.long	.LELT0-.LSLT0
 1883               	.LSLT0:
 1884 0004 0200      		.word	0x2
 1885 0006 5600 0000 		.long	.LELTP0-.LASLTP0
 1886               	.LASLTP0:
 1887 000a 01        		.byte	0x1
 1888 000b 01        		.byte	0x1
 1889 000c F6        		.byte	0xf6
 1890 000d F5        		.byte	0xf5
 1891 000e 0A        		.byte	0xa
 1892 000f 00        		.byte	0x0
 1893 0010 01        		.byte	0x1
 1894 0011 01        		.byte	0x1
 1895 0012 01        		.byte	0x1
 1896 0013 01        		.byte	0x1
 1897 0014 00        		.byte	0x0
 1898 0015 00        		.byte	0x0
 1899 0016 00        		.byte	0x0
 1900 0017 01        		.byte	0x1
 1901 0018 643A 2F77 		.ascii	"d:/winavr-20100110/lib/gcc/../../avr/include"
 1901      696E 6176 
 1901      722D 3230 
 1901      3130 3031 
 1901      3130 2F6C 
 1902 0044 00        		.byte	0
 1903 0045 00        		.byte	0x0
 1904 0046 6D63 7033 		.string	"mcp3204.c"
GAS LISTING C:\Users\alex\AppData\Local\Temp/ccC6rrFA.s 			page 35


 1904      3230 342E 
 1904      6300 
 1905 0050 00        		.uleb128 0x0
 1906 0051 00        		.uleb128 0x0
 1907 0052 00        		.uleb128 0x0
 1908 0053 7374 6469 		.string	"stdint.h"
 1908      6E74 2E68 
 1908      00
 1909 005c 01        		.uleb128 0x1
 1910 005d 00        		.uleb128 0x0
 1911 005e 00        		.uleb128 0x0
 1912 005f 00        		.byte	0x0
 1913               	.LELTP0:
 1914 0060 00        		.byte	0x0
 1915 0061 05        		.uleb128 0x5
 1916 0062 02        		.byte	0x2
 1917 0063 0000 0000 		.long	.LM1
 1918 0067 33        		.byte	0x33
 1919 0068 00        		.byte	0x0
 1920 0069 05        		.uleb128 0x5
 1921 006a 02        		.byte	0x2
 1922 006b 0000 0000 		.long	.LM2
 1923 006f 17        		.byte	0x17
 1924 0070 00        		.byte	0x0
 1925 0071 05        		.uleb128 0x5
 1926 0072 02        		.byte	0x2
 1927 0073 0000 0000 		.long	.LM3
 1928 0077 15        		.byte	0x15
 1929 0078 00        		.byte	0x0
 1930 0079 05        		.uleb128 0x5
 1931 007a 02        		.byte	0x2
 1932 007b 0000 0000 		.long	.LM4
 1933 007f 15        		.byte	0x15
 1934 0080 00        		.byte	0x0
 1935 0081 05        		.uleb128 0x5
 1936 0082 02        		.byte	0x2
 1937 0083 0000 0000 		.long	.LM5
 1938 0087 15        		.byte	0x15
 1939 0088 00        		.byte	0x0
 1940 0089 05        		.uleb128 0x5
 1941 008a 02        		.byte	0x2
 1942 008b 0000 0000 		.long	.LM6
 1943 008f 15        		.byte	0x15
 1944 0090 00        		.byte	0x0
 1945 0091 05        		.uleb128 0x5
 1946 0092 02        		.byte	0x2
 1947 0093 0000 0000 		.long	.LM7
 1948 0097 15        		.byte	0x15
 1949 0098 00        		.byte	0x0
 1950 0099 05        		.uleb128 0x5
 1951 009a 02        		.byte	0x2
 1952 009b 0000 0000 		.long	.LM8
 1953 009f 15        		.byte	0x15
 1954 00a0 00        		.byte	0x0
 1955 00a1 05        		.uleb128 0x5
 1956 00a2 02        		.byte	0x2
 1957 00a3 0000 0000 		.long	.LM9
GAS LISTING C:\Users\alex\AppData\Local\Temp/ccC6rrFA.s 			page 36


 1958 00a7 15        		.byte	0x15
 1959 00a8 00        		.byte	0x0
 1960 00a9 05        		.uleb128 0x5
 1961 00aa 02        		.byte	0x2
 1962 00ab 0000 0000 		.long	.LM10
 1963 00af 16        		.byte	0x16
 1964 00b0 00        		.byte	0x0
 1965 00b1 05        		.uleb128 0x5
 1966 00b2 02        		.byte	0x2
 1967 00b3 0000 0000 		.long	.LM11
 1968 00b7 15        		.byte	0x15
 1969 00b8 00        		.byte	0x0
 1970 00b9 05        		.uleb128 0x5
 1971 00ba 02        		.byte	0x2
 1972 00bb 0000 0000 		.long	.LM12
 1973 00bf 15        		.byte	0x15
 1974 00c0 00        		.byte	0x0
 1975 00c1 05        		.uleb128 0x5
 1976 00c2 02        		.byte	0x2
 1977 00c3 0000 0000 		.long	.LM13
 1978 00c7 15        		.byte	0x15
 1979 00c8 00        		.byte	0x0
 1980 00c9 05        		.uleb128 0x5
 1981 00ca 02        		.byte	0x2
 1982 00cb 0000 0000 		.long	.LM14
 1983 00cf 15        		.byte	0x15
 1984 00d0 00        		.byte	0x0
 1985 00d1 05        		.uleb128 0x5
 1986 00d2 02        		.byte	0x2
 1987 00d3 0000 0000 		.long	.LM15
 1988 00d7 16        		.byte	0x16
 1989 00d8 00        		.byte	0x0
 1990 00d9 05        		.uleb128 0x5
 1991 00da 02        		.byte	0x2
 1992 00db 0000 0000 		.long	.LM16
 1993 00df 15        		.byte	0x15
 1994 00e0 00        		.byte	0x0
 1995 00e1 05        		.uleb128 0x5
 1996 00e2 02        		.byte	0x2
 1997 00e3 0000 0000 		.long	.LM17
 1998 00e7 15        		.byte	0x15
 1999 00e8 00        		.byte	0x0
 2000 00e9 05        		.uleb128 0x5
 2001 00ea 02        		.byte	0x2
 2002 00eb 0000 0000 		.long	.LM18
 2003 00ef 15        		.byte	0x15
 2004 00f0 00        		.byte	0x0
 2005 00f1 05        		.uleb128 0x5
 2006 00f2 02        		.byte	0x2
 2007 00f3 0000 0000 		.long	.LM19
 2008 00f7 15        		.byte	0x15
 2009 00f8 00        		.byte	0x0
 2010 00f9 05        		.uleb128 0x5
 2011 00fa 02        		.byte	0x2
 2012 00fb 0000 0000 		.long	.LM20
 2013 00ff 16        		.byte	0x16
 2014 0100 00        		.byte	0x0
GAS LISTING C:\Users\alex\AppData\Local\Temp/ccC6rrFA.s 			page 37


 2015 0101 05        		.uleb128 0x5
 2016 0102 02        		.byte	0x2
 2017 0103 0000 0000 		.long	.LM21
 2018 0107 15        		.byte	0x15
 2019 0108 00        		.byte	0x0
 2020 0109 05        		.uleb128 0x5
 2021 010a 02        		.byte	0x2
 2022 010b 0000 0000 		.long	.LM22
 2023 010f 15        		.byte	0x15
 2024 0110 00        		.byte	0x0
 2025 0111 05        		.uleb128 0x5
 2026 0112 02        		.byte	0x2
 2027 0113 0000 0000 		.long	.LM23
 2028 0117 15        		.byte	0x15
 2029 0118 00        		.byte	0x0
 2030 0119 05        		.uleb128 0x5
 2031 011a 02        		.byte	0x2
 2032 011b 0000 0000 		.long	.LM24
 2033 011f 15        		.byte	0x15
 2034 0120 00        		.byte	0x0
 2035 0121 05        		.uleb128 0x5
 2036 0122 02        		.byte	0x2
 2037 0123 0000 0000 		.long	.LM25
 2038 0127 16        		.byte	0x16
 2039 0128 00        		.byte	0x0
 2040 0129 05        		.uleb128 0x5
 2041 012a 02        		.byte	0x2
 2042 012b 0000 0000 		.long	.LM26
 2043 012f 15        		.byte	0x15
 2044 0130 00        		.byte	0x0
 2045 0131 05        		.uleb128 0x5
 2046 0132 02        		.byte	0x2
 2047 0133 0000 0000 		.long	.LM27
 2048 0137 15        		.byte	0x15
 2049 0138 00        		.byte	0x0
 2050 0139 05        		.uleb128 0x5
 2051 013a 02        		.byte	0x2
 2052 013b 0000 0000 		.long	.LM28
 2053 013f 15        		.byte	0x15
 2054 0140 00        		.byte	0x0
 2055 0141 05        		.uleb128 0x5
 2056 0142 02        		.byte	0x2
 2057 0143 0000 0000 		.long	.LM29
 2058 0147 15        		.byte	0x15
 2059 0148 00        		.byte	0x0
 2060 0149 05        		.uleb128 0x5
 2061 014a 02        		.byte	0x2
 2062 014b 0000 0000 		.long	.LM30
 2063 014f 17        		.byte	0x17
 2064 0150 00        		.byte	0x0
 2065 0151 05        		.uleb128 0x5
 2066 0152 02        		.byte	0x2
 2067 0153 0000 0000 		.long	.LM31
 2068 0157 15        		.byte	0x15
 2069 0158 00        		.byte	0x0
 2070 0159 05        		.uleb128 0x5
 2071 015a 02        		.byte	0x2
GAS LISTING C:\Users\alex\AppData\Local\Temp/ccC6rrFA.s 			page 38


 2072 015b 0000 0000 		.long	.LM32
 2073 015f 15        		.byte	0x15
 2074 0160 00        		.byte	0x0
 2075 0161 05        		.uleb128 0x5
 2076 0162 02        		.byte	0x2
 2077 0163 0000 0000 		.long	.LM33
 2078 0167 15        		.byte	0x15
 2079 0168 00        		.byte	0x0
 2080 0169 05        		.uleb128 0x5
 2081 016a 02        		.byte	0x2
 2082 016b 0000 0000 		.long	.LM34
 2083 016f 1B        		.byte	0x1b
 2084 0170 00        		.byte	0x0
 2085 0171 05        		.uleb128 0x5
 2086 0172 02        		.byte	0x2
 2087 0173 0000 0000 		.long	.LM35
 2088 0177 1B        		.byte	0x1b
 2089 0178 00        		.byte	0x0
 2090 0179 05        		.uleb128 0x5
 2091 017a 02        		.byte	0x2
 2092 017b 0000 0000 		.long	.LM36
 2093 017f 15        		.byte	0x15
 2094 0180 00        		.byte	0x0
 2095 0181 05        		.uleb128 0x5
 2096 0182 02        		.byte	0x2
 2097 0183 0000 0000 		.long	.LM37
 2098 0187 15        		.byte	0x15
 2099 0188 00        		.byte	0x0
 2100 0189 05        		.uleb128 0x5
 2101 018a 02        		.byte	0x2
 2102 018b 0000 0000 		.long	.LM38
 2103 018f 15        		.byte	0x15
 2104 0190 00        		.byte	0x0
 2105 0191 05        		.uleb128 0x5
 2106 0192 02        		.byte	0x2
 2107 0193 0000 0000 		.long	.LM39
 2108 0197 16        		.byte	0x16
 2109 0198 00        		.byte	0x0
 2110 0199 05        		.uleb128 0x5
 2111 019a 02        		.byte	0x2
 2112 019b 0000 0000 		.long	.LM40
 2113 019f 15        		.byte	0x15
 2114 01a0 00        		.byte	0x0
 2115 01a1 05        		.uleb128 0x5
 2116 01a2 02        		.byte	0x2
 2117 01a3 0000 0000 		.long	.LM41
 2118 01a7 15        		.byte	0x15
 2119 01a8 00        		.byte	0x0
 2120 01a9 05        		.uleb128 0x5
 2121 01aa 02        		.byte	0x2
 2122 01ab 0000 0000 		.long	.LM42
 2123 01af 15        		.byte	0x15
 2124 01b0 00        		.byte	0x0
 2125 01b1 05        		.uleb128 0x5
 2126 01b2 02        		.byte	0x2
 2127 01b3 0000 0000 		.long	.LM43
 2128 01b7 16        		.byte	0x16
GAS LISTING C:\Users\alex\AppData\Local\Temp/ccC6rrFA.s 			page 39


 2129 01b8 00        		.byte	0x0
 2130 01b9 05        		.uleb128 0x5
 2131 01ba 02        		.byte	0x2
 2132 01bb 0000 0000 		.long	.LM44
 2133 01bf 15        		.byte	0x15
 2134 01c0 00        		.byte	0x0
 2135 01c1 05        		.uleb128 0x5
 2136 01c2 02        		.byte	0x2
 2137 01c3 0000 0000 		.long	.LM45
 2138 01c7 15        		.byte	0x15
 2139 01c8 00        		.byte	0x0
 2140 01c9 05        		.uleb128 0x5
 2141 01ca 02        		.byte	0x2
 2142 01cb 0000 0000 		.long	.LM46
 2143 01cf 17        		.byte	0x17
 2144 01d0 00        		.byte	0x0
 2145 01d1 05        		.uleb128 0x5
 2146 01d2 02        		.byte	0x2
 2147 01d3 0000 0000 		.long	.LM47
 2148 01d7 15        		.byte	0x15
 2149 01d8 00        		.byte	0x0
 2150 01d9 05        		.uleb128 0x5
 2151 01da 02        		.byte	0x2
 2152 01db 0000 0000 		.long	.LM48
 2153 01df 15        		.byte	0x15
 2154 01e0 00        		.byte	0x0
 2155 01e1 05        		.uleb128 0x5
 2156 01e2 02        		.byte	0x2
 2157 01e3 0000 0000 		.long	.LM49
 2158 01e7 15        		.byte	0x15
 2159 01e8 00        		.byte	0x0
 2160 01e9 05        		.uleb128 0x5
 2161 01ea 02        		.byte	0x2
 2162 01eb 0000 0000 		.long	.LM50
 2163 01ef 15        		.byte	0x15
 2164 01f0 00        		.byte	0x0
 2165 01f1 05        		.uleb128 0x5
 2166 01f2 02        		.byte	0x2
 2167 01f3 0000 0000 		.long	.LM51
 2168 01f7 17        		.byte	0x17
 2169 01f8 00        		.byte	0x0
 2170 01f9 05        		.uleb128 0x5
 2171 01fa 02        		.byte	0x2
 2172 01fb 0000 0000 		.long	.LM52
 2173 01ff 15        		.byte	0x15
 2174 0200 00        		.byte	0x0
 2175 0201 05        		.uleb128 0x5
 2176 0202 02        		.byte	0x2
 2177 0203 0000 0000 		.long	.LM53
 2178 0207 15        		.byte	0x15
 2179 0208 00        		.byte	0x0
 2180 0209 05        		.uleb128 0x5
 2181 020a 02        		.byte	0x2
 2182 020b 0000 0000 		.long	.LM54
 2183 020f 15        		.byte	0x15
 2184 0210 00        		.byte	0x0
 2185 0211 05        		.uleb128 0x5
GAS LISTING C:\Users\alex\AppData\Local\Temp/ccC6rrFA.s 			page 40


 2186 0212 02        		.byte	0x2
 2187 0213 0000 0000 		.long	.LM55
 2188 0217 15        		.byte	0x15
 2189 0218 00        		.byte	0x0
 2190 0219 05        		.uleb128 0x5
 2191 021a 02        		.byte	0x2
 2192 021b 0000 0000 		.long	.LM56
 2193 021f 15        		.byte	0x15
 2194 0220 00        		.byte	0x0
 2195 0221 05        		.uleb128 0x5
 2196 0222 02        		.byte	0x2
 2197 0223 0000 0000 		.long	.LM57
 2198 0227 16        		.byte	0x16
 2199 0228 00        		.byte	0x0
 2200 0229 05        		.uleb128 0x5
 2201 022a 02        		.byte	0x2
 2202 022b 0000 0000 		.long	.LM58
 2203 022f 15        		.byte	0x15
 2204 0230 00        		.byte	0x0
 2205 0231 05        		.uleb128 0x5
 2206 0232 02        		.byte	0x2
 2207 0233 0000 0000 		.long	.LM59
 2208 0237 15        		.byte	0x15
 2209 0238 00        		.byte	0x0
 2210 0239 05        		.uleb128 0x5
 2211 023a 02        		.byte	0x2
 2212 023b 0000 0000 		.long	.LM60
 2213 023f 15        		.byte	0x15
 2214 0240 00        		.byte	0x0
 2215 0241 05        		.uleb128 0x5
 2216 0242 02        		.byte	0x2
 2217 0243 0000 0000 		.long	.LM61
 2218 0247 15        		.byte	0x15
 2219 0248 00        		.byte	0x0
 2220 0249 05        		.uleb128 0x5
 2221 024a 02        		.byte	0x2
 2222 024b 0000 0000 		.long	.LM62
 2223 024f 15        		.byte	0x15
 2224 0250 00        		.byte	0x0
 2225 0251 05        		.uleb128 0x5
 2226 0252 02        		.byte	0x2
 2227 0253 0000 0000 		.long	.LM63
 2228 0257 16        		.byte	0x16
 2229 0258 00        		.byte	0x0
 2230 0259 05        		.uleb128 0x5
 2231 025a 02        		.byte	0x2
 2232 025b 0000 0000 		.long	.LM64
 2233 025f 15        		.byte	0x15
 2234 0260 00        		.byte	0x0
 2235 0261 05        		.uleb128 0x5
 2236 0262 02        		.byte	0x2
 2237 0263 0000 0000 		.long	.LM65
 2238 0267 15        		.byte	0x15
 2239 0268 00        		.byte	0x0
 2240 0269 05        		.uleb128 0x5
 2241 026a 02        		.byte	0x2
 2242 026b 0000 0000 		.long	.LM66
GAS LISTING C:\Users\alex\AppData\Local\Temp/ccC6rrFA.s 			page 41


 2243 026f 15        		.byte	0x15
 2244 0270 00        		.byte	0x0
 2245 0271 05        		.uleb128 0x5
 2246 0272 02        		.byte	0x2
 2247 0273 0000 0000 		.long	.LM67
 2248 0277 15        		.byte	0x15
 2249 0278 00        		.byte	0x0
 2250 0279 05        		.uleb128 0x5
 2251 027a 02        		.byte	0x2
 2252 027b 0000 0000 		.long	.LM68
 2253 027f 15        		.byte	0x15
 2254 0280 00        		.byte	0x0
 2255 0281 05        		.uleb128 0x5
 2256 0282 02        		.byte	0x2
 2257 0283 0000 0000 		.long	.LM69
 2258 0287 16        		.byte	0x16
 2259 0288 00        		.byte	0x0
 2260 0289 05        		.uleb128 0x5
 2261 028a 02        		.byte	0x2
 2262 028b 0000 0000 		.long	.LM70
 2263 028f 15        		.byte	0x15
 2264 0290 00        		.byte	0x0
 2265 0291 05        		.uleb128 0x5
 2266 0292 02        		.byte	0x2
 2267 0293 0000 0000 		.long	.LM71
 2268 0297 15        		.byte	0x15
 2269 0298 00        		.byte	0x0
 2270 0299 05        		.uleb128 0x5
 2271 029a 02        		.byte	0x2
 2272 029b 0000 0000 		.long	.LM72
 2273 029f 15        		.byte	0x15
 2274 02a0 00        		.byte	0x0
 2275 02a1 05        		.uleb128 0x5
 2276 02a2 02        		.byte	0x2
 2277 02a3 0000 0000 		.long	.LM73
 2278 02a7 15        		.byte	0x15
 2279 02a8 00        		.byte	0x0
 2280 02a9 05        		.uleb128 0x5
 2281 02aa 02        		.byte	0x2
 2282 02ab 0000 0000 		.long	.LM74
 2283 02af 15        		.byte	0x15
 2284 02b0 00        		.byte	0x0
 2285 02b1 05        		.uleb128 0x5
 2286 02b2 02        		.byte	0x2
 2287 02b3 0000 0000 		.long	.LM75
 2288 02b7 16        		.byte	0x16
 2289 02b8 00        		.byte	0x0
 2290 02b9 05        		.uleb128 0x5
 2291 02ba 02        		.byte	0x2
 2292 02bb 0000 0000 		.long	.LM76
 2293 02bf 15        		.byte	0x15
 2294 02c0 00        		.byte	0x0
 2295 02c1 05        		.uleb128 0x5
 2296 02c2 02        		.byte	0x2
 2297 02c3 0000 0000 		.long	.LM77
 2298 02c7 15        		.byte	0x15
 2299 02c8 00        		.byte	0x0
GAS LISTING C:\Users\alex\AppData\Local\Temp/ccC6rrFA.s 			page 42


 2300 02c9 05        		.uleb128 0x5
 2301 02ca 02        		.byte	0x2
 2302 02cb 0000 0000 		.long	.LM78
 2303 02cf 15        		.byte	0x15
 2304 02d0 00        		.byte	0x0
 2305 02d1 05        		.uleb128 0x5
 2306 02d2 02        		.byte	0x2
 2307 02d3 0000 0000 		.long	.LM79
 2308 02d7 17        		.byte	0x17
 2309 02d8 00        		.byte	0x0
 2310 02d9 05        		.uleb128 0x5
 2311 02da 02        		.byte	0x2
 2312 02db 0000 0000 		.long	.LM80
 2313 02df 15        		.byte	0x15
 2314 02e0 00        		.byte	0x0
 2315 02e1 05        		.uleb128 0x5
 2316 02e2 02        		.byte	0x2
 2317 02e3 0000 0000 		.long	.LM81
 2318 02e7 16        		.byte	0x16
 2319 02e8 00        		.byte	0x0
 2320 02e9 05        		.uleb128 0x5
 2321 02ea 02        		.byte	0x2
 2322 02eb 0000 0000 		.long	.LM82
 2323 02ef 15        		.byte	0x15
 2324 02f0 00        		.byte	0x0
 2325 02f1 05        		.uleb128 0x5
 2326 02f2 02        		.byte	0x2
 2327 02f3 0000 0000 		.long	.LM83
 2328 02f7 15        		.byte	0x15
 2329 02f8 00        		.byte	0x0
 2330 02f9 05        		.uleb128 0x5
 2331 02fa 02        		.byte	0x2
 2332 02fb 0000 0000 		.long	.LM84
 2333 02ff 15        		.byte	0x15
 2334 0300 00        		.byte	0x0
 2335 0301 05        		.uleb128 0x5
 2336 0302 02        		.byte	0x2
 2337 0303 0000 0000 		.long	.LM85
 2338 0307 15        		.byte	0x15
 2339 0308 00        		.byte	0x0
 2340 0309 05        		.uleb128 0x5
 2341 030a 02        		.byte	0x2
 2342 030b 0000 0000 		.long	.LM86
 2343 030f 15        		.byte	0x15
 2344 0310 00        		.byte	0x0
 2345 0311 05        		.uleb128 0x5
 2346 0312 02        		.byte	0x2
 2347 0313 0000 0000 		.long	.LM87
 2348 0317 0D        		.byte	0xd
 2349 0318 00        		.byte	0x0
 2350 0319 05        		.uleb128 0x5
 2351 031a 02        		.byte	0x2
 2352 031b 0000 0000 		.long	.LM88
 2353 031f 1E        		.byte	0x1e
 2354 0320 00        		.byte	0x0
 2355 0321 05        		.uleb128 0x5
 2356 0322 02        		.byte	0x2
GAS LISTING C:\Users\alex\AppData\Local\Temp/ccC6rrFA.s 			page 43


 2357 0323 0000 0000 		.long	.LM89
 2358 0327 15        		.byte	0x15
 2359 0328 00        		.byte	0x0
 2360 0329 05        		.uleb128 0x5
 2361 032a 02        		.byte	0x2
 2362 032b 0000 0000 		.long	.LM90
 2363 032f 17        		.byte	0x17
 2364 0330 00        		.byte	0x0
 2365 0331 05        		.uleb128 0x5
 2366 0332 02        		.byte	0x2
 2367 0333 0000 0000 		.long	.LM91
 2368 0337 15        		.byte	0x15
 2369 0338 00        		.byte	0x0
 2370 0339 05        		.uleb128 0x5
 2371 033a 02        		.byte	0x2
 2372 033b 0000 0000 		.long	.Letext0
 2373 033f 00        		.byte	0x0
 2374 0340 01        		.uleb128 0x1
 2375 0341 01        		.byte	0x1
 2376               	.LELT0:
 2377 0342 1600 0000 		.section	.debug_str,"MS",@progbits,1
 2377      0200 1000 
 2377      0000 0101 
 2377      FB0E 0A00 
 2377      0101 0101 
 2378               	.LASF16:
 2379 0000 776F 7264 		.string	"word"
 2379      00
 2380               	.LASF22:
 2381 0005 6D63 7033 		.string	"mcp3204_b_dout"
 2381      3230 345F 
 2381      625F 646F 
 2381      7574 00
 2382               	.LASF10:
 2383 0014 6264 6F75 		.string	"bdout"
 2383      7400 
 2384               	.LASF8:
 2385 001a 646F 7574 		.string	"dout"
 2385      00
 2386               	.LASF19:
 2387 001f 6D63 7033 		.string	"mcp3204_p_din"
 2387      3230 345F 
 2387      705F 6469 
 2387      6E00 
 2388               	.LASF11:
 2389 002d 6264 696E 		.string	"bdin"
 2389      00
 2390               	.LASF7:
 2391 0032 6368 6970 		.string	"chip"
 2391      00
 2392               	.LASF15:
 2393 0037 7064 696E 		.string	"pdin"
 2393      00
 2394               	.LASF1:
 2395 003c 756E 7369 		.string	"unsigned char"
 2395      676E 6564 
 2395      2063 6861 
GAS LISTING C:\Users\alex\AppData\Local\Temp/ccC6rrFA.s 			page 44


 2395      7200 
 2396               	.LASF29:
 2397 004a 696E 6974 		.string	"init_mcp3204"
 2397      5F6D 6370 
 2397      3332 3034 
 2397      00
 2398               	.LASF4:
 2399 0057 6C6F 6E67 		.string	"long unsigned int"
 2399      2075 6E73 
 2399      6967 6E65 
 2399      6420 696E 
 2399      7400 
 2400               	.LASF25:
 2401 0069 474E 5520 		.string	"GNU C 4.3.3"
 2401      4320 342E 
 2401      332E 3300 
 2402               	.LASF20:
 2403 0075 6D63 7033 		.string	"mcp3204_p_clk"
 2403      3230 345F 
 2403      705F 636C 
 2403      6B00 
 2404               	.LASF9:
 2405 0083 6263 6C6B 		.string	"bclk"
 2405      00
 2406               	.LASF18:
 2407 0088 6D63 7033 		.string	"mcp3204_p_dout"
 2407      3230 345F 
 2407      705F 646F 
 2407      7574 00
 2408               	.LASF2:
 2409 0097 756E 7369 		.string	"unsigned int"
 2409      676E 6564 
 2409      2069 6E74 
 2409      00
 2410               	.LASF6:
 2411 00a4 6C6F 6E67 		.string	"long long unsigned int"
 2411      206C 6F6E 
 2411      6720 756E 
 2411      7369 676E 
 2411      6564 2069 
 2412               	.LASF28:
 2413 00bb 7569 6E74 		.string	"uint8_t"
 2413      385F 7400 
 2414               	.LASF12:
 2415 00c3 6D6F 6465 		.string	"mode"
 2415      00
 2416               	.LASF17:
 2417 00c8 6D63 7033 		.string	"mcp3204_p_cs"
 2417      3230 345F 
 2417      705F 6373 
 2417      00
 2418               	.LASF21:
 2419 00d5 6D63 7033 		.string	"mcp3204_b_cs"
 2419      3230 345F 
 2419      625F 6373 
 2419      00
 2420               	.LASF5:
GAS LISTING C:\Users\alex\AppData\Local\Temp/ccC6rrFA.s 			page 45


 2421 00e2 6C6F 6E67 		.string	"long long int"
 2421      206C 6F6E 
 2421      6720 696E 
 2421      7400 
 2422               	.LASF23:
 2423 00f0 6D63 7033 		.string	"mcp3204_b_din"
 2423      3230 345F 
 2423      625F 6469 
 2423      6E00 
 2424               	.LASF26:
 2425 00fe 6D63 7033 		.string	"mcp3204.c"
 2425      3230 342E 
 2425      6300 
 2426               	.LASF30:
 2427 0108 6D63 7033 		.string	"mcp3204_getw"
 2427      3230 345F 
 2427      6765 7477 
 2427      00
 2428               	.LASF27:
 2429 0115 453A 5C61 		.string	"E:\\avr\\lib"
 2429      7672 5C6C 
 2429      6962 00
 2430               	.LASF3:
 2431 0120 6C6F 6E67 		.string	"long int"
 2431      2069 6E74 
 2431      00
 2432               	.LASF13:
 2433 0129 7063 6C6B 		.string	"pclk"
 2433      00
 2434               	.LASF0:
 2435 012e 7369 676E 		.string	"signed char"
 2435      6564 2063 
 2435      6861 7200 
 2436               	.LASF14:
 2437 013a 7064 6F75 		.string	"pdout"
 2437      7400 
 2438               	.LASF24:
 2439 0140 6D63 7033 		.string	"mcp3204_b_clk"
 2439      3230 345F 
 2439      625F 636C 
 2439      6B00 
 2440               	.global __do_clear_bss
GAS LISTING C:\Users\alex\AppData\Local\Temp/ccC6rrFA.s 			page 46


DEFINED SYMBOLS
                            *ABS*:00000000 mcp3204.c
C:\Users\alex\AppData\Local\Temp/ccC6rrFA.s:2      *ABS*:0000003f __SREG__
C:\Users\alex\AppData\Local\Temp/ccC6rrFA.s:3      *ABS*:0000003e __SP_H__
C:\Users\alex\AppData\Local\Temp/ccC6rrFA.s:4      *ABS*:0000003d __SP_L__
C:\Users\alex\AppData\Local\Temp/ccC6rrFA.s:5      *ABS*:00000034 __CCP__
C:\Users\alex\AppData\Local\Temp/ccC6rrFA.s:6      *ABS*:00000000 __tmp_reg__
C:\Users\alex\AppData\Local\Temp/ccC6rrFA.s:7      *ABS*:00000001 __zero_reg__
C:\Users\alex\AppData\Local\Temp/ccC6rrFA.s:18     .text:00000000 init_mcp3204
                            *COM*:00000004 mcp3204_b_clk
                            *COM*:00000004 mcp3204_b_dout
                            *COM*:00000004 mcp3204_b_cs
                            *COM*:00000004 mcp3204_b_din
                            *COM*:00000008 mcp3204_p_clk
                            *COM*:00000008 mcp3204_p_dout
                            *COM*:00000008 mcp3204_p_din
                            *COM*:00000008 mcp3204_p_cs
C:\Users\alex\AppData\Local\Temp/ccC6rrFA.s:706    .text:000004ec mcp3204_getw

UNDEFINED SYMBOLS
udelay
__do_clear_bss
