GAS LISTING C:\Users\alex\AppData\Local\Temp/ccRxMFAr.s 			page 1


   1               		.file	"mcp3202.c"
   2               	__SREG__ = 0x3f
   3               	__SP_H__ = 0x3e
   4               	__SP_L__ = 0x3d
   5               	__CCP__  = 0x34
   6               	__tmp_reg__ = 0
   7               	__zero_reg__ = 1
   8               		.section	.debug_abbrev,"",@progbits
   9               	.Ldebug_abbrev0:
  10               		.section	.debug_info,"",@progbits
  11               	.Ldebug_info0:
  12               		.section	.debug_line,"",@progbits
  13               	.Ldebug_line0:
  14               		.text
  15               	.Ltext0:
  16               	.global	init_mcp3202
  17               		.type	init_mcp3202, @function
  18               	init_mcp3202:
  19               	.LFB2:
  20               	.LM1:
  21 0000 0F93      		push r16
  22 0002 DF93      		push r29
  23 0004 CF93      		push r28
  24 0006 CDB7      		in r28,__SP_L__
  25 0008 DEB7      		in r29,__SP_H__
  26 000a 2997      		sbiw r28,9
  27 000c 0FB6      		in __tmp_reg__,__SREG__
  28 000e F894      		cli
  29 0010 DEBF      		out __SP_H__,r29
  30 0012 0FBE      		out __SREG__,__tmp_reg__
  31 0014 CDBF      		out __SP_L__,r28
  32               	/* prologue: function */
  33               	/* frame size = 9 */
  34 0016 8D83      		std Y+5,r24
  35 0018 6E83      		std Y+6,r22
  36 001a 4F83      		std Y+7,r20
  37 001c 2887      		std Y+8,r18
  38 001e 0987      		std Y+9,r16
  39               	.LM2:
  40 0020 8F81      		ldd r24,Y+7
  41 0022 882F      		mov r24,r24
  42 0024 90E0      		ldi r25,lo8(0)
  43 0026 9C01      		movw r18,r24
  44 0028 2F70      		andi r18,lo8(15)
  45 002a 3070      		andi r19,hi8(15)
  46 002c 81E0      		ldi r24,lo8(1)
  47 002e 90E0      		ldi r25,hi8(1)
  48 0030 00C0      		rjmp 2f
  49 0032 880F      	1:	lsl r24
  50 0034 991F      		rol r25
  51 0036 2A95      	2:	dec r18
  52 0038 02F4      		brpl 1b
  53 003a 8C83      		std Y+4,r24
  54               	.LM3:
  55 003c 8D81      		ldd r24,Y+5
  56 003e 882F      		mov r24,r24
  57 0040 90E0      		ldi r25,lo8(0)
GAS LISTING C:\Users\alex\AppData\Local\Temp/ccRxMFAr.s 			page 2


  58 0042 FC01      		movw r30,r24
  59 0044 E050      		subi r30,lo8(-(mcp3202_b_clk))
  60 0046 F040      		sbci r31,hi8(-(mcp3202_b_clk))
  61 0048 8C81      		ldd r24,Y+4
  62 004a 8083      		st Z,r24
  63               	.LM4:
  64 004c 8885      		ldd r24,Y+8
  65 004e 882F      		mov r24,r24
  66 0050 90E0      		ldi r25,lo8(0)
  67 0052 9C01      		movw r18,r24
  68 0054 2F70      		andi r18,lo8(15)
  69 0056 3070      		andi r19,hi8(15)
  70 0058 81E0      		ldi r24,lo8(1)
  71 005a 90E0      		ldi r25,hi8(1)
  72 005c 00C0      		rjmp 2f
  73 005e 880F      	1:	lsl r24
  74 0060 991F      		rol r25
  75 0062 2A95      	2:	dec r18
  76 0064 02F4      		brpl 1b
  77 0066 8A83      		std Y+2,r24
  78               	.LM5:
  79 0068 8D81      		ldd r24,Y+5
  80 006a 882F      		mov r24,r24
  81 006c 90E0      		ldi r25,lo8(0)
  82 006e FC01      		movw r30,r24
  83 0070 E050      		subi r30,lo8(-(mcp3202_b_dout))
  84 0072 F040      		sbci r31,hi8(-(mcp3202_b_dout))
  85 0074 8A81      		ldd r24,Y+2
  86 0076 8083      		st Z,r24
  87               	.LM6:
  88 0078 8E81      		ldd r24,Y+6
  89 007a 882F      		mov r24,r24
  90 007c 90E0      		ldi r25,lo8(0)
  91 007e 9C01      		movw r18,r24
  92 0080 2F70      		andi r18,lo8(15)
  93 0082 3070      		andi r19,hi8(15)
  94 0084 81E0      		ldi r24,lo8(1)
  95 0086 90E0      		ldi r25,hi8(1)
  96 0088 00C0      		rjmp 2f
  97 008a 880F      	1:	lsl r24
  98 008c 991F      		rol r25
  99 008e 2A95      	2:	dec r18
 100 0090 02F4      		brpl 1b
 101 0092 8B83      		std Y+3,r24
 102               	.LM7:
 103 0094 8D81      		ldd r24,Y+5
 104 0096 882F      		mov r24,r24
 105 0098 90E0      		ldi r25,lo8(0)
 106 009a FC01      		movw r30,r24
 107 009c E050      		subi r30,lo8(-(mcp3202_b_cs))
 108 009e F040      		sbci r31,hi8(-(mcp3202_b_cs))
 109 00a0 8B81      		ldd r24,Y+3
 110 00a2 8083      		st Z,r24
 111               	.LM8:
 112 00a4 8985      		ldd r24,Y+9
 113 00a6 882F      		mov r24,r24
 114 00a8 90E0      		ldi r25,lo8(0)
GAS LISTING C:\Users\alex\AppData\Local\Temp/ccRxMFAr.s 			page 3


 115 00aa 9C01      		movw r18,r24
 116 00ac 2F70      		andi r18,lo8(15)
 117 00ae 3070      		andi r19,hi8(15)
 118 00b0 81E0      		ldi r24,lo8(1)
 119 00b2 90E0      		ldi r25,hi8(1)
 120 00b4 022E      		mov r0,r18
 121 00b6 00C0      		rjmp 2f
 122 00b8 880F      	1:	lsl r24
 123 00ba 991F      		rol r25
 124 00bc 0A94      	2:	dec r0
 125 00be 02F4      		brpl 1b
 126 00c0 8983      		std Y+1,r24
 127               	.LM9:
 128 00c2 8D81      		ldd r24,Y+5
 129 00c4 882F      		mov r24,r24
 130 00c6 90E0      		ldi r25,lo8(0)
 131 00c8 FC01      		movw r30,r24
 132 00ca E050      		subi r30,lo8(-(mcp3202_b_din))
 133 00cc F040      		sbci r31,hi8(-(mcp3202_b_din))
 134 00ce 8981      		ldd r24,Y+1
 135 00d0 8083      		st Z,r24
 136               	.LM10:
 137 00d2 8F81      		ldd r24,Y+7
 138 00d4 807F      		andi r24,lo8(-16)
 139 00d6 8F83      		std Y+7,r24
 140               	.LM11:
 141 00d8 8F81      		ldd r24,Y+7
 142 00da 8823      		tst r24
 143 00dc 01F4      		brne .L2
 144 00de 8D81      		ldd r24,Y+5
 145 00e0 882F      		mov r24,r24
 146 00e2 90E0      		ldi r25,lo8(0)
 147 00e4 880F      		lsl r24
 148 00e6 991F      		rol r25
 149 00e8 FC01      		movw r30,r24
 150 00ea E050      		subi r30,lo8(-(mcp3202_p_clk))
 151 00ec F040      		sbci r31,hi8(-(mcp3202_p_clk))
 152 00ee 8BE3      		ldi r24,lo8(59)
 153 00f0 90E0      		ldi r25,hi8(59)
 154 00f2 9183      		std Z+1,r25
 155 00f4 8083      		st Z,r24
 156 00f6 AAE3      		ldi r26,lo8(58)
 157 00f8 B0E0      		ldi r27,hi8(58)
 158 00fa EAE3      		ldi r30,lo8(58)
 159 00fc F0E0      		ldi r31,hi8(58)
 160 00fe 9081      		ld r25,Z
 161 0100 8C81      		ldd r24,Y+4
 162 0102 892B      		or r24,r25
 163 0104 8C93      		st X,r24
 164               	.L2:
 165               	.LM12:
 166 0106 8F81      		ldd r24,Y+7
 167 0108 8031      		cpi r24,lo8(16)
 168 010a 01F4      		brne .L3
 169 010c 8D81      		ldd r24,Y+5
 170 010e 882F      		mov r24,r24
 171 0110 90E0      		ldi r25,lo8(0)
GAS LISTING C:\Users\alex\AppData\Local\Temp/ccRxMFAr.s 			page 4


 172 0112 880F      		lsl r24
 173 0114 991F      		rol r25
 174 0116 FC01      		movw r30,r24
 175 0118 E050      		subi r30,lo8(-(mcp3202_p_clk))
 176 011a F040      		sbci r31,hi8(-(mcp3202_p_clk))
 177 011c 88E3      		ldi r24,lo8(56)
 178 011e 90E0      		ldi r25,hi8(56)
 179 0120 9183      		std Z+1,r25
 180 0122 8083      		st Z,r24
 181 0124 A7E3      		ldi r26,lo8(55)
 182 0126 B0E0      		ldi r27,hi8(55)
 183 0128 E7E3      		ldi r30,lo8(55)
 184 012a F0E0      		ldi r31,hi8(55)
 185 012c 9081      		ld r25,Z
 186 012e 8C81      		ldd r24,Y+4
 187 0130 892B      		or r24,r25
 188 0132 8C93      		st X,r24
 189               	.L3:
 190               	.LM13:
 191 0134 8F81      		ldd r24,Y+7
 192 0136 8032      		cpi r24,lo8(32)
 193 0138 01F4      		brne .L4
 194 013a 8D81      		ldd r24,Y+5
 195 013c 882F      		mov r24,r24
 196 013e 90E0      		ldi r25,lo8(0)
 197 0140 880F      		lsl r24
 198 0142 991F      		rol r25
 199 0144 FC01      		movw r30,r24
 200 0146 E050      		subi r30,lo8(-(mcp3202_p_clk))
 201 0148 F040      		sbci r31,hi8(-(mcp3202_p_clk))
 202 014a 85E3      		ldi r24,lo8(53)
 203 014c 90E0      		ldi r25,hi8(53)
 204 014e 9183      		std Z+1,r25
 205 0150 8083      		st Z,r24
 206 0152 A4E3      		ldi r26,lo8(52)
 207 0154 B0E0      		ldi r27,hi8(52)
 208 0156 E4E3      		ldi r30,lo8(52)
 209 0158 F0E0      		ldi r31,hi8(52)
 210 015a 9081      		ld r25,Z
 211 015c 8C81      		ldd r24,Y+4
 212 015e 892B      		or r24,r25
 213 0160 8C93      		st X,r24
 214               	.L4:
 215               	.LM14:
 216 0162 8F81      		ldd r24,Y+7
 217 0164 8033      		cpi r24,lo8(48)
 218 0166 01F4      		brne .L5
 219 0168 8D81      		ldd r24,Y+5
 220 016a 882F      		mov r24,r24
 221 016c 90E0      		ldi r25,lo8(0)
 222 016e 880F      		lsl r24
 223 0170 991F      		rol r25
 224 0172 FC01      		movw r30,r24
 225 0174 E050      		subi r30,lo8(-(mcp3202_p_clk))
 226 0176 F040      		sbci r31,hi8(-(mcp3202_p_clk))
 227 0178 82E3      		ldi r24,lo8(50)
 228 017a 90E0      		ldi r25,hi8(50)
GAS LISTING C:\Users\alex\AppData\Local\Temp/ccRxMFAr.s 			page 5


 229 017c 9183      		std Z+1,r25
 230 017e 8083      		st Z,r24
 231 0180 A1E3      		ldi r26,lo8(49)
 232 0182 B0E0      		ldi r27,hi8(49)
 233 0184 E1E3      		ldi r30,lo8(49)
 234 0186 F0E0      		ldi r31,hi8(49)
 235 0188 9081      		ld r25,Z
 236 018a 8C81      		ldd r24,Y+4
 237 018c 892B      		or r24,r25
 238 018e 8C93      		st X,r24
 239               	.L5:
 240               	.LM15:
 241 0190 8885      		ldd r24,Y+8
 242 0192 807F      		andi r24,lo8(-16)
 243 0194 8887      		std Y+8,r24
 244               	.LM16:
 245 0196 8885      		ldd r24,Y+8
 246 0198 8823      		tst r24
 247 019a 01F4      		brne .L6
 248 019c 8D81      		ldd r24,Y+5
 249 019e 882F      		mov r24,r24
 250 01a0 90E0      		ldi r25,lo8(0)
 251 01a2 880F      		lsl r24
 252 01a4 991F      		rol r25
 253 01a6 FC01      		movw r30,r24
 254 01a8 E050      		subi r30,lo8(-(mcp3202_p_dout))
 255 01aa F040      		sbci r31,hi8(-(mcp3202_p_dout))
 256 01ac 89E3      		ldi r24,lo8(57)
 257 01ae 90E0      		ldi r25,hi8(57)
 258 01b0 9183      		std Z+1,r25
 259 01b2 8083      		st Z,r24
 260 01b4 AAE3      		ldi r26,lo8(58)
 261 01b6 B0E0      		ldi r27,hi8(58)
 262 01b8 EAE3      		ldi r30,lo8(58)
 263 01ba F0E0      		ldi r31,hi8(58)
 264 01bc 8081      		ld r24,Z
 265 01be 982F      		mov r25,r24
 266 01c0 8A81      		ldd r24,Y+2
 267 01c2 8095      		com r24
 268 01c4 8923      		and r24,r25
 269 01c6 8C93      		st X,r24
 270 01c8 ABE3      		ldi r26,lo8(59)
 271 01ca B0E0      		ldi r27,hi8(59)
 272 01cc EBE3      		ldi r30,lo8(59)
 273 01ce F0E0      		ldi r31,hi8(59)
 274 01d0 9081      		ld r25,Z
 275 01d2 8A81      		ldd r24,Y+2
 276 01d4 892B      		or r24,r25
 277 01d6 8C93      		st X,r24
 278               	.L6:
 279               	.LM17:
 280 01d8 8885      		ldd r24,Y+8
 281 01da 8031      		cpi r24,lo8(16)
 282 01dc 01F4      		brne .L7
 283 01de 8D81      		ldd r24,Y+5
 284 01e0 882F      		mov r24,r24
 285 01e2 90E0      		ldi r25,lo8(0)
GAS LISTING C:\Users\alex\AppData\Local\Temp/ccRxMFAr.s 			page 6


 286 01e4 880F      		lsl r24
 287 01e6 991F      		rol r25
 288 01e8 FC01      		movw r30,r24
 289 01ea E050      		subi r30,lo8(-(mcp3202_p_dout))
 290 01ec F040      		sbci r31,hi8(-(mcp3202_p_dout))
 291 01ee 86E3      		ldi r24,lo8(54)
 292 01f0 90E0      		ldi r25,hi8(54)
 293 01f2 9183      		std Z+1,r25
 294 01f4 8083      		st Z,r24
 295 01f6 A7E3      		ldi r26,lo8(55)
 296 01f8 B0E0      		ldi r27,hi8(55)
 297 01fa E7E3      		ldi r30,lo8(55)
 298 01fc F0E0      		ldi r31,hi8(55)
 299 01fe 8081      		ld r24,Z
 300 0200 982F      		mov r25,r24
 301 0202 8A81      		ldd r24,Y+2
 302 0204 8095      		com r24
 303 0206 8923      		and r24,r25
 304 0208 8C93      		st X,r24
 305 020a A8E3      		ldi r26,lo8(56)
 306 020c B0E0      		ldi r27,hi8(56)
 307 020e E8E3      		ldi r30,lo8(56)
 308 0210 F0E0      		ldi r31,hi8(56)
 309 0212 9081      		ld r25,Z
 310 0214 8A81      		ldd r24,Y+2
 311 0216 892B      		or r24,r25
 312 0218 8C93      		st X,r24
 313               	.L7:
 314               	.LM18:
 315 021a 8885      		ldd r24,Y+8
 316 021c 8032      		cpi r24,lo8(32)
 317 021e 01F4      		brne .L8
 318 0220 8D81      		ldd r24,Y+5
 319 0222 882F      		mov r24,r24
 320 0224 90E0      		ldi r25,lo8(0)
 321 0226 880F      		lsl r24
 322 0228 991F      		rol r25
 323 022a FC01      		movw r30,r24
 324 022c E050      		subi r30,lo8(-(mcp3202_p_dout))
 325 022e F040      		sbci r31,hi8(-(mcp3202_p_dout))
 326 0230 83E3      		ldi r24,lo8(51)
 327 0232 90E0      		ldi r25,hi8(51)
 328 0234 9183      		std Z+1,r25
 329 0236 8083      		st Z,r24
 330 0238 A4E3      		ldi r26,lo8(52)
 331 023a B0E0      		ldi r27,hi8(52)
 332 023c E4E3      		ldi r30,lo8(52)
 333 023e F0E0      		ldi r31,hi8(52)
 334 0240 8081      		ld r24,Z
 335 0242 982F      		mov r25,r24
 336 0244 8A81      		ldd r24,Y+2
 337 0246 8095      		com r24
 338 0248 8923      		and r24,r25
 339 024a 8C93      		st X,r24
 340 024c A5E3      		ldi r26,lo8(53)
 341 024e B0E0      		ldi r27,hi8(53)
 342 0250 E5E3      		ldi r30,lo8(53)
GAS LISTING C:\Users\alex\AppData\Local\Temp/ccRxMFAr.s 			page 7


 343 0252 F0E0      		ldi r31,hi8(53)
 344 0254 9081      		ld r25,Z
 345 0256 8A81      		ldd r24,Y+2
 346 0258 892B      		or r24,r25
 347 025a 8C93      		st X,r24
 348               	.L8:
 349               	.LM19:
 350 025c 8885      		ldd r24,Y+8
 351 025e 8033      		cpi r24,lo8(48)
 352 0260 01F4      		brne .L9
 353 0262 8D81      		ldd r24,Y+5
 354 0264 882F      		mov r24,r24
 355 0266 90E0      		ldi r25,lo8(0)
 356 0268 880F      		lsl r24
 357 026a 991F      		rol r25
 358 026c FC01      		movw r30,r24
 359 026e E050      		subi r30,lo8(-(mcp3202_p_dout))
 360 0270 F040      		sbci r31,hi8(-(mcp3202_p_dout))
 361 0272 80E3      		ldi r24,lo8(48)
 362 0274 90E0      		ldi r25,hi8(48)
 363 0276 9183      		std Z+1,r25
 364 0278 8083      		st Z,r24
 365 027a A1E3      		ldi r26,lo8(49)
 366 027c B0E0      		ldi r27,hi8(49)
 367 027e E1E3      		ldi r30,lo8(49)
 368 0280 F0E0      		ldi r31,hi8(49)
 369 0282 8081      		ld r24,Z
 370 0284 982F      		mov r25,r24
 371 0286 8A81      		ldd r24,Y+2
 372 0288 8095      		com r24
 373 028a 8923      		and r24,r25
 374 028c 8C93      		st X,r24
 375 028e A2E3      		ldi r26,lo8(50)
 376 0290 B0E0      		ldi r27,hi8(50)
 377 0292 E2E3      		ldi r30,lo8(50)
 378 0294 F0E0      		ldi r31,hi8(50)
 379 0296 9081      		ld r25,Z
 380 0298 8A81      		ldd r24,Y+2
 381 029a 892B      		or r24,r25
 382 029c 8C93      		st X,r24
 383               	.L9:
 384               	.LM20:
 385 029e 8985      		ldd r24,Y+9
 386 02a0 807F      		andi r24,lo8(-16)
 387 02a2 8987      		std Y+9,r24
 388               	.LM21:
 389 02a4 8985      		ldd r24,Y+9
 390 02a6 8823      		tst r24
 391 02a8 01F4      		brne .L10
 392 02aa 8D81      		ldd r24,Y+5
 393 02ac 882F      		mov r24,r24
 394 02ae 90E0      		ldi r25,lo8(0)
 395 02b0 880F      		lsl r24
 396 02b2 991F      		rol r25
 397 02b4 FC01      		movw r30,r24
 398 02b6 E050      		subi r30,lo8(-(mcp3202_p_din))
 399 02b8 F040      		sbci r31,hi8(-(mcp3202_p_din))
GAS LISTING C:\Users\alex\AppData\Local\Temp/ccRxMFAr.s 			page 8


 400 02ba 8BE3      		ldi r24,lo8(59)
 401 02bc 90E0      		ldi r25,hi8(59)
 402 02be 9183      		std Z+1,r25
 403 02c0 8083      		st Z,r24
 404 02c2 AAE3      		ldi r26,lo8(58)
 405 02c4 B0E0      		ldi r27,hi8(58)
 406 02c6 EAE3      		ldi r30,lo8(58)
 407 02c8 F0E0      		ldi r31,hi8(58)
 408 02ca 9081      		ld r25,Z
 409 02cc 8981      		ldd r24,Y+1
 410 02ce 892B      		or r24,r25
 411 02d0 8C93      		st X,r24
 412               	.L10:
 413               	.LM22:
 414 02d2 8985      		ldd r24,Y+9
 415 02d4 8031      		cpi r24,lo8(16)
 416 02d6 01F4      		brne .L11
 417 02d8 8D81      		ldd r24,Y+5
 418 02da 882F      		mov r24,r24
 419 02dc 90E0      		ldi r25,lo8(0)
 420 02de 880F      		lsl r24
 421 02e0 991F      		rol r25
 422 02e2 FC01      		movw r30,r24
 423 02e4 E050      		subi r30,lo8(-(mcp3202_p_din))
 424 02e6 F040      		sbci r31,hi8(-(mcp3202_p_din))
 425 02e8 88E3      		ldi r24,lo8(56)
 426 02ea 90E0      		ldi r25,hi8(56)
 427 02ec 9183      		std Z+1,r25
 428 02ee 8083      		st Z,r24
 429 02f0 A7E3      		ldi r26,lo8(55)
 430 02f2 B0E0      		ldi r27,hi8(55)
 431 02f4 E7E3      		ldi r30,lo8(55)
 432 02f6 F0E0      		ldi r31,hi8(55)
 433 02f8 9081      		ld r25,Z
 434 02fa 8981      		ldd r24,Y+1
 435 02fc 892B      		or r24,r25
 436 02fe 8C93      		st X,r24
 437               	.L11:
 438               	.LM23:
 439 0300 8985      		ldd r24,Y+9
 440 0302 8032      		cpi r24,lo8(32)
 441 0304 01F4      		brne .L12
 442 0306 8D81      		ldd r24,Y+5
 443 0308 882F      		mov r24,r24
 444 030a 90E0      		ldi r25,lo8(0)
 445 030c 880F      		lsl r24
 446 030e 991F      		rol r25
 447 0310 FC01      		movw r30,r24
 448 0312 E050      		subi r30,lo8(-(mcp3202_p_din))
 449 0314 F040      		sbci r31,hi8(-(mcp3202_p_din))
 450 0316 85E3      		ldi r24,lo8(53)
 451 0318 90E0      		ldi r25,hi8(53)
 452 031a 9183      		std Z+1,r25
 453 031c 8083      		st Z,r24
 454 031e A4E3      		ldi r26,lo8(52)
 455 0320 B0E0      		ldi r27,hi8(52)
 456 0322 E4E3      		ldi r30,lo8(52)
GAS LISTING C:\Users\alex\AppData\Local\Temp/ccRxMFAr.s 			page 9


 457 0324 F0E0      		ldi r31,hi8(52)
 458 0326 9081      		ld r25,Z
 459 0328 8981      		ldd r24,Y+1
 460 032a 892B      		or r24,r25
 461 032c 8C93      		st X,r24
 462               	.L12:
 463               	.LM24:
 464 032e 8985      		ldd r24,Y+9
 465 0330 8033      		cpi r24,lo8(48)
 466 0332 01F4      		brne .L13
 467 0334 8D81      		ldd r24,Y+5
 468 0336 882F      		mov r24,r24
 469 0338 90E0      		ldi r25,lo8(0)
 470 033a 880F      		lsl r24
 471 033c 991F      		rol r25
 472 033e FC01      		movw r30,r24
 473 0340 E050      		subi r30,lo8(-(mcp3202_p_din))
 474 0342 F040      		sbci r31,hi8(-(mcp3202_p_din))
 475 0344 82E3      		ldi r24,lo8(50)
 476 0346 90E0      		ldi r25,hi8(50)
 477 0348 9183      		std Z+1,r25
 478 034a 8083      		st Z,r24
 479 034c A1E3      		ldi r26,lo8(49)
 480 034e B0E0      		ldi r27,hi8(49)
 481 0350 E1E3      		ldi r30,lo8(49)
 482 0352 F0E0      		ldi r31,hi8(49)
 483 0354 9081      		ld r25,Z
 484 0356 8981      		ldd r24,Y+1
 485 0358 892B      		or r24,r25
 486 035a 8C93      		st X,r24
 487               	.L13:
 488               	.LM25:
 489 035c 8E81      		ldd r24,Y+6
 490 035e 807F      		andi r24,lo8(-16)
 491 0360 8E83      		std Y+6,r24
 492               	.LM26:
 493 0362 8E81      		ldd r24,Y+6
 494 0364 8823      		tst r24
 495 0366 01F4      		brne .L14
 496 0368 8D81      		ldd r24,Y+5
 497 036a 882F      		mov r24,r24
 498 036c 90E0      		ldi r25,lo8(0)
 499 036e 880F      		lsl r24
 500 0370 991F      		rol r25
 501 0372 FC01      		movw r30,r24
 502 0374 E050      		subi r30,lo8(-(mcp3202_p_cs))
 503 0376 F040      		sbci r31,hi8(-(mcp3202_p_cs))
 504 0378 8BE3      		ldi r24,lo8(59)
 505 037a 90E0      		ldi r25,hi8(59)
 506 037c 9183      		std Z+1,r25
 507 037e 8083      		st Z,r24
 508 0380 AAE3      		ldi r26,lo8(58)
 509 0382 B0E0      		ldi r27,hi8(58)
 510 0384 EAE3      		ldi r30,lo8(58)
 511 0386 F0E0      		ldi r31,hi8(58)
 512 0388 9081      		ld r25,Z
 513 038a 8B81      		ldd r24,Y+3
GAS LISTING C:\Users\alex\AppData\Local\Temp/ccRxMFAr.s 			page 10


 514 038c 892B      		or r24,r25
 515 038e 8C93      		st X,r24
 516               	.L14:
 517               	.LM27:
 518 0390 8E81      		ldd r24,Y+6
 519 0392 8031      		cpi r24,lo8(16)
 520 0394 01F4      		brne .L15
 521 0396 8D81      		ldd r24,Y+5
 522 0398 882F      		mov r24,r24
 523 039a 90E0      		ldi r25,lo8(0)
 524 039c 880F      		lsl r24
 525 039e 991F      		rol r25
 526 03a0 FC01      		movw r30,r24
 527 03a2 E050      		subi r30,lo8(-(mcp3202_p_cs))
 528 03a4 F040      		sbci r31,hi8(-(mcp3202_p_cs))
 529 03a6 88E3      		ldi r24,lo8(56)
 530 03a8 90E0      		ldi r25,hi8(56)
 531 03aa 9183      		std Z+1,r25
 532 03ac 8083      		st Z,r24
 533 03ae A7E3      		ldi r26,lo8(55)
 534 03b0 B0E0      		ldi r27,hi8(55)
 535 03b2 E7E3      		ldi r30,lo8(55)
 536 03b4 F0E0      		ldi r31,hi8(55)
 537 03b6 9081      		ld r25,Z
 538 03b8 8B81      		ldd r24,Y+3
 539 03ba 892B      		or r24,r25
 540 03bc 8C93      		st X,r24
 541               	.L15:
 542               	.LM28:
 543 03be 8E81      		ldd r24,Y+6
 544 03c0 8032      		cpi r24,lo8(32)
 545 03c2 01F4      		brne .L16
 546 03c4 8D81      		ldd r24,Y+5
 547 03c6 882F      		mov r24,r24
 548 03c8 90E0      		ldi r25,lo8(0)
 549 03ca 880F      		lsl r24
 550 03cc 991F      		rol r25
 551 03ce FC01      		movw r30,r24
 552 03d0 E050      		subi r30,lo8(-(mcp3202_p_cs))
 553 03d2 F040      		sbci r31,hi8(-(mcp3202_p_cs))
 554 03d4 85E3      		ldi r24,lo8(53)
 555 03d6 90E0      		ldi r25,hi8(53)
 556 03d8 9183      		std Z+1,r25
 557 03da 8083      		st Z,r24
 558 03dc A4E3      		ldi r26,lo8(52)
 559 03de B0E0      		ldi r27,hi8(52)
 560 03e0 E4E3      		ldi r30,lo8(52)
 561 03e2 F0E0      		ldi r31,hi8(52)
 562 03e4 9081      		ld r25,Z
 563 03e6 8B81      		ldd r24,Y+3
 564 03e8 892B      		or r24,r25
 565 03ea 8C93      		st X,r24
 566               	.L16:
 567               	.LM29:
 568 03ec 8E81      		ldd r24,Y+6
 569 03ee 8033      		cpi r24,lo8(48)
 570 03f0 01F4      		brne .L17
GAS LISTING C:\Users\alex\AppData\Local\Temp/ccRxMFAr.s 			page 11


 571 03f2 8D81      		ldd r24,Y+5
 572 03f4 882F      		mov r24,r24
 573 03f6 90E0      		ldi r25,lo8(0)
 574 03f8 880F      		lsl r24
 575 03fa 991F      		rol r25
 576 03fc FC01      		movw r30,r24
 577 03fe E050      		subi r30,lo8(-(mcp3202_p_cs))
 578 0400 F040      		sbci r31,hi8(-(mcp3202_p_cs))
 579 0402 82E3      		ldi r24,lo8(50)
 580 0404 90E0      		ldi r25,hi8(50)
 581 0406 9183      		std Z+1,r25
 582 0408 8083      		st Z,r24
 583 040a A1E3      		ldi r26,lo8(49)
 584 040c B0E0      		ldi r27,hi8(49)
 585 040e E1E3      		ldi r30,lo8(49)
 586 0410 F0E0      		ldi r31,hi8(49)
 587 0412 9081      		ld r25,Z
 588 0414 8B81      		ldd r24,Y+3
 589 0416 892B      		or r24,r25
 590 0418 8C93      		st X,r24
 591               	.L17:
 592               	.LM30:
 593 041a 8D81      		ldd r24,Y+5
 594 041c 882F      		mov r24,r24
 595 041e 90E0      		ldi r25,lo8(0)
 596 0420 880F      		lsl r24
 597 0422 991F      		rol r25
 598 0424 FC01      		movw r30,r24
 599 0426 E050      		subi r30,lo8(-(mcp3202_p_cs))
 600 0428 F040      		sbci r31,hi8(-(mcp3202_p_cs))
 601 042a A081      		ld r26,Z
 602 042c B181      		ldd r27,Z+1
 603 042e 8D81      		ldd r24,Y+5
 604 0430 882F      		mov r24,r24
 605 0432 90E0      		ldi r25,lo8(0)
 606 0434 880F      		lsl r24
 607 0436 991F      		rol r25
 608 0438 FC01      		movw r30,r24
 609 043a E050      		subi r30,lo8(-(mcp3202_p_cs))
 610 043c F040      		sbci r31,hi8(-(mcp3202_p_cs))
 611 043e 0190      		ld __tmp_reg__,Z+
 612 0440 F081      		ld r31,Z
 613 0442 E02D      		mov r30,__tmp_reg__
 614 0444 2081      		ld r18,Z
 615 0446 8D81      		ldd r24,Y+5
 616 0448 882F      		mov r24,r24
 617 044a 90E0      		ldi r25,lo8(0)
 618 044c FC01      		movw r30,r24
 619 044e E050      		subi r30,lo8(-(mcp3202_b_cs))
 620 0450 F040      		sbci r31,hi8(-(mcp3202_b_cs))
 621 0452 8081      		ld r24,Z
 622 0454 822B      		or r24,r18
 623 0456 8C93      		st X,r24
 624               	.LM31:
 625 0458 8D81      		ldd r24,Y+5
 626 045a 882F      		mov r24,r24
 627 045c 90E0      		ldi r25,lo8(0)
GAS LISTING C:\Users\alex\AppData\Local\Temp/ccRxMFAr.s 			page 12


 628 045e 880F      		lsl r24
 629 0460 991F      		rol r25
 630 0462 FC01      		movw r30,r24
 631 0464 E050      		subi r30,lo8(-(mcp3202_p_clk))
 632 0466 F040      		sbci r31,hi8(-(mcp3202_p_clk))
 633 0468 A081      		ld r26,Z
 634 046a B181      		ldd r27,Z+1
 635 046c 8D81      		ldd r24,Y+5
 636 046e 882F      		mov r24,r24
 637 0470 90E0      		ldi r25,lo8(0)
 638 0472 880F      		lsl r24
 639 0474 991F      		rol r25
 640 0476 FC01      		movw r30,r24
 641 0478 E050      		subi r30,lo8(-(mcp3202_p_clk))
 642 047a F040      		sbci r31,hi8(-(mcp3202_p_clk))
 643 047c 0190      		ld __tmp_reg__,Z+
 644 047e F081      		ld r31,Z
 645 0480 E02D      		mov r30,__tmp_reg__
 646 0482 8081      		ld r24,Z
 647 0484 282F      		mov r18,r24
 648 0486 8D81      		ldd r24,Y+5
 649 0488 882F      		mov r24,r24
 650 048a 90E0      		ldi r25,lo8(0)
 651 048c FC01      		movw r30,r24
 652 048e E050      		subi r30,lo8(-(mcp3202_b_clk))
 653 0490 F040      		sbci r31,hi8(-(mcp3202_b_clk))
 654 0492 8081      		ld r24,Z
 655 0494 8095      		com r24
 656 0496 8223      		and r24,r18
 657 0498 8C93      		st X,r24
 658               	.LM32:
 659 049a 8D81      		ldd r24,Y+5
 660 049c 882F      		mov r24,r24
 661 049e 90E0      		ldi r25,lo8(0)
 662 04a0 880F      		lsl r24
 663 04a2 991F      		rol r25
 664 04a4 FC01      		movw r30,r24
 665 04a6 E050      		subi r30,lo8(-(mcp3202_p_din))
 666 04a8 F040      		sbci r31,hi8(-(mcp3202_p_din))
 667 04aa A081      		ld r26,Z
 668 04ac B181      		ldd r27,Z+1
 669 04ae 8D81      		ldd r24,Y+5
 670 04b0 882F      		mov r24,r24
 671 04b2 90E0      		ldi r25,lo8(0)
 672 04b4 880F      		lsl r24
 673 04b6 991F      		rol r25
 674 04b8 FC01      		movw r30,r24
 675 04ba E050      		subi r30,lo8(-(mcp3202_p_din))
 676 04bc F040      		sbci r31,hi8(-(mcp3202_p_din))
 677 04be 0190      		ld __tmp_reg__,Z+
 678 04c0 F081      		ld r31,Z
 679 04c2 E02D      		mov r30,__tmp_reg__
 680 04c4 2081      		ld r18,Z
 681 04c6 8D81      		ldd r24,Y+5
 682 04c8 882F      		mov r24,r24
 683 04ca 90E0      		ldi r25,lo8(0)
 684 04cc FC01      		movw r30,r24
GAS LISTING C:\Users\alex\AppData\Local\Temp/ccRxMFAr.s 			page 13


 685 04ce E050      		subi r30,lo8(-(mcp3202_b_din))
 686 04d0 F040      		sbci r31,hi8(-(mcp3202_b_din))
 687 04d2 8081      		ld r24,Z
 688 04d4 822B      		or r24,r18
 689 04d6 8C93      		st X,r24
 690               	/* epilogue start */
 691               	.LM33:
 692 04d8 2996      		adiw r28,9
 693 04da 0FB6      		in __tmp_reg__,__SREG__
 694 04dc F894      		cli
 695 04de DEBF      		out __SP_H__,r29
 696 04e0 0FBE      		out __SREG__,__tmp_reg__
 697 04e2 CDBF      		out __SP_L__,r28
 698 04e4 CF91      		pop r28
 699 04e6 DF91      		pop r29
 700 04e8 0F91      		pop r16
 701 04ea 0895      		ret
 702               	.LFE2:
 703               		.size	init_mcp3202, .-init_mcp3202
 704               	.global	mcp3202_getw
 705               		.type	mcp3202_getw, @function
 706               	mcp3202_getw:
 707               	.LFB3:
 708               	.LM34:
 709 04ec DF93      		push r29
 710 04ee CF93      		push r28
 711 04f0 CDB7      		in r28,__SP_L__
 712 04f2 DEB7      		in r29,__SP_H__
 713 04f4 6297      		sbiw r28,18
 714 04f6 0FB6      		in __tmp_reg__,__SREG__
 715 04f8 F894      		cli
 716 04fa DEBF      		out __SP_H__,r29
 717 04fc 0FBE      		out __SREG__,__tmp_reg__
 718 04fe CDBF      		out __SP_L__,r28
 719               	/* prologue: function */
 720               	/* frame size = 18 */
 721 0500 888B      		std Y+16,r24
 722 0502 698B      		std Y+17,r22
 723 0504 4A8B      		std Y+18,r20
 724               	.LM35:
 725 0506 8889      		ldd r24,Y+16
 726 0508 882F      		mov r24,r24
 727 050a 90E0      		ldi r25,lo8(0)
 728 050c 880F      		lsl r24
 729 050e 991F      		rol r25
 730 0510 FC01      		movw r30,r24
 731 0512 E050      		subi r30,lo8(-(mcp3202_p_clk))
 732 0514 F040      		sbci r31,hi8(-(mcp3202_p_clk))
 733 0516 8081      		ld r24,Z
 734 0518 9181      		ldd r25,Z+1
 735 051a 9F87      		std Y+15,r25
 736 051c 8E87      		std Y+14,r24
 737               	.LM36:
 738 051e 8889      		ldd r24,Y+16
 739 0520 882F      		mov r24,r24
 740 0522 90E0      		ldi r25,lo8(0)
 741 0524 880F      		lsl r24
GAS LISTING C:\Users\alex\AppData\Local\Temp/ccRxMFAr.s 			page 14


 742 0526 991F      		rol r25
 743 0528 FC01      		movw r30,r24
 744 052a E050      		subi r30,lo8(-(mcp3202_p_dout))
 745 052c F040      		sbci r31,hi8(-(mcp3202_p_dout))
 746 052e 8081      		ld r24,Z
 747 0530 9181      		ldd r25,Z+1
 748 0532 9B87      		std Y+11,r25
 749 0534 8A87      		std Y+10,r24
 750               	.LM37:
 751 0536 8889      		ldd r24,Y+16
 752 0538 882F      		mov r24,r24
 753 053a 90E0      		ldi r25,lo8(0)
 754 053c 880F      		lsl r24
 755 053e 991F      		rol r25
 756 0540 FC01      		movw r30,r24
 757 0542 E050      		subi r30,lo8(-(mcp3202_p_din))
 758 0544 F040      		sbci r31,hi8(-(mcp3202_p_din))
 759 0546 8081      		ld r24,Z
 760 0548 9181      		ldd r25,Z+1
 761 054a 9987      		std Y+9,r25
 762 054c 8887      		std Y+8,r24
 763               	.LM38:
 764 054e 8889      		ldd r24,Y+16
 765 0550 882F      		mov r24,r24
 766 0552 90E0      		ldi r25,lo8(0)
 767 0554 880F      		lsl r24
 768 0556 991F      		rol r25
 769 0558 FC01      		movw r30,r24
 770 055a E050      		subi r30,lo8(-(mcp3202_p_cs))
 771 055c F040      		sbci r31,hi8(-(mcp3202_p_cs))
 772 055e 8081      		ld r24,Z
 773 0560 9181      		ldd r25,Z+1
 774 0562 9D87      		std Y+13,r25
 775 0564 8C87      		std Y+12,r24
 776               	.LM39:
 777 0566 8889      		ldd r24,Y+16
 778 0568 882F      		mov r24,r24
 779 056a 90E0      		ldi r25,lo8(0)
 780 056c FC01      		movw r30,r24
 781 056e E050      		subi r30,lo8(-(mcp3202_b_clk))
 782 0570 F040      		sbci r31,hi8(-(mcp3202_b_clk))
 783 0572 8081      		ld r24,Z
 784 0574 8F83      		std Y+7,r24
 785               	.LM40:
 786 0576 8889      		ldd r24,Y+16
 787 0578 882F      		mov r24,r24
 788 057a 90E0      		ldi r25,lo8(0)
 789 057c FC01      		movw r30,r24
 790 057e E050      		subi r30,lo8(-(mcp3202_b_dout))
 791 0580 F040      		sbci r31,hi8(-(mcp3202_b_dout))
 792 0582 8081      		ld r24,Z
 793 0584 8D83      		std Y+5,r24
 794               	.LM41:
 795 0586 8889      		ldd r24,Y+16
 796 0588 882F      		mov r24,r24
 797 058a 90E0      		ldi r25,lo8(0)
 798 058c FC01      		movw r30,r24
GAS LISTING C:\Users\alex\AppData\Local\Temp/ccRxMFAr.s 			page 15


 799 058e E050      		subi r30,lo8(-(mcp3202_b_din))
 800 0590 F040      		sbci r31,hi8(-(mcp3202_b_din))
 801 0592 8081      		ld r24,Z
 802 0594 8C83      		std Y+4,r24
 803               	.LM42:
 804 0596 8889      		ldd r24,Y+16
 805 0598 882F      		mov r24,r24
 806 059a 90E0      		ldi r25,lo8(0)
 807 059c FC01      		movw r30,r24
 808 059e E050      		subi r30,lo8(-(mcp3202_b_cs))
 809 05a0 F040      		sbci r31,hi8(-(mcp3202_b_cs))
 810 05a2 8081      		ld r24,Z
 811 05a4 8E83      		std Y+6,r24
 812               	.LM43:
 813 05a6 E885      		ldd r30,Y+8
 814 05a8 F985      		ldd r31,Y+9
 815 05aa 9081      		ld r25,Z
 816 05ac 8C81      		ldd r24,Y+4
 817 05ae 892B      		or r24,r25
 818 05b0 E885      		ldd r30,Y+8
 819 05b2 F985      		ldd r31,Y+9
 820 05b4 8083      		st Z,r24
 821               	.LM44:
 822 05b6 EE85      		ldd r30,Y+14
 823 05b8 FF85      		ldd r31,Y+15
 824 05ba 8081      		ld r24,Z
 825 05bc 982F      		mov r25,r24
 826 05be 8F81      		ldd r24,Y+7
 827 05c0 8095      		com r24
 828 05c2 8923      		and r24,r25
 829 05c4 EE85      		ldd r30,Y+14
 830 05c6 FF85      		ldd r31,Y+15
 831 05c8 8083      		st Z,r24
 832               	.LM45:
 833 05ca EC85      		ldd r30,Y+12
 834 05cc FD85      		ldd r31,Y+13
 835 05ce 8081      		ld r24,Z
 836 05d0 982F      		mov r25,r24
 837 05d2 8E81      		ldd r24,Y+6
 838 05d4 8095      		com r24
 839 05d6 8923      		and r24,r25
 840 05d8 EC85      		ldd r30,Y+12
 841 05da FD85      		ldd r31,Y+13
 842 05dc 8083      		st Z,r24
 843               	.LM46:
 844 05de 84E1      		ldi r24,lo8(20)
 845 05e0 90E0      		ldi r25,hi8(20)
 846 05e2 0E94 0000 		call udelay
 847               	.LM47:
 848 05e6 EE85      		ldd r30,Y+14
 849 05e8 FF85      		ldd r31,Y+15
 850 05ea 9081      		ld r25,Z
 851 05ec 8F81      		ldd r24,Y+7
 852 05ee 892B      		or r24,r25
 853 05f0 EE85      		ldd r30,Y+14
 854 05f2 FF85      		ldd r31,Y+15
 855 05f4 8083      		st Z,r24
GAS LISTING C:\Users\alex\AppData\Local\Temp/ccRxMFAr.s 			page 16


 856               	.LM48:
 857 05f6 84E6      		ldi r24,lo8(100)
 858 05f8 90E0      		ldi r25,hi8(100)
 859 05fa 0E94 0000 		call udelay
 860               	.LM49:
 861 05fe EE85      		ldd r30,Y+14
 862 0600 FF85      		ldd r31,Y+15
 863 0602 8081      		ld r24,Z
 864 0604 982F      		mov r25,r24
 865 0606 8F81      		ldd r24,Y+7
 866 0608 8095      		com r24
 867 060a 8923      		and r24,r25
 868 060c EE85      		ldd r30,Y+14
 869 060e FF85      		ldd r31,Y+15
 870 0610 8083      		st Z,r24
 871               	.LM50:
 872 0612 84E6      		ldi r24,lo8(100)
 873 0614 90E0      		ldi r25,hi8(100)
 874 0616 0E94 0000 		call udelay
 875               	.LM51:
 876 061a 8A89      		ldd r24,Y+18
 877 061c 8823      		tst r24
 878 061e 01F0      		breq .L20
 879 0620 E885      		ldd r30,Y+8
 880 0622 F985      		ldd r31,Y+9
 881 0624 9081      		ld r25,Z
 882 0626 8C81      		ldd r24,Y+4
 883 0628 892B      		or r24,r25
 884 062a E885      		ldd r30,Y+8
 885 062c F985      		ldd r31,Y+9
 886 062e 8083      		st Z,r24
 887 0630 00C0      		rjmp .L21
 888               	.L20:
 889               	.LM52:
 890 0632 E885      		ldd r30,Y+8
 891 0634 F985      		ldd r31,Y+9
 892 0636 8081      		ld r24,Z
 893 0638 982F      		mov r25,r24
 894 063a 8C81      		ldd r24,Y+4
 895 063c 8095      		com r24
 896 063e 8923      		and r24,r25
 897 0640 E885      		ldd r30,Y+8
 898 0642 F985      		ldd r31,Y+9
 899 0644 8083      		st Z,r24
 900               	.L21:
 901               	.LM53:
 902 0646 EE85      		ldd r30,Y+14
 903 0648 FF85      		ldd r31,Y+15
 904 064a 9081      		ld r25,Z
 905 064c 8F81      		ldd r24,Y+7
 906 064e 892B      		or r24,r25
 907 0650 EE85      		ldd r30,Y+14
 908 0652 FF85      		ldd r31,Y+15
 909 0654 8083      		st Z,r24
 910               	.LM54:
 911 0656 84E6      		ldi r24,lo8(100)
 912 0658 90E0      		ldi r25,hi8(100)
GAS LISTING C:\Users\alex\AppData\Local\Temp/ccRxMFAr.s 			page 17


 913 065a 0E94 0000 		call udelay
 914               	.LM55:
 915 065e EE85      		ldd r30,Y+14
 916 0660 FF85      		ldd r31,Y+15
 917 0662 8081      		ld r24,Z
 918 0664 982F      		mov r25,r24
 919 0666 8F81      		ldd r24,Y+7
 920 0668 8095      		com r24
 921 066a 8923      		and r24,r25
 922 066c EE85      		ldd r30,Y+14
 923 066e FF85      		ldd r31,Y+15
 924 0670 8083      		st Z,r24
 925               	.LM56:
 926 0672 84E6      		ldi r24,lo8(100)
 927 0674 90E0      		ldi r25,hi8(100)
 928 0676 0E94 0000 		call udelay
 929               	.LM57:
 930 067a 8989      		ldd r24,Y+17
 931 067c 8823      		tst r24
 932 067e 01F0      		breq .L22
 933 0680 E885      		ldd r30,Y+8
 934 0682 F985      		ldd r31,Y+9
 935 0684 9081      		ld r25,Z
 936 0686 8C81      		ldd r24,Y+4
 937 0688 892B      		or r24,r25
 938 068a E885      		ldd r30,Y+8
 939 068c F985      		ldd r31,Y+9
 940 068e 8083      		st Z,r24
 941 0690 00C0      		rjmp .L23
 942               	.L22:
 943               	.LM58:
 944 0692 E885      		ldd r30,Y+8
 945 0694 F985      		ldd r31,Y+9
 946 0696 8081      		ld r24,Z
 947 0698 982F      		mov r25,r24
 948 069a 8C81      		ldd r24,Y+4
 949 069c 8095      		com r24
 950 069e 8923      		and r24,r25
 951 06a0 E885      		ldd r30,Y+8
 952 06a2 F985      		ldd r31,Y+9
 953 06a4 8083      		st Z,r24
 954               	.L23:
 955               	.LM59:
 956 06a6 EE85      		ldd r30,Y+14
 957 06a8 FF85      		ldd r31,Y+15
 958 06aa 9081      		ld r25,Z
 959 06ac 8F81      		ldd r24,Y+7
 960 06ae 892B      		or r24,r25
 961 06b0 EE85      		ldd r30,Y+14
 962 06b2 FF85      		ldd r31,Y+15
 963 06b4 8083      		st Z,r24
 964               	.LM60:
 965 06b6 84E6      		ldi r24,lo8(100)
 966 06b8 90E0      		ldi r25,hi8(100)
 967 06ba 0E94 0000 		call udelay
 968               	.LM61:
 969 06be EE85      		ldd r30,Y+14
GAS LISTING C:\Users\alex\AppData\Local\Temp/ccRxMFAr.s 			page 18


 970 06c0 FF85      		ldd r31,Y+15
 971 06c2 8081      		ld r24,Z
 972 06c4 982F      		mov r25,r24
 973 06c6 8F81      		ldd r24,Y+7
 974 06c8 8095      		com r24
 975 06ca 8923      		and r24,r25
 976 06cc EE85      		ldd r30,Y+14
 977 06ce FF85      		ldd r31,Y+15
 978 06d0 8083      		st Z,r24
 979               	.LM62:
 980 06d2 84E6      		ldi r24,lo8(100)
 981 06d4 90E0      		ldi r25,hi8(100)
 982 06d6 0E94 0000 		call udelay
 983               	.LM63:
 984 06da E885      		ldd r30,Y+8
 985 06dc F985      		ldd r31,Y+9
 986 06de 9081      		ld r25,Z
 987 06e0 8C81      		ldd r24,Y+4
 988 06e2 892B      		or r24,r25
 989 06e4 E885      		ldd r30,Y+8
 990 06e6 F985      		ldd r31,Y+9
 991 06e8 8083      		st Z,r24
 992               	.LM64:
 993 06ea EE85      		ldd r30,Y+14
 994 06ec FF85      		ldd r31,Y+15
 995 06ee 9081      		ld r25,Z
 996 06f0 8F81      		ldd r24,Y+7
 997 06f2 892B      		or r24,r25
 998 06f4 EE85      		ldd r30,Y+14
 999 06f6 FF85      		ldd r31,Y+15
 1000 06f8 8083      		st Z,r24
 1001               	.LM65:
 1002 06fa 84E6      		ldi r24,lo8(100)
 1003 06fc 90E0      		ldi r25,hi8(100)
 1004 06fe 0E94 0000 		call udelay
 1005               	.LM66:
 1006 0702 EE85      		ldd r30,Y+14
 1007 0704 FF85      		ldd r31,Y+15
 1008 0706 8081      		ld r24,Z
 1009 0708 982F      		mov r25,r24
 1010 070a 8F81      		ldd r24,Y+7
 1011 070c 8095      		com r24
 1012 070e 8923      		and r24,r25
 1013 0710 EE85      		ldd r30,Y+14
 1014 0712 FF85      		ldd r31,Y+15
 1015 0714 8083      		st Z,r24
 1016               	.LM67:
 1017 0716 84E6      		ldi r24,lo8(100)
 1018 0718 90E0      		ldi r25,hi8(100)
 1019 071a 0E94 0000 		call udelay
 1020               	.LM68:
 1021 071e 1A82      		std Y+2,__zero_reg__
 1022 0720 1982      		std Y+1,__zero_reg__
 1023               	.LM69:
 1024 0722 1B82      		std Y+3,__zero_reg__
 1025 0724 00C0      		rjmp .L24
 1026               	.L26:
GAS LISTING C:\Users\alex\AppData\Local\Temp/ccRxMFAr.s 			page 19


 1027               	.LM70:
 1028 0726 EE85      		ldd r30,Y+14
 1029 0728 FF85      		ldd r31,Y+15
 1030 072a 9081      		ld r25,Z
 1031 072c 8F81      		ldd r24,Y+7
 1032 072e 892B      		or r24,r25
 1033 0730 EE85      		ldd r30,Y+14
 1034 0732 FF85      		ldd r31,Y+15
 1035 0734 8083      		st Z,r24
 1036               	.LM71:
 1037 0736 84E6      		ldi r24,lo8(100)
 1038 0738 90E0      		ldi r25,hi8(100)
 1039 073a 0E94 0000 		call udelay
 1040               	.LM72:
 1041 073e EE85      		ldd r30,Y+14
 1042 0740 FF85      		ldd r31,Y+15
 1043 0742 8081      		ld r24,Z
 1044 0744 982F      		mov r25,r24
 1045 0746 8F81      		ldd r24,Y+7
 1046 0748 8095      		com r24
 1047 074a 8923      		and r24,r25
 1048 074c EE85      		ldd r30,Y+14
 1049 074e FF85      		ldd r31,Y+15
 1050 0750 8083      		st Z,r24
 1051               	.LM73:
 1052 0752 84E6      		ldi r24,lo8(100)
 1053 0754 90E0      		ldi r25,hi8(100)
 1054 0756 0E94 0000 		call udelay
 1055               	.LM74:
 1056 075a 8981      		ldd r24,Y+1
 1057 075c 9A81      		ldd r25,Y+2
 1058 075e 880F      		lsl r24
 1059 0760 991F      		rol r25
 1060 0762 9A83      		std Y+2,r25
 1061 0764 8983      		std Y+1,r24
 1062               	.LM75:
 1063 0766 EA85      		ldd r30,Y+10
 1064 0768 FB85      		ldd r31,Y+11
 1065 076a 9081      		ld r25,Z
 1066 076c 8D81      		ldd r24,Y+5
 1067 076e 8923      		and r24,r25
 1068 0770 8823      		tst r24
 1069 0772 01F0      		breq .L25
 1070 0774 8981      		ldd r24,Y+1
 1071 0776 9A81      		ldd r25,Y+2
 1072 0778 0196      		adiw r24,1
 1073 077a 9A83      		std Y+2,r25
 1074 077c 8983      		std Y+1,r24
 1075               	.L25:
 1076               	.LM76:
 1077 077e 8B81      		ldd r24,Y+3
 1078 0780 8F5F      		subi r24,lo8(-(1))
 1079 0782 8B83      		std Y+3,r24
 1080               	.L24:
 1081 0784 8B81      		ldd r24,Y+3
 1082 0786 8D30      		cpi r24,lo8(13)
 1083 0788 00F0      		brlo .L26
GAS LISTING C:\Users\alex\AppData\Local\Temp/ccRxMFAr.s 			page 20


 1084               	.LM77:
 1085 078a EC85      		ldd r30,Y+12
 1086 078c FD85      		ldd r31,Y+13
 1087 078e 9081      		ld r25,Z
 1088 0790 8E81      		ldd r24,Y+6
 1089 0792 892B      		or r24,r25
 1090 0794 EC85      		ldd r30,Y+12
 1091 0796 FD85      		ldd r31,Y+13
 1092 0798 8083      		st Z,r24
 1093               	.LM78:
 1094 079a 84E6      		ldi r24,lo8(100)
 1095 079c 90E0      		ldi r25,hi8(100)
 1096 079e 0E94 0000 		call udelay
 1097               	.LM79:
 1098 07a2 8981      		ldd r24,Y+1
 1099 07a4 9A81      		ldd r25,Y+2
 1100 07a6 9695      		lsr r25
 1101 07a8 8795      		ror r24
 1102 07aa 9F70      		andi r25,hi8(4095)
 1103               	/* epilogue start */
 1104               	.LM80:
 1105 07ac 6296      		adiw r28,18
 1106 07ae 0FB6      		in __tmp_reg__,__SREG__
 1107 07b0 F894      		cli
 1108 07b2 DEBF      		out __SP_H__,r29
 1109 07b4 0FBE      		out __SREG__,__tmp_reg__
 1110 07b6 CDBF      		out __SP_L__,r28
 1111 07b8 CF91      		pop r28
 1112 07ba DF91      		pop r29
 1113 07bc 0895      		ret
 1114               	.LFE3:
 1115               		.size	mcp3202_getw, .-mcp3202_getw
 1116               		.comm mcp3202_p_cs,8,1
 1117               		.comm mcp3202_p_dout,8,1
 1118               		.comm mcp3202_p_din,8,1
 1119               		.comm mcp3202_p_clk,8,1
 1120               		.comm mcp3202_b_cs,4,1
 1121               		.comm mcp3202_b_dout,4,1
 1122               		.comm mcp3202_b_din,4,1
 1123               		.comm mcp3202_b_clk,4,1
 1124               		.section	.debug_frame,"",@progbits
 1125               	.Lframe0:
 1126 0000 0C00 0000 		.long	.LECIE0-.LSCIE0
 1127               	.LSCIE0:
 1128 0004 FFFF FFFF 		.long	0xffffffff
 1129 0008 01        		.byte	0x1
 1130 0009 00        		.string	""
 1131 000a 01        		.uleb128 0x1
 1132 000b 7F        		.sleb128 -1
 1133 000c 24        		.byte	0x24
 1134 000d 0C        		.byte	0xc
 1135 000e 20        		.uleb128 0x20
 1136 000f 00        		.uleb128 0x0
 1137               		.p2align	2
 1138               	.LECIE0:
 1139               	.LSFDE0:
 1140 0010 0C00 0000 		.long	.LEFDE0-.LASFDE0
GAS LISTING C:\Users\alex\AppData\Local\Temp/ccRxMFAr.s 			page 21


 1141               	.LASFDE0:
 1142 0014 0000 0000 		.long	.Lframe0
 1143 0018 0000 0000 		.long	.LFB2
 1144 001c EC04 0000 		.long	.LFE2-.LFB2
 1145               		.p2align	2
 1146               	.LEFDE0:
 1147               	.LSFDE2:
 1148 0020 0C00 0000 		.long	.LEFDE2-.LASFDE2
 1149               	.LASFDE2:
 1150 0024 0000 0000 		.long	.Lframe0
 1151 0028 0000 0000 		.long	.LFB3
 1152 002c D202 0000 		.long	.LFE3-.LFB3
 1153               		.p2align	2
 1154               	.LEFDE2:
 1155               		.text
 1156               	.Letext0:
 1157               		.section	.debug_info
 1158 0000 8D02 0000 		.long	0x28d
 1159 0004 0200      		.word	0x2
 1160 0006 0000 0000 		.long	.Ldebug_abbrev0
 1161 000a 04        		.byte	0x4
 1162 000b 01        		.uleb128 0x1
 1163 000c 0000 0000 		.long	.LASF25
 1164 0010 01        		.byte	0x1
 1165 0011 0000 0000 		.long	.LASF26
 1166 0015 0000 0000 		.long	.LASF27
 1167 0019 0000 0000 		.long	.Ltext0
 1168 001d 0000 0000 		.long	.Letext0
 1169 0021 0000 0000 		.long	.Ldebug_line0
 1170 0025 02        		.uleb128 0x2
 1171 0026 01        		.byte	0x1
 1172 0027 06        		.byte	0x6
 1173 0028 0000 0000 		.long	.LASF0
 1174 002c 03        		.uleb128 0x3
 1175 002d 0000 0000 		.long	.LASF28
 1176 0031 02        		.byte	0x2
 1177 0032 7A        		.byte	0x7a
 1178 0033 3700 0000 		.long	0x37
 1179 0037 02        		.uleb128 0x2
 1180 0038 01        		.byte	0x1
 1181 0039 08        		.byte	0x8
 1182 003a 0000 0000 		.long	.LASF1
 1183 003e 04        		.uleb128 0x4
 1184 003f 02        		.byte	0x2
 1185 0040 05        		.byte	0x5
 1186 0041 696E 7400 		.string	"int"
 1187 0045 02        		.uleb128 0x2
 1188 0046 02        		.byte	0x2
 1189 0047 07        		.byte	0x7
 1190 0048 0000 0000 		.long	.LASF2
 1191 004c 02        		.uleb128 0x2
 1192 004d 04        		.byte	0x4
 1193 004e 05        		.byte	0x5
 1194 004f 0000 0000 		.long	.LASF3
 1195 0053 02        		.uleb128 0x2
 1196 0054 04        		.byte	0x4
 1197 0055 07        		.byte	0x7
GAS LISTING C:\Users\alex\AppData\Local\Temp/ccRxMFAr.s 			page 22


 1198 0056 0000 0000 		.long	.LASF4
 1199 005a 02        		.uleb128 0x2
 1200 005b 08        		.byte	0x8
 1201 005c 05        		.byte	0x5
 1202 005d 0000 0000 		.long	.LASF5
 1203 0061 02        		.uleb128 0x2
 1204 0062 08        		.byte	0x8
 1205 0063 07        		.byte	0x7
 1206 0064 0000 0000 		.long	.LASF6
 1207 0068 05        		.uleb128 0x5
 1208 0069 01        		.byte	0x1
 1209 006a 08        		.byte	0x8
 1210 006b 06        		.uleb128 0x6
 1211 006c 01        		.byte	0x1
 1212 006d 0000 0000 		.long	.LASF29
 1213 0071 01        		.byte	0x1
 1214 0072 21        		.byte	0x21
 1215 0073 01        		.byte	0x1
 1216 0074 0000 0000 		.long	.LFB2
 1217 0078 0000 0000 		.long	.LFE2
 1218 007c 02        		.byte	0x2
 1219 007d 90        		.byte	0x90
 1220 007e 20        		.uleb128 0x20
 1221 007f 0101 0000 		.long	0x101
 1222 0083 07        		.uleb128 0x7
 1223 0084 0000 0000 		.long	.LASF7
 1224 0088 01        		.byte	0x1
 1225 0089 1F        		.byte	0x1f
 1226 008a 2C00 0000 		.long	0x2c
 1227 008e 02        		.byte	0x2
 1228 008f 8C        		.byte	0x8c
 1229 0090 05        		.sleb128 5
 1230 0091 08        		.uleb128 0x8
 1231 0092 6373 00   		.string	"cs"
 1232 0095 01        		.byte	0x1
 1233 0096 1F        		.byte	0x1f
 1234 0097 2C00 0000 		.long	0x2c
 1235 009b 02        		.byte	0x2
 1236 009c 8C        		.byte	0x8c
 1237 009d 06        		.sleb128 6
 1238 009e 08        		.uleb128 0x8
 1239 009f 636C 6B00 		.string	"clk"
 1240 00a3 01        		.byte	0x1
 1241 00a4 1F        		.byte	0x1f
 1242 00a5 2C00 0000 		.long	0x2c
 1243 00a9 02        		.byte	0x2
 1244 00aa 8C        		.byte	0x8c
 1245 00ab 07        		.sleb128 7
 1246 00ac 07        		.uleb128 0x7
 1247 00ad 0000 0000 		.long	.LASF8
 1248 00b1 01        		.byte	0x1
 1249 00b2 1F        		.byte	0x1f
 1250 00b3 2C00 0000 		.long	0x2c
 1251 00b7 02        		.byte	0x2
 1252 00b8 8C        		.byte	0x8c
 1253 00b9 08        		.sleb128 8
 1254 00ba 08        		.uleb128 0x8
GAS LISTING C:\Users\alex\AppData\Local\Temp/ccRxMFAr.s 			page 23


 1255 00bb 6469 6E00 		.string	"din"
 1256 00bf 01        		.byte	0x1
 1257 00c0 1F        		.byte	0x1f
 1258 00c1 2C00 0000 		.long	0x2c
 1259 00c5 02        		.byte	0x2
 1260 00c6 8C        		.byte	0x8c
 1261 00c7 09        		.sleb128 9
 1262 00c8 09        		.uleb128 0x9
 1263 00c9 0000 0000 		.long	.LASF9
 1264 00cd 01        		.byte	0x1
 1265 00ce 22        		.byte	0x22
 1266 00cf 2C00 0000 		.long	0x2c
 1267 00d3 02        		.byte	0x2
 1268 00d4 8C        		.byte	0x8c
 1269 00d5 04        		.sleb128 4
 1270 00d6 0A        		.uleb128 0xa
 1271 00d7 6263 7300 		.string	"bcs"
 1272 00db 01        		.byte	0x1
 1273 00dc 22        		.byte	0x22
 1274 00dd 2C00 0000 		.long	0x2c
 1275 00e1 02        		.byte	0x2
 1276 00e2 8C        		.byte	0x8c
 1277 00e3 03        		.sleb128 3
 1278 00e4 09        		.uleb128 0x9
 1279 00e5 0000 0000 		.long	.LASF10
 1280 00e9 01        		.byte	0x1
 1281 00ea 22        		.byte	0x22
 1282 00eb 2C00 0000 		.long	0x2c
 1283 00ef 02        		.byte	0x2
 1284 00f0 8C        		.byte	0x8c
 1285 00f1 02        		.sleb128 2
 1286 00f2 09        		.uleb128 0x9
 1287 00f3 0000 0000 		.long	.LASF11
 1288 00f7 01        		.byte	0x1
 1289 00f8 22        		.byte	0x22
 1290 00f9 2C00 0000 		.long	0x2c
 1291 00fd 02        		.byte	0x2
 1292 00fe 8C        		.byte	0x8c
 1293 00ff 01        		.sleb128 1
 1294 0100 00        		.byte	0x0
 1295 0101 0B        		.uleb128 0xb
 1296 0102 01        		.byte	0x1
 1297 0103 0000 0000 		.long	.LASF30
 1298 0107 01        		.byte	0x1
 1299 0108 50        		.byte	0x50
 1300 0109 01        		.byte	0x1
 1301 010a 4500 0000 		.long	0x45
 1302 010e 0000 0000 		.long	.LFB3
 1303 0112 0000 0000 		.long	.LFE3
 1304 0116 02        		.byte	0x2
 1305 0117 90        		.byte	0x90
 1306 0118 20        		.uleb128 0x20
 1307 0119 D201 0000 		.long	0x1d2
 1308 011d 07        		.uleb128 0x7
 1309 011e 0000 0000 		.long	.LASF7
 1310 0122 01        		.byte	0x1
 1311 0123 4D        		.byte	0x4d
GAS LISTING C:\Users\alex\AppData\Local\Temp/ccRxMFAr.s 			page 24


 1312 0124 2C00 0000 		.long	0x2c
 1313 0128 02        		.byte	0x2
 1314 0129 8C        		.byte	0x8c
 1315 012a 10        		.sleb128 16
 1316 012b 08        		.uleb128 0x8
 1317 012c 6164 6300 		.string	"adc"
 1318 0130 01        		.byte	0x1
 1319 0131 4D        		.byte	0x4d
 1320 0132 2C00 0000 		.long	0x2c
 1321 0136 02        		.byte	0x2
 1322 0137 8C        		.byte	0x8c
 1323 0138 11        		.sleb128 17
 1324 0139 07        		.uleb128 0x7
 1325 013a 0000 0000 		.long	.LASF12
 1326 013e 01        		.byte	0x1
 1327 013f 4D        		.byte	0x4d
 1328 0140 2C00 0000 		.long	0x2c
 1329 0144 02        		.byte	0x2
 1330 0145 8C        		.byte	0x8c
 1331 0146 12        		.sleb128 18
 1332 0147 09        		.uleb128 0x9
 1333 0148 0000 0000 		.long	.LASF13
 1334 014c 01        		.byte	0x1
 1335 014d 51        		.byte	0x51
 1336 014e D201 0000 		.long	0x1d2
 1337 0152 02        		.byte	0x2
 1338 0153 8C        		.byte	0x8c
 1339 0154 0E        		.sleb128 14
 1340 0155 0A        		.uleb128 0xa
 1341 0156 7063 7300 		.string	"pcs"
 1342 015a 01        		.byte	0x1
 1343 015b 51        		.byte	0x51
 1344 015c D201 0000 		.long	0x1d2
 1345 0160 02        		.byte	0x2
 1346 0161 8C        		.byte	0x8c
 1347 0162 0C        		.sleb128 12
 1348 0163 09        		.uleb128 0x9
 1349 0164 0000 0000 		.long	.LASF14
 1350 0168 01        		.byte	0x1
 1351 0169 51        		.byte	0x51
 1352 016a D201 0000 		.long	0x1d2
 1353 016e 02        		.byte	0x2
 1354 016f 8C        		.byte	0x8c
 1355 0170 0A        		.sleb128 10
 1356 0171 09        		.uleb128 0x9
 1357 0172 0000 0000 		.long	.LASF15
 1358 0176 01        		.byte	0x1
 1359 0177 51        		.byte	0x51
 1360 0178 D201 0000 		.long	0x1d2
 1361 017c 02        		.byte	0x2
 1362 017d 8C        		.byte	0x8c
 1363 017e 08        		.sleb128 8
 1364 017f 09        		.uleb128 0x9
 1365 0180 0000 0000 		.long	.LASF9
 1366 0184 01        		.byte	0x1
 1367 0185 52        		.byte	0x52
 1368 0186 2C00 0000 		.long	0x2c
GAS LISTING C:\Users\alex\AppData\Local\Temp/ccRxMFAr.s 			page 25


 1369 018a 02        		.byte	0x2
 1370 018b 8C        		.byte	0x8c
 1371 018c 07        		.sleb128 7
 1372 018d 0A        		.uleb128 0xa
 1373 018e 6263 7300 		.string	"bcs"
 1374 0192 01        		.byte	0x1
 1375 0193 52        		.byte	0x52
 1376 0194 2C00 0000 		.long	0x2c
 1377 0198 02        		.byte	0x2
 1378 0199 8C        		.byte	0x8c
 1379 019a 06        		.sleb128 6
 1380 019b 09        		.uleb128 0x9
 1381 019c 0000 0000 		.long	.LASF10
 1382 01a0 01        		.byte	0x1
 1383 01a1 52        		.byte	0x52
 1384 01a2 2C00 0000 		.long	0x2c
 1385 01a6 02        		.byte	0x2
 1386 01a7 8C        		.byte	0x8c
 1387 01a8 05        		.sleb128 5
 1388 01a9 09        		.uleb128 0x9
 1389 01aa 0000 0000 		.long	.LASF11
 1390 01ae 01        		.byte	0x1
 1391 01af 52        		.byte	0x52
 1392 01b0 2C00 0000 		.long	0x2c
 1393 01b4 02        		.byte	0x2
 1394 01b5 8C        		.byte	0x8c
 1395 01b6 04        		.sleb128 4
 1396 01b7 0A        		.uleb128 0xa
 1397 01b8 6900      		.string	"i"
 1398 01ba 01        		.byte	0x1
 1399 01bb 53        		.byte	0x53
 1400 01bc 2C00 0000 		.long	0x2c
 1401 01c0 02        		.byte	0x2
 1402 01c1 8C        		.byte	0x8c
 1403 01c2 03        		.sleb128 3
 1404 01c3 09        		.uleb128 0x9
 1405 01c4 0000 0000 		.long	.LASF16
 1406 01c8 01        		.byte	0x1
 1407 01c9 54        		.byte	0x54
 1408 01ca 4500 0000 		.long	0x45
 1409 01ce 02        		.byte	0x2
 1410 01cf 8C        		.byte	0x8c
 1411 01d0 01        		.sleb128 1
 1412 01d1 00        		.byte	0x0
 1413 01d2 0C        		.uleb128 0xc
 1414 01d3 02        		.byte	0x2
 1415 01d4 D801 0000 		.long	0x1d8
 1416 01d8 0D        		.uleb128 0xd
 1417 01d9 2C00 0000 		.long	0x2c
 1418 01dd 0E        		.uleb128 0xe
 1419 01de D201 0000 		.long	0x1d2
 1420 01e2 ED01 0000 		.long	0x1ed
 1421 01e6 0F        		.uleb128 0xf
 1422 01e7 ED01 0000 		.long	0x1ed
 1423 01eb 03        		.byte	0x3
 1424 01ec 00        		.byte	0x0
 1425 01ed 05        		.uleb128 0x5
GAS LISTING C:\Users\alex\AppData\Local\Temp/ccRxMFAr.s 			page 26


 1426 01ee 02        		.byte	0x2
 1427 01ef 07        		.byte	0x7
 1428 01f0 10        		.uleb128 0x10
 1429 01f1 0000 0000 		.long	.LASF17
 1430 01f5 01        		.byte	0x1
 1431 01f6 0D        		.byte	0xd
 1432 01f7 DD01 0000 		.long	0x1dd
 1433 01fb 01        		.byte	0x1
 1434 01fc 05        		.byte	0x5
 1435 01fd 03        		.byte	0x3
 1436 01fe 0000 0000 		.long	mcp3202_p_cs
 1437 0202 10        		.uleb128 0x10
 1438 0203 0000 0000 		.long	.LASF18
 1439 0207 01        		.byte	0x1
 1440 0208 0E        		.byte	0xe
 1441 0209 DD01 0000 		.long	0x1dd
 1442 020d 01        		.byte	0x1
 1443 020e 05        		.byte	0x5
 1444 020f 03        		.byte	0x3
 1445 0210 0000 0000 		.long	mcp3202_p_dout
 1446 0214 10        		.uleb128 0x10
 1447 0215 0000 0000 		.long	.LASF19
 1448 0219 01        		.byte	0x1
 1449 021a 0F        		.byte	0xf
 1450 021b DD01 0000 		.long	0x1dd
 1451 021f 01        		.byte	0x1
 1452 0220 05        		.byte	0x5
 1453 0221 03        		.byte	0x3
 1454 0222 0000 0000 		.long	mcp3202_p_din
 1455 0226 10        		.uleb128 0x10
 1456 0227 0000 0000 		.long	.LASF20
 1457 022b 01        		.byte	0x1
 1458 022c 10        		.byte	0x10
 1459 022d DD01 0000 		.long	0x1dd
 1460 0231 01        		.byte	0x1
 1461 0232 05        		.byte	0x5
 1462 0233 03        		.byte	0x3
 1463 0234 0000 0000 		.long	mcp3202_p_clk
 1464 0238 0E        		.uleb128 0xe
 1465 0239 2C00 0000 		.long	0x2c
 1466 023d 4802 0000 		.long	0x248
 1467 0241 0F        		.uleb128 0xf
 1468 0242 ED01 0000 		.long	0x1ed
 1469 0246 03        		.byte	0x3
 1470 0247 00        		.byte	0x0
 1471 0248 10        		.uleb128 0x10
 1472 0249 0000 0000 		.long	.LASF21
 1473 024d 01        		.byte	0x1
 1474 024e 12        		.byte	0x12
 1475 024f 3802 0000 		.long	0x238
 1476 0253 01        		.byte	0x1
 1477 0254 05        		.byte	0x5
 1478 0255 03        		.byte	0x3
 1479 0256 0000 0000 		.long	mcp3202_b_cs
 1480 025a 10        		.uleb128 0x10
 1481 025b 0000 0000 		.long	.LASF22
 1482 025f 01        		.byte	0x1
GAS LISTING C:\Users\alex\AppData\Local\Temp/ccRxMFAr.s 			page 27


 1483 0260 13        		.byte	0x13
 1484 0261 3802 0000 		.long	0x238
 1485 0265 01        		.byte	0x1
 1486 0266 05        		.byte	0x5
 1487 0267 03        		.byte	0x3
 1488 0268 0000 0000 		.long	mcp3202_b_dout
 1489 026c 10        		.uleb128 0x10
 1490 026d 0000 0000 		.long	.LASF23
 1491 0271 01        		.byte	0x1
 1492 0272 14        		.byte	0x14
 1493 0273 3802 0000 		.long	0x238
 1494 0277 01        		.byte	0x1
 1495 0278 05        		.byte	0x5
 1496 0279 03        		.byte	0x3
 1497 027a 0000 0000 		.long	mcp3202_b_din
 1498 027e 10        		.uleb128 0x10
 1499 027f 0000 0000 		.long	.LASF24
 1500 0283 01        		.byte	0x1
 1501 0284 15        		.byte	0x15
 1502 0285 3802 0000 		.long	0x238
 1503 0289 01        		.byte	0x1
 1504 028a 05        		.byte	0x5
 1505 028b 03        		.byte	0x3
 1506 028c 0000 0000 		.long	mcp3202_b_clk
 1507 0290 00        		.byte	0x0
 1508               		.section	.debug_abbrev
 1509 0000 01        		.uleb128 0x1
 1510 0001 11        		.uleb128 0x11
 1511 0002 01        		.byte	0x1
 1512 0003 25        		.uleb128 0x25
 1513 0004 0E        		.uleb128 0xe
 1514 0005 13        		.uleb128 0x13
 1515 0006 0B        		.uleb128 0xb
 1516 0007 03        		.uleb128 0x3
 1517 0008 0E        		.uleb128 0xe
 1518 0009 1B        		.uleb128 0x1b
 1519 000a 0E        		.uleb128 0xe
 1520 000b 11        		.uleb128 0x11
 1521 000c 01        		.uleb128 0x1
 1522 000d 12        		.uleb128 0x12
 1523 000e 01        		.uleb128 0x1
 1524 000f 10        		.uleb128 0x10
 1525 0010 06        		.uleb128 0x6
 1526 0011 00        		.byte	0x0
 1527 0012 00        		.byte	0x0
 1528 0013 02        		.uleb128 0x2
 1529 0014 24        		.uleb128 0x24
 1530 0015 00        		.byte	0x0
 1531 0016 0B        		.uleb128 0xb
 1532 0017 0B        		.uleb128 0xb
 1533 0018 3E        		.uleb128 0x3e
 1534 0019 0B        		.uleb128 0xb
 1535 001a 03        		.uleb128 0x3
 1536 001b 0E        		.uleb128 0xe
 1537 001c 00        		.byte	0x0
 1538 001d 00        		.byte	0x0
 1539 001e 03        		.uleb128 0x3
GAS LISTING C:\Users\alex\AppData\Local\Temp/ccRxMFAr.s 			page 28


 1540 001f 16        		.uleb128 0x16
 1541 0020 00        		.byte	0x0
 1542 0021 03        		.uleb128 0x3
 1543 0022 0E        		.uleb128 0xe
 1544 0023 3A        		.uleb128 0x3a
 1545 0024 0B        		.uleb128 0xb
 1546 0025 3B        		.uleb128 0x3b
 1547 0026 0B        		.uleb128 0xb
 1548 0027 49        		.uleb128 0x49
 1549 0028 13        		.uleb128 0x13
 1550 0029 00        		.byte	0x0
 1551 002a 00        		.byte	0x0
 1552 002b 04        		.uleb128 0x4
 1553 002c 24        		.uleb128 0x24
 1554 002d 00        		.byte	0x0
 1555 002e 0B        		.uleb128 0xb
 1556 002f 0B        		.uleb128 0xb
 1557 0030 3E        		.uleb128 0x3e
 1558 0031 0B        		.uleb128 0xb
 1559 0032 03        		.uleb128 0x3
 1560 0033 08        		.uleb128 0x8
 1561 0034 00        		.byte	0x0
 1562 0035 00        		.byte	0x0
 1563 0036 05        		.uleb128 0x5
 1564 0037 24        		.uleb128 0x24
 1565 0038 00        		.byte	0x0
 1566 0039 0B        		.uleb128 0xb
 1567 003a 0B        		.uleb128 0xb
 1568 003b 3E        		.uleb128 0x3e
 1569 003c 0B        		.uleb128 0xb
 1570 003d 00        		.byte	0x0
 1571 003e 00        		.byte	0x0
 1572 003f 06        		.uleb128 0x6
 1573 0040 2E        		.uleb128 0x2e
 1574 0041 01        		.byte	0x1
 1575 0042 3F        		.uleb128 0x3f
 1576 0043 0C        		.uleb128 0xc
 1577 0044 03        		.uleb128 0x3
 1578 0045 0E        		.uleb128 0xe
 1579 0046 3A        		.uleb128 0x3a
 1580 0047 0B        		.uleb128 0xb
 1581 0048 3B        		.uleb128 0x3b
 1582 0049 0B        		.uleb128 0xb
 1583 004a 27        		.uleb128 0x27
 1584 004b 0C        		.uleb128 0xc
 1585 004c 11        		.uleb128 0x11
 1586 004d 01        		.uleb128 0x1
 1587 004e 12        		.uleb128 0x12
 1588 004f 01        		.uleb128 0x1
 1589 0050 40        		.uleb128 0x40
 1590 0051 0A        		.uleb128 0xa
 1591 0052 01        		.uleb128 0x1
 1592 0053 13        		.uleb128 0x13
 1593 0054 00        		.byte	0x0
 1594 0055 00        		.byte	0x0
 1595 0056 07        		.uleb128 0x7
 1596 0057 05        		.uleb128 0x5
GAS LISTING C:\Users\alex\AppData\Local\Temp/ccRxMFAr.s 			page 29


 1597 0058 00        		.byte	0x0
 1598 0059 03        		.uleb128 0x3
 1599 005a 0E        		.uleb128 0xe
 1600 005b 3A        		.uleb128 0x3a
 1601 005c 0B        		.uleb128 0xb
 1602 005d 3B        		.uleb128 0x3b
 1603 005e 0B        		.uleb128 0xb
 1604 005f 49        		.uleb128 0x49
 1605 0060 13        		.uleb128 0x13
 1606 0061 02        		.uleb128 0x2
 1607 0062 0A        		.uleb128 0xa
 1608 0063 00        		.byte	0x0
 1609 0064 00        		.byte	0x0
 1610 0065 08        		.uleb128 0x8
 1611 0066 05        		.uleb128 0x5
 1612 0067 00        		.byte	0x0
 1613 0068 03        		.uleb128 0x3
 1614 0069 08        		.uleb128 0x8
 1615 006a 3A        		.uleb128 0x3a
 1616 006b 0B        		.uleb128 0xb
 1617 006c 3B        		.uleb128 0x3b
 1618 006d 0B        		.uleb128 0xb
 1619 006e 49        		.uleb128 0x49
 1620 006f 13        		.uleb128 0x13
 1621 0070 02        		.uleb128 0x2
 1622 0071 0A        		.uleb128 0xa
 1623 0072 00        		.byte	0x0
 1624 0073 00        		.byte	0x0
 1625 0074 09        		.uleb128 0x9
 1626 0075 34        		.uleb128 0x34
 1627 0076 00        		.byte	0x0
 1628 0077 03        		.uleb128 0x3
 1629 0078 0E        		.uleb128 0xe
 1630 0079 3A        		.uleb128 0x3a
 1631 007a 0B        		.uleb128 0xb
 1632 007b 3B        		.uleb128 0x3b
 1633 007c 0B        		.uleb128 0xb
 1634 007d 49        		.uleb128 0x49
 1635 007e 13        		.uleb128 0x13
 1636 007f 02        		.uleb128 0x2
 1637 0080 0A        		.uleb128 0xa
 1638 0081 00        		.byte	0x0
 1639 0082 00        		.byte	0x0
 1640 0083 0A        		.uleb128 0xa
 1641 0084 34        		.uleb128 0x34
 1642 0085 00        		.byte	0x0
 1643 0086 03        		.uleb128 0x3
 1644 0087 08        		.uleb128 0x8
 1645 0088 3A        		.uleb128 0x3a
 1646 0089 0B        		.uleb128 0xb
 1647 008a 3B        		.uleb128 0x3b
 1648 008b 0B        		.uleb128 0xb
 1649 008c 49        		.uleb128 0x49
 1650 008d 13        		.uleb128 0x13
 1651 008e 02        		.uleb128 0x2
 1652 008f 0A        		.uleb128 0xa
 1653 0090 00        		.byte	0x0
GAS LISTING C:\Users\alex\AppData\Local\Temp/ccRxMFAr.s 			page 30


 1654 0091 00        		.byte	0x0
 1655 0092 0B        		.uleb128 0xb
 1656 0093 2E        		.uleb128 0x2e
 1657 0094 01        		.byte	0x1
 1658 0095 3F        		.uleb128 0x3f
 1659 0096 0C        		.uleb128 0xc
 1660 0097 03        		.uleb128 0x3
 1661 0098 0E        		.uleb128 0xe
 1662 0099 3A        		.uleb128 0x3a
 1663 009a 0B        		.uleb128 0xb
 1664 009b 3B        		.uleb128 0x3b
 1665 009c 0B        		.uleb128 0xb
 1666 009d 27        		.uleb128 0x27
 1667 009e 0C        		.uleb128 0xc
 1668 009f 49        		.uleb128 0x49
 1669 00a0 13        		.uleb128 0x13
 1670 00a1 11        		.uleb128 0x11
 1671 00a2 01        		.uleb128 0x1
 1672 00a3 12        		.uleb128 0x12
 1673 00a4 01        		.uleb128 0x1
 1674 00a5 40        		.uleb128 0x40
 1675 00a6 0A        		.uleb128 0xa
 1676 00a7 01        		.uleb128 0x1
 1677 00a8 13        		.uleb128 0x13
 1678 00a9 00        		.byte	0x0
 1679 00aa 00        		.byte	0x0
 1680 00ab 0C        		.uleb128 0xc
 1681 00ac 0F        		.uleb128 0xf
 1682 00ad 00        		.byte	0x0
 1683 00ae 0B        		.uleb128 0xb
 1684 00af 0B        		.uleb128 0xb
 1685 00b0 49        		.uleb128 0x49
 1686 00b1 13        		.uleb128 0x13
 1687 00b2 00        		.byte	0x0
 1688 00b3 00        		.byte	0x0
 1689 00b4 0D        		.uleb128 0xd
 1690 00b5 35        		.uleb128 0x35
 1691 00b6 00        		.byte	0x0
 1692 00b7 49        		.uleb128 0x49
 1693 00b8 13        		.uleb128 0x13
 1694 00b9 00        		.byte	0x0
 1695 00ba 00        		.byte	0x0
 1696 00bb 0E        		.uleb128 0xe
 1697 00bc 01        		.uleb128 0x1
 1698 00bd 01        		.byte	0x1
 1699 00be 49        		.uleb128 0x49
 1700 00bf 13        		.uleb128 0x13
 1701 00c0 01        		.uleb128 0x1
 1702 00c1 13        		.uleb128 0x13
 1703 00c2 00        		.byte	0x0
 1704 00c3 00        		.byte	0x0
 1705 00c4 0F        		.uleb128 0xf
 1706 00c5 21        		.uleb128 0x21
 1707 00c6 00        		.byte	0x0
 1708 00c7 49        		.uleb128 0x49
 1709 00c8 13        		.uleb128 0x13
 1710 00c9 2F        		.uleb128 0x2f
GAS LISTING C:\Users\alex\AppData\Local\Temp/ccRxMFAr.s 			page 31


 1711 00ca 0B        		.uleb128 0xb
 1712 00cb 00        		.byte	0x0
 1713 00cc 00        		.byte	0x0
 1714 00cd 10        		.uleb128 0x10
 1715 00ce 34        		.uleb128 0x34
 1716 00cf 00        		.byte	0x0
 1717 00d0 03        		.uleb128 0x3
 1718 00d1 0E        		.uleb128 0xe
 1719 00d2 3A        		.uleb128 0x3a
 1720 00d3 0B        		.uleb128 0xb
 1721 00d4 3B        		.uleb128 0x3b
 1722 00d5 0B        		.uleb128 0xb
 1723 00d6 49        		.uleb128 0x49
 1724 00d7 13        		.uleb128 0x13
 1725 00d8 3F        		.uleb128 0x3f
 1726 00d9 0C        		.uleb128 0xc
 1727 00da 02        		.uleb128 0x2
 1728 00db 0A        		.uleb128 0xa
 1729 00dc 00        		.byte	0x0
 1730 00dd 00        		.byte	0x0
 1731 00de 00        		.byte	0x0
 1732               		.section	.debug_pubnames,"",@progbits
 1733 0000 C000 0000 		.long	0xc0
 1734 0004 0200      		.word	0x2
 1735 0006 0000 0000 		.long	.Ldebug_info0
 1736 000a 9102 0000 		.long	0x291
 1737 000e 6B00 0000 		.long	0x6b
 1738 0012 696E 6974 		.string	"init_mcp3202"
 1738      5F6D 6370 
 1738      3332 3032 
 1738      00
 1739 001f 0101 0000 		.long	0x101
 1740 0023 6D63 7033 		.string	"mcp3202_getw"
 1740      3230 325F 
 1740      6765 7477 
 1740      00
 1741 0030 F001 0000 		.long	0x1f0
 1742 0034 6D63 7033 		.string	"mcp3202_p_cs"
 1742      3230 325F 
 1742      705F 6373 
 1742      00
 1743 0041 0202 0000 		.long	0x202
 1744 0045 6D63 7033 		.string	"mcp3202_p_dout"
 1744      3230 325F 
 1744      705F 646F 
 1744      7574 00
 1745 0054 1402 0000 		.long	0x214
 1746 0058 6D63 7033 		.string	"mcp3202_p_din"
 1746      3230 325F 
 1746      705F 6469 
 1746      6E00 
 1747 0066 2602 0000 		.long	0x226
 1748 006a 6D63 7033 		.string	"mcp3202_p_clk"
 1748      3230 325F 
 1748      705F 636C 
 1748      6B00 
 1749 0078 4802 0000 		.long	0x248
GAS LISTING C:\Users\alex\AppData\Local\Temp/ccRxMFAr.s 			page 32


 1750 007c 6D63 7033 		.string	"mcp3202_b_cs"
 1750      3230 325F 
 1750      625F 6373 
 1750      00
 1751 0089 5A02 0000 		.long	0x25a
 1752 008d 6D63 7033 		.string	"mcp3202_b_dout"
 1752      3230 325F 
 1752      625F 646F 
 1752      7574 00
 1753 009c 6C02 0000 		.long	0x26c
 1754 00a0 6D63 7033 		.string	"mcp3202_b_din"
 1754      3230 325F 
 1754      625F 6469 
 1754      6E00 
 1755 00ae 7E02 0000 		.long	0x27e
 1756 00b2 6D63 7033 		.string	"mcp3202_b_clk"
 1756      3230 325F 
 1756      625F 636C 
 1756      6B00 
 1757 00c0 0000 0000 		.long	0x0
 1758               		.section	.debug_aranges,"",@progbits
 1759 0000 1C00 0000 		.long	0x1c
 1760 0004 0200      		.word	0x2
 1761 0006 0000 0000 		.long	.Ldebug_info0
 1762 000a 04        		.byte	0x4
 1763 000b 00        		.byte	0x0
 1764 000c 0000      		.word	0x0
 1765 000e 0000      		.word	0x0
 1766 0010 0000 0000 		.long	.Ltext0
 1767 0014 BE07 0000 		.long	.Letext0-.Ltext0
 1768 0018 0000 0000 		.long	0x0
 1769 001c 0000 0000 		.long	0x0
 1770               		.section	.debug_line
 1771 0000 E602 0000 		.long	.LELT0-.LSLT0
 1772               	.LSLT0:
 1773 0004 0200      		.word	0x2
 1774 0006 5600 0000 		.long	.LELTP0-.LASLTP0
 1775               	.LASLTP0:
 1776 000a 01        		.byte	0x1
 1777 000b 01        		.byte	0x1
 1778 000c F6        		.byte	0xf6
 1779 000d F5        		.byte	0xf5
 1780 000e 0A        		.byte	0xa
 1781 000f 00        		.byte	0x0
 1782 0010 01        		.byte	0x1
 1783 0011 01        		.byte	0x1
 1784 0012 01        		.byte	0x1
 1785 0013 01        		.byte	0x1
 1786 0014 00        		.byte	0x0
 1787 0015 00        		.byte	0x0
 1788 0016 00        		.byte	0x0
 1789 0017 01        		.byte	0x1
 1790 0018 643A 2F77 		.ascii	"d:/winavr-20100110/lib/gcc/../../avr/include"
 1790      696E 6176 
 1790      722D 3230 
 1790      3130 3031 
 1790      3130 2F6C 
GAS LISTING C:\Users\alex\AppData\Local\Temp/ccRxMFAr.s 			page 33


 1791 0044 00        		.byte	0
 1792 0045 00        		.byte	0x0
 1793 0046 6D63 7033 		.string	"mcp3202.c"
 1793      3230 322E 
 1793      6300 
 1794 0050 00        		.uleb128 0x0
 1795 0051 00        		.uleb128 0x0
 1796 0052 00        		.uleb128 0x0
 1797 0053 7374 6469 		.string	"stdint.h"
 1797      6E74 2E68 
 1797      00
 1798 005c 01        		.uleb128 0x1
 1799 005d 00        		.uleb128 0x0
 1800 005e 00        		.uleb128 0x0
 1801 005f 00        		.byte	0x0
 1802               	.LELTP0:
 1803 0060 00        		.byte	0x0
 1804 0061 05        		.uleb128 0x5
 1805 0062 02        		.byte	0x2
 1806 0063 0000 0000 		.long	.LM1
 1807 0067 34        		.byte	0x34
 1808 0068 00        		.byte	0x0
 1809 0069 05        		.uleb128 0x5
 1810 006a 02        		.byte	0x2
 1811 006b 0000 0000 		.long	.LM2
 1812 006f 17        		.byte	0x17
 1813 0070 00        		.byte	0x0
 1814 0071 05        		.uleb128 0x5
 1815 0072 02        		.byte	0x2
 1816 0073 0000 0000 		.long	.LM3
 1817 0077 15        		.byte	0x15
 1818 0078 00        		.byte	0x0
 1819 0079 05        		.uleb128 0x5
 1820 007a 02        		.byte	0x2
 1821 007b 0000 0000 		.long	.LM4
 1822 007f 15        		.byte	0x15
 1823 0080 00        		.byte	0x0
 1824 0081 05        		.uleb128 0x5
 1825 0082 02        		.byte	0x2
 1826 0083 0000 0000 		.long	.LM5
 1827 0087 15        		.byte	0x15
 1828 0088 00        		.byte	0x0
 1829 0089 05        		.uleb128 0x5
 1830 008a 02        		.byte	0x2
 1831 008b 0000 0000 		.long	.LM6
 1832 008f 15        		.byte	0x15
 1833 0090 00        		.byte	0x0
 1834 0091 05        		.uleb128 0x5
 1835 0092 02        		.byte	0x2
 1836 0093 0000 0000 		.long	.LM7
 1837 0097 15        		.byte	0x15
 1838 0098 00        		.byte	0x0
 1839 0099 05        		.uleb128 0x5
 1840 009a 02        		.byte	0x2
 1841 009b 0000 0000 		.long	.LM8
 1842 009f 15        		.byte	0x15
 1843 00a0 00        		.byte	0x0
GAS LISTING C:\Users\alex\AppData\Local\Temp/ccRxMFAr.s 			page 34


 1844 00a1 05        		.uleb128 0x5
 1845 00a2 02        		.byte	0x2
 1846 00a3 0000 0000 		.long	.LM9
 1847 00a7 15        		.byte	0x15
 1848 00a8 00        		.byte	0x0
 1849 00a9 05        		.uleb128 0x5
 1850 00aa 02        		.byte	0x2
 1851 00ab 0000 0000 		.long	.LM10
 1852 00af 16        		.byte	0x16
 1853 00b0 00        		.byte	0x0
 1854 00b1 05        		.uleb128 0x5
 1855 00b2 02        		.byte	0x2
 1856 00b3 0000 0000 		.long	.LM11
 1857 00b7 15        		.byte	0x15
 1858 00b8 00        		.byte	0x0
 1859 00b9 05        		.uleb128 0x5
 1860 00ba 02        		.byte	0x2
 1861 00bb 0000 0000 		.long	.LM12
 1862 00bf 15        		.byte	0x15
 1863 00c0 00        		.byte	0x0
 1864 00c1 05        		.uleb128 0x5
 1865 00c2 02        		.byte	0x2
 1866 00c3 0000 0000 		.long	.LM13
 1867 00c7 15        		.byte	0x15
 1868 00c8 00        		.byte	0x0
 1869 00c9 05        		.uleb128 0x5
 1870 00ca 02        		.byte	0x2
 1871 00cb 0000 0000 		.long	.LM14
 1872 00cf 15        		.byte	0x15
 1873 00d0 00        		.byte	0x0
 1874 00d1 05        		.uleb128 0x5
 1875 00d2 02        		.byte	0x2
 1876 00d3 0000 0000 		.long	.LM15
 1877 00d7 16        		.byte	0x16
 1878 00d8 00        		.byte	0x0
 1879 00d9 05        		.uleb128 0x5
 1880 00da 02        		.byte	0x2
 1881 00db 0000 0000 		.long	.LM16
 1882 00df 15        		.byte	0x15
 1883 00e0 00        		.byte	0x0
 1884 00e1 05        		.uleb128 0x5
 1885 00e2 02        		.byte	0x2
 1886 00e3 0000 0000 		.long	.LM17
 1887 00e7 15        		.byte	0x15
 1888 00e8 00        		.byte	0x0
 1889 00e9 05        		.uleb128 0x5
 1890 00ea 02        		.byte	0x2
 1891 00eb 0000 0000 		.long	.LM18
 1892 00ef 15        		.byte	0x15
 1893 00f0 00        		.byte	0x0
 1894 00f1 05        		.uleb128 0x5
 1895 00f2 02        		.byte	0x2
 1896 00f3 0000 0000 		.long	.LM19
 1897 00f7 15        		.byte	0x15
 1898 00f8 00        		.byte	0x0
 1899 00f9 05        		.uleb128 0x5
 1900 00fa 02        		.byte	0x2
GAS LISTING C:\Users\alex\AppData\Local\Temp/ccRxMFAr.s 			page 35


 1901 00fb 0000 0000 		.long	.LM20
 1902 00ff 16        		.byte	0x16
 1903 0100 00        		.byte	0x0
 1904 0101 05        		.uleb128 0x5
 1905 0102 02        		.byte	0x2
 1906 0103 0000 0000 		.long	.LM21
 1907 0107 15        		.byte	0x15
 1908 0108 00        		.byte	0x0
 1909 0109 05        		.uleb128 0x5
 1910 010a 02        		.byte	0x2
 1911 010b 0000 0000 		.long	.LM22
 1912 010f 15        		.byte	0x15
 1913 0110 00        		.byte	0x0
 1914 0111 05        		.uleb128 0x5
 1915 0112 02        		.byte	0x2
 1916 0113 0000 0000 		.long	.LM23
 1917 0117 15        		.byte	0x15
 1918 0118 00        		.byte	0x0
 1919 0119 05        		.uleb128 0x5
 1920 011a 02        		.byte	0x2
 1921 011b 0000 0000 		.long	.LM24
 1922 011f 15        		.byte	0x15
 1923 0120 00        		.byte	0x0
 1924 0121 05        		.uleb128 0x5
 1925 0122 02        		.byte	0x2
 1926 0123 0000 0000 		.long	.LM25
 1927 0127 16        		.byte	0x16
 1928 0128 00        		.byte	0x0
 1929 0129 05        		.uleb128 0x5
 1930 012a 02        		.byte	0x2
 1931 012b 0000 0000 		.long	.LM26
 1932 012f 15        		.byte	0x15
 1933 0130 00        		.byte	0x0
 1934 0131 05        		.uleb128 0x5
 1935 0132 02        		.byte	0x2
 1936 0133 0000 0000 		.long	.LM27
 1937 0137 15        		.byte	0x15
 1938 0138 00        		.byte	0x0
 1939 0139 05        		.uleb128 0x5
 1940 013a 02        		.byte	0x2
 1941 013b 0000 0000 		.long	.LM28
 1942 013f 15        		.byte	0x15
 1943 0140 00        		.byte	0x0
 1944 0141 05        		.uleb128 0x5
 1945 0142 02        		.byte	0x2
 1946 0143 0000 0000 		.long	.LM29
 1947 0147 15        		.byte	0x15
 1948 0148 00        		.byte	0x0
 1949 0149 05        		.uleb128 0x5
 1950 014a 02        		.byte	0x2
 1951 014b 0000 0000 		.long	.LM30
 1952 014f 17        		.byte	0x17
 1953 0150 00        		.byte	0x0
 1954 0151 05        		.uleb128 0x5
 1955 0152 02        		.byte	0x2
 1956 0153 0000 0000 		.long	.LM31
 1957 0157 15        		.byte	0x15
GAS LISTING C:\Users\alex\AppData\Local\Temp/ccRxMFAr.s 			page 36


 1958 0158 00        		.byte	0x0
 1959 0159 05        		.uleb128 0x5
 1960 015a 02        		.byte	0x2
 1961 015b 0000 0000 		.long	.LM32
 1962 015f 15        		.byte	0x15
 1963 0160 00        		.byte	0x0
 1964 0161 05        		.uleb128 0x5
 1965 0162 02        		.byte	0x2
 1966 0163 0000 0000 		.long	.LM33
 1967 0167 15        		.byte	0x15
 1968 0168 00        		.byte	0x0
 1969 0169 05        		.uleb128 0x5
 1970 016a 02        		.byte	0x2
 1971 016b 0000 0000 		.long	.LM34
 1972 016f 1B        		.byte	0x1b
 1973 0170 00        		.byte	0x0
 1974 0171 05        		.uleb128 0x5
 1975 0172 02        		.byte	0x2
 1976 0173 0000 0000 		.long	.LM35
 1977 0177 1B        		.byte	0x1b
 1978 0178 00        		.byte	0x0
 1979 0179 05        		.uleb128 0x5
 1980 017a 02        		.byte	0x2
 1981 017b 0000 0000 		.long	.LM36
 1982 017f 15        		.byte	0x15
 1983 0180 00        		.byte	0x0
 1984 0181 05        		.uleb128 0x5
 1985 0182 02        		.byte	0x2
 1986 0183 0000 0000 		.long	.LM37
 1987 0187 15        		.byte	0x15
 1988 0188 00        		.byte	0x0
 1989 0189 05        		.uleb128 0x5
 1990 018a 02        		.byte	0x2
 1991 018b 0000 0000 		.long	.LM38
 1992 018f 15        		.byte	0x15
 1993 0190 00        		.byte	0x0
 1994 0191 05        		.uleb128 0x5
 1995 0192 02        		.byte	0x2
 1996 0193 0000 0000 		.long	.LM39
 1997 0197 16        		.byte	0x16
 1998 0198 00        		.byte	0x0
 1999 0199 05        		.uleb128 0x5
 2000 019a 02        		.byte	0x2
 2001 019b 0000 0000 		.long	.LM40
 2002 019f 15        		.byte	0x15
 2003 01a0 00        		.byte	0x0
 2004 01a1 05        		.uleb128 0x5
 2005 01a2 02        		.byte	0x2
 2006 01a3 0000 0000 		.long	.LM41
 2007 01a7 15        		.byte	0x15
 2008 01a8 00        		.byte	0x0
 2009 01a9 05        		.uleb128 0x5
 2010 01aa 02        		.byte	0x2
 2011 01ab 0000 0000 		.long	.LM42
 2012 01af 15        		.byte	0x15
 2013 01b0 00        		.byte	0x0
 2014 01b1 05        		.uleb128 0x5
GAS LISTING C:\Users\alex\AppData\Local\Temp/ccRxMFAr.s 			page 37


 2015 01b2 02        		.byte	0x2
 2016 01b3 0000 0000 		.long	.LM43
 2017 01b7 16        		.byte	0x16
 2018 01b8 00        		.byte	0x0
 2019 01b9 05        		.uleb128 0x5
 2020 01ba 02        		.byte	0x2
 2021 01bb 0000 0000 		.long	.LM44
 2022 01bf 15        		.byte	0x15
 2023 01c0 00        		.byte	0x0
 2024 01c1 05        		.uleb128 0x5
 2025 01c2 02        		.byte	0x2
 2026 01c3 0000 0000 		.long	.LM45
 2027 01c7 15        		.byte	0x15
 2028 01c8 00        		.byte	0x0
 2029 01c9 05        		.uleb128 0x5
 2030 01ca 02        		.byte	0x2
 2031 01cb 0000 0000 		.long	.LM46
 2032 01cf 17        		.byte	0x17
 2033 01d0 00        		.byte	0x0
 2034 01d1 05        		.uleb128 0x5
 2035 01d2 02        		.byte	0x2
 2036 01d3 0000 0000 		.long	.LM47
 2037 01d7 15        		.byte	0x15
 2038 01d8 00        		.byte	0x0
 2039 01d9 05        		.uleb128 0x5
 2040 01da 02        		.byte	0x2
 2041 01db 0000 0000 		.long	.LM48
 2042 01df 15        		.byte	0x15
 2043 01e0 00        		.byte	0x0
 2044 01e1 05        		.uleb128 0x5
 2045 01e2 02        		.byte	0x2
 2046 01e3 0000 0000 		.long	.LM49
 2047 01e7 15        		.byte	0x15
 2048 01e8 00        		.byte	0x0
 2049 01e9 05        		.uleb128 0x5
 2050 01ea 02        		.byte	0x2
 2051 01eb 0000 0000 		.long	.LM50
 2052 01ef 15        		.byte	0x15
 2053 01f0 00        		.byte	0x0
 2054 01f1 05        		.uleb128 0x5
 2055 01f2 02        		.byte	0x2
 2056 01f3 0000 0000 		.long	.LM51
 2057 01f7 17        		.byte	0x17
 2058 01f8 00        		.byte	0x0
 2059 01f9 05        		.uleb128 0x5
 2060 01fa 02        		.byte	0x2
 2061 01fb 0000 0000 		.long	.LM52
 2062 01ff 15        		.byte	0x15
 2063 0200 00        		.byte	0x0
 2064 0201 05        		.uleb128 0x5
 2065 0202 02        		.byte	0x2
 2066 0203 0000 0000 		.long	.LM53
 2067 0207 15        		.byte	0x15
 2068 0208 00        		.byte	0x0
 2069 0209 05        		.uleb128 0x5
 2070 020a 02        		.byte	0x2
 2071 020b 0000 0000 		.long	.LM54
GAS LISTING C:\Users\alex\AppData\Local\Temp/ccRxMFAr.s 			page 38


 2072 020f 15        		.byte	0x15
 2073 0210 00        		.byte	0x0
 2074 0211 05        		.uleb128 0x5
 2075 0212 02        		.byte	0x2
 2076 0213 0000 0000 		.long	.LM55
 2077 0217 15        		.byte	0x15
 2078 0218 00        		.byte	0x0
 2079 0219 05        		.uleb128 0x5
 2080 021a 02        		.byte	0x2
 2081 021b 0000 0000 		.long	.LM56
 2082 021f 15        		.byte	0x15
 2083 0220 00        		.byte	0x0
 2084 0221 05        		.uleb128 0x5
 2085 0222 02        		.byte	0x2
 2086 0223 0000 0000 		.long	.LM57
 2087 0227 17        		.byte	0x17
 2088 0228 00        		.byte	0x0
 2089 0229 05        		.uleb128 0x5
 2090 022a 02        		.byte	0x2
 2091 022b 0000 0000 		.long	.LM58
 2092 022f 15        		.byte	0x15
 2093 0230 00        		.byte	0x0
 2094 0231 05        		.uleb128 0x5
 2095 0232 02        		.byte	0x2
 2096 0233 0000 0000 		.long	.LM59
 2097 0237 15        		.byte	0x15
 2098 0238 00        		.byte	0x0
 2099 0239 05        		.uleb128 0x5
 2100 023a 02        		.byte	0x2
 2101 023b 0000 0000 		.long	.LM60
 2102 023f 15        		.byte	0x15
 2103 0240 00        		.byte	0x0
 2104 0241 05        		.uleb128 0x5
 2105 0242 02        		.byte	0x2
 2106 0243 0000 0000 		.long	.LM61
 2107 0247 15        		.byte	0x15
 2108 0248 00        		.byte	0x0
 2109 0249 05        		.uleb128 0x5
 2110 024a 02        		.byte	0x2
 2111 024b 0000 0000 		.long	.LM62
 2112 024f 15        		.byte	0x15
 2113 0250 00        		.byte	0x0
 2114 0251 05        		.uleb128 0x5
 2115 0252 02        		.byte	0x2
 2116 0253 0000 0000 		.long	.LM63
 2117 0257 17        		.byte	0x17
 2118 0258 00        		.byte	0x0
 2119 0259 05        		.uleb128 0x5
 2120 025a 02        		.byte	0x2
 2121 025b 0000 0000 		.long	.LM64
 2122 025f 15        		.byte	0x15
 2123 0260 00        		.byte	0x0
 2124 0261 05        		.uleb128 0x5
 2125 0262 02        		.byte	0x2
 2126 0263 0000 0000 		.long	.LM65
 2127 0267 15        		.byte	0x15
 2128 0268 00        		.byte	0x0
GAS LISTING C:\Users\alex\AppData\Local\Temp/ccRxMFAr.s 			page 39


 2129 0269 05        		.uleb128 0x5
 2130 026a 02        		.byte	0x2
 2131 026b 0000 0000 		.long	.LM66
 2132 026f 15        		.byte	0x15
 2133 0270 00        		.byte	0x0
 2134 0271 05        		.uleb128 0x5
 2135 0272 02        		.byte	0x2
 2136 0273 0000 0000 		.long	.LM67
 2137 0277 15        		.byte	0x15
 2138 0278 00        		.byte	0x0
 2139 0279 05        		.uleb128 0x5
 2140 027a 02        		.byte	0x2
 2141 027b 0000 0000 		.long	.LM68
 2142 027f 17        		.byte	0x17
 2143 0280 00        		.byte	0x0
 2144 0281 05        		.uleb128 0x5
 2145 0282 02        		.byte	0x2
 2146 0283 0000 0000 		.long	.LM69
 2147 0287 15        		.byte	0x15
 2148 0288 00        		.byte	0x0
 2149 0289 05        		.uleb128 0x5
 2150 028a 02        		.byte	0x2
 2151 028b 0000 0000 		.long	.LM70
 2152 028f 16        		.byte	0x16
 2153 0290 00        		.byte	0x0
 2154 0291 05        		.uleb128 0x5
 2155 0292 02        		.byte	0x2
 2156 0293 0000 0000 		.long	.LM71
 2157 0297 15        		.byte	0x15
 2158 0298 00        		.byte	0x0
 2159 0299 05        		.uleb128 0x5
 2160 029a 02        		.byte	0x2
 2161 029b 0000 0000 		.long	.LM72
 2162 029f 15        		.byte	0x15
 2163 02a0 00        		.byte	0x0
 2164 02a1 05        		.uleb128 0x5
 2165 02a2 02        		.byte	0x2
 2166 02a3 0000 0000 		.long	.LM73
 2167 02a7 15        		.byte	0x15
 2168 02a8 00        		.byte	0x0
 2169 02a9 05        		.uleb128 0x5
 2170 02aa 02        		.byte	0x2
 2171 02ab 0000 0000 		.long	.LM74
 2172 02af 15        		.byte	0x15
 2173 02b0 00        		.byte	0x0
 2174 02b1 05        		.uleb128 0x5
 2175 02b2 02        		.byte	0x2
 2176 02b3 0000 0000 		.long	.LM75
 2177 02b7 15        		.byte	0x15
 2178 02b8 00        		.byte	0x0
 2179 02b9 05        		.uleb128 0x5
 2180 02ba 02        		.byte	0x2
 2181 02bb 0000 0000 		.long	.LM76
 2182 02bf 0D        		.byte	0xd
 2183 02c0 00        		.byte	0x0
 2184 02c1 05        		.uleb128 0x5
 2185 02c2 02        		.byte	0x2
GAS LISTING C:\Users\alex\AppData\Local\Temp/ccRxMFAr.s 			page 40


 2186 02c3 0000 0000 		.long	.LM77
 2187 02c7 1E        		.byte	0x1e
 2188 02c8 00        		.byte	0x0
 2189 02c9 05        		.uleb128 0x5
 2190 02ca 02        		.byte	0x2
 2191 02cb 0000 0000 		.long	.LM78
 2192 02cf 15        		.byte	0x15
 2193 02d0 00        		.byte	0x0
 2194 02d1 05        		.uleb128 0x5
 2195 02d2 02        		.byte	0x2
 2196 02d3 0000 0000 		.long	.LM79
 2197 02d7 17        		.byte	0x17
 2198 02d8 00        		.byte	0x0
 2199 02d9 05        		.uleb128 0x5
 2200 02da 02        		.byte	0x2
 2201 02db 0000 0000 		.long	.LM80
 2202 02df 15        		.byte	0x15
 2203 02e0 00        		.byte	0x0
 2204 02e1 05        		.uleb128 0x5
 2205 02e2 02        		.byte	0x2
 2206 02e3 0000 0000 		.long	.Letext0
 2207 02e7 00        		.byte	0x0
 2208 02e8 01        		.uleb128 0x1
 2209 02e9 01        		.byte	0x1
 2210               	.LELT0:
 2211 02ea 1600 0000 		.section	.debug_str,"MS",@progbits,1
 2211      0200 1000 
 2211      0000 0101 
 2211      FB0E 0A00 
 2211      0101 0101 
 2212               	.LASF16:
 2213 0000 776F 7264 		.string	"word"
 2213      00
 2214               	.LASF26:
 2215 0005 6D63 7033 		.string	"mcp3202.c"
 2215      3230 322E 
 2215      6300 
 2216               	.LASF30:
 2217 000f 6D63 7033 		.string	"mcp3202_getw"
 2217      3230 325F 
 2217      6765 7477 
 2217      00
 2218               	.LASF10:
 2219 001c 6264 6F75 		.string	"bdout"
 2219      7400 
 2220               	.LASF8:
 2221 0022 646F 7574 		.string	"dout"
 2221      00
 2222               	.LASF11:
 2223 0027 6264 696E 		.string	"bdin"
 2223      00
 2224               	.LASF20:
 2225 002c 6D63 7033 		.string	"mcp3202_p_clk"
 2225      3230 325F 
 2225      705F 636C 
 2225      6B00 
 2226               	.LASF15:
GAS LISTING C:\Users\alex\AppData\Local\Temp/ccRxMFAr.s 			page 41


 2227 003a 7064 696E 		.string	"pdin"
 2227      00
 2228               	.LASF1:
 2229 003f 756E 7369 		.string	"unsigned char"
 2229      676E 6564 
 2229      2063 6861 
 2229      7200 
 2230               	.LASF29:
 2231 004d 696E 6974 		.string	"init_mcp3202"
 2231      5F6D 6370 
 2231      3332 3032 
 2231      00
 2232               	.LASF4:
 2233 005a 6C6F 6E67 		.string	"long unsigned int"
 2233      2075 6E73 
 2233      6967 6E65 
 2233      6420 696E 
 2233      7400 
 2234               	.LASF25:
 2235 006c 474E 5520 		.string	"GNU C 4.3.3"
 2235      4320 342E 
 2235      332E 3300 
 2236               	.LASF9:
 2237 0078 6263 6C6B 		.string	"bclk"
 2237      00
 2238               	.LASF22:
 2239 007d 6D63 7033 		.string	"mcp3202_b_dout"
 2239      3230 325F 
 2239      625F 646F 
 2239      7574 00
 2240               	.LASF2:
 2241 008c 756E 7369 		.string	"unsigned int"
 2241      676E 6564 
 2241      2069 6E74 
 2241      00
 2242               	.LASF23:
 2243 0099 6D63 7033 		.string	"mcp3202_b_din"
 2243      3230 325F 
 2243      625F 6469 
 2243      6E00 
 2244               	.LASF6:
 2245 00a7 6C6F 6E67 		.string	"long long unsigned int"
 2245      206C 6F6E 
 2245      6720 756E 
 2245      7369 676E 
 2245      6564 2069 
 2246               	.LASF28:
 2247 00be 7569 6E74 		.string	"uint8_t"
 2247      385F 7400 
 2248               	.LASF12:
 2249 00c6 6D6F 6465 		.string	"mode"
 2249      00
 2250               	.LASF17:
 2251 00cb 6D63 7033 		.string	"mcp3202_p_cs"
 2251      3230 325F 
 2251      705F 6373 
 2251      00
GAS LISTING C:\Users\alex\AppData\Local\Temp/ccRxMFAr.s 			page 42


 2252               	.LASF5:
 2253 00d8 6C6F 6E67 		.string	"long long int"
 2253      206C 6F6E 
 2253      6720 696E 
 2253      7400 
 2254               	.LASF24:
 2255 00e6 6D63 7033 		.string	"mcp3202_b_clk"
 2255      3230 325F 
 2255      625F 636C 
 2255      6B00 
 2256               	.LASF7:
 2257 00f4 6368 6970 		.string	"chip"
 2257      00
 2258               	.LASF27:
 2259 00f9 453A 5C61 		.string	"E:\\avr\\lib"
 2259      7672 5C6C 
 2259      6962 00
 2260               	.LASF3:
 2261 0104 6C6F 6E67 		.string	"long int"
 2261      2069 6E74 
 2261      00
 2262               	.LASF18:
 2263 010d 6D63 7033 		.string	"mcp3202_p_dout"
 2263      3230 325F 
 2263      705F 646F 
 2263      7574 00
 2264               	.LASF13:
 2265 011c 7063 6C6B 		.string	"pclk"
 2265      00
 2266               	.LASF0:
 2267 0121 7369 676E 		.string	"signed char"
 2267      6564 2063 
 2267      6861 7200 
 2268               	.LASF14:
 2269 012d 7064 6F75 		.string	"pdout"
 2269      7400 
 2270               	.LASF21:
 2271 0133 6D63 7033 		.string	"mcp3202_b_cs"
 2271      3230 325F 
 2271      625F 6373 
 2271      00
 2272               	.LASF19:
 2273 0140 6D63 7033 		.string	"mcp3202_p_din"
 2273      3230 325F 
 2273      705F 6469 
 2273      6E00 
 2274               	.global __do_clear_bss
GAS LISTING C:\Users\alex\AppData\Local\Temp/ccRxMFAr.s 			page 43


DEFINED SYMBOLS
                            *ABS*:00000000 mcp3202.c
C:\Users\alex\AppData\Local\Temp/ccRxMFAr.s:2      *ABS*:0000003f __SREG__
C:\Users\alex\AppData\Local\Temp/ccRxMFAr.s:3      *ABS*:0000003e __SP_H__
C:\Users\alex\AppData\Local\Temp/ccRxMFAr.s:4      *ABS*:0000003d __SP_L__
C:\Users\alex\AppData\Local\Temp/ccRxMFAr.s:5      *ABS*:00000034 __CCP__
C:\Users\alex\AppData\Local\Temp/ccRxMFAr.s:6      *ABS*:00000000 __tmp_reg__
C:\Users\alex\AppData\Local\Temp/ccRxMFAr.s:7      *ABS*:00000001 __zero_reg__
C:\Users\alex\AppData\Local\Temp/ccRxMFAr.s:18     .text:00000000 init_mcp3202
                            *COM*:00000004 mcp3202_b_clk
                            *COM*:00000004 mcp3202_b_dout
                            *COM*:00000004 mcp3202_b_cs
                            *COM*:00000004 mcp3202_b_din
                            *COM*:00000008 mcp3202_p_clk
                            *COM*:00000008 mcp3202_p_dout
                            *COM*:00000008 mcp3202_p_din
                            *COM*:00000008 mcp3202_p_cs
C:\Users\alex\AppData\Local\Temp/ccRxMFAr.s:706    .text:000004ec mcp3202_getw

UNDEFINED SYMBOLS
udelay
__do_clear_bss
