GAS LISTING C:\Users\alex\AppData\Local\Temp/ccHbmPnG.s 			page 1


   1               		.file	"mcp3201.c"
   2               	__SREG__ = 0x3f
   3               	__SP_H__ = 0x3e
   4               	__SP_L__ = 0x3d
   5               	__CCP__  = 0x34
   6               	__tmp_reg__ = 0
   7               	__zero_reg__ = 1
   8               		.section	.debug_abbrev,"",@progbits
   9               	.Ldebug_abbrev0:
  10               		.section	.debug_info,"",@progbits
  11               	.Ldebug_info0:
  12               		.section	.debug_line,"",@progbits
  13               	.Ldebug_line0:
  14               		.text
  15               	.Ltext0:
  16               	.global	init_mcp3201
  17               		.type	init_mcp3201, @function
  18               	init_mcp3201:
  19               	.LFB2:
  20               	.LM1:
  21 0000 DF93      		push r29
  22 0002 CF93      		push r28
  23 0004 CDB7      		in r28,__SP_L__
  24 0006 DEB7      		in r29,__SP_H__
  25 0008 2797      		sbiw r28,7
  26 000a 0FB6      		in __tmp_reg__,__SREG__
  27 000c F894      		cli
  28 000e DEBF      		out __SP_H__,r29
  29 0010 0FBE      		out __SREG__,__tmp_reg__
  30 0012 CDBF      		out __SP_L__,r28
  31               	/* prologue: function */
  32               	/* frame size = 7 */
  33 0014 8C83      		std Y+4,r24
  34 0016 6D83      		std Y+5,r22
  35 0018 4E83      		std Y+6,r20
  36 001a 2F83      		std Y+7,r18
  37               	.LM2:
  38 001c 8E81      		ldd r24,Y+6
  39 001e 882F      		mov r24,r24
  40 0020 90E0      		ldi r25,lo8(0)
  41 0022 9C01      		movw r18,r24
  42 0024 2F70      		andi r18,lo8(15)
  43 0026 3070      		andi r19,hi8(15)
  44 0028 81E0      		ldi r24,lo8(1)
  45 002a 90E0      		ldi r25,hi8(1)
  46 002c 00C0      		rjmp 2f
  47 002e 880F      	1:	lsl r24
  48 0030 991F      		rol r25
  49 0032 2A95      	2:	dec r18
  50 0034 02F4      		brpl 1b
  51 0036 8B83      		std Y+3,r24
  52               	.LM3:
  53 0038 8C81      		ldd r24,Y+4
  54 003a 882F      		mov r24,r24
  55 003c 90E0      		ldi r25,lo8(0)
  56 003e FC01      		movw r30,r24
  57 0040 E050      		subi r30,lo8(-(mcp3201_b_clk))
GAS LISTING C:\Users\alex\AppData\Local\Temp/ccHbmPnG.s 			page 2


  58 0042 F040      		sbci r31,hi8(-(mcp3201_b_clk))
  59 0044 8B81      		ldd r24,Y+3
  60 0046 8083      		st Z,r24
  61               	.LM4:
  62 0048 8F81      		ldd r24,Y+7
  63 004a 882F      		mov r24,r24
  64 004c 90E0      		ldi r25,lo8(0)
  65 004e 9C01      		movw r18,r24
  66 0050 2F70      		andi r18,lo8(15)
  67 0052 3070      		andi r19,hi8(15)
  68 0054 81E0      		ldi r24,lo8(1)
  69 0056 90E0      		ldi r25,hi8(1)
  70 0058 00C0      		rjmp 2f
  71 005a 880F      	1:	lsl r24
  72 005c 991F      		rol r25
  73 005e 2A95      	2:	dec r18
  74 0060 02F4      		brpl 1b
  75 0062 8983      		std Y+1,r24
  76               	.LM5:
  77 0064 8C81      		ldd r24,Y+4
  78 0066 882F      		mov r24,r24
  79 0068 90E0      		ldi r25,lo8(0)
  80 006a FC01      		movw r30,r24
  81 006c E050      		subi r30,lo8(-(mcp3201_b_data))
  82 006e F040      		sbci r31,hi8(-(mcp3201_b_data))
  83 0070 8981      		ldd r24,Y+1
  84 0072 8083      		st Z,r24
  85               	.LM6:
  86 0074 8D81      		ldd r24,Y+5
  87 0076 882F      		mov r24,r24
  88 0078 90E0      		ldi r25,lo8(0)
  89 007a 9C01      		movw r18,r24
  90 007c 2F70      		andi r18,lo8(15)
  91 007e 3070      		andi r19,hi8(15)
  92 0080 81E0      		ldi r24,lo8(1)
  93 0082 90E0      		ldi r25,hi8(1)
  94 0084 022E      		mov r0,r18
  95 0086 00C0      		rjmp 2f
  96 0088 880F      	1:	lsl r24
  97 008a 991F      		rol r25
  98 008c 0A94      	2:	dec r0
  99 008e 02F4      		brpl 1b
 100 0090 8A83      		std Y+2,r24
 101               	.LM7:
 102 0092 8C81      		ldd r24,Y+4
 103 0094 882F      		mov r24,r24
 104 0096 90E0      		ldi r25,lo8(0)
 105 0098 FC01      		movw r30,r24
 106 009a E050      		subi r30,lo8(-(mcp3201_b_cs))
 107 009c F040      		sbci r31,hi8(-(mcp3201_b_cs))
 108 009e 8A81      		ldd r24,Y+2
 109 00a0 8083      		st Z,r24
 110               	.LM8:
 111 00a2 8E81      		ldd r24,Y+6
 112 00a4 807F      		andi r24,lo8(-16)
 113 00a6 8E83      		std Y+6,r24
 114               	.LM9:
GAS LISTING C:\Users\alex\AppData\Local\Temp/ccHbmPnG.s 			page 3


 115 00a8 8E81      		ldd r24,Y+6
 116 00aa 8823      		tst r24
 117 00ac 01F4      		brne .L2
 118 00ae 8C81      		ldd r24,Y+4
 119 00b0 882F      		mov r24,r24
 120 00b2 90E0      		ldi r25,lo8(0)
 121 00b4 880F      		lsl r24
 122 00b6 991F      		rol r25
 123 00b8 FC01      		movw r30,r24
 124 00ba E050      		subi r30,lo8(-(mcp3201_p_clk))
 125 00bc F040      		sbci r31,hi8(-(mcp3201_p_clk))
 126 00be 8BE3      		ldi r24,lo8(59)
 127 00c0 90E0      		ldi r25,hi8(59)
 128 00c2 9183      		std Z+1,r25
 129 00c4 8083      		st Z,r24
 130 00c6 AAE3      		ldi r26,lo8(58)
 131 00c8 B0E0      		ldi r27,hi8(58)
 132 00ca EAE3      		ldi r30,lo8(58)
 133 00cc F0E0      		ldi r31,hi8(58)
 134 00ce 9081      		ld r25,Z
 135 00d0 8B81      		ldd r24,Y+3
 136 00d2 892B      		or r24,r25
 137 00d4 8C93      		st X,r24
 138               	.L2:
 139               	.LM10:
 140 00d6 8E81      		ldd r24,Y+6
 141 00d8 8031      		cpi r24,lo8(16)
 142 00da 01F4      		brne .L3
 143 00dc 8C81      		ldd r24,Y+4
 144 00de 882F      		mov r24,r24
 145 00e0 90E0      		ldi r25,lo8(0)
 146 00e2 880F      		lsl r24
 147 00e4 991F      		rol r25
 148 00e6 FC01      		movw r30,r24
 149 00e8 E050      		subi r30,lo8(-(mcp3201_p_clk))
 150 00ea F040      		sbci r31,hi8(-(mcp3201_p_clk))
 151 00ec 88E3      		ldi r24,lo8(56)
 152 00ee 90E0      		ldi r25,hi8(56)
 153 00f0 9183      		std Z+1,r25
 154 00f2 8083      		st Z,r24
 155 00f4 A7E3      		ldi r26,lo8(55)
 156 00f6 B0E0      		ldi r27,hi8(55)
 157 00f8 E7E3      		ldi r30,lo8(55)
 158 00fa F0E0      		ldi r31,hi8(55)
 159 00fc 9081      		ld r25,Z
 160 00fe 8B81      		ldd r24,Y+3
 161 0100 892B      		or r24,r25
 162 0102 8C93      		st X,r24
 163               	.L3:
 164               	.LM11:
 165 0104 8E81      		ldd r24,Y+6
 166 0106 8032      		cpi r24,lo8(32)
 167 0108 01F4      		brne .L4
 168 010a 8C81      		ldd r24,Y+4
 169 010c 882F      		mov r24,r24
 170 010e 90E0      		ldi r25,lo8(0)
 171 0110 880F      		lsl r24
GAS LISTING C:\Users\alex\AppData\Local\Temp/ccHbmPnG.s 			page 4


 172 0112 991F      		rol r25
 173 0114 FC01      		movw r30,r24
 174 0116 E050      		subi r30,lo8(-(mcp3201_p_clk))
 175 0118 F040      		sbci r31,hi8(-(mcp3201_p_clk))
 176 011a 85E3      		ldi r24,lo8(53)
 177 011c 90E0      		ldi r25,hi8(53)
 178 011e 9183      		std Z+1,r25
 179 0120 8083      		st Z,r24
 180 0122 A4E3      		ldi r26,lo8(52)
 181 0124 B0E0      		ldi r27,hi8(52)
 182 0126 E4E3      		ldi r30,lo8(52)
 183 0128 F0E0      		ldi r31,hi8(52)
 184 012a 9081      		ld r25,Z
 185 012c 8B81      		ldd r24,Y+3
 186 012e 892B      		or r24,r25
 187 0130 8C93      		st X,r24
 188               	.L4:
 189               	.LM12:
 190 0132 8E81      		ldd r24,Y+6
 191 0134 8033      		cpi r24,lo8(48)
 192 0136 01F4      		brne .L5
 193 0138 8C81      		ldd r24,Y+4
 194 013a 882F      		mov r24,r24
 195 013c 90E0      		ldi r25,lo8(0)
 196 013e 880F      		lsl r24
 197 0140 991F      		rol r25
 198 0142 FC01      		movw r30,r24
 199 0144 E050      		subi r30,lo8(-(mcp3201_p_clk))
 200 0146 F040      		sbci r31,hi8(-(mcp3201_p_clk))
 201 0148 82E3      		ldi r24,lo8(50)
 202 014a 90E0      		ldi r25,hi8(50)
 203 014c 9183      		std Z+1,r25
 204 014e 8083      		st Z,r24
 205 0150 A1E3      		ldi r26,lo8(49)
 206 0152 B0E0      		ldi r27,hi8(49)
 207 0154 E1E3      		ldi r30,lo8(49)
 208 0156 F0E0      		ldi r31,hi8(49)
 209 0158 9081      		ld r25,Z
 210 015a 8B81      		ldd r24,Y+3
 211 015c 892B      		or r24,r25
 212 015e 8C93      		st X,r24
 213               	.L5:
 214               	.LM13:
 215 0160 8F81      		ldd r24,Y+7
 216 0162 807F      		andi r24,lo8(-16)
 217 0164 8F83      		std Y+7,r24
 218               	.LM14:
 219 0166 8F81      		ldd r24,Y+7
 220 0168 8823      		tst r24
 221 016a 01F4      		brne .L6
 222 016c 8C81      		ldd r24,Y+4
 223 016e 882F      		mov r24,r24
 224 0170 90E0      		ldi r25,lo8(0)
 225 0172 880F      		lsl r24
 226 0174 991F      		rol r25
 227 0176 FC01      		movw r30,r24
 228 0178 E050      		subi r30,lo8(-(mcp3201_p_data))
GAS LISTING C:\Users\alex\AppData\Local\Temp/ccHbmPnG.s 			page 5


 229 017a F040      		sbci r31,hi8(-(mcp3201_p_data))
 230 017c 89E3      		ldi r24,lo8(57)
 231 017e 90E0      		ldi r25,hi8(57)
 232 0180 9183      		std Z+1,r25
 233 0182 8083      		st Z,r24
 234 0184 AAE3      		ldi r26,lo8(58)
 235 0186 B0E0      		ldi r27,hi8(58)
 236 0188 EAE3      		ldi r30,lo8(58)
 237 018a F0E0      		ldi r31,hi8(58)
 238 018c 8081      		ld r24,Z
 239 018e 982F      		mov r25,r24
 240 0190 8981      		ldd r24,Y+1
 241 0192 8095      		com r24
 242 0194 8923      		and r24,r25
 243 0196 8C93      		st X,r24
 244 0198 ABE3      		ldi r26,lo8(59)
 245 019a B0E0      		ldi r27,hi8(59)
 246 019c EBE3      		ldi r30,lo8(59)
 247 019e F0E0      		ldi r31,hi8(59)
 248 01a0 9081      		ld r25,Z
 249 01a2 8981      		ldd r24,Y+1
 250 01a4 892B      		or r24,r25
 251 01a6 8C93      		st X,r24
 252               	.L6:
 253               	.LM15:
 254 01a8 8F81      		ldd r24,Y+7
 255 01aa 8031      		cpi r24,lo8(16)
 256 01ac 01F4      		brne .L7
 257 01ae 8C81      		ldd r24,Y+4
 258 01b0 882F      		mov r24,r24
 259 01b2 90E0      		ldi r25,lo8(0)
 260 01b4 880F      		lsl r24
 261 01b6 991F      		rol r25
 262 01b8 FC01      		movw r30,r24
 263 01ba E050      		subi r30,lo8(-(mcp3201_p_data))
 264 01bc F040      		sbci r31,hi8(-(mcp3201_p_data))
 265 01be 86E3      		ldi r24,lo8(54)
 266 01c0 90E0      		ldi r25,hi8(54)
 267 01c2 9183      		std Z+1,r25
 268 01c4 8083      		st Z,r24
 269 01c6 A7E3      		ldi r26,lo8(55)
 270 01c8 B0E0      		ldi r27,hi8(55)
 271 01ca E7E3      		ldi r30,lo8(55)
 272 01cc F0E0      		ldi r31,hi8(55)
 273 01ce 8081      		ld r24,Z
 274 01d0 982F      		mov r25,r24
 275 01d2 8981      		ldd r24,Y+1
 276 01d4 8095      		com r24
 277 01d6 8923      		and r24,r25
 278 01d8 8C93      		st X,r24
 279 01da A8E3      		ldi r26,lo8(56)
 280 01dc B0E0      		ldi r27,hi8(56)
 281 01de E8E3      		ldi r30,lo8(56)
 282 01e0 F0E0      		ldi r31,hi8(56)
 283 01e2 9081      		ld r25,Z
 284 01e4 8981      		ldd r24,Y+1
 285 01e6 892B      		or r24,r25
GAS LISTING C:\Users\alex\AppData\Local\Temp/ccHbmPnG.s 			page 6


 286 01e8 8C93      		st X,r24
 287               	.L7:
 288               	.LM16:
 289 01ea 8F81      		ldd r24,Y+7
 290 01ec 8032      		cpi r24,lo8(32)
 291 01ee 01F4      		brne .L8
 292 01f0 8C81      		ldd r24,Y+4
 293 01f2 882F      		mov r24,r24
 294 01f4 90E0      		ldi r25,lo8(0)
 295 01f6 880F      		lsl r24
 296 01f8 991F      		rol r25
 297 01fa FC01      		movw r30,r24
 298 01fc E050      		subi r30,lo8(-(mcp3201_p_data))
 299 01fe F040      		sbci r31,hi8(-(mcp3201_p_data))
 300 0200 83E3      		ldi r24,lo8(51)
 301 0202 90E0      		ldi r25,hi8(51)
 302 0204 9183      		std Z+1,r25
 303 0206 8083      		st Z,r24
 304 0208 A4E3      		ldi r26,lo8(52)
 305 020a B0E0      		ldi r27,hi8(52)
 306 020c E4E3      		ldi r30,lo8(52)
 307 020e F0E0      		ldi r31,hi8(52)
 308 0210 8081      		ld r24,Z
 309 0212 982F      		mov r25,r24
 310 0214 8981      		ldd r24,Y+1
 311 0216 8095      		com r24
 312 0218 8923      		and r24,r25
 313 021a 8C93      		st X,r24
 314 021c A5E3      		ldi r26,lo8(53)
 315 021e B0E0      		ldi r27,hi8(53)
 316 0220 E5E3      		ldi r30,lo8(53)
 317 0222 F0E0      		ldi r31,hi8(53)
 318 0224 9081      		ld r25,Z
 319 0226 8981      		ldd r24,Y+1
 320 0228 892B      		or r24,r25
 321 022a 8C93      		st X,r24
 322               	.L8:
 323               	.LM17:
 324 022c 8F81      		ldd r24,Y+7
 325 022e 8033      		cpi r24,lo8(48)
 326 0230 01F4      		brne .L9
 327 0232 8C81      		ldd r24,Y+4
 328 0234 882F      		mov r24,r24
 329 0236 90E0      		ldi r25,lo8(0)
 330 0238 880F      		lsl r24
 331 023a 991F      		rol r25
 332 023c FC01      		movw r30,r24
 333 023e E050      		subi r30,lo8(-(mcp3201_p_data))
 334 0240 F040      		sbci r31,hi8(-(mcp3201_p_data))
 335 0242 80E3      		ldi r24,lo8(48)
 336 0244 90E0      		ldi r25,hi8(48)
 337 0246 9183      		std Z+1,r25
 338 0248 8083      		st Z,r24
 339 024a A1E3      		ldi r26,lo8(49)
 340 024c B0E0      		ldi r27,hi8(49)
 341 024e E1E3      		ldi r30,lo8(49)
 342 0250 F0E0      		ldi r31,hi8(49)
GAS LISTING C:\Users\alex\AppData\Local\Temp/ccHbmPnG.s 			page 7


 343 0252 8081      		ld r24,Z
 344 0254 982F      		mov r25,r24
 345 0256 8981      		ldd r24,Y+1
 346 0258 8095      		com r24
 347 025a 8923      		and r24,r25
 348 025c 8C93      		st X,r24
 349 025e A2E3      		ldi r26,lo8(50)
 350 0260 B0E0      		ldi r27,hi8(50)
 351 0262 E2E3      		ldi r30,lo8(50)
 352 0264 F0E0      		ldi r31,hi8(50)
 353 0266 9081      		ld r25,Z
 354 0268 8981      		ldd r24,Y+1
 355 026a 892B      		or r24,r25
 356 026c 8C93      		st X,r24
 357               	.L9:
 358               	.LM18:
 359 026e 8D81      		ldd r24,Y+5
 360 0270 807F      		andi r24,lo8(-16)
 361 0272 8D83      		std Y+5,r24
 362               	.LM19:
 363 0274 8D81      		ldd r24,Y+5
 364 0276 8823      		tst r24
 365 0278 01F4      		brne .L10
 366 027a 8C81      		ldd r24,Y+4
 367 027c 882F      		mov r24,r24
 368 027e 90E0      		ldi r25,lo8(0)
 369 0280 880F      		lsl r24
 370 0282 991F      		rol r25
 371 0284 FC01      		movw r30,r24
 372 0286 E050      		subi r30,lo8(-(mcp3201_p_cs))
 373 0288 F040      		sbci r31,hi8(-(mcp3201_p_cs))
 374 028a 8BE3      		ldi r24,lo8(59)
 375 028c 90E0      		ldi r25,hi8(59)
 376 028e 9183      		std Z+1,r25
 377 0290 8083      		st Z,r24
 378 0292 AAE3      		ldi r26,lo8(58)
 379 0294 B0E0      		ldi r27,hi8(58)
 380 0296 EAE3      		ldi r30,lo8(58)
 381 0298 F0E0      		ldi r31,hi8(58)
 382 029a 9081      		ld r25,Z
 383 029c 8A81      		ldd r24,Y+2
 384 029e 892B      		or r24,r25
 385 02a0 8C93      		st X,r24
 386               	.L10:
 387               	.LM20:
 388 02a2 8D81      		ldd r24,Y+5
 389 02a4 8031      		cpi r24,lo8(16)
 390 02a6 01F4      		brne .L11
 391 02a8 8C81      		ldd r24,Y+4
 392 02aa 882F      		mov r24,r24
 393 02ac 90E0      		ldi r25,lo8(0)
 394 02ae 880F      		lsl r24
 395 02b0 991F      		rol r25
 396 02b2 FC01      		movw r30,r24
 397 02b4 E050      		subi r30,lo8(-(mcp3201_p_cs))
 398 02b6 F040      		sbci r31,hi8(-(mcp3201_p_cs))
 399 02b8 88E3      		ldi r24,lo8(56)
GAS LISTING C:\Users\alex\AppData\Local\Temp/ccHbmPnG.s 			page 8


 400 02ba 90E0      		ldi r25,hi8(56)
 401 02bc 9183      		std Z+1,r25
 402 02be 8083      		st Z,r24
 403 02c0 A7E3      		ldi r26,lo8(55)
 404 02c2 B0E0      		ldi r27,hi8(55)
 405 02c4 E7E3      		ldi r30,lo8(55)
 406 02c6 F0E0      		ldi r31,hi8(55)
 407 02c8 9081      		ld r25,Z
 408 02ca 8A81      		ldd r24,Y+2
 409 02cc 892B      		or r24,r25
 410 02ce 8C93      		st X,r24
 411               	.L11:
 412               	.LM21:
 413 02d0 8D81      		ldd r24,Y+5
 414 02d2 8032      		cpi r24,lo8(32)
 415 02d4 01F4      		brne .L12
 416 02d6 8C81      		ldd r24,Y+4
 417 02d8 882F      		mov r24,r24
 418 02da 90E0      		ldi r25,lo8(0)
 419 02dc 880F      		lsl r24
 420 02de 991F      		rol r25
 421 02e0 FC01      		movw r30,r24
 422 02e2 E050      		subi r30,lo8(-(mcp3201_p_cs))
 423 02e4 F040      		sbci r31,hi8(-(mcp3201_p_cs))
 424 02e6 85E3      		ldi r24,lo8(53)
 425 02e8 90E0      		ldi r25,hi8(53)
 426 02ea 9183      		std Z+1,r25
 427 02ec 8083      		st Z,r24
 428 02ee A4E3      		ldi r26,lo8(52)
 429 02f0 B0E0      		ldi r27,hi8(52)
 430 02f2 E4E3      		ldi r30,lo8(52)
 431 02f4 F0E0      		ldi r31,hi8(52)
 432 02f6 9081      		ld r25,Z
 433 02f8 8A81      		ldd r24,Y+2
 434 02fa 892B      		or r24,r25
 435 02fc 8C93      		st X,r24
 436               	.L12:
 437               	.LM22:
 438 02fe 8D81      		ldd r24,Y+5
 439 0300 8033      		cpi r24,lo8(48)
 440 0302 01F4      		brne .L13
 441 0304 8C81      		ldd r24,Y+4
 442 0306 882F      		mov r24,r24
 443 0308 90E0      		ldi r25,lo8(0)
 444 030a 880F      		lsl r24
 445 030c 991F      		rol r25
 446 030e FC01      		movw r30,r24
 447 0310 E050      		subi r30,lo8(-(mcp3201_p_cs))
 448 0312 F040      		sbci r31,hi8(-(mcp3201_p_cs))
 449 0314 82E3      		ldi r24,lo8(50)
 450 0316 90E0      		ldi r25,hi8(50)
 451 0318 9183      		std Z+1,r25
 452 031a 8083      		st Z,r24
 453 031c A1E3      		ldi r26,lo8(49)
 454 031e B0E0      		ldi r27,hi8(49)
 455 0320 E1E3      		ldi r30,lo8(49)
 456 0322 F0E0      		ldi r31,hi8(49)
GAS LISTING C:\Users\alex\AppData\Local\Temp/ccHbmPnG.s 			page 9


 457 0324 9081      		ld r25,Z
 458 0326 8A81      		ldd r24,Y+2
 459 0328 892B      		or r24,r25
 460 032a 8C93      		st X,r24
 461               	.L13:
 462               	.LM23:
 463 032c 8C81      		ldd r24,Y+4
 464 032e 882F      		mov r24,r24
 465 0330 90E0      		ldi r25,lo8(0)
 466 0332 880F      		lsl r24
 467 0334 991F      		rol r25
 468 0336 FC01      		movw r30,r24
 469 0338 E050      		subi r30,lo8(-(mcp3201_p_cs))
 470 033a F040      		sbci r31,hi8(-(mcp3201_p_cs))
 471 033c A081      		ld r26,Z
 472 033e B181      		ldd r27,Z+1
 473 0340 8C81      		ldd r24,Y+4
 474 0342 882F      		mov r24,r24
 475 0344 90E0      		ldi r25,lo8(0)
 476 0346 880F      		lsl r24
 477 0348 991F      		rol r25
 478 034a FC01      		movw r30,r24
 479 034c E050      		subi r30,lo8(-(mcp3201_p_cs))
 480 034e F040      		sbci r31,hi8(-(mcp3201_p_cs))
 481 0350 0190      		ld __tmp_reg__,Z+
 482 0352 F081      		ld r31,Z
 483 0354 E02D      		mov r30,__tmp_reg__
 484 0356 2081      		ld r18,Z
 485 0358 8C81      		ldd r24,Y+4
 486 035a 882F      		mov r24,r24
 487 035c 90E0      		ldi r25,lo8(0)
 488 035e FC01      		movw r30,r24
 489 0360 E050      		subi r30,lo8(-(mcp3201_b_cs))
 490 0362 F040      		sbci r31,hi8(-(mcp3201_b_cs))
 491 0364 8081      		ld r24,Z
 492 0366 822B      		or r24,r18
 493 0368 8C93      		st X,r24
 494               	.LM24:
 495 036a 8C81      		ldd r24,Y+4
 496 036c 882F      		mov r24,r24
 497 036e 90E0      		ldi r25,lo8(0)
 498 0370 880F      		lsl r24
 499 0372 991F      		rol r25
 500 0374 FC01      		movw r30,r24
 501 0376 E050      		subi r30,lo8(-(mcp3201_p_clk))
 502 0378 F040      		sbci r31,hi8(-(mcp3201_p_clk))
 503 037a A081      		ld r26,Z
 504 037c B181      		ldd r27,Z+1
 505 037e 8C81      		ldd r24,Y+4
 506 0380 882F      		mov r24,r24
 507 0382 90E0      		ldi r25,lo8(0)
 508 0384 880F      		lsl r24
 509 0386 991F      		rol r25
 510 0388 FC01      		movw r30,r24
 511 038a E050      		subi r30,lo8(-(mcp3201_p_clk))
 512 038c F040      		sbci r31,hi8(-(mcp3201_p_clk))
 513 038e 0190      		ld __tmp_reg__,Z+
GAS LISTING C:\Users\alex\AppData\Local\Temp/ccHbmPnG.s 			page 10


 514 0390 F081      		ld r31,Z
 515 0392 E02D      		mov r30,__tmp_reg__
 516 0394 8081      		ld r24,Z
 517 0396 282F      		mov r18,r24
 518 0398 8C81      		ldd r24,Y+4
 519 039a 882F      		mov r24,r24
 520 039c 90E0      		ldi r25,lo8(0)
 521 039e FC01      		movw r30,r24
 522 03a0 E050      		subi r30,lo8(-(mcp3201_b_clk))
 523 03a2 F040      		sbci r31,hi8(-(mcp3201_b_clk))
 524 03a4 8081      		ld r24,Z
 525 03a6 8095      		com r24
 526 03a8 8223      		and r24,r18
 527 03aa 8C93      		st X,r24
 528               	.LM25:
 529 03ac 8C81      		ldd r24,Y+4
 530 03ae 882F      		mov r24,r24
 531 03b0 90E0      		ldi r25,lo8(0)
 532 03b2 880F      		lsl r24
 533 03b4 991F      		rol r25
 534 03b6 FC01      		movw r30,r24
 535 03b8 E050      		subi r30,lo8(-(mcp3201_p_data))
 536 03ba F040      		sbci r31,hi8(-(mcp3201_p_data))
 537 03bc A081      		ld r26,Z
 538 03be B181      		ldd r27,Z+1
 539 03c0 8C81      		ldd r24,Y+4
 540 03c2 882F      		mov r24,r24
 541 03c4 90E0      		ldi r25,lo8(0)
 542 03c6 880F      		lsl r24
 543 03c8 991F      		rol r25
 544 03ca FC01      		movw r30,r24
 545 03cc E050      		subi r30,lo8(-(mcp3201_p_data))
 546 03ce F040      		sbci r31,hi8(-(mcp3201_p_data))
 547 03d0 0190      		ld __tmp_reg__,Z+
 548 03d2 F081      		ld r31,Z
 549 03d4 E02D      		mov r30,__tmp_reg__
 550 03d6 2081      		ld r18,Z
 551 03d8 8C81      		ldd r24,Y+4
 552 03da 882F      		mov r24,r24
 553 03dc 90E0      		ldi r25,lo8(0)
 554 03de FC01      		movw r30,r24
 555 03e0 E050      		subi r30,lo8(-(mcp3201_b_data))
 556 03e2 F040      		sbci r31,hi8(-(mcp3201_b_data))
 557 03e4 8081      		ld r24,Z
 558 03e6 822B      		or r24,r18
 559 03e8 8C93      		st X,r24
 560               	/* epilogue start */
 561               	.LM26:
 562 03ea 2796      		adiw r28,7
 563 03ec 0FB6      		in __tmp_reg__,__SREG__
 564 03ee F894      		cli
 565 03f0 DEBF      		out __SP_H__,r29
 566 03f2 0FBE      		out __SREG__,__tmp_reg__
 567 03f4 CDBF      		out __SP_L__,r28
 568 03f6 CF91      		pop r28
 569 03f8 DF91      		pop r29
 570 03fa 0895      		ret
GAS LISTING C:\Users\alex\AppData\Local\Temp/ccHbmPnG.s 			page 11


 571               	.LFE2:
 572               		.size	init_mcp3201, .-init_mcp3201
 573               	.global	mcp3201_getw
 574               		.type	mcp3201_getw, @function
 575               	mcp3201_getw:
 576               	.LFB3:
 577               	.LM27:
 578 03fc DF93      		push r29
 579 03fe CF93      		push r28
 580 0400 CDB7      		in r28,__SP_L__
 581 0402 DEB7      		in r29,__SP_H__
 582 0404 2D97      		sbiw r28,13
 583 0406 0FB6      		in __tmp_reg__,__SREG__
 584 0408 F894      		cli
 585 040a DEBF      		out __SP_H__,r29
 586 040c 0FBE      		out __SREG__,__tmp_reg__
 587 040e CDBF      		out __SP_L__,r28
 588               	/* prologue: function */
 589               	/* frame size = 13 */
 590 0410 8D87      		std Y+13,r24
 591               	.LM28:
 592 0412 8D85      		ldd r24,Y+13
 593 0414 882F      		mov r24,r24
 594 0416 90E0      		ldi r25,lo8(0)
 595 0418 880F      		lsl r24
 596 041a 991F      		rol r25
 597 041c FC01      		movw r30,r24
 598 041e E050      		subi r30,lo8(-(mcp3201_p_clk))
 599 0420 F040      		sbci r31,hi8(-(mcp3201_p_clk))
 600 0422 8081      		ld r24,Z
 601 0424 9181      		ldd r25,Z+1
 602 0426 9C87      		std Y+12,r25
 603 0428 8B87      		std Y+11,r24
 604               	.LM29:
 605 042a 8D85      		ldd r24,Y+13
 606 042c 882F      		mov r24,r24
 607 042e 90E0      		ldi r25,lo8(0)
 608 0430 880F      		lsl r24
 609 0432 991F      		rol r25
 610 0434 FC01      		movw r30,r24
 611 0436 E050      		subi r30,lo8(-(mcp3201_p_data))
 612 0438 F040      		sbci r31,hi8(-(mcp3201_p_data))
 613 043a 8081      		ld r24,Z
 614 043c 9181      		ldd r25,Z+1
 615 043e 9887      		std Y+8,r25
 616 0440 8F83      		std Y+7,r24
 617               	.LM30:
 618 0442 8D85      		ldd r24,Y+13
 619 0444 882F      		mov r24,r24
 620 0446 90E0      		ldi r25,lo8(0)
 621 0448 880F      		lsl r24
 622 044a 991F      		rol r25
 623 044c FC01      		movw r30,r24
 624 044e E050      		subi r30,lo8(-(mcp3201_p_cs))
 625 0450 F040      		sbci r31,hi8(-(mcp3201_p_cs))
 626 0452 8081      		ld r24,Z
 627 0454 9181      		ldd r25,Z+1
GAS LISTING C:\Users\alex\AppData\Local\Temp/ccHbmPnG.s 			page 12


 628 0456 9A87      		std Y+10,r25
 629 0458 8987      		std Y+9,r24
 630               	.LM31:
 631 045a 8D85      		ldd r24,Y+13
 632 045c 882F      		mov r24,r24
 633 045e 90E0      		ldi r25,lo8(0)
 634 0460 FC01      		movw r30,r24
 635 0462 E050      		subi r30,lo8(-(mcp3201_b_clk))
 636 0464 F040      		sbci r31,hi8(-(mcp3201_b_clk))
 637 0466 8081      		ld r24,Z
 638 0468 8E83      		std Y+6,r24
 639               	.LM32:
 640 046a 8D85      		ldd r24,Y+13
 641 046c 882F      		mov r24,r24
 642 046e 90E0      		ldi r25,lo8(0)
 643 0470 FC01      		movw r30,r24
 644 0472 E050      		subi r30,lo8(-(mcp3201_b_data))
 645 0474 F040      		sbci r31,hi8(-(mcp3201_b_data))
 646 0476 8081      		ld r24,Z
 647 0478 8C83      		std Y+4,r24
 648               	.LM33:
 649 047a 8D85      		ldd r24,Y+13
 650 047c 882F      		mov r24,r24
 651 047e 90E0      		ldi r25,lo8(0)
 652 0480 FC01      		movw r30,r24
 653 0482 E050      		subi r30,lo8(-(mcp3201_b_cs))
 654 0484 F040      		sbci r31,hi8(-(mcp3201_b_cs))
 655 0486 8081      		ld r24,Z
 656 0488 8D83      		std Y+5,r24
 657               	.LM34:
 658 048a EB85      		ldd r30,Y+11
 659 048c FC85      		ldd r31,Y+12
 660 048e 8081      		ld r24,Z
 661 0490 982F      		mov r25,r24
 662 0492 8E81      		ldd r24,Y+6
 663 0494 8095      		com r24
 664 0496 8923      		and r24,r25
 665 0498 EB85      		ldd r30,Y+11
 666 049a FC85      		ldd r31,Y+12
 667 049c 8083      		st Z,r24
 668               	.LM35:
 669 049e E985      		ldd r30,Y+9
 670 04a0 FA85      		ldd r31,Y+10
 671 04a2 8081      		ld r24,Z
 672 04a4 982F      		mov r25,r24
 673 04a6 8D81      		ldd r24,Y+5
 674 04a8 8095      		com r24
 675 04aa 8923      		and r24,r25
 676 04ac E985      		ldd r30,Y+9
 677 04ae FA85      		ldd r31,Y+10
 678 04b0 8083      		st Z,r24
 679               	.LM36:
 680 04b2 84E1      		ldi r24,lo8(20)
 681 04b4 90E0      		ldi r25,hi8(20)
 682 04b6 0E94 0000 		call udelay
 683               	.LM37:
 684 04ba 1A82      		std Y+2,__zero_reg__
GAS LISTING C:\Users\alex\AppData\Local\Temp/ccHbmPnG.s 			page 13


 685 04bc 1982      		std Y+1,__zero_reg__
 686               	.LM38:
 687 04be 1B82      		std Y+3,__zero_reg__
 688 04c0 00C0      		rjmp .L16
 689               	.L18:
 690               	.LM39:
 691 04c2 EB85      		ldd r30,Y+11
 692 04c4 FC85      		ldd r31,Y+12
 693 04c6 9081      		ld r25,Z
 694 04c8 8E81      		ldd r24,Y+6
 695 04ca 892B      		or r24,r25
 696 04cc EB85      		ldd r30,Y+11
 697 04ce FC85      		ldd r31,Y+12
 698 04d0 8083      		st Z,r24
 699               	.LM40:
 700 04d2 84E6      		ldi r24,lo8(100)
 701 04d4 90E0      		ldi r25,hi8(100)
 702 04d6 0E94 0000 		call udelay
 703               	.LM41:
 704 04da EB85      		ldd r30,Y+11
 705 04dc FC85      		ldd r31,Y+12
 706 04de 8081      		ld r24,Z
 707 04e0 982F      		mov r25,r24
 708 04e2 8E81      		ldd r24,Y+6
 709 04e4 8095      		com r24
 710 04e6 8923      		and r24,r25
 711 04e8 EB85      		ldd r30,Y+11
 712 04ea FC85      		ldd r31,Y+12
 713 04ec 8083      		st Z,r24
 714               	.LM42:
 715 04ee 84E6      		ldi r24,lo8(100)
 716 04f0 90E0      		ldi r25,hi8(100)
 717 04f2 0E94 0000 		call udelay
 718               	.LM43:
 719 04f6 8981      		ldd r24,Y+1
 720 04f8 9A81      		ldd r25,Y+2
 721 04fa 880F      		lsl r24
 722 04fc 991F      		rol r25
 723 04fe 9A83      		std Y+2,r25
 724 0500 8983      		std Y+1,r24
 725               	.LM44:
 726 0502 EF81      		ldd r30,Y+7
 727 0504 F885      		ldd r31,Y+8
 728 0506 9081      		ld r25,Z
 729 0508 8C81      		ldd r24,Y+4
 730 050a 8923      		and r24,r25
 731 050c 8823      		tst r24
 732 050e 01F0      		breq .L17
 733 0510 8981      		ldd r24,Y+1
 734 0512 9A81      		ldd r25,Y+2
 735 0514 0196      		adiw r24,1
 736 0516 9A83      		std Y+2,r25
 737 0518 8983      		std Y+1,r24
 738               	.L17:
 739               	.LM45:
 740 051a 8B81      		ldd r24,Y+3
 741 051c 8F5F      		subi r24,lo8(-(1))
GAS LISTING C:\Users\alex\AppData\Local\Temp/ccHbmPnG.s 			page 14


 742 051e 8B83      		std Y+3,r24
 743               	.L16:
 744 0520 8B81      		ldd r24,Y+3
 745 0522 8031      		cpi r24,lo8(16)
 746 0524 00F0      		brlo .L18
 747               	.LM46:
 748 0526 84E6      		ldi r24,lo8(100)
 749 0528 90E0      		ldi r25,hi8(100)
 750 052a 0E94 0000 		call udelay
 751               	.LM47:
 752 052e E985      		ldd r30,Y+9
 753 0530 FA85      		ldd r31,Y+10
 754 0532 9081      		ld r25,Z
 755 0534 8D81      		ldd r24,Y+5
 756 0536 892B      		or r24,r25
 757 0538 E985      		ldd r30,Y+9
 758 053a FA85      		ldd r31,Y+10
 759 053c 8083      		st Z,r24
 760               	.LM48:
 761 053e 8981      		ldd r24,Y+1
 762 0540 9A81      		ldd r25,Y+2
 763 0542 9695      		lsr r25
 764 0544 8795      		ror r24
 765 0546 9F70      		andi r25,hi8(4095)
 766               	/* epilogue start */
 767               	.LM49:
 768 0548 2D96      		adiw r28,13
 769 054a 0FB6      		in __tmp_reg__,__SREG__
 770 054c F894      		cli
 771 054e DEBF      		out __SP_H__,r29
 772 0550 0FBE      		out __SREG__,__tmp_reg__
 773 0552 CDBF      		out __SP_L__,r28
 774 0554 CF91      		pop r28
 775 0556 DF91      		pop r29
 776 0558 0895      		ret
 777               	.LFE3:
 778               		.size	mcp3201_getw, .-mcp3201_getw
 779               		.comm mcp3201_p_cs,8,1
 780               		.comm mcp3201_p_data,8,1
 781               		.comm mcp3201_p_clk,8,1
 782               		.comm mcp3201_b_cs,4,1
 783               		.comm mcp3201_b_data,4,1
 784               		.comm mcp3201_b_clk,4,1
 785               		.section	.debug_frame,"",@progbits
 786               	.Lframe0:
 787 0000 0C00 0000 		.long	.LECIE0-.LSCIE0
 788               	.LSCIE0:
 789 0004 FFFF FFFF 		.long	0xffffffff
 790 0008 01        		.byte	0x1
 791 0009 00        		.string	""
 792 000a 01        		.uleb128 0x1
 793 000b 7F        		.sleb128 -1
 794 000c 24        		.byte	0x24
 795 000d 0C        		.byte	0xc
 796 000e 20        		.uleb128 0x20
 797 000f 00        		.uleb128 0x0
 798               		.p2align	2
GAS LISTING C:\Users\alex\AppData\Local\Temp/ccHbmPnG.s 			page 15


 799               	.LECIE0:
 800               	.LSFDE0:
 801 0010 0C00 0000 		.long	.LEFDE0-.LASFDE0
 802               	.LASFDE0:
 803 0014 0000 0000 		.long	.Lframe0
 804 0018 0000 0000 		.long	.LFB2
 805 001c FC03 0000 		.long	.LFE2-.LFB2
 806               		.p2align	2
 807               	.LEFDE0:
 808               	.LSFDE2:
 809 0020 0C00 0000 		.long	.LEFDE2-.LASFDE2
 810               	.LASFDE2:
 811 0024 0000 0000 		.long	.Lframe0
 812 0028 0000 0000 		.long	.LFB3
 813 002c 5E01 0000 		.long	.LFE3-.LFB3
 814               		.p2align	2
 815               	.LEFDE2:
 816               		.text
 817               	.Letext0:
 818               		.section	.debug_info
 819 0000 1502 0000 		.long	0x215
 820 0004 0200      		.word	0x2
 821 0006 0000 0000 		.long	.Ldebug_abbrev0
 822 000a 04        		.byte	0x4
 823 000b 01        		.uleb128 0x1
 824 000c 0000 0000 		.long	.LASF20
 825 0010 01        		.byte	0x1
 826 0011 0000 0000 		.long	.LASF21
 827 0015 0000 0000 		.long	.LASF22
 828 0019 0000 0000 		.long	.Ltext0
 829 001d 0000 0000 		.long	.Letext0
 830 0021 0000 0000 		.long	.Ldebug_line0
 831 0025 02        		.uleb128 0x2
 832 0026 01        		.byte	0x1
 833 0027 06        		.byte	0x6
 834 0028 0000 0000 		.long	.LASF0
 835 002c 03        		.uleb128 0x3
 836 002d 0000 0000 		.long	.LASF23
 837 0031 02        		.byte	0x2
 838 0032 7A        		.byte	0x7a
 839 0033 3700 0000 		.long	0x37
 840 0037 02        		.uleb128 0x2
 841 0038 01        		.byte	0x1
 842 0039 08        		.byte	0x8
 843 003a 0000 0000 		.long	.LASF1
 844 003e 04        		.uleb128 0x4
 845 003f 02        		.byte	0x2
 846 0040 05        		.byte	0x5
 847 0041 696E 7400 		.string	"int"
 848 0045 02        		.uleb128 0x2
 849 0046 02        		.byte	0x2
 850 0047 07        		.byte	0x7
 851 0048 0000 0000 		.long	.LASF2
 852 004c 02        		.uleb128 0x2
 853 004d 04        		.byte	0x4
 854 004e 05        		.byte	0x5
 855 004f 0000 0000 		.long	.LASF3
GAS LISTING C:\Users\alex\AppData\Local\Temp/ccHbmPnG.s 			page 16


 856 0053 02        		.uleb128 0x2
 857 0054 04        		.byte	0x4
 858 0055 07        		.byte	0x7
 859 0056 0000 0000 		.long	.LASF4
 860 005a 02        		.uleb128 0x2
 861 005b 08        		.byte	0x8
 862 005c 05        		.byte	0x5
 863 005d 0000 0000 		.long	.LASF5
 864 0061 02        		.uleb128 0x2
 865 0062 08        		.byte	0x8
 866 0063 07        		.byte	0x7
 867 0064 0000 0000 		.long	.LASF6
 868 0068 05        		.uleb128 0x5
 869 0069 01        		.byte	0x1
 870 006a 08        		.byte	0x8
 871 006b 06        		.uleb128 0x6
 872 006c 01        		.byte	0x1
 873 006d 0000 0000 		.long	.LASF24
 874 0071 01        		.byte	0x1
 875 0072 17        		.byte	0x17
 876 0073 01        		.byte	0x1
 877 0074 0000 0000 		.long	.LFB2
 878 0078 0000 0000 		.long	.LFE2
 879 007c 02        		.byte	0x2
 880 007d 90        		.byte	0x90
 881 007e 20        		.uleb128 0x20
 882 007f E500 0000 		.long	0xe5
 883 0083 07        		.uleb128 0x7
 884 0084 0000 0000 		.long	.LASF7
 885 0088 01        		.byte	0x1
 886 0089 15        		.byte	0x15
 887 008a 2C00 0000 		.long	0x2c
 888 008e 02        		.byte	0x2
 889 008f 8C        		.byte	0x8c
 890 0090 04        		.sleb128 4
 891 0091 08        		.uleb128 0x8
 892 0092 6373 00   		.string	"cs"
 893 0095 01        		.byte	0x1
 894 0096 15        		.byte	0x15
 895 0097 2C00 0000 		.long	0x2c
 896 009b 02        		.byte	0x2
 897 009c 8C        		.byte	0x8c
 898 009d 05        		.sleb128 5
 899 009e 08        		.uleb128 0x8
 900 009f 636C 6B00 		.string	"clk"
 901 00a3 01        		.byte	0x1
 902 00a4 15        		.byte	0x15
 903 00a5 2C00 0000 		.long	0x2c
 904 00a9 02        		.byte	0x2
 905 00aa 8C        		.byte	0x8c
 906 00ab 06        		.sleb128 6
 907 00ac 07        		.uleb128 0x7
 908 00ad 0000 0000 		.long	.LASF8
 909 00b1 01        		.byte	0x1
 910 00b2 15        		.byte	0x15
 911 00b3 2C00 0000 		.long	0x2c
 912 00b7 02        		.byte	0x2
GAS LISTING C:\Users\alex\AppData\Local\Temp/ccHbmPnG.s 			page 17


 913 00b8 8C        		.byte	0x8c
 914 00b9 07        		.sleb128 7
 915 00ba 09        		.uleb128 0x9
 916 00bb 0000 0000 		.long	.LASF9
 917 00bf 01        		.byte	0x1
 918 00c0 18        		.byte	0x18
 919 00c1 2C00 0000 		.long	0x2c
 920 00c5 02        		.byte	0x2
 921 00c6 8C        		.byte	0x8c
 922 00c7 03        		.sleb128 3
 923 00c8 0A        		.uleb128 0xa
 924 00c9 6263 7300 		.string	"bcs"
 925 00cd 01        		.byte	0x1
 926 00ce 18        		.byte	0x18
 927 00cf 2C00 0000 		.long	0x2c
 928 00d3 02        		.byte	0x2
 929 00d4 8C        		.byte	0x8c
 930 00d5 02        		.sleb128 2
 931 00d6 09        		.uleb128 0x9
 932 00d7 0000 0000 		.long	.LASF10
 933 00db 01        		.byte	0x1
 934 00dc 18        		.byte	0x18
 935 00dd 2C00 0000 		.long	0x2c
 936 00e1 02        		.byte	0x2
 937 00e2 8C        		.byte	0x8c
 938 00e3 01        		.sleb128 1
 939 00e4 00        		.byte	0x0
 940 00e5 0B        		.uleb128 0xb
 941 00e6 01        		.byte	0x1
 942 00e7 0000 0000 		.long	.LASF25
 943 00eb 01        		.byte	0x1
 944 00ec 3C        		.byte	0x3c
 945 00ed 01        		.byte	0x1
 946 00ee 4500 0000 		.long	0x45
 947 00f2 0000 0000 		.long	.LFB3
 948 00f6 0000 0000 		.long	.LFE3
 949 00fa 02        		.byte	0x2
 950 00fb 90        		.byte	0x90
 951 00fc 20        		.uleb128 0x20
 952 00fd 7E01 0000 		.long	0x17e
 953 0101 07        		.uleb128 0x7
 954 0102 0000 0000 		.long	.LASF7
 955 0106 01        		.byte	0x1
 956 0107 39        		.byte	0x39
 957 0108 2C00 0000 		.long	0x2c
 958 010c 02        		.byte	0x2
 959 010d 8C        		.byte	0x8c
 960 010e 0D        		.sleb128 13
 961 010f 09        		.uleb128 0x9
 962 0110 0000 0000 		.long	.LASF11
 963 0114 01        		.byte	0x1
 964 0115 3D        		.byte	0x3d
 965 0116 7E01 0000 		.long	0x17e
 966 011a 02        		.byte	0x2
 967 011b 8C        		.byte	0x8c
 968 011c 0B        		.sleb128 11
 969 011d 0A        		.uleb128 0xa
GAS LISTING C:\Users\alex\AppData\Local\Temp/ccHbmPnG.s 			page 18


 970 011e 7063 7300 		.string	"pcs"
 971 0122 01        		.byte	0x1
 972 0123 3D        		.byte	0x3d
 973 0124 7E01 0000 		.long	0x17e
 974 0128 02        		.byte	0x2
 975 0129 8C        		.byte	0x8c
 976 012a 09        		.sleb128 9
 977 012b 09        		.uleb128 0x9
 978 012c 0000 0000 		.long	.LASF12
 979 0130 01        		.byte	0x1
 980 0131 3D        		.byte	0x3d
 981 0132 7E01 0000 		.long	0x17e
 982 0136 02        		.byte	0x2
 983 0137 8C        		.byte	0x8c
 984 0138 07        		.sleb128 7
 985 0139 09        		.uleb128 0x9
 986 013a 0000 0000 		.long	.LASF9
 987 013e 01        		.byte	0x1
 988 013f 3E        		.byte	0x3e
 989 0140 2C00 0000 		.long	0x2c
 990 0144 02        		.byte	0x2
 991 0145 8C        		.byte	0x8c
 992 0146 06        		.sleb128 6
 993 0147 0A        		.uleb128 0xa
 994 0148 6263 7300 		.string	"bcs"
 995 014c 01        		.byte	0x1
 996 014d 3E        		.byte	0x3e
 997 014e 2C00 0000 		.long	0x2c
 998 0152 02        		.byte	0x2
 999 0153 8C        		.byte	0x8c
 1000 0154 05        		.sleb128 5
 1001 0155 09        		.uleb128 0x9
 1002 0156 0000 0000 		.long	.LASF10
 1003 015a 01        		.byte	0x1
 1004 015b 3E        		.byte	0x3e
 1005 015c 2C00 0000 		.long	0x2c
 1006 0160 02        		.byte	0x2
 1007 0161 8C        		.byte	0x8c
 1008 0162 04        		.sleb128 4
 1009 0163 0A        		.uleb128 0xa
 1010 0164 6900      		.string	"i"
 1011 0166 01        		.byte	0x1
 1012 0167 3F        		.byte	0x3f
 1013 0168 2C00 0000 		.long	0x2c
 1014 016c 02        		.byte	0x2
 1015 016d 8C        		.byte	0x8c
 1016 016e 03        		.sleb128 3
 1017 016f 09        		.uleb128 0x9
 1018 0170 0000 0000 		.long	.LASF13
 1019 0174 01        		.byte	0x1
 1020 0175 40        		.byte	0x40
 1021 0176 4500 0000 		.long	0x45
 1022 017a 02        		.byte	0x2
 1023 017b 8C        		.byte	0x8c
 1024 017c 01        		.sleb128 1
 1025 017d 00        		.byte	0x0
 1026 017e 0C        		.uleb128 0xc
GAS LISTING C:\Users\alex\AppData\Local\Temp/ccHbmPnG.s 			page 19


 1027 017f 02        		.byte	0x2
 1028 0180 8401 0000 		.long	0x184
 1029 0184 0D        		.uleb128 0xd
 1030 0185 2C00 0000 		.long	0x2c
 1031 0189 0E        		.uleb128 0xe
 1032 018a 7E01 0000 		.long	0x17e
 1033 018e 9901 0000 		.long	0x199
 1034 0192 0F        		.uleb128 0xf
 1035 0193 9901 0000 		.long	0x199
 1036 0197 03        		.byte	0x3
 1037 0198 00        		.byte	0x0
 1038 0199 05        		.uleb128 0x5
 1039 019a 02        		.byte	0x2
 1040 019b 07        		.byte	0x7
 1041 019c 10        		.uleb128 0x10
 1042 019d 0000 0000 		.long	.LASF14
 1043 01a1 01        		.byte	0x1
 1044 01a2 0C        		.byte	0xc
 1045 01a3 8901 0000 		.long	0x189
 1046 01a7 01        		.byte	0x1
 1047 01a8 05        		.byte	0x5
 1048 01a9 03        		.byte	0x3
 1049 01aa 0000 0000 		.long	mcp3201_p_cs
 1050 01ae 10        		.uleb128 0x10
 1051 01af 0000 0000 		.long	.LASF15
 1052 01b3 01        		.byte	0x1
 1053 01b4 0D        		.byte	0xd
 1054 01b5 8901 0000 		.long	0x189
 1055 01b9 01        		.byte	0x1
 1056 01ba 05        		.byte	0x5
 1057 01bb 03        		.byte	0x3
 1058 01bc 0000 0000 		.long	mcp3201_p_data
 1059 01c0 10        		.uleb128 0x10
 1060 01c1 0000 0000 		.long	.LASF16
 1061 01c5 01        		.byte	0x1
 1062 01c6 0E        		.byte	0xe
 1063 01c7 8901 0000 		.long	0x189
 1064 01cb 01        		.byte	0x1
 1065 01cc 05        		.byte	0x5
 1066 01cd 03        		.byte	0x3
 1067 01ce 0000 0000 		.long	mcp3201_p_clk
 1068 01d2 0E        		.uleb128 0xe
 1069 01d3 2C00 0000 		.long	0x2c
 1070 01d7 E201 0000 		.long	0x1e2
 1071 01db 0F        		.uleb128 0xf
 1072 01dc 9901 0000 		.long	0x199
 1073 01e0 03        		.byte	0x3
 1074 01e1 00        		.byte	0x0
 1075 01e2 10        		.uleb128 0x10
 1076 01e3 0000 0000 		.long	.LASF17
 1077 01e7 01        		.byte	0x1
 1078 01e8 10        		.byte	0x10
 1079 01e9 D201 0000 		.long	0x1d2
 1080 01ed 01        		.byte	0x1
 1081 01ee 05        		.byte	0x5
 1082 01ef 03        		.byte	0x3
 1083 01f0 0000 0000 		.long	mcp3201_b_cs
GAS LISTING C:\Users\alex\AppData\Local\Temp/ccHbmPnG.s 			page 20


 1084 01f4 10        		.uleb128 0x10
 1085 01f5 0000 0000 		.long	.LASF18
 1086 01f9 01        		.byte	0x1
 1087 01fa 11        		.byte	0x11
 1088 01fb D201 0000 		.long	0x1d2
 1089 01ff 01        		.byte	0x1
 1090 0200 05        		.byte	0x5
 1091 0201 03        		.byte	0x3
 1092 0202 0000 0000 		.long	mcp3201_b_data
 1093 0206 10        		.uleb128 0x10
 1094 0207 0000 0000 		.long	.LASF19
 1095 020b 01        		.byte	0x1
 1096 020c 12        		.byte	0x12
 1097 020d D201 0000 		.long	0x1d2
 1098 0211 01        		.byte	0x1
 1099 0212 05        		.byte	0x5
 1100 0213 03        		.byte	0x3
 1101 0214 0000 0000 		.long	mcp3201_b_clk
 1102 0218 00        		.byte	0x0
 1103               		.section	.debug_abbrev
 1104 0000 01        		.uleb128 0x1
 1105 0001 11        		.uleb128 0x11
 1106 0002 01        		.byte	0x1
 1107 0003 25        		.uleb128 0x25
 1108 0004 0E        		.uleb128 0xe
 1109 0005 13        		.uleb128 0x13
 1110 0006 0B        		.uleb128 0xb
 1111 0007 03        		.uleb128 0x3
 1112 0008 0E        		.uleb128 0xe
 1113 0009 1B        		.uleb128 0x1b
 1114 000a 0E        		.uleb128 0xe
 1115 000b 11        		.uleb128 0x11
 1116 000c 01        		.uleb128 0x1
 1117 000d 12        		.uleb128 0x12
 1118 000e 01        		.uleb128 0x1
 1119 000f 10        		.uleb128 0x10
 1120 0010 06        		.uleb128 0x6
 1121 0011 00        		.byte	0x0
 1122 0012 00        		.byte	0x0
 1123 0013 02        		.uleb128 0x2
 1124 0014 24        		.uleb128 0x24
 1125 0015 00        		.byte	0x0
 1126 0016 0B        		.uleb128 0xb
 1127 0017 0B        		.uleb128 0xb
 1128 0018 3E        		.uleb128 0x3e
 1129 0019 0B        		.uleb128 0xb
 1130 001a 03        		.uleb128 0x3
 1131 001b 0E        		.uleb128 0xe
 1132 001c 00        		.byte	0x0
 1133 001d 00        		.byte	0x0
 1134 001e 03        		.uleb128 0x3
 1135 001f 16        		.uleb128 0x16
 1136 0020 00        		.byte	0x0
 1137 0021 03        		.uleb128 0x3
 1138 0022 0E        		.uleb128 0xe
 1139 0023 3A        		.uleb128 0x3a
 1140 0024 0B        		.uleb128 0xb
GAS LISTING C:\Users\alex\AppData\Local\Temp/ccHbmPnG.s 			page 21


 1141 0025 3B        		.uleb128 0x3b
 1142 0026 0B        		.uleb128 0xb
 1143 0027 49        		.uleb128 0x49
 1144 0028 13        		.uleb128 0x13
 1145 0029 00        		.byte	0x0
 1146 002a 00        		.byte	0x0
 1147 002b 04        		.uleb128 0x4
 1148 002c 24        		.uleb128 0x24
 1149 002d 00        		.byte	0x0
 1150 002e 0B        		.uleb128 0xb
 1151 002f 0B        		.uleb128 0xb
 1152 0030 3E        		.uleb128 0x3e
 1153 0031 0B        		.uleb128 0xb
 1154 0032 03        		.uleb128 0x3
 1155 0033 08        		.uleb128 0x8
 1156 0034 00        		.byte	0x0
 1157 0035 00        		.byte	0x0
 1158 0036 05        		.uleb128 0x5
 1159 0037 24        		.uleb128 0x24
 1160 0038 00        		.byte	0x0
 1161 0039 0B        		.uleb128 0xb
 1162 003a 0B        		.uleb128 0xb
 1163 003b 3E        		.uleb128 0x3e
 1164 003c 0B        		.uleb128 0xb
 1165 003d 00        		.byte	0x0
 1166 003e 00        		.byte	0x0
 1167 003f 06        		.uleb128 0x6
 1168 0040 2E        		.uleb128 0x2e
 1169 0041 01        		.byte	0x1
 1170 0042 3F        		.uleb128 0x3f
 1171 0043 0C        		.uleb128 0xc
 1172 0044 03        		.uleb128 0x3
 1173 0045 0E        		.uleb128 0xe
 1174 0046 3A        		.uleb128 0x3a
 1175 0047 0B        		.uleb128 0xb
 1176 0048 3B        		.uleb128 0x3b
 1177 0049 0B        		.uleb128 0xb
 1178 004a 27        		.uleb128 0x27
 1179 004b 0C        		.uleb128 0xc
 1180 004c 11        		.uleb128 0x11
 1181 004d 01        		.uleb128 0x1
 1182 004e 12        		.uleb128 0x12
 1183 004f 01        		.uleb128 0x1
 1184 0050 40        		.uleb128 0x40
 1185 0051 0A        		.uleb128 0xa
 1186 0052 01        		.uleb128 0x1
 1187 0053 13        		.uleb128 0x13
 1188 0054 00        		.byte	0x0
 1189 0055 00        		.byte	0x0
 1190 0056 07        		.uleb128 0x7
 1191 0057 05        		.uleb128 0x5
 1192 0058 00        		.byte	0x0
 1193 0059 03        		.uleb128 0x3
 1194 005a 0E        		.uleb128 0xe
 1195 005b 3A        		.uleb128 0x3a
 1196 005c 0B        		.uleb128 0xb
 1197 005d 3B        		.uleb128 0x3b
GAS LISTING C:\Users\alex\AppData\Local\Temp/ccHbmPnG.s 			page 22


 1198 005e 0B        		.uleb128 0xb
 1199 005f 49        		.uleb128 0x49
 1200 0060 13        		.uleb128 0x13
 1201 0061 02        		.uleb128 0x2
 1202 0062 0A        		.uleb128 0xa
 1203 0063 00        		.byte	0x0
 1204 0064 00        		.byte	0x0
 1205 0065 08        		.uleb128 0x8
 1206 0066 05        		.uleb128 0x5
 1207 0067 00        		.byte	0x0
 1208 0068 03        		.uleb128 0x3
 1209 0069 08        		.uleb128 0x8
 1210 006a 3A        		.uleb128 0x3a
 1211 006b 0B        		.uleb128 0xb
 1212 006c 3B        		.uleb128 0x3b
 1213 006d 0B        		.uleb128 0xb
 1214 006e 49        		.uleb128 0x49
 1215 006f 13        		.uleb128 0x13
 1216 0070 02        		.uleb128 0x2
 1217 0071 0A        		.uleb128 0xa
 1218 0072 00        		.byte	0x0
 1219 0073 00        		.byte	0x0
 1220 0074 09        		.uleb128 0x9
 1221 0075 34        		.uleb128 0x34
 1222 0076 00        		.byte	0x0
 1223 0077 03        		.uleb128 0x3
 1224 0078 0E        		.uleb128 0xe
 1225 0079 3A        		.uleb128 0x3a
 1226 007a 0B        		.uleb128 0xb
 1227 007b 3B        		.uleb128 0x3b
 1228 007c 0B        		.uleb128 0xb
 1229 007d 49        		.uleb128 0x49
 1230 007e 13        		.uleb128 0x13
 1231 007f 02        		.uleb128 0x2
 1232 0080 0A        		.uleb128 0xa
 1233 0081 00        		.byte	0x0
 1234 0082 00        		.byte	0x0
 1235 0083 0A        		.uleb128 0xa
 1236 0084 34        		.uleb128 0x34
 1237 0085 00        		.byte	0x0
 1238 0086 03        		.uleb128 0x3
 1239 0087 08        		.uleb128 0x8
 1240 0088 3A        		.uleb128 0x3a
 1241 0089 0B        		.uleb128 0xb
 1242 008a 3B        		.uleb128 0x3b
 1243 008b 0B        		.uleb128 0xb
 1244 008c 49        		.uleb128 0x49
 1245 008d 13        		.uleb128 0x13
 1246 008e 02        		.uleb128 0x2
 1247 008f 0A        		.uleb128 0xa
 1248 0090 00        		.byte	0x0
 1249 0091 00        		.byte	0x0
 1250 0092 0B        		.uleb128 0xb
 1251 0093 2E        		.uleb128 0x2e
 1252 0094 01        		.byte	0x1
 1253 0095 3F        		.uleb128 0x3f
 1254 0096 0C        		.uleb128 0xc
GAS LISTING C:\Users\alex\AppData\Local\Temp/ccHbmPnG.s 			page 23


 1255 0097 03        		.uleb128 0x3
 1256 0098 0E        		.uleb128 0xe
 1257 0099 3A        		.uleb128 0x3a
 1258 009a 0B        		.uleb128 0xb
 1259 009b 3B        		.uleb128 0x3b
 1260 009c 0B        		.uleb128 0xb
 1261 009d 27        		.uleb128 0x27
 1262 009e 0C        		.uleb128 0xc
 1263 009f 49        		.uleb128 0x49
 1264 00a0 13        		.uleb128 0x13
 1265 00a1 11        		.uleb128 0x11
 1266 00a2 01        		.uleb128 0x1
 1267 00a3 12        		.uleb128 0x12
 1268 00a4 01        		.uleb128 0x1
 1269 00a5 40        		.uleb128 0x40
 1270 00a6 0A        		.uleb128 0xa
 1271 00a7 01        		.uleb128 0x1
 1272 00a8 13        		.uleb128 0x13
 1273 00a9 00        		.byte	0x0
 1274 00aa 00        		.byte	0x0
 1275 00ab 0C        		.uleb128 0xc
 1276 00ac 0F        		.uleb128 0xf
 1277 00ad 00        		.byte	0x0
 1278 00ae 0B        		.uleb128 0xb
 1279 00af 0B        		.uleb128 0xb
 1280 00b0 49        		.uleb128 0x49
 1281 00b1 13        		.uleb128 0x13
 1282 00b2 00        		.byte	0x0
 1283 00b3 00        		.byte	0x0
 1284 00b4 0D        		.uleb128 0xd
 1285 00b5 35        		.uleb128 0x35
 1286 00b6 00        		.byte	0x0
 1287 00b7 49        		.uleb128 0x49
 1288 00b8 13        		.uleb128 0x13
 1289 00b9 00        		.byte	0x0
 1290 00ba 00        		.byte	0x0
 1291 00bb 0E        		.uleb128 0xe
 1292 00bc 01        		.uleb128 0x1
 1293 00bd 01        		.byte	0x1
 1294 00be 49        		.uleb128 0x49
 1295 00bf 13        		.uleb128 0x13
 1296 00c0 01        		.uleb128 0x1
 1297 00c1 13        		.uleb128 0x13
 1298 00c2 00        		.byte	0x0
 1299 00c3 00        		.byte	0x0
 1300 00c4 0F        		.uleb128 0xf
 1301 00c5 21        		.uleb128 0x21
 1302 00c6 00        		.byte	0x0
 1303 00c7 49        		.uleb128 0x49
 1304 00c8 13        		.uleb128 0x13
 1305 00c9 2F        		.uleb128 0x2f
 1306 00ca 0B        		.uleb128 0xb
 1307 00cb 00        		.byte	0x0
 1308 00cc 00        		.byte	0x0
 1309 00cd 10        		.uleb128 0x10
 1310 00ce 34        		.uleb128 0x34
 1311 00cf 00        		.byte	0x0
GAS LISTING C:\Users\alex\AppData\Local\Temp/ccHbmPnG.s 			page 24


 1312 00d0 03        		.uleb128 0x3
 1313 00d1 0E        		.uleb128 0xe
 1314 00d2 3A        		.uleb128 0x3a
 1315 00d3 0B        		.uleb128 0xb
 1316 00d4 3B        		.uleb128 0x3b
 1317 00d5 0B        		.uleb128 0xb
 1318 00d6 49        		.uleb128 0x49
 1319 00d7 13        		.uleb128 0x13
 1320 00d8 3F        		.uleb128 0x3f
 1321 00d9 0C        		.uleb128 0xc
 1322 00da 02        		.uleb128 0x2
 1323 00db 0A        		.uleb128 0xa
 1324 00dc 00        		.byte	0x0
 1325 00dd 00        		.byte	0x0
 1326 00de 00        		.byte	0x0
 1327               		.section	.debug_pubnames,"",@progbits
 1328 0000 9C00 0000 		.long	0x9c
 1329 0004 0200      		.word	0x2
 1330 0006 0000 0000 		.long	.Ldebug_info0
 1331 000a 1902 0000 		.long	0x219
 1332 000e 6B00 0000 		.long	0x6b
 1333 0012 696E 6974 		.string	"init_mcp3201"
 1333      5F6D 6370 
 1333      3332 3031 
 1333      00
 1334 001f E500 0000 		.long	0xe5
 1335 0023 6D63 7033 		.string	"mcp3201_getw"
 1335      3230 315F 
 1335      6765 7477 
 1335      00
 1336 0030 9C01 0000 		.long	0x19c
 1337 0034 6D63 7033 		.string	"mcp3201_p_cs"
 1337      3230 315F 
 1337      705F 6373 
 1337      00
 1338 0041 AE01 0000 		.long	0x1ae
 1339 0045 6D63 7033 		.string	"mcp3201_p_data"
 1339      3230 315F 
 1339      705F 6461 
 1339      7461 00
 1340 0054 C001 0000 		.long	0x1c0
 1341 0058 6D63 7033 		.string	"mcp3201_p_clk"
 1341      3230 315F 
 1341      705F 636C 
 1341      6B00 
 1342 0066 E201 0000 		.long	0x1e2
 1343 006a 6D63 7033 		.string	"mcp3201_b_cs"
 1343      3230 315F 
 1343      625F 6373 
 1343      00
 1344 0077 F401 0000 		.long	0x1f4
 1345 007b 6D63 7033 		.string	"mcp3201_b_data"
 1345      3230 315F 
 1345      625F 6461 
 1345      7461 00
 1346 008a 0602 0000 		.long	0x206
 1347 008e 6D63 7033 		.string	"mcp3201_b_clk"
GAS LISTING C:\Users\alex\AppData\Local\Temp/ccHbmPnG.s 			page 25


 1347      3230 315F 
 1347      625F 636C 
 1347      6B00 
 1348 009c 0000 0000 		.long	0x0
 1349               		.section	.debug_aranges,"",@progbits
 1350 0000 1C00 0000 		.long	0x1c
 1351 0004 0200      		.word	0x2
 1352 0006 0000 0000 		.long	.Ldebug_info0
 1353 000a 04        		.byte	0x4
 1354 000b 00        		.byte	0x0
 1355 000c 0000      		.word	0x0
 1356 000e 0000      		.word	0x0
 1357 0010 0000 0000 		.long	.Ltext0
 1358 0014 5A05 0000 		.long	.Letext0-.Ltext0
 1359 0018 0000 0000 		.long	0x0
 1360 001c 0000 0000 		.long	0x0
 1361               		.section	.debug_line
 1362 0000 EE01 0000 		.long	.LELT0-.LSLT0
 1363               	.LSLT0:
 1364 0004 0200      		.word	0x2
 1365 0006 5600 0000 		.long	.LELTP0-.LASLTP0
 1366               	.LASLTP0:
 1367 000a 01        		.byte	0x1
 1368 000b 01        		.byte	0x1
 1369 000c F6        		.byte	0xf6
 1370 000d F5        		.byte	0xf5
 1371 000e 0A        		.byte	0xa
 1372 000f 00        		.byte	0x0
 1373 0010 01        		.byte	0x1
 1374 0011 01        		.byte	0x1
 1375 0012 01        		.byte	0x1
 1376 0013 01        		.byte	0x1
 1377 0014 00        		.byte	0x0
 1378 0015 00        		.byte	0x0
 1379 0016 00        		.byte	0x0
 1380 0017 01        		.byte	0x1
 1381 0018 643A 2F77 		.ascii	"d:/winavr-20100110/lib/gcc/../../avr/include"
 1381      696E 6176 
 1381      722D 3230 
 1381      3130 3031 
 1381      3130 2F6C 
 1382 0044 00        		.byte	0
 1383 0045 00        		.byte	0x0
 1384 0046 6D63 7033 		.string	"mcp3201.c"
 1384      3230 312E 
 1384      6300 
 1385 0050 00        		.uleb128 0x0
 1386 0051 00        		.uleb128 0x0
 1387 0052 00        		.uleb128 0x0
 1388 0053 7374 6469 		.string	"stdint.h"
 1388      6E74 2E68 
 1388      00
 1389 005c 01        		.uleb128 0x1
 1390 005d 00        		.uleb128 0x0
 1391 005e 00        		.uleb128 0x0
 1392 005f 00        		.byte	0x0
 1393               	.LELTP0:
GAS LISTING C:\Users\alex\AppData\Local\Temp/ccHbmPnG.s 			page 26


 1394 0060 00        		.byte	0x0
 1395 0061 05        		.uleb128 0x5
 1396 0062 02        		.byte	0x2
 1397 0063 0000 0000 		.long	.LM1
 1398 0067 2A        		.byte	0x2a
 1399 0068 00        		.byte	0x0
 1400 0069 05        		.uleb128 0x5
 1401 006a 02        		.byte	0x2
 1402 006b 0000 0000 		.long	.LM2
 1403 006f 17        		.byte	0x17
 1404 0070 00        		.byte	0x0
 1405 0071 05        		.uleb128 0x5
 1406 0072 02        		.byte	0x2
 1407 0073 0000 0000 		.long	.LM3
 1408 0077 15        		.byte	0x15
 1409 0078 00        		.byte	0x0
 1410 0079 05        		.uleb128 0x5
 1411 007a 02        		.byte	0x2
 1412 007b 0000 0000 		.long	.LM4
 1413 007f 15        		.byte	0x15
 1414 0080 00        		.byte	0x0
 1415 0081 05        		.uleb128 0x5
 1416 0082 02        		.byte	0x2
 1417 0083 0000 0000 		.long	.LM5
 1418 0087 15        		.byte	0x15
 1419 0088 00        		.byte	0x0
 1420 0089 05        		.uleb128 0x5
 1421 008a 02        		.byte	0x2
 1422 008b 0000 0000 		.long	.LM6
 1423 008f 15        		.byte	0x15
 1424 0090 00        		.byte	0x0
 1425 0091 05        		.uleb128 0x5
 1426 0092 02        		.byte	0x2
 1427 0093 0000 0000 		.long	.LM7
 1428 0097 15        		.byte	0x15
 1429 0098 00        		.byte	0x0
 1430 0099 05        		.uleb128 0x5
 1431 009a 02        		.byte	0x2
 1432 009b 0000 0000 		.long	.LM8
 1433 009f 16        		.byte	0x16
 1434 00a0 00        		.byte	0x0
 1435 00a1 05        		.uleb128 0x5
 1436 00a2 02        		.byte	0x2
 1437 00a3 0000 0000 		.long	.LM9
 1438 00a7 15        		.byte	0x15
 1439 00a8 00        		.byte	0x0
 1440 00a9 05        		.uleb128 0x5
 1441 00aa 02        		.byte	0x2
 1442 00ab 0000 0000 		.long	.LM10
 1443 00af 15        		.byte	0x15
 1444 00b0 00        		.byte	0x0
 1445 00b1 05        		.uleb128 0x5
 1446 00b2 02        		.byte	0x2
 1447 00b3 0000 0000 		.long	.LM11
 1448 00b7 15        		.byte	0x15
 1449 00b8 00        		.byte	0x0
 1450 00b9 05        		.uleb128 0x5
GAS LISTING C:\Users\alex\AppData\Local\Temp/ccHbmPnG.s 			page 27


 1451 00ba 02        		.byte	0x2
 1452 00bb 0000 0000 		.long	.LM12
 1453 00bf 15        		.byte	0x15
 1454 00c0 00        		.byte	0x0
 1455 00c1 05        		.uleb128 0x5
 1456 00c2 02        		.byte	0x2
 1457 00c3 0000 0000 		.long	.LM13
 1458 00c7 16        		.byte	0x16
 1459 00c8 00        		.byte	0x0
 1460 00c9 05        		.uleb128 0x5
 1461 00ca 02        		.byte	0x2
 1462 00cb 0000 0000 		.long	.LM14
 1463 00cf 15        		.byte	0x15
 1464 00d0 00        		.byte	0x0
 1465 00d1 05        		.uleb128 0x5
 1466 00d2 02        		.byte	0x2
 1467 00d3 0000 0000 		.long	.LM15
 1468 00d7 15        		.byte	0x15
 1469 00d8 00        		.byte	0x0
 1470 00d9 05        		.uleb128 0x5
 1471 00da 02        		.byte	0x2
 1472 00db 0000 0000 		.long	.LM16
 1473 00df 15        		.byte	0x15
 1474 00e0 00        		.byte	0x0
 1475 00e1 05        		.uleb128 0x5
 1476 00e2 02        		.byte	0x2
 1477 00e3 0000 0000 		.long	.LM17
 1478 00e7 15        		.byte	0x15
 1479 00e8 00        		.byte	0x0
 1480 00e9 05        		.uleb128 0x5
 1481 00ea 02        		.byte	0x2
 1482 00eb 0000 0000 		.long	.LM18
 1483 00ef 16        		.byte	0x16
 1484 00f0 00        		.byte	0x0
 1485 00f1 05        		.uleb128 0x5
 1486 00f2 02        		.byte	0x2
 1487 00f3 0000 0000 		.long	.LM19
 1488 00f7 15        		.byte	0x15
 1489 00f8 00        		.byte	0x0
 1490 00f9 05        		.uleb128 0x5
 1491 00fa 02        		.byte	0x2
 1492 00fb 0000 0000 		.long	.LM20
 1493 00ff 15        		.byte	0x15
 1494 0100 00        		.byte	0x0
 1495 0101 05        		.uleb128 0x5
 1496 0102 02        		.byte	0x2
 1497 0103 0000 0000 		.long	.LM21
 1498 0107 15        		.byte	0x15
 1499 0108 00        		.byte	0x0
 1500 0109 05        		.uleb128 0x5
 1501 010a 02        		.byte	0x2
 1502 010b 0000 0000 		.long	.LM22
 1503 010f 15        		.byte	0x15
 1504 0110 00        		.byte	0x0
 1505 0111 05        		.uleb128 0x5
 1506 0112 02        		.byte	0x2
 1507 0113 0000 0000 		.long	.LM23
GAS LISTING C:\Users\alex\AppData\Local\Temp/ccHbmPnG.s 			page 28


 1508 0117 16        		.byte	0x16
 1509 0118 00        		.byte	0x0
 1510 0119 05        		.uleb128 0x5
 1511 011a 02        		.byte	0x2
 1512 011b 0000 0000 		.long	.LM24
 1513 011f 15        		.byte	0x15
 1514 0120 00        		.byte	0x0
 1515 0121 05        		.uleb128 0x5
 1516 0122 02        		.byte	0x2
 1517 0123 0000 0000 		.long	.LM25
 1518 0127 15        		.byte	0x15
 1519 0128 00        		.byte	0x0
 1520 0129 05        		.uleb128 0x5
 1521 012a 02        		.byte	0x2
 1522 012b 0000 0000 		.long	.LM26
 1523 012f 15        		.byte	0x15
 1524 0130 00        		.byte	0x0
 1525 0131 05        		.uleb128 0x5
 1526 0132 02        		.byte	0x2
 1527 0133 0000 0000 		.long	.LM27
 1528 0137 1A        		.byte	0x1a
 1529 0138 00        		.byte	0x0
 1530 0139 05        		.uleb128 0x5
 1531 013a 02        		.byte	0x2
 1532 013b 0000 0000 		.long	.LM28
 1533 013f 1A        		.byte	0x1a
 1534 0140 00        		.byte	0x0
 1535 0141 05        		.uleb128 0x5
 1536 0142 02        		.byte	0x2
 1537 0143 0000 0000 		.long	.LM29
 1538 0147 15        		.byte	0x15
 1539 0148 00        		.byte	0x0
 1540 0149 05        		.uleb128 0x5
 1541 014a 02        		.byte	0x2
 1542 014b 0000 0000 		.long	.LM30
 1543 014f 15        		.byte	0x15
 1544 0150 00        		.byte	0x0
 1545 0151 05        		.uleb128 0x5
 1546 0152 02        		.byte	0x2
 1547 0153 0000 0000 		.long	.LM31
 1548 0157 16        		.byte	0x16
 1549 0158 00        		.byte	0x0
 1550 0159 05        		.uleb128 0x5
 1551 015a 02        		.byte	0x2
 1552 015b 0000 0000 		.long	.LM32
 1553 015f 15        		.byte	0x15
 1554 0160 00        		.byte	0x0
 1555 0161 05        		.uleb128 0x5
 1556 0162 02        		.byte	0x2
 1557 0163 0000 0000 		.long	.LM33
 1558 0167 15        		.byte	0x15
 1559 0168 00        		.byte	0x0
 1560 0169 05        		.uleb128 0x5
 1561 016a 02        		.byte	0x2
 1562 016b 0000 0000 		.long	.LM34
 1563 016f 16        		.byte	0x16
 1564 0170 00        		.byte	0x0
GAS LISTING C:\Users\alex\AppData\Local\Temp/ccHbmPnG.s 			page 29


 1565 0171 05        		.uleb128 0x5
 1566 0172 02        		.byte	0x2
 1567 0173 0000 0000 		.long	.LM35
 1568 0177 15        		.byte	0x15
 1569 0178 00        		.byte	0x0
 1570 0179 05        		.uleb128 0x5
 1571 017a 02        		.byte	0x2
 1572 017b 0000 0000 		.long	.LM36
 1573 017f 16        		.byte	0x16
 1574 0180 00        		.byte	0x0
 1575 0181 05        		.uleb128 0x5
 1576 0182 02        		.byte	0x2
 1577 0183 0000 0000 		.long	.LM37
 1578 0187 15        		.byte	0x15
 1579 0188 00        		.byte	0x0
 1580 0189 05        		.uleb128 0x5
 1581 018a 02        		.byte	0x2
 1582 018b 0000 0000 		.long	.LM38
 1583 018f 15        		.byte	0x15
 1584 0190 00        		.byte	0x0
 1585 0191 05        		.uleb128 0x5
 1586 0192 02        		.byte	0x2
 1587 0193 0000 0000 		.long	.LM39
 1588 0197 16        		.byte	0x16
 1589 0198 00        		.byte	0x0
 1590 0199 05        		.uleb128 0x5
 1591 019a 02        		.byte	0x2
 1592 019b 0000 0000 		.long	.LM40
 1593 019f 15        		.byte	0x15
 1594 01a0 00        		.byte	0x0
 1595 01a1 05        		.uleb128 0x5
 1596 01a2 02        		.byte	0x2
 1597 01a3 0000 0000 		.long	.LM41
 1598 01a7 15        		.byte	0x15
 1599 01a8 00        		.byte	0x0
 1600 01a9 05        		.uleb128 0x5
 1601 01aa 02        		.byte	0x2
 1602 01ab 0000 0000 		.long	.LM42
 1603 01af 15        		.byte	0x15
 1604 01b0 00        		.byte	0x0
 1605 01b1 05        		.uleb128 0x5
 1606 01b2 02        		.byte	0x2
 1607 01b3 0000 0000 		.long	.LM43
 1608 01b7 15        		.byte	0x15
 1609 01b8 00        		.byte	0x0
 1610 01b9 05        		.uleb128 0x5
 1611 01ba 02        		.byte	0x2
 1612 01bb 0000 0000 		.long	.LM44
 1613 01bf 15        		.byte	0x15
 1614 01c0 00        		.byte	0x0
 1615 01c1 05        		.uleb128 0x5
 1616 01c2 02        		.byte	0x2
 1617 01c3 0000 0000 		.long	.LM45
 1618 01c7 0D        		.byte	0xd
 1619 01c8 00        		.byte	0x0
 1620 01c9 05        		.uleb128 0x5
 1621 01ca 02        		.byte	0x2
GAS LISTING C:\Users\alex\AppData\Local\Temp/ccHbmPnG.s 			page 30


 1622 01cb 0000 0000 		.long	.LM46
 1623 01cf 1E        		.byte	0x1e
 1624 01d0 00        		.byte	0x0
 1625 01d1 05        		.uleb128 0x5
 1626 01d2 02        		.byte	0x2
 1627 01d3 0000 0000 		.long	.LM47
 1628 01d7 15        		.byte	0x15
 1629 01d8 00        		.byte	0x0
 1630 01d9 05        		.uleb128 0x5
 1631 01da 02        		.byte	0x2
 1632 01db 0000 0000 		.long	.LM48
 1633 01df 16        		.byte	0x16
 1634 01e0 00        		.byte	0x0
 1635 01e1 05        		.uleb128 0x5
 1636 01e2 02        		.byte	0x2
 1637 01e3 0000 0000 		.long	.LM49
 1638 01e7 15        		.byte	0x15
 1639 01e8 00        		.byte	0x0
 1640 01e9 05        		.uleb128 0x5
 1641 01ea 02        		.byte	0x2
 1642 01eb 0000 0000 		.long	.Letext0
 1643 01ef 00        		.byte	0x0
 1644 01f0 01        		.uleb128 0x1
 1645 01f1 01        		.byte	0x1
 1646               	.LELT0:
 1647 01f2 1600 0000 		.section	.debug_str,"MS",@progbits,1
 1647      0200 1000 
 1647      0000 0101 
 1647      FB0E 0A00 
 1647      0101 0101 
 1648               	.LASF13:
 1649 0000 776F 7264 		.string	"word"
 1649      00
 1650               	.LASF12:
 1651 0005 7064 6174 		.string	"pdata"
 1651      6100 
 1652               	.LASF16:
 1653 000b 6D63 7033 		.string	"mcp3201_p_clk"
 1653      3230 315F 
 1653      705F 636C 
 1653      6B00 
 1654               	.LASF18:
 1655 0019 6D63 7033 		.string	"mcp3201_b_data"
 1655      3230 315F 
 1655      625F 6461 
 1655      7461 00
 1656               	.LASF8:
 1657 0028 6461 7461 		.string	"data"
 1657      00
 1658               	.LASF1:
 1659 002d 756E 7369 		.string	"unsigned char"
 1659      676E 6564 
 1659      2063 6861 
 1659      7200 
 1660               	.LASF4:
 1661 003b 6C6F 6E67 		.string	"long unsigned int"
 1661      2075 6E73 
GAS LISTING C:\Users\alex\AppData\Local\Temp/ccHbmPnG.s 			page 31


 1661      6967 6E65 
 1661      6420 696E 
 1661      7400 
 1662               	.LASF11:
 1663 004d 7063 6C6B 		.string	"pclk"
 1663      00
 1664               	.LASF20:
 1665 0052 474E 5520 		.string	"GNU C 4.3.3"
 1665      4320 342E 
 1665      332E 3300 
 1666               	.LASF9:
 1667 005e 6263 6C6B 		.string	"bclk"
 1667      00
 1668               	.LASF24:
 1669 0063 696E 6974 		.string	"init_mcp3201"
 1669      5F6D 6370 
 1669      3332 3031 
 1669      00
 1670               	.LASF15:
 1671 0070 6D63 7033 		.string	"mcp3201_p_data"
 1671      3230 315F 
 1671      705F 6461 
 1671      7461 00
 1672               	.LASF2:
 1673 007f 756E 7369 		.string	"unsigned int"
 1673      676E 6564 
 1673      2069 6E74 
 1673      00
 1674               	.LASF6:
 1675 008c 6C6F 6E67 		.string	"long long unsigned int"
 1675      206C 6F6E 
 1675      6720 756E 
 1675      7369 676E 
 1675      6564 2069 
 1676               	.LASF23:
 1677 00a3 7569 6E74 		.string	"uint8_t"
 1677      385F 7400 
 1678               	.LASF10:
 1679 00ab 6264 6174 		.string	"bdata"
 1679      6100 
 1680               	.LASF19:
 1681 00b1 6D63 7033 		.string	"mcp3201_b_clk"
 1681      3230 315F 
 1681      625F 636C 
 1681      6B00 
 1682               	.LASF5:
 1683 00bf 6C6F 6E67 		.string	"long long int"
 1683      206C 6F6E 
 1683      6720 696E 
 1683      7400 
 1684               	.LASF14:
 1685 00cd 6D63 7033 		.string	"mcp3201_p_cs"
 1685      3230 315F 
 1685      705F 6373 
 1685      00
 1686               	.LASF17:
 1687 00da 6D63 7033 		.string	"mcp3201_b_cs"
GAS LISTING C:\Users\alex\AppData\Local\Temp/ccHbmPnG.s 			page 32


 1687      3230 315F 
 1687      625F 6373 
 1687      00
 1688               	.LASF21:
 1689 00e7 6D63 7033 		.string	"mcp3201.c"
 1689      3230 312E 
 1689      6300 
 1690               	.LASF7:
 1691 00f1 6368 6970 		.string	"chip"
 1691      00
 1692               	.LASF22:
 1693 00f6 453A 5C61 		.string	"E:\\avr\\lib"
 1693      7672 5C6C 
 1693      6962 00
 1694               	.LASF3:
 1695 0101 6C6F 6E67 		.string	"long int"
 1695      2069 6E74 
 1695      00
 1696               	.LASF25:
 1697 010a 6D63 7033 		.string	"mcp3201_getw"
 1697      3230 315F 
 1697      6765 7477 
 1697      00
 1698               	.LASF0:
 1699 0117 7369 676E 		.string	"signed char"
 1699      6564 2063 
 1699      6861 7200 
 1700               	.global __do_clear_bss
GAS LISTING C:\Users\alex\AppData\Local\Temp/ccHbmPnG.s 			page 33


DEFINED SYMBOLS
                            *ABS*:00000000 mcp3201.c
C:\Users\alex\AppData\Local\Temp/ccHbmPnG.s:2      *ABS*:0000003f __SREG__
C:\Users\alex\AppData\Local\Temp/ccHbmPnG.s:3      *ABS*:0000003e __SP_H__
C:\Users\alex\AppData\Local\Temp/ccHbmPnG.s:4      *ABS*:0000003d __SP_L__
C:\Users\alex\AppData\Local\Temp/ccHbmPnG.s:5      *ABS*:00000034 __CCP__
C:\Users\alex\AppData\Local\Temp/ccHbmPnG.s:6      *ABS*:00000000 __tmp_reg__
C:\Users\alex\AppData\Local\Temp/ccHbmPnG.s:7      *ABS*:00000001 __zero_reg__
C:\Users\alex\AppData\Local\Temp/ccHbmPnG.s:18     .text:00000000 init_mcp3201
                            *COM*:00000004 mcp3201_b_clk
                            *COM*:00000004 mcp3201_b_data
                            *COM*:00000004 mcp3201_b_cs
                            *COM*:00000008 mcp3201_p_clk
                            *COM*:00000008 mcp3201_p_data
                            *COM*:00000008 mcp3201_p_cs
C:\Users\alex\AppData\Local\Temp/ccHbmPnG.s:575    .text:000003fc mcp3201_getw

UNDEFINED SYMBOLS
udelay
__do_clear_bss
