GAS LISTING C:\Users\alex\AppData\Local\Temp/cccu5KYF.s 			page 1


   1               		.file	"uart.c"
   2               	__SREG__ = 0x3f
   3               	__SP_H__ = 0x3e
   4               	__SP_L__ = 0x3d
   5               	__CCP__  = 0x34
   6               	__tmp_reg__ = 0
   7               	__zero_reg__ = 1
   8               		.section	.debug_abbrev,"",@progbits
   9               	.Ldebug_abbrev0:
  10               		.section	.debug_info,"",@progbits
  11               	.Ldebug_info0:
  12               		.section	.debug_line,"",@progbits
  13               	.Ldebug_line0:
  14               		.text
  15               	.Ltext0:
  16               	.global	uart_init
  17               		.type	uart_init, @function
  18               	uart_init:
  19               	.LFB2:
  20               	.LM1:
  21 0000 DF93      		push r29
  22 0002 CF93      		push r28
  23 0004 CDB7      		in r28,__SP_L__
  24 0006 DEB7      		in r29,__SP_H__
  25               	/* prologue: function */
  26               	/* frame size = 0 */
  27               	.LM2:
  28 0008 E0E4      		ldi r30,lo8(64)
  29 000a F0E0      		ldi r31,hi8(64)
  30 000c 1082      		st Z,__zero_reg__
  31               	.LM3:
  32 000e E9E2      		ldi r30,lo8(41)
  33 0010 F0E0      		ldi r31,hi8(41)
  34 0012 87E6      		ldi r24,lo8(103)
  35 0014 8083      		st Z,r24
  36               	.LM4:
  37 0016 EAE2      		ldi r30,lo8(42)
  38 0018 F0E0      		ldi r31,hi8(42)
  39 001a 88E1      		ldi r24,lo8(24)
  40 001c 8083      		st Z,r24
  41               	.LM5:
  42 001e E0E4      		ldi r30,lo8(64)
  43 0020 F0E0      		ldi r31,hi8(64)
  44 0022 86E8      		ldi r24,lo8(-122)
  45 0024 8083      		st Z,r24
  46               	.LM6:
  47 0026 1092 0000 		sts uart_done,__zero_reg__
  48               	.LM7:
  49 002a 1092 0000 		sts uart_pos,__zero_reg__
  50               	.LM8:
  51 002e AAE2      		ldi r26,lo8(42)
  52 0030 B0E0      		ldi r27,hi8(42)
  53 0032 EAE2      		ldi r30,lo8(42)
  54 0034 F0E0      		ldi r31,hi8(42)
  55 0036 8081      		ld r24,Z
  56 0038 8068      		ori r24,lo8(-128)
  57 003a 8C93      		st X,r24
GAS LISTING C:\Users\alex\AppData\Local\Temp/cccu5KYF.s 			page 2


  58               	.LM9:
  59               	/* #APP */
  60               	 ;  43 "uart.c" 1
  61 003c 7894      		sei
  62               	 ;  0 "" 2
  63               	/* epilogue start */
  64               	.LM10:
  65               	/* #NOAPP */
  66 003e CF91      		pop r28
  67 0040 DF91      		pop r29
  68 0042 0895      		ret
  69               	.LFE2:
  70               		.size	uart_init, .-uart_init
  71               	.global	uart_putc
  72               		.type	uart_putc, @function
  73               	uart_putc:
  74               	.LFB3:
  75               	.LM11:
  76 0044 DF93      		push r29
  77 0046 CF93      		push r28
  78 0048 0F92      		push __tmp_reg__
  79 004a CDB7      		in r28,__SP_L__
  80 004c DEB7      		in r29,__SP_H__
  81               	/* prologue: function */
  82               	/* frame size = 1 */
  83 004e 8983      		std Y+1,r24
  84               	.L4:
  85               	.LM12:
  86 0050 EBE2      		ldi r30,lo8(43)
  87 0052 F0E0      		ldi r31,hi8(43)
  88 0054 8081      		ld r24,Z
  89 0056 882F      		mov r24,r24
  90 0058 90E0      		ldi r25,lo8(0)
  91 005a 8072      		andi r24,lo8(32)
  92 005c 9070      		andi r25,hi8(32)
  93 005e 0097      		sbiw r24,0
  94 0060 01F0      		breq .L4
  95               	.LM13:
  96 0062 ECE2      		ldi r30,lo8(44)
  97 0064 F0E0      		ldi r31,hi8(44)
  98 0066 8981      		ldd r24,Y+1
  99 0068 8083      		st Z,r24
 100               	/* epilogue start */
 101               	.LM14:
 102 006a 0F90      		pop __tmp_reg__
 103 006c CF91      		pop r28
 104 006e DF91      		pop r29
 105 0070 0895      		ret
 106               	.LFE3:
 107               		.size	uart_putc, .-uart_putc
 108               	.global	uart_puts
 109               		.type	uart_puts, @function
 110               	uart_puts:
 111               	.LFB4:
 112               	.LM15:
 113 0072 DF93      		push r29
 114 0074 CF93      		push r28
GAS LISTING C:\Users\alex\AppData\Local\Temp/cccu5KYF.s 			page 3


 115 0076 00D0      		rcall .
 116 0078 00D0      		rcall .
 117 007a CDB7      		in r28,__SP_L__
 118 007c DEB7      		in r29,__SP_H__
 119               	/* prologue: function */
 120               	/* frame size = 4 */
 121 007e 9A83      		std Y+2,r25
 122 0080 8983      		std Y+1,r24
 123 0082 00C0      		rjmp .L7
 124               	.L9:
 125               	.LM16:
 126 0084 8B81      		ldd r24,Y+3
 127 0086 0E94 0000 		call uart_putc
 128               	.L7:
 129               	.LM17:
 130 008a E981      		ldd r30,Y+1
 131 008c FA81      		ldd r31,Y+2
 132 008e 8081      		ld r24,Z
 133 0090 8B83      		std Y+3,r24
 134 0092 8B81      		ldd r24,Y+3
 135 0094 8C83      		std Y+4,r24
 136 0096 8C81      		ldd r24,Y+4
 137 0098 8823      		tst r24
 138 009a 01F0      		breq .L8
 139 009c 81E0      		ldi r24,lo8(1)
 140 009e 8C83      		std Y+4,r24
 141               	.L8:
 142 00a0 8C81      		ldd r24,Y+4
 143 00a2 2981      		ldd r18,Y+1
 144 00a4 3A81      		ldd r19,Y+2
 145 00a6 2F5F      		subi r18,lo8(-(1))
 146 00a8 3F4F      		sbci r19,hi8(-(1))
 147 00aa 3A83      		std Y+2,r19
 148 00ac 2983      		std Y+1,r18
 149 00ae 8823      		tst r24
 150 00b0 01F4      		brne .L9
 151               	/* epilogue start */
 152               	.LM18:
 153 00b2 0F90      		pop __tmp_reg__
 154 00b4 0F90      		pop __tmp_reg__
 155 00b6 0F90      		pop __tmp_reg__
 156 00b8 0F90      		pop __tmp_reg__
 157 00ba CF91      		pop r28
 158 00bc DF91      		pop r29
 159 00be 0895      		ret
 160               	.LFE4:
 161               		.size	uart_puts, .-uart_puts
 162               		.data
 163               	.LC0:
 164 0000 4E55 4C4C 		.string	"NULL"
 164      00
 165               		.text
 166               	.global	uart_printf
 167               		.type	uart_printf, @function
 168               	uart_printf:
 169               	.LFB5:
 170               	.LM19:
GAS LISTING C:\Users\alex\AppData\Local\Temp/cccu5KYF.s 			page 4


 171 00c0 DF93      		push r29
 172 00c2 CF93      		push r28
 173 00c4 CDB7      		in r28,__SP_L__
 174 00c6 DEB7      		in r29,__SP_H__
 175 00c8 E897      		sbiw r28,56
 176 00ca 0FB6      		in __tmp_reg__,__SREG__
 177 00cc F894      		cli
 178 00ce DEBF      		out __SP_H__,r29
 179 00d0 0FBE      		out __SREG__,__tmp_reg__
 180 00d2 CDBF      		out __SP_L__,r28
 181               	/* prologue: function */
 182               	/* frame size = 56 */
 183               	.LM20:
 184 00d4 CE01      		movw r24,r28
 185 00d6 CF96      		adiw r24,63
 186 00d8 9E8B      		std Y+22,r25
 187 00da 8D8B      		std Y+21,r24
 188               	.LM21:
 189 00dc 8DAD      		ldd r24,Y+61
 190 00de 9EAD      		ldd r25,Y+62
 191 00e0 9C8B      		std Y+20,r25
 192 00e2 8B8B      		std Y+19,r24
 193 00e4 00C0      		rjmp .L12
 194               	.L32:
 195               	.LM22:
 196 00e6 EB89      		ldd r30,Y+19
 197 00e8 FC89      		ldd r31,Y+20
 198 00ea 8081      		ld r24,Z
 199 00ec 8532      		cpi r24,lo8(37)
 200 00ee 01F0      		breq .L13
 201               	.LM23:
 202 00f0 EB89      		ldd r30,Y+19
 203 00f2 FC89      		ldd r31,Y+20
 204 00f4 8081      		ld r24,Z
 205 00f6 0E94 0000 		call uart_putc
 206 00fa 00C0      		rjmp .L14
 207               	.L13:
 208               	.LM24:
 209 00fc 8B89      		ldd r24,Y+19
 210 00fe 9C89      		ldd r25,Y+20
 211 0100 0196      		adiw r24,1
 212 0102 9C8B      		std Y+20,r25
 213 0104 8B8B      		std Y+19,r24
 214 0106 EB89      		ldd r30,Y+19
 215 0108 FC89      		ldd r31,Y+20
 216 010a 8081      		ld r24,Z
 217 010c 282F      		mov r18,r24
 218 010e 30E0      		ldi r19,lo8(0)
 219 0110 38AF      		std Y+56,r19
 220 0112 2FAB      		std Y+55,r18
 221 0114 8FA9      		ldd r24,Y+55
 222 0116 98AD      		ldd r25,Y+56
 223 0118 8936      		cpi r24,105
 224 011a 9105      		cpc r25,__zero_reg__
 225 011c 01F4      		brne .+2
 226 011e 00C0      		rjmp .L19
 227 0120 2FA9      		ldd r18,Y+55
GAS LISTING C:\Users\alex\AppData\Local\Temp/cccu5KYF.s 			page 5


 228 0122 38AD      		ldd r19,Y+56
 229 0124 2A36      		cpi r18,106
 230 0126 3105      		cpc r19,__zero_reg__
 231 0128 04F4      		brge .L25
 232 012a 8FA9      		ldd r24,Y+55
 233 012c 98AD      		ldd r25,Y+56
 234 012e 8535      		cpi r24,85
 235 0130 9105      		cpc r25,__zero_reg__
 236 0132 01F4      		brne .+2
 237 0134 00C0      		rjmp .L17
 238 0136 2FA9      		ldd r18,Y+55
 239 0138 38AD      		ldd r19,Y+56
 240 013a 2635      		cpi r18,86
 241 013c 3105      		cpc r19,__zero_reg__
 242 013e 04F4      		brge .L26
 243 0140 8FA9      		ldd r24,Y+55
 244 0142 98AD      		ldd r25,Y+56
 245 0144 8C34      		cpi r24,76
 246 0146 9105      		cpc r25,__zero_reg__
 247 0148 01F4      		brne .+2
 248 014a 00C0      		rjmp .L16
 249 014c 00C0      		rjmp .L15
 250               	.L26:
 251 014e 2FA9      		ldd r18,Y+55
 252 0150 38AD      		ldd r19,Y+56
 253 0152 2336      		cpi r18,99
 254 0154 3105      		cpc r19,__zero_reg__
 255 0156 01F4      		brne .+2
 256 0158 00C0      		rjmp .L18
 257 015a 8FA9      		ldd r24,Y+55
 258 015c 98AD      		ldd r25,Y+56
 259 015e 8436      		cpi r24,100
 260 0160 9105      		cpc r25,__zero_reg__
 261 0162 01F0      		breq .L19
 262 0164 00C0      		rjmp .L15
 263               	.L25:
 264 0166 2FA9      		ldd r18,Y+55
 265 0168 38AD      		ldd r19,Y+56
 266 016a 2337      		cpi r18,115
 267 016c 3105      		cpc r19,__zero_reg__
 268 016e 01F4      		brne .+2
 269 0170 00C0      		rjmp .L22
 270 0172 8FA9      		ldd r24,Y+55
 271 0174 98AD      		ldd r25,Y+56
 272 0176 8437      		cpi r24,116
 273 0178 9105      		cpc r25,__zero_reg__
 274 017a 04F4      		brge .L27
 275 017c 2FA9      		ldd r18,Y+55
 276 017e 38AD      		ldd r19,Y+56
 277 0180 2C36      		cpi r18,108
 278 0182 3105      		cpc r19,__zero_reg__
 279 0184 01F4      		brne .+2
 280 0186 00C0      		rjmp .L20
 281 0188 8FA9      		ldd r24,Y+55
 282 018a 98AD      		ldd r25,Y+56
 283 018c 8037      		cpi r24,112
 284 018e 9105      		cpc r25,__zero_reg__
GAS LISTING C:\Users\alex\AppData\Local\Temp/cccu5KYF.s 			page 6


 285 0190 01F4      		brne .+2
 286 0192 00C0      		rjmp .L21
 287 0194 00C0      		rjmp .L15
 288               	.L27:
 289 0196 2FA9      		ldd r18,Y+55
 290 0198 38AD      		ldd r19,Y+56
 291 019a 2537      		cpi r18,117
 292 019c 3105      		cpc r19,__zero_reg__
 293 019e 01F0      		breq .L23
 294 01a0 8FA9      		ldd r24,Y+55
 295 01a2 98AD      		ldd r25,Y+56
 296 01a4 8837      		cpi r24,120
 297 01a6 9105      		cpc r25,__zero_reg__
 298 01a8 01F4      		brne .+2
 299 01aa 00C0      		rjmp .L24
 300 01ac 00C0      		rjmp .L15
 301               	.L19:
 302               	.LM25:
 303 01ae 2D89      		ldd r18,Y+21
 304 01b0 3E89      		ldd r19,Y+22
 305 01b2 C901      		movw r24,r18
 306 01b4 0296      		adiw r24,2
 307 01b6 9E8B      		std Y+22,r25
 308 01b8 8D8B      		std Y+21,r24
 309 01ba F901      		movw r30,r18
 310 01bc 8081      		ld r24,Z
 311 01be 9181      		ldd r25,Z+1
 312 01c0 988B      		std Y+16,r25
 313 01c2 8F87      		std Y+15,r24
 314               	.LM26:
 315 01c4 8F85      		ldd r24,Y+15
 316 01c6 9889      		ldd r25,Y+16
 317 01c8 9E01      		movw r18,r28
 318 01ca 295E      		subi r18,lo8(-(23))
 319 01cc 3F4F      		sbci r19,hi8(-(23))
 320 01ce B901      		movw r22,r18
 321 01d0 4AE0      		ldi r20,lo8(10)
 322 01d2 50E0      		ldi r21,hi8(10)
 323 01d4 0E94 0000 		call itoa
 324               	.LM27:
 325 01d8 CE01      		movw r24,r28
 326 01da 4796      		adiw r24,23
 327 01dc 0E94 0000 		call uart_puts
 328 01e0 00C0      		rjmp .L14
 329               	.L23:
 330               	.LM28:
 331 01e2 2D89      		ldd r18,Y+21
 332 01e4 3E89      		ldd r19,Y+22
 333 01e6 C901      		movw r24,r18
 334 01e8 0296      		adiw r24,2
 335 01ea 9E8B      		std Y+22,r25
 336 01ec 8D8B      		std Y+21,r24
 337 01ee F901      		movw r30,r18
 338 01f0 8081      		ld r24,Z
 339 01f2 9181      		ldd r25,Z+1
 340 01f4 9A83      		std Y+2,r25
 341 01f6 8983      		std Y+1,r24
GAS LISTING C:\Users\alex\AppData\Local\Temp/cccu5KYF.s 			page 7


 342               	.LM29:
 343 01f8 8981      		ldd r24,Y+1
 344 01fa 9A81      		ldd r25,Y+2
 345 01fc 9E01      		movw r18,r28
 346 01fe 295E      		subi r18,lo8(-(23))
 347 0200 3F4F      		sbci r19,hi8(-(23))
 348 0202 B901      		movw r22,r18
 349 0204 4AE0      		ldi r20,lo8(10)
 350 0206 50E0      		ldi r21,hi8(10)
 351 0208 0E94 0000 		call utoa
 352               	.LM30:
 353 020c CE01      		movw r24,r28
 354 020e 4796      		adiw r24,23
 355 0210 0E94 0000 		call uart_puts
 356 0214 00C0      		rjmp .L14
 357               	.L17:
 358               	.LM31:
 359 0216 2D89      		ldd r18,Y+21
 360 0218 3E89      		ldd r19,Y+22
 361 021a C901      		movw r24,r18
 362 021c 0496      		adiw r24,4
 363 021e 9E8B      		std Y+22,r25
 364 0220 8D8B      		std Y+21,r24
 365 0222 F901      		movw r30,r18
 366 0224 8081      		ld r24,Z
 367 0226 9181      		ldd r25,Z+1
 368 0228 A281      		ldd r26,Z+2
 369 022a B381      		ldd r27,Z+3
 370 022c 9A83      		std Y+2,r25
 371 022e 8983      		std Y+1,r24
 372               	.LM32:
 373 0230 8981      		ldd r24,Y+1
 374 0232 9A81      		ldd r25,Y+2
 375 0234 CC01      		movw r24,r24
 376 0236 A0E0      		ldi r26,lo8(0)
 377 0238 B0E0      		ldi r27,hi8(0)
 378 023a 9E01      		movw r18,r28
 379 023c 295E      		subi r18,lo8(-(23))
 380 023e 3F4F      		sbci r19,hi8(-(23))
 381 0240 BC01      		movw r22,r24
 382 0242 CD01      		movw r24,r26
 383 0244 A901      		movw r20,r18
 384 0246 2AE0      		ldi r18,lo8(10)
 385 0248 30E0      		ldi r19,hi8(10)
 386 024a 0E94 0000 		call ultoa
 387               	.LM33:
 388 024e CE01      		movw r24,r28
 389 0250 4796      		adiw r24,23
 390 0252 0E94 0000 		call uart_puts
 391 0256 00C0      		rjmp .L14
 392               	.L20:
 393               	.LM34:
 394 0258 2D89      		ldd r18,Y+21
 395 025a 3E89      		ldd r19,Y+22
 396 025c C901      		movw r24,r18
 397 025e 0496      		adiw r24,4
 398 0260 9E8B      		std Y+22,r25
GAS LISTING C:\Users\alex\AppData\Local\Temp/cccu5KYF.s 			page 8


 399 0262 8D8B      		std Y+21,r24
 400 0264 F901      		movw r30,r18
 401 0266 8081      		ld r24,Z
 402 0268 9181      		ldd r25,Z+1
 403 026a A281      		ldd r26,Z+2
 404 026c B381      		ldd r27,Z+3
 405 026e 8B87      		std Y+11,r24
 406 0270 9C87      		std Y+12,r25
 407 0272 AD87      		std Y+13,r26
 408 0274 BE87      		std Y+14,r27
 409               	.LM35:
 410 0276 8B85      		ldd r24,Y+11
 411 0278 9C85      		ldd r25,Y+12
 412 027a AD85      		ldd r26,Y+13
 413 027c BE85      		ldd r27,Y+14
 414 027e 9E01      		movw r18,r28
 415 0280 295E      		subi r18,lo8(-(23))
 416 0282 3F4F      		sbci r19,hi8(-(23))
 417 0284 BC01      		movw r22,r24
 418 0286 CD01      		movw r24,r26
 419 0288 A901      		movw r20,r18
 420 028a 2AE0      		ldi r18,lo8(10)
 421 028c 30E0      		ldi r19,hi8(10)
 422 028e 0E94 0000 		call ltoa
 423               	.LM36:
 424 0292 CE01      		movw r24,r28
 425 0294 4796      		adiw r24,23
 426 0296 0E94 0000 		call uart_puts
 427 029a 00C0      		rjmp .L14
 428               	.L16:
 429               	.LM37:
 430 029c 2D89      		ldd r18,Y+21
 431 029e 3E89      		ldd r19,Y+22
 432 02a0 C901      		movw r24,r18
 433 02a2 0896      		adiw r24,8
 434 02a4 9E8B      		std Y+22,r25
 435 02a6 8D8B      		std Y+21,r24
 436 02a8 F901      		movw r30,r18
 437 02aa 8081      		ld r24,Z
 438 02ac 8B83      		std Y+3,r24
 439 02ae 8181      		ldd r24,Z+1
 440 02b0 8C83      		std Y+4,r24
 441 02b2 8281      		ldd r24,Z+2
 442 02b4 8D83      		std Y+5,r24
 443 02b6 8381      		ldd r24,Z+3
 444 02b8 8E83      		std Y+6,r24
 445 02ba 8481      		ldd r24,Z+4
 446 02bc 8F83      		std Y+7,r24
 447 02be 8581      		ldd r24,Z+5
 448 02c0 8887      		std Y+8,r24
 449 02c2 8681      		ldd r24,Z+6
 450 02c4 8987      		std Y+9,r24
 451 02c6 8781      		ldd r24,Z+7
 452 02c8 8A87      		std Y+10,r24
 453               	.LM38:
 454 02ca 8B81      		ldd r24,Y+3
 455 02cc 9C81      		ldd r25,Y+4
GAS LISTING C:\Users\alex\AppData\Local\Temp/cccu5KYF.s 			page 9


 456 02ce AD81      		ldd r26,Y+5
 457 02d0 BE81      		ldd r27,Y+6
 458 02d2 9E01      		movw r18,r28
 459 02d4 295E      		subi r18,lo8(-(23))
 460 02d6 3F4F      		sbci r19,hi8(-(23))
 461 02d8 BC01      		movw r22,r24
 462 02da CD01      		movw r24,r26
 463 02dc A901      		movw r20,r18
 464 02de 2AE0      		ldi r18,lo8(10)
 465 02e0 30E0      		ldi r19,hi8(10)
 466 02e2 0E94 0000 		call ltoa
 467               	.LM39:
 468 02e6 CE01      		movw r24,r28
 469 02e8 4796      		adiw r24,23
 470 02ea 0E94 0000 		call uart_puts
 471 02ee 00C0      		rjmp .L14
 472               	.L24:
 473               	.LM40:
 474 02f0 2D89      		ldd r18,Y+21
 475 02f2 3E89      		ldd r19,Y+22
 476 02f4 C901      		movw r24,r18
 477 02f6 0296      		adiw r24,2
 478 02f8 9E8B      		std Y+22,r25
 479 02fa 8D8B      		std Y+21,r24
 480 02fc F901      		movw r30,r18
 481 02fe 8081      		ld r24,Z
 482 0300 9181      		ldd r25,Z+1
 483 0302 988B      		std Y+16,r25
 484 0304 8F87      		std Y+15,r24
 485               	.LM41:
 486 0306 8F85      		ldd r24,Y+15
 487 0308 9889      		ldd r25,Y+16
 488 030a 9E01      		movw r18,r28
 489 030c 295E      		subi r18,lo8(-(23))
 490 030e 3F4F      		sbci r19,hi8(-(23))
 491 0310 B901      		movw r22,r18
 492 0312 40E1      		ldi r20,lo8(16)
 493 0314 50E0      		ldi r21,hi8(16)
 494 0316 0E94 0000 		call itoa
 495               	.LM42:
 496 031a CE01      		movw r24,r28
 497 031c 4796      		adiw r24,23
 498 031e 0E94 0000 		call uart_puts
 499 0322 00C0      		rjmp .L14
 500               	.L18:
 501               	.LM43:
 502 0324 2D89      		ldd r18,Y+21
 503 0326 3E89      		ldd r19,Y+22
 504 0328 C901      		movw r24,r18
 505 032a 0296      		adiw r24,2
 506 032c 9E8B      		std Y+22,r25
 507 032e 8D8B      		std Y+21,r24
 508 0330 F901      		movw r30,r18
 509 0332 8081      		ld r24,Z
 510 0334 9181      		ldd r25,Z+1
 511 0336 988B      		std Y+16,r25
 512 0338 8F87      		std Y+15,r24
GAS LISTING C:\Users\alex\AppData\Local\Temp/cccu5KYF.s 			page 10


 513               	.LM44:
 514 033a 8F85      		ldd r24,Y+15
 515 033c 0E94 0000 		call uart_putc
 516 0340 00C0      		rjmp .L14
 517               	.L22:
 518               	.LM45:
 519 0342 2D89      		ldd r18,Y+21
 520 0344 3E89      		ldd r19,Y+22
 521 0346 C901      		movw r24,r18
 522 0348 0296      		adiw r24,2
 523 034a 9E8B      		std Y+22,r25
 524 034c 8D8B      		std Y+21,r24
 525 034e F901      		movw r30,r18
 526 0350 8081      		ld r24,Z
 527 0352 9181      		ldd r25,Z+1
 528 0354 9A8B      		std Y+18,r25
 529 0356 898B      		std Y+17,r24
 530               	.LM46:
 531 0358 8989      		ldd r24,Y+17
 532 035a 9A89      		ldd r25,Y+18
 533 035c 0097      		sbiw r24,0
 534 035e 01F4      		brne .L28
 535               	.LM47:
 536 0360 80E0      		ldi r24,lo8(.LC0)
 537 0362 90E0      		ldi r25,hi8(.LC0)
 538 0364 0E94 0000 		call uart_puts
 539 0368 00C0      		rjmp .L14
 540               	.L28:
 541               	.LM48:
 542 036a 8989      		ldd r24,Y+17
 543 036c 9A89      		ldd r25,Y+18
 544 036e 0E94 0000 		call uart_puts
 545 0372 00C0      		rjmp .L14
 546               	.L21:
 547               	.LM49:
 548 0374 2D89      		ldd r18,Y+21
 549 0376 3E89      		ldd r19,Y+22
 550 0378 C901      		movw r24,r18
 551 037a 0296      		adiw r24,2
 552 037c 9E8B      		std Y+22,r25
 553 037e 8D8B      		std Y+21,r24
 554 0380 F901      		movw r30,r18
 555 0382 8081      		ld r24,Z
 556 0384 9181      		ldd r25,Z+1
 557 0386 9A8B      		std Y+18,r25
 558 0388 898B      		std Y+17,r24
 559               	.LM50:
 560 038a 8989      		ldd r24,Y+17
 561 038c 9A89      		ldd r25,Y+18
 562 038e 0097      		sbiw r24,0
 563 0390 01F4      		brne .L30
 564               	.LM51:
 565 0392 80E0      		ldi r24,lo8(.LC0)
 566 0394 90E0      		ldi r25,hi8(.LC0)
 567 0396 0E94 0000 		call uart_puts
 568 039a 00C0      		rjmp .L14
 569               	.L30:
GAS LISTING C:\Users\alex\AppData\Local\Temp/cccu5KYF.s 			page 11


 570               	.LM52:
 571 039c 8989      		ldd r24,Y+17
 572 039e 9A89      		ldd r25,Y+18
 573 03a0 9E01      		movw r18,r28
 574 03a2 295E      		subi r18,lo8(-(23))
 575 03a4 3F4F      		sbci r19,hi8(-(23))
 576 03a6 B901      		movw r22,r18
 577 03a8 40E1      		ldi r20,lo8(16)
 578 03aa 50E0      		ldi r21,hi8(16)
 579 03ac 0E94 0000 		call itoa
 580               	.LM53:
 581 03b0 CE01      		movw r24,r28
 582 03b2 4796      		adiw r24,23
 583 03b4 0E94 0000 		call uart_puts
 584 03b8 00C0      		rjmp .L14
 585               	.L15:
 586               	.LM54:
 587 03ba EB89      		ldd r30,Y+19
 588 03bc FC89      		ldd r31,Y+20
 589 03be 8081      		ld r24,Z
 590 03c0 0E94 0000 		call uart_putc
 591               	.L14:
 592               	.LM55:
 593 03c4 8B89      		ldd r24,Y+19
 594 03c6 9C89      		ldd r25,Y+20
 595 03c8 0196      		adiw r24,1
 596 03ca 9C8B      		std Y+20,r25
 597 03cc 8B8B      		std Y+19,r24
 598               	.L12:
 599 03ce EB89      		ldd r30,Y+19
 600 03d0 FC89      		ldd r31,Y+20
 601 03d2 8081      		ld r24,Z
 602 03d4 8823      		tst r24
 603 03d6 01F0      		breq .+2
 604 03d8 00C0      		rjmp .L32
 605               	/* epilogue start */
 606               	.LM56:
 607 03da E896      		adiw r28,56
 608 03dc 0FB6      		in __tmp_reg__,__SREG__
 609 03de F894      		cli
 610 03e0 DEBF      		out __SP_H__,r29
 611 03e2 0FBE      		out __SREG__,__tmp_reg__
 612 03e4 CDBF      		out __SP_L__,r28
 613 03e6 CF91      		pop r28
 614 03e8 DF91      		pop r29
 615 03ea 0895      		ret
 616               	.LFE5:
 617               		.size	uart_printf, .-uart_printf
 618               	.global	__vector_13
 619               		.type	__vector_13, @function
 620               	__vector_13:
 621               	.LFB6:
 622               	.LM57:
 623 03ec 1F92      		push __zero_reg__
 624 03ee 0F92      		push r0
 625 03f0 0FB6      		in r0,__SREG__
 626 03f2 0F92      		push r0
GAS LISTING C:\Users\alex\AppData\Local\Temp/cccu5KYF.s 			page 12


 627 03f4 1124      		clr __zero_reg__
 628 03f6 2F93      		push r18
 629 03f8 3F93      		push r19
 630 03fa 4F93      		push r20
 631 03fc 5F93      		push r21
 632 03fe 6F93      		push r22
 633 0400 7F93      		push r23
 634 0402 8F93      		push r24
 635 0404 9F93      		push r25
 636 0406 AF93      		push r26
 637 0408 BF93      		push r27
 638 040a EF93      		push r30
 639 040c FF93      		push r31
 640 040e DF93      		push r29
 641 0410 CF93      		push r28
 642 0412 0F92      		push __tmp_reg__
 643 0414 CDB7      		in r28,__SP_L__
 644 0416 DEB7      		in r29,__SP_H__
 645               	/* prologue: Signal */
 646               	/* frame size = 1 */
 647               	.LM58:
 648 0418 ECE2      		ldi r30,lo8(44)
 649 041a F0E0      		ldi r31,hi8(44)
 650 041c 8081      		ld r24,Z
 651 041e 8983      		std Y+1,r24
 652               	.LM59:
 653 0420 8091 0000 		lds r24,uart_pos
 654 0424 882F      		mov r24,r24
 655 0426 90E0      		ldi r25,lo8(0)
 656 0428 FC01      		movw r30,r24
 657 042a E050      		subi r30,lo8(-(uart_buf))
 658 042c F040      		sbci r31,hi8(-(uart_buf))
 659 042e 8981      		ldd r24,Y+1
 660 0430 8083      		st Z,r24
 661               	.LM60:
 662 0432 8091 0000 		lds r24,uart_pos
 663 0436 8F5F      		subi r24,lo8(-(1))
 664 0438 8093 0000 		sts uart_pos,r24
 665               	.LM61:
 666 043c 8091 0000 		lds r24,uart_pos
 667 0440 8032      		cpi r24,lo8(32)
 668 0442 00F0      		brlo .L35
 669 0444 1092 0000 		sts uart_pos,__zero_reg__
 670               	.L35:
 671               	.LM62:
 672 0448 8981      		ldd r24,Y+1
 673 044a 8D30      		cpi r24,lo8(13)
 674 044c 01F0      		breq .L36
 675 044e 8981      		ldd r24,Y+1
 676 0450 8A30      		cpi r24,lo8(10)
 677 0452 01F4      		brne .L37
 678               	.L36:
 679 0454 81E0      		ldi r24,lo8(1)
 680 0456 8093 0000 		sts uart_done,r24
 681               	.L37:
 682               	.LM63:
 683 045a 8981      		ldd r24,Y+1
GAS LISTING C:\Users\alex\AppData\Local\Temp/cccu5KYF.s 			page 13


 684 045c 0E94 0000 		call uart_putc
 685               	/* epilogue start */
 686               	.LM64:
 687 0460 0F90      		pop __tmp_reg__
 688 0462 CF91      		pop r28
 689 0464 DF91      		pop r29
 690 0466 FF91      		pop r31
 691 0468 EF91      		pop r30
 692 046a BF91      		pop r27
 693 046c AF91      		pop r26
 694 046e 9F91      		pop r25
 695 0470 8F91      		pop r24
 696 0472 7F91      		pop r23
 697 0474 6F91      		pop r22
 698 0476 5F91      		pop r21
 699 0478 4F91      		pop r20
 700 047a 3F91      		pop r19
 701 047c 2F91      		pop r18
 702 047e 0F90      		pop r0
 703 0480 0FBE      		out __SREG__,r0
 704 0482 0F90      		pop r0
 705 0484 1F90      		pop __zero_reg__
 706 0486 1895      		reti
 707               	.LFE6:
 708               		.size	__vector_13, .-__vector_13
 709               	.global	uart_getc
 710               		.type	uart_getc, @function
 711               	uart_getc:
 712               	.LFB7:
 713               	.LM65:
 714 0488 DF93      		push r29
 715 048a CF93      		push r28
 716 048c CDB7      		in r28,__SP_L__
 717 048e DEB7      		in r29,__SP_H__
 718               	/* prologue: function */
 719               	/* frame size = 0 */
 720               	.L41:
 721               	.LM66:
 722 0490 EBE2      		ldi r30,lo8(43)
 723 0492 F0E0      		ldi r31,hi8(43)
 724 0494 8081      		ld r24,Z
 725 0496 8823      		tst r24
 726 0498 04F4      		brge .L41
 727               	.LM67:
 728 049a ECE2      		ldi r30,lo8(44)
 729 049c F0E0      		ldi r31,hi8(44)
 730 049e 8081      		ld r24,Z
 731               	/* epilogue start */
 732               	.LM68:
 733 04a0 CF91      		pop r28
 734 04a2 DF91      		pop r29
 735 04a4 0895      		ret
 736               	.LFE7:
 737               		.size	uart_getc, .-uart_getc
 738               		.comm uart_pos,1,1
 739               		.comm uart_done,1,1
 740               		.comm uart_buf,32,1
GAS LISTING C:\Users\alex\AppData\Local\Temp/cccu5KYF.s 			page 14


 741               		.section	.debug_frame,"",@progbits
 742               	.Lframe0:
 743 0000 0C00 0000 		.long	.LECIE0-.LSCIE0
 744               	.LSCIE0:
 745 0004 FFFF FFFF 		.long	0xffffffff
 746 0008 01        		.byte	0x1
 747 0009 00        		.string	""
 748 000a 01        		.uleb128 0x1
 749 000b 7F        		.sleb128 -1
 750 000c 24        		.byte	0x24
 751 000d 0C        		.byte	0xc
 752 000e 20        		.uleb128 0x20
 753 000f 00        		.uleb128 0x0
 754               		.p2align	2
 755               	.LECIE0:
 756               	.LSFDE0:
 757 0010 0C00 0000 		.long	.LEFDE0-.LASFDE0
 758               	.LASFDE0:
 759 0014 0000 0000 		.long	.Lframe0
 760 0018 0000 0000 		.long	.LFB2
 761 001c 4400 0000 		.long	.LFE2-.LFB2
 762               		.p2align	2
 763               	.LEFDE0:
 764               	.LSFDE2:
 765 0020 0C00 0000 		.long	.LEFDE2-.LASFDE2
 766               	.LASFDE2:
 767 0024 0000 0000 		.long	.Lframe0
 768 0028 0000 0000 		.long	.LFB3
 769 002c 2E00 0000 		.long	.LFE3-.LFB3
 770               		.p2align	2
 771               	.LEFDE2:
 772               	.LSFDE4:
 773 0030 0C00 0000 		.long	.LEFDE4-.LASFDE4
 774               	.LASFDE4:
 775 0034 0000 0000 		.long	.Lframe0
 776 0038 0000 0000 		.long	.LFB4
 777 003c 4E00 0000 		.long	.LFE4-.LFB4
 778               		.p2align	2
 779               	.LEFDE4:
 780               	.LSFDE6:
 781 0040 0C00 0000 		.long	.LEFDE6-.LASFDE6
 782               	.LASFDE6:
 783 0044 0000 0000 		.long	.Lframe0
 784 0048 0000 0000 		.long	.LFB5
 785 004c 2C03 0000 		.long	.LFE5-.LFB5
 786               		.p2align	2
 787               	.LEFDE6:
 788               	.LSFDE8:
 789 0050 0C00 0000 		.long	.LEFDE8-.LASFDE8
 790               	.LASFDE8:
 791 0054 0000 0000 		.long	.Lframe0
 792 0058 0000 0000 		.long	.LFB6
 793 005c 9C00 0000 		.long	.LFE6-.LFB6
 794               		.p2align	2
 795               	.LEFDE8:
 796               	.LSFDE10:
 797 0060 0C00 0000 		.long	.LEFDE10-.LASFDE10
GAS LISTING C:\Users\alex\AppData\Local\Temp/cccu5KYF.s 			page 15


 798               	.LASFDE10:
 799 0064 0000 0000 		.long	.Lframe0
 800 0068 0000 0000 		.long	.LFB7
 801 006c 1E00 0000 		.long	.LFE7-.LFB7
 802               		.p2align	2
 803               	.LEFDE10:
 804               		.text
 805               	.Letext0:
 806               		.section	.debug_info
 807 0000 1802 0000 		.long	0x218
 808 0004 0200      		.word	0x2
 809 0006 0000 0000 		.long	.Ldebug_abbrev0
 810 000a 04        		.byte	0x4
 811 000b 01        		.uleb128 0x1
 812 000c 0000 0000 		.long	.LASF24
 813 0010 01        		.byte	0x1
 814 0011 0000 0000 		.long	.LASF25
 815 0015 0000 0000 		.long	.LASF26
 816 0019 0000 0000 		.long	.Ltext0
 817 001d 0000 0000 		.long	.Letext0
 818 0021 0000 0000 		.long	.Ldebug_line0
 819 0025 02        		.uleb128 0x2
 820 0026 02        		.byte	0x2
 821 0027 07        		.byte	0x7
 822 0028 0000 0000 		.long	.LASF0
 823 002c 03        		.uleb128 0x3
 824 002d 02        		.byte	0x2
 825 002e 05        		.byte	0x5
 826 002f 696E 7400 		.string	"int"
 827 0033 02        		.uleb128 0x2
 828 0034 04        		.byte	0x4
 829 0035 05        		.byte	0x5
 830 0036 0000 0000 		.long	.LASF1
 831 003a 04        		.uleb128 0x4
 832 003b 0000 0000 		.long	.LASF2
 833 003f 02        		.byte	0x2
 834 0040 2B        		.byte	0x2b
 835 0041 4500 0000 		.long	0x45
 836 0045 05        		.uleb128 0x5
 837 0046 02        		.byte	0x2
 838 0047 0000 0000 		.long	.LASF27
 839 004b 04        		.uleb128 0x4
 840 004c 0000 0000 		.long	.LASF3
 841 0050 02        		.byte	0x2
 842 0051 69        		.byte	0x69
 843 0052 3A00 0000 		.long	0x3a
 844 0056 02        		.uleb128 0x2
 845 0057 01        		.byte	0x1
 846 0058 06        		.byte	0x6
 847 0059 0000 0000 		.long	.LASF4
 848 005d 04        		.uleb128 0x4
 849 005e 0000 0000 		.long	.LASF5
 850 0062 03        		.byte	0x3
 851 0063 7A        		.byte	0x7a
 852 0064 6800 0000 		.long	0x68
 853 0068 02        		.uleb128 0x2
 854 0069 01        		.byte	0x1
GAS LISTING C:\Users\alex\AppData\Local\Temp/cccu5KYF.s 			page 16


 855 006a 08        		.byte	0x8
 856 006b 0000 0000 		.long	.LASF6
 857 006f 02        		.uleb128 0x2
 858 0070 04        		.byte	0x4
 859 0071 07        		.byte	0x7
 860 0072 0000 0000 		.long	.LASF7
 861 0076 02        		.uleb128 0x2
 862 0077 08        		.byte	0x8
 863 0078 05        		.byte	0x5
 864 0079 0000 0000 		.long	.LASF8
 865 007d 02        		.uleb128 0x2
 866 007e 08        		.byte	0x8
 867 007f 07        		.byte	0x7
 868 0080 0000 0000 		.long	.LASF9
 869 0084 06        		.uleb128 0x6
 870 0085 01        		.byte	0x1
 871 0086 08        		.byte	0x8
 872 0087 07        		.uleb128 0x7
 873 0088 01        		.byte	0x1
 874 0089 0000 0000 		.long	.LASF28
 875 008d 01        		.byte	0x1
 876 008e 21        		.byte	0x21
 877 008f 01        		.byte	0x1
 878 0090 0000 0000 		.long	.LFB2
 879 0094 0000 0000 		.long	.LFE2
 880 0098 02        		.byte	0x2
 881 0099 90        		.byte	0x90
 882 009a 20        		.uleb128 0x20
 883 009b 08        		.uleb128 0x8
 884 009c 01        		.byte	0x1
 885 009d 0000 0000 		.long	.LASF10
 886 00a1 01        		.byte	0x1
 887 00a2 33        		.byte	0x33
 888 00a3 01        		.byte	0x1
 889 00a4 0000 0000 		.long	.LFB3
 890 00a8 0000 0000 		.long	.LFE3
 891 00ac 02        		.byte	0x2
 892 00ad 90        		.byte	0x90
 893 00ae 20        		.uleb128 0x20
 894 00af C200 0000 		.long	0xc2
 895 00b3 09        		.uleb128 0x9
 896 00b4 0000 0000 		.long	.LASF12
 897 00b8 01        		.byte	0x1
 898 00b9 32        		.byte	0x32
 899 00ba 6800 0000 		.long	0x68
 900 00be 02        		.byte	0x2
 901 00bf 8C        		.byte	0x8c
 902 00c0 01        		.sleb128 1
 903 00c1 00        		.byte	0x0
 904 00c2 08        		.uleb128 0x8
 905 00c3 01        		.byte	0x1
 906 00c4 0000 0000 		.long	.LASF11
 907 00c8 01        		.byte	0x1
 908 00c9 3C        		.byte	0x3c
 909 00ca 01        		.byte	0x1
 910 00cb 0000 0000 		.long	.LFB4
 911 00cf 0000 0000 		.long	.LFE4
GAS LISTING C:\Users\alex\AppData\Local\Temp/cccu5KYF.s 			page 17


 912 00d3 02        		.byte	0x2
 913 00d4 90        		.byte	0x90
 914 00d5 20        		.uleb128 0x20
 915 00d6 F300 0000 		.long	0xf3
 916 00da 0A        		.uleb128 0xa
 917 00db 7300      		.string	"s"
 918 00dd 01        		.byte	0x1
 919 00de 3A        		.byte	0x3a
 920 00df F300 0000 		.long	0xf3
 921 00e3 02        		.byte	0x2
 922 00e4 8C        		.byte	0x8c
 923 00e5 01        		.sleb128 1
 924 00e6 0B        		.uleb128 0xb
 925 00e7 6300      		.string	"c"
 926 00e9 01        		.byte	0x1
 927 00ea 3D        		.byte	0x3d
 928 00eb 6800 0000 		.long	0x68
 929 00ef 02        		.byte	0x2
 930 00f0 8C        		.byte	0x8c
 931 00f1 03        		.sleb128 3
 932 00f2 00        		.byte	0x0
 933 00f3 0C        		.uleb128 0xc
 934 00f4 02        		.byte	0x2
 935 00f5 F900 0000 		.long	0xf9
 936 00f9 02        		.uleb128 0x2
 937 00fa 01        		.byte	0x1
 938 00fb 08        		.byte	0x8
 939 00fc 0000 0000 		.long	.LASF13
 940 0100 08        		.uleb128 0x8
 941 0101 01        		.byte	0x1
 942 0102 0000 0000 		.long	.LASF14
 943 0106 01        		.byte	0x1
 944 0107 47        		.byte	0x47
 945 0108 01        		.byte	0x1
 946 0109 0000 0000 		.long	.LFB5
 947 010d 0000 0000 		.long	.LFE5
 948 0111 02        		.byte	0x2
 949 0112 90        		.byte	0x90
 950 0113 20        		.uleb128 0x20
 951 0114 9501 0000 		.long	0x195
 952 0118 0A        		.uleb128 0xa
 953 0119 666D 7400 		.string	"fmt"
 954 011d 01        		.byte	0x1
 955 011e 46        		.byte	0x46
 956 011f F300 0000 		.long	0xf3
 957 0123 02        		.byte	0x2
 958 0124 91        		.byte	0x91
 959 0125 3D        		.sleb128 61
 960 0126 0D        		.uleb128 0xd
 961 0127 0B        		.uleb128 0xb
 962 0128 6170 00   		.string	"ap"
 963 012b 01        		.byte	0x1
 964 012c 48        		.byte	0x48
 965 012d 4B00 0000 		.long	0x4b
 966 0131 02        		.byte	0x2
 967 0132 8C        		.byte	0x8c
 968 0133 15        		.sleb128 21
GAS LISTING C:\Users\alex\AppData\Local\Temp/cccu5KYF.s 			page 18


 969 0134 0B        		.uleb128 0xb
 970 0135 7000      		.string	"p"
 971 0137 01        		.byte	0x1
 972 0138 49        		.byte	0x49
 973 0139 F300 0000 		.long	0xf3
 974 013d 02        		.byte	0x2
 975 013e 8C        		.byte	0x8c
 976 013f 13        		.sleb128 19
 977 0140 0E        		.uleb128 0xe
 978 0141 0000 0000 		.long	.LASF15
 979 0145 01        		.byte	0x1
 980 0146 49        		.byte	0x49
 981 0147 F300 0000 		.long	0xf3
 982 014b 02        		.byte	0x2
 983 014c 8C        		.byte	0x8c
 984 014d 11        		.sleb128 17
 985 014e 0E        		.uleb128 0xe
 986 014f 0000 0000 		.long	.LASF16
 987 0153 01        		.byte	0x1
 988 0154 4A        		.byte	0x4a
 989 0155 2C00 0000 		.long	0x2c
 990 0159 02        		.byte	0x2
 991 015a 8C        		.byte	0x8c
 992 015b 0F        		.sleb128 15
 993 015c 0E        		.uleb128 0xe
 994 015d 0000 0000 		.long	.LASF17
 995 0161 01        		.byte	0x1
 996 0162 4B        		.byte	0x4b
 997 0163 3300 0000 		.long	0x33
 998 0167 02        		.byte	0x2
 999 0168 8C        		.byte	0x8c
 1000 0169 0B        		.sleb128 11
 1001 016a 0E        		.uleb128 0xe
 1002 016b 0000 0000 		.long	.LASF18
 1003 016f 01        		.byte	0x1
 1004 0170 4C        		.byte	0x4c
 1005 0171 7600 0000 		.long	0x76
 1006 0175 02        		.byte	0x2
 1007 0176 8C        		.byte	0x8c
 1008 0177 03        		.sleb128 3
 1009 0178 0E        		.uleb128 0xe
 1010 0179 0000 0000 		.long	.LASF19
 1011 017d 01        		.byte	0x1
 1012 017e 4D        		.byte	0x4d
 1013 017f 2500 0000 		.long	0x25
 1014 0183 02        		.byte	0x2
 1015 0184 8C        		.byte	0x8c
 1016 0185 01        		.sleb128 1
 1017 0186 0B        		.uleb128 0xb
 1018 0187 6275 6600 		.string	"buf"
 1019 018b 01        		.byte	0x1
 1020 018c 4E        		.byte	0x4e
 1021 018d 9501 0000 		.long	0x195
 1022 0191 02        		.byte	0x2
 1023 0192 8C        		.byte	0x8c
 1024 0193 17        		.sleb128 23
 1025 0194 00        		.byte	0x0
GAS LISTING C:\Users\alex\AppData\Local\Temp/cccu5KYF.s 			page 19


 1026 0195 0F        		.uleb128 0xf
 1027 0196 F900 0000 		.long	0xf9
 1028 019a A501 0000 		.long	0x1a5
 1029 019e 10        		.uleb128 0x10
 1030 019f A501 0000 		.long	0x1a5
 1031 01a3 1F        		.byte	0x1f
 1032 01a4 00        		.byte	0x0
 1033 01a5 06        		.uleb128 0x6
 1034 01a6 02        		.byte	0x2
 1035 01a7 07        		.byte	0x7
 1036 01a8 08        		.uleb128 0x8
 1037 01a9 01        		.byte	0x1
 1038 01aa 0000 0000 		.long	.LASF20
 1039 01ae 01        		.byte	0x1
 1040 01af 9B        		.byte	0x9b
 1041 01b0 01        		.byte	0x1
 1042 01b1 0000 0000 		.long	.LFB6
 1043 01b5 0000 0000 		.long	.LFE6
 1044 01b9 02        		.byte	0x2
 1045 01ba 90        		.byte	0x90
 1046 01bb 20        		.uleb128 0x20
 1047 01bc CD01 0000 		.long	0x1cd
 1048 01c0 0B        		.uleb128 0xb
 1049 01c1 6300      		.string	"c"
 1050 01c3 01        		.byte	0x1
 1051 01c4 9C        		.byte	0x9c
 1052 01c5 6800 0000 		.long	0x68
 1053 01c9 02        		.byte	0x2
 1054 01ca 8C        		.byte	0x8c
 1055 01cb 01        		.sleb128 1
 1056 01cc 00        		.byte	0x0
 1057 01cd 11        		.uleb128 0x11
 1058 01ce 01        		.byte	0x1
 1059 01cf 0000 0000 		.long	.LASF29
 1060 01d3 01        		.byte	0x1
 1061 01d4 AA        		.byte	0xaa
 1062 01d5 01        		.byte	0x1
 1063 01d6 6800 0000 		.long	0x68
 1064 01da 0000 0000 		.long	.LFB7
 1065 01de 0000 0000 		.long	.LFE7
 1066 01e2 02        		.byte	0x2
 1067 01e3 90        		.byte	0x90
 1068 01e4 20        		.uleb128 0x20
 1069 01e5 12        		.uleb128 0x12
 1070 01e6 0000 0000 		.long	.LASF21
 1071 01ea 01        		.byte	0x1
 1072 01eb 18        		.byte	0x18
 1073 01ec 5D00 0000 		.long	0x5d
 1074 01f0 01        		.byte	0x1
 1075 01f1 05        		.byte	0x5
 1076 01f2 03        		.byte	0x3
 1077 01f3 0000 0000 		.long	uart_pos
 1078 01f7 12        		.uleb128 0x12
 1079 01f8 0000 0000 		.long	.LASF22
 1080 01fc 01        		.byte	0x1
 1081 01fd 18        		.byte	0x18
 1082 01fe 5D00 0000 		.long	0x5d
GAS LISTING C:\Users\alex\AppData\Local\Temp/cccu5KYF.s 			page 20


 1083 0202 01        		.byte	0x1
 1084 0203 05        		.byte	0x5
 1085 0204 03        		.byte	0x3
 1086 0205 0000 0000 		.long	uart_done
 1087 0209 12        		.uleb128 0x12
 1088 020a 0000 0000 		.long	.LASF23
 1089 020e 01        		.byte	0x1
 1090 020f 17        		.byte	0x17
 1091 0210 9501 0000 		.long	0x195
 1092 0214 01        		.byte	0x1
 1093 0215 05        		.byte	0x5
 1094 0216 03        		.byte	0x3
 1095 0217 0000 0000 		.long	uart_buf
 1096 021b 00        		.byte	0x0
 1097               		.section	.debug_abbrev
 1098 0000 01        		.uleb128 0x1
 1099 0001 11        		.uleb128 0x11
 1100 0002 01        		.byte	0x1
 1101 0003 25        		.uleb128 0x25
 1102 0004 0E        		.uleb128 0xe
 1103 0005 13        		.uleb128 0x13
 1104 0006 0B        		.uleb128 0xb
 1105 0007 03        		.uleb128 0x3
 1106 0008 0E        		.uleb128 0xe
 1107 0009 1B        		.uleb128 0x1b
 1108 000a 0E        		.uleb128 0xe
 1109 000b 11        		.uleb128 0x11
 1110 000c 01        		.uleb128 0x1
 1111 000d 12        		.uleb128 0x12
 1112 000e 01        		.uleb128 0x1
 1113 000f 10        		.uleb128 0x10
 1114 0010 06        		.uleb128 0x6
 1115 0011 00        		.byte	0x0
 1116 0012 00        		.byte	0x0
 1117 0013 02        		.uleb128 0x2
 1118 0014 24        		.uleb128 0x24
 1119 0015 00        		.byte	0x0
 1120 0016 0B        		.uleb128 0xb
 1121 0017 0B        		.uleb128 0xb
 1122 0018 3E        		.uleb128 0x3e
 1123 0019 0B        		.uleb128 0xb
 1124 001a 03        		.uleb128 0x3
 1125 001b 0E        		.uleb128 0xe
 1126 001c 00        		.byte	0x0
 1127 001d 00        		.byte	0x0
 1128 001e 03        		.uleb128 0x3
 1129 001f 24        		.uleb128 0x24
 1130 0020 00        		.byte	0x0
 1131 0021 0B        		.uleb128 0xb
 1132 0022 0B        		.uleb128 0xb
 1133 0023 3E        		.uleb128 0x3e
 1134 0024 0B        		.uleb128 0xb
 1135 0025 03        		.uleb128 0x3
 1136 0026 08        		.uleb128 0x8
 1137 0027 00        		.byte	0x0
 1138 0028 00        		.byte	0x0
 1139 0029 04        		.uleb128 0x4
GAS LISTING C:\Users\alex\AppData\Local\Temp/cccu5KYF.s 			page 21


 1140 002a 16        		.uleb128 0x16
 1141 002b 00        		.byte	0x0
 1142 002c 03        		.uleb128 0x3
 1143 002d 0E        		.uleb128 0xe
 1144 002e 3A        		.uleb128 0x3a
 1145 002f 0B        		.uleb128 0xb
 1146 0030 3B        		.uleb128 0x3b
 1147 0031 0B        		.uleb128 0xb
 1148 0032 49        		.uleb128 0x49
 1149 0033 13        		.uleb128 0x13
 1150 0034 00        		.byte	0x0
 1151 0035 00        		.byte	0x0
 1152 0036 05        		.uleb128 0x5
 1153 0037 0F        		.uleb128 0xf
 1154 0038 00        		.byte	0x0
 1155 0039 0B        		.uleb128 0xb
 1156 003a 0B        		.uleb128 0xb
 1157 003b 03        		.uleb128 0x3
 1158 003c 0E        		.uleb128 0xe
 1159 003d 00        		.byte	0x0
 1160 003e 00        		.byte	0x0
 1161 003f 06        		.uleb128 0x6
 1162 0040 24        		.uleb128 0x24
 1163 0041 00        		.byte	0x0
 1164 0042 0B        		.uleb128 0xb
 1165 0043 0B        		.uleb128 0xb
 1166 0044 3E        		.uleb128 0x3e
 1167 0045 0B        		.uleb128 0xb
 1168 0046 00        		.byte	0x0
 1169 0047 00        		.byte	0x0
 1170 0048 07        		.uleb128 0x7
 1171 0049 2E        		.uleb128 0x2e
 1172 004a 00        		.byte	0x0
 1173 004b 3F        		.uleb128 0x3f
 1174 004c 0C        		.uleb128 0xc
 1175 004d 03        		.uleb128 0x3
 1176 004e 0E        		.uleb128 0xe
 1177 004f 3A        		.uleb128 0x3a
 1178 0050 0B        		.uleb128 0xb
 1179 0051 3B        		.uleb128 0x3b
 1180 0052 0B        		.uleb128 0xb
 1181 0053 27        		.uleb128 0x27
 1182 0054 0C        		.uleb128 0xc
 1183 0055 11        		.uleb128 0x11
 1184 0056 01        		.uleb128 0x1
 1185 0057 12        		.uleb128 0x12
 1186 0058 01        		.uleb128 0x1
 1187 0059 40        		.uleb128 0x40
 1188 005a 0A        		.uleb128 0xa
 1189 005b 00        		.byte	0x0
 1190 005c 00        		.byte	0x0
 1191 005d 08        		.uleb128 0x8
 1192 005e 2E        		.uleb128 0x2e
 1193 005f 01        		.byte	0x1
 1194 0060 3F        		.uleb128 0x3f
 1195 0061 0C        		.uleb128 0xc
 1196 0062 03        		.uleb128 0x3
GAS LISTING C:\Users\alex\AppData\Local\Temp/cccu5KYF.s 			page 22


 1197 0063 0E        		.uleb128 0xe
 1198 0064 3A        		.uleb128 0x3a
 1199 0065 0B        		.uleb128 0xb
 1200 0066 3B        		.uleb128 0x3b
 1201 0067 0B        		.uleb128 0xb
 1202 0068 27        		.uleb128 0x27
 1203 0069 0C        		.uleb128 0xc
 1204 006a 11        		.uleb128 0x11
 1205 006b 01        		.uleb128 0x1
 1206 006c 12        		.uleb128 0x12
 1207 006d 01        		.uleb128 0x1
 1208 006e 40        		.uleb128 0x40
 1209 006f 0A        		.uleb128 0xa
 1210 0070 01        		.uleb128 0x1
 1211 0071 13        		.uleb128 0x13
 1212 0072 00        		.byte	0x0
 1213 0073 00        		.byte	0x0
 1214 0074 09        		.uleb128 0x9
 1215 0075 05        		.uleb128 0x5
 1216 0076 00        		.byte	0x0
 1217 0077 03        		.uleb128 0x3
 1218 0078 0E        		.uleb128 0xe
 1219 0079 3A        		.uleb128 0x3a
 1220 007a 0B        		.uleb128 0xb
 1221 007b 3B        		.uleb128 0x3b
 1222 007c 0B        		.uleb128 0xb
 1223 007d 49        		.uleb128 0x49
 1224 007e 13        		.uleb128 0x13
 1225 007f 02        		.uleb128 0x2
 1226 0080 0A        		.uleb128 0xa
 1227 0081 00        		.byte	0x0
 1228 0082 00        		.byte	0x0
 1229 0083 0A        		.uleb128 0xa
 1230 0084 05        		.uleb128 0x5
 1231 0085 00        		.byte	0x0
 1232 0086 03        		.uleb128 0x3
 1233 0087 08        		.uleb128 0x8
 1234 0088 3A        		.uleb128 0x3a
 1235 0089 0B        		.uleb128 0xb
 1236 008a 3B        		.uleb128 0x3b
 1237 008b 0B        		.uleb128 0xb
 1238 008c 49        		.uleb128 0x49
 1239 008d 13        		.uleb128 0x13
 1240 008e 02        		.uleb128 0x2
 1241 008f 0A        		.uleb128 0xa
 1242 0090 00        		.byte	0x0
 1243 0091 00        		.byte	0x0
 1244 0092 0B        		.uleb128 0xb
 1245 0093 34        		.uleb128 0x34
 1246 0094 00        		.byte	0x0
 1247 0095 03        		.uleb128 0x3
 1248 0096 08        		.uleb128 0x8
 1249 0097 3A        		.uleb128 0x3a
 1250 0098 0B        		.uleb128 0xb
 1251 0099 3B        		.uleb128 0x3b
 1252 009a 0B        		.uleb128 0xb
 1253 009b 49        		.uleb128 0x49
GAS LISTING C:\Users\alex\AppData\Local\Temp/cccu5KYF.s 			page 23


 1254 009c 13        		.uleb128 0x13
 1255 009d 02        		.uleb128 0x2
 1256 009e 0A        		.uleb128 0xa
 1257 009f 00        		.byte	0x0
 1258 00a0 00        		.byte	0x0
 1259 00a1 0C        		.uleb128 0xc
 1260 00a2 0F        		.uleb128 0xf
 1261 00a3 00        		.byte	0x0
 1262 00a4 0B        		.uleb128 0xb
 1263 00a5 0B        		.uleb128 0xb
 1264 00a6 49        		.uleb128 0x49
 1265 00a7 13        		.uleb128 0x13
 1266 00a8 00        		.byte	0x0
 1267 00a9 00        		.byte	0x0
 1268 00aa 0D        		.uleb128 0xd
 1269 00ab 18        		.uleb128 0x18
 1270 00ac 00        		.byte	0x0
 1271 00ad 00        		.byte	0x0
 1272 00ae 00        		.byte	0x0
 1273 00af 0E        		.uleb128 0xe
 1274 00b0 34        		.uleb128 0x34
 1275 00b1 00        		.byte	0x0
 1276 00b2 03        		.uleb128 0x3
 1277 00b3 0E        		.uleb128 0xe
 1278 00b4 3A        		.uleb128 0x3a
 1279 00b5 0B        		.uleb128 0xb
 1280 00b6 3B        		.uleb128 0x3b
 1281 00b7 0B        		.uleb128 0xb
 1282 00b8 49        		.uleb128 0x49
 1283 00b9 13        		.uleb128 0x13
 1284 00ba 02        		.uleb128 0x2
 1285 00bb 0A        		.uleb128 0xa
 1286 00bc 00        		.byte	0x0
 1287 00bd 00        		.byte	0x0
 1288 00be 0F        		.uleb128 0xf
 1289 00bf 01        		.uleb128 0x1
 1290 00c0 01        		.byte	0x1
 1291 00c1 49        		.uleb128 0x49
 1292 00c2 13        		.uleb128 0x13
 1293 00c3 01        		.uleb128 0x1
 1294 00c4 13        		.uleb128 0x13
 1295 00c5 00        		.byte	0x0
 1296 00c6 00        		.byte	0x0
 1297 00c7 10        		.uleb128 0x10
 1298 00c8 21        		.uleb128 0x21
 1299 00c9 00        		.byte	0x0
 1300 00ca 49        		.uleb128 0x49
 1301 00cb 13        		.uleb128 0x13
 1302 00cc 2F        		.uleb128 0x2f
 1303 00cd 0B        		.uleb128 0xb
 1304 00ce 00        		.byte	0x0
 1305 00cf 00        		.byte	0x0
 1306 00d0 11        		.uleb128 0x11
 1307 00d1 2E        		.uleb128 0x2e
 1308 00d2 00        		.byte	0x0
 1309 00d3 3F        		.uleb128 0x3f
 1310 00d4 0C        		.uleb128 0xc
GAS LISTING C:\Users\alex\AppData\Local\Temp/cccu5KYF.s 			page 24


 1311 00d5 03        		.uleb128 0x3
 1312 00d6 0E        		.uleb128 0xe
 1313 00d7 3A        		.uleb128 0x3a
 1314 00d8 0B        		.uleb128 0xb
 1315 00d9 3B        		.uleb128 0x3b
 1316 00da 0B        		.uleb128 0xb
 1317 00db 27        		.uleb128 0x27
 1318 00dc 0C        		.uleb128 0xc
 1319 00dd 49        		.uleb128 0x49
 1320 00de 13        		.uleb128 0x13
 1321 00df 11        		.uleb128 0x11
 1322 00e0 01        		.uleb128 0x1
 1323 00e1 12        		.uleb128 0x12
 1324 00e2 01        		.uleb128 0x1
 1325 00e3 40        		.uleb128 0x40
 1326 00e4 0A        		.uleb128 0xa
 1327 00e5 00        		.byte	0x0
 1328 00e6 00        		.byte	0x0
 1329 00e7 12        		.uleb128 0x12
 1330 00e8 34        		.uleb128 0x34
 1331 00e9 00        		.byte	0x0
 1332 00ea 03        		.uleb128 0x3
 1333 00eb 0E        		.uleb128 0xe
 1334 00ec 3A        		.uleb128 0x3a
 1335 00ed 0B        		.uleb128 0xb
 1336 00ee 3B        		.uleb128 0x3b
 1337 00ef 0B        		.uleb128 0xb
 1338 00f0 49        		.uleb128 0x49
 1339 00f1 13        		.uleb128 0x13
 1340 00f2 3F        		.uleb128 0x3f
 1341 00f3 0C        		.uleb128 0xc
 1342 00f4 02        		.uleb128 0x2
 1343 00f5 0A        		.uleb128 0xa
 1344 00f6 00        		.byte	0x0
 1345 00f7 00        		.byte	0x0
 1346 00f8 00        		.byte	0x0
 1347               		.section	.debug_pubnames,"",@progbits
 1348 0000 8E00 0000 		.long	0x8e
 1349 0004 0200      		.word	0x2
 1350 0006 0000 0000 		.long	.Ldebug_info0
 1351 000a 1C02 0000 		.long	0x21c
 1352 000e 8700 0000 		.long	0x87
 1353 0012 7561 7274 		.string	"uart_init"
 1353      5F69 6E69 
 1353      7400 
 1354 001c 9B00 0000 		.long	0x9b
 1355 0020 7561 7274 		.string	"uart_putc"
 1355      5F70 7574 
 1355      6300 
 1356 002a C200 0000 		.long	0xc2
 1357 002e 7561 7274 		.string	"uart_puts"
 1357      5F70 7574 
 1357      7300 
 1358 0038 0001 0000 		.long	0x100
 1359 003c 7561 7274 		.string	"uart_printf"
 1359      5F70 7269 
 1359      6E74 6600 
GAS LISTING C:\Users\alex\AppData\Local\Temp/cccu5KYF.s 			page 25


 1360 0048 A801 0000 		.long	0x1a8
 1361 004c 5F5F 7665 		.string	"__vector_13"
 1361      6374 6F72 
 1361      5F31 3300 
 1362 0058 CD01 0000 		.long	0x1cd
 1363 005c 7561 7274 		.string	"uart_getc"
 1363      5F67 6574 
 1363      6300 
 1364 0066 E501 0000 		.long	0x1e5
 1365 006a 7561 7274 		.string	"uart_pos"
 1365      5F70 6F73 
 1365      00
 1366 0073 F701 0000 		.long	0x1f7
 1367 0077 7561 7274 		.string	"uart_done"
 1367      5F64 6F6E 
 1367      6500 
 1368 0081 0902 0000 		.long	0x209
 1369 0085 7561 7274 		.string	"uart_buf"
 1369      5F62 7566 
 1369      00
 1370 008e 0000 0000 		.long	0x0
 1371               		.section	.debug_aranges,"",@progbits
 1372 0000 1C00 0000 		.long	0x1c
 1373 0004 0200      		.word	0x2
 1374 0006 0000 0000 		.long	.Ldebug_info0
 1375 000a 04        		.byte	0x4
 1376 000b 00        		.byte	0x0
 1377 000c 0000      		.word	0x0
 1378 000e 0000      		.word	0x0
 1379 0010 0000 0000 		.long	.Ltext0
 1380 0014 A604 0000 		.long	.Letext0-.Ltext0
 1381 0018 0000 0000 		.long	0x0
 1382 001c 0000 0000 		.long	0x0
 1383               		.section	.debug_line
 1384 0000 C502 0000 		.long	.LELT0-.LSLT0
 1385               	.LSLT0:
 1386 0004 0200      		.word	0x2
 1387 0006 9300 0000 		.long	.LELTP0-.LASLTP0
 1388               	.LASLTP0:
 1389 000a 01        		.byte	0x1
 1390 000b 01        		.byte	0x1
 1391 000c F6        		.byte	0xf6
 1392 000d F5        		.byte	0xf5
 1393 000e 0A        		.byte	0xa
 1394 000f 00        		.byte	0x0
 1395 0010 01        		.byte	0x1
 1396 0011 01        		.byte	0x1
 1397 0012 01        		.byte	0x1
 1398 0013 01        		.byte	0x1
 1399 0014 00        		.byte	0x0
 1400 0015 00        		.byte	0x0
 1401 0016 00        		.byte	0x0
 1402 0017 01        		.byte	0x1
 1403 0018 633A 2F77 		.ascii	"c:/winavr-20100110/lib/gcc/../../avr/include"
 1403      696E 6176 
 1403      722D 3230 
 1403      3130 3031 
GAS LISTING C:\Users\alex\AppData\Local\Temp/cccu5KYF.s 			page 26


 1403      3130 2F6C 
 1404 0044 00        		.byte	0
 1405 0045 633A 5C77 		.ascii	"c:\\winavr-20100110\\bin\\../lib/gcc/avr/4.3.3/include"
 1405      696E 6176 
 1405      722D 3230 
 1405      3130 3031 
 1405      3130 5C62 
 1406 0078 00        		.byte	0
 1407 0079 00        		.byte	0x0
 1408 007a 7561 7274 		.string	"uart.c"
 1408      2E63 00
 1409 0081 00        		.uleb128 0x0
 1410 0082 00        		.uleb128 0x0
 1411 0083 00        		.uleb128 0x0
 1412 0084 7374 6461 		.string	"stdarg.h"
 1412      7267 2E68 
 1412      00
 1413 008d 02        		.uleb128 0x2
 1414 008e 00        		.uleb128 0x0
 1415 008f 00        		.uleb128 0x0
 1416 0090 7374 6469 		.string	"stdint.h"
 1416      6E74 2E68 
 1416      00
 1417 0099 01        		.uleb128 0x1
 1418 009a 00        		.uleb128 0x0
 1419 009b 00        		.uleb128 0x0
 1420 009c 00        		.byte	0x0
 1421               	.LELTP0:
 1422 009d 00        		.byte	0x0
 1423 009e 05        		.uleb128 0x5
 1424 009f 02        		.byte	0x2
 1425 00a0 0000 0000 		.long	.LM1
 1426 00a4 34        		.byte	0x34
 1427 00a5 00        		.byte	0x0
 1428 00a6 05        		.uleb128 0x5
 1429 00a7 02        		.byte	0x2
 1430 00a8 0000 0000 		.long	.LM2
 1431 00ac 15        		.byte	0x15
 1432 00ad 00        		.byte	0x0
 1433 00ae 05        		.uleb128 0x5
 1434 00af 02        		.byte	0x2
 1435 00b0 0000 0000 		.long	.LM3
 1436 00b4 15        		.byte	0x15
 1437 00b5 00        		.byte	0x0
 1438 00b6 05        		.uleb128 0x5
 1439 00b7 02        		.byte	0x2
 1440 00b8 0000 0000 		.long	.LM4
 1441 00bc 16        		.byte	0x16
 1442 00bd 00        		.byte	0x0
 1443 00be 05        		.uleb128 0x5
 1444 00bf 02        		.byte	0x2
 1445 00c0 0000 0000 		.long	.LM5
 1446 00c4 15        		.byte	0x15
 1447 00c5 00        		.byte	0x0
 1448 00c6 05        		.uleb128 0x5
 1449 00c7 02        		.byte	0x2
 1450 00c8 0000 0000 		.long	.LM6
GAS LISTING C:\Users\alex\AppData\Local\Temp/cccu5KYF.s 			page 27


 1451 00cc 16        		.byte	0x16
 1452 00cd 00        		.byte	0x0
 1453 00ce 05        		.uleb128 0x5
 1454 00cf 02        		.byte	0x2
 1455 00d0 0000 0000 		.long	.LM7
 1456 00d4 15        		.byte	0x15
 1457 00d5 00        		.byte	0x0
 1458 00d6 05        		.uleb128 0x5
 1459 00d7 02        		.byte	0x2
 1460 00d8 0000 0000 		.long	.LM8
 1461 00dc 15        		.byte	0x15
 1462 00dd 00        		.byte	0x0
 1463 00de 05        		.uleb128 0x5
 1464 00df 02        		.byte	0x2
 1465 00e0 0000 0000 		.long	.LM9
 1466 00e4 15        		.byte	0x15
 1467 00e5 00        		.byte	0x0
 1468 00e6 05        		.uleb128 0x5
 1469 00e7 02        		.byte	0x2
 1470 00e8 0000 0000 		.long	.LM10
 1471 00ec 15        		.byte	0x15
 1472 00ed 00        		.byte	0x0
 1473 00ee 05        		.uleb128 0x5
 1474 00ef 02        		.byte	0x2
 1475 00f0 0000 0000 		.long	.LM11
 1476 00f4 1B        		.byte	0x1b
 1477 00f5 00        		.byte	0x0
 1478 00f6 05        		.uleb128 0x5
 1479 00f7 02        		.byte	0x2
 1480 00f8 0000 0000 		.long	.LM12
 1481 00fc 15        		.byte	0x15
 1482 00fd 00        		.byte	0x0
 1483 00fe 05        		.uleb128 0x5
 1484 00ff 02        		.byte	0x2
 1485 0100 0000 0000 		.long	.LM13
 1486 0104 16        		.byte	0x16
 1487 0105 00        		.byte	0x0
 1488 0106 05        		.uleb128 0x5
 1489 0107 02        		.byte	0x2
 1490 0108 0000 0000 		.long	.LM14
 1491 010c 15        		.byte	0x15
 1492 010d 00        		.byte	0x0
 1493 010e 05        		.uleb128 0x5
 1494 010f 02        		.byte	0x2
 1495 0110 0000 0000 		.long	.LM15
 1496 0114 19        		.byte	0x19
 1497 0115 00        		.byte	0x0
 1498 0116 05        		.uleb128 0x5
 1499 0117 02        		.byte	0x2
 1500 0118 0000 0000 		.long	.LM16
 1501 011c 18        		.byte	0x18
 1502 011d 00        		.byte	0x0
 1503 011e 05        		.uleb128 0x5
 1504 011f 02        		.byte	0x2
 1505 0120 0000 0000 		.long	.LM17
 1506 0124 13        		.byte	0x13
 1507 0125 00        		.byte	0x0
GAS LISTING C:\Users\alex\AppData\Local\Temp/cccu5KYF.s 			page 28


 1508 0126 05        		.uleb128 0x5
 1509 0127 02        		.byte	0x2
 1510 0128 0000 0000 		.long	.LM18
 1511 012c 17        		.byte	0x17
 1512 012d 00        		.byte	0x0
 1513 012e 05        		.uleb128 0x5
 1514 012f 02        		.byte	0x2
 1515 0130 0000 0000 		.long	.LM19
 1516 0134 19        		.byte	0x19
 1517 0135 00        		.byte	0x0
 1518 0136 05        		.uleb128 0x5
 1519 0137 02        		.byte	0x2
 1520 0138 0000 0000 		.long	.LM20
 1521 013c 1E        		.byte	0x1e
 1522 013d 00        		.byte	0x0
 1523 013e 05        		.uleb128 0x5
 1524 013f 02        		.byte	0x2
 1525 0140 0000 0000 		.long	.LM21
 1526 0144 15        		.byte	0x15
 1527 0145 00        		.byte	0x0
 1528 0146 05        		.uleb128 0x5
 1529 0147 02        		.byte	0x2
 1530 0148 0000 0000 		.long	.LM22
 1531 014c 15        		.byte	0x15
 1532 014d 00        		.byte	0x0
 1533 014e 05        		.uleb128 0x5
 1534 014f 02        		.byte	0x2
 1535 0150 0000 0000 		.long	.LM23
 1536 0154 15        		.byte	0x15
 1537 0155 00        		.byte	0x0
 1538 0156 05        		.uleb128 0x5
 1539 0157 02        		.byte	0x2
 1540 0158 0000 0000 		.long	.LM24
 1541 015c 17        		.byte	0x17
 1542 015d 00        		.byte	0x0
 1543 015e 05        		.uleb128 0x5
 1544 015f 02        		.byte	0x2
 1545 0160 0000 0000 		.long	.LM25
 1546 0164 17        		.byte	0x17
 1547 0165 00        		.byte	0x0
 1548 0166 05        		.uleb128 0x5
 1549 0167 02        		.byte	0x2
 1550 0168 0000 0000 		.long	.LM26
 1551 016c 15        		.byte	0x15
 1552 016d 00        		.byte	0x0
 1553 016e 05        		.uleb128 0x5
 1554 016f 02        		.byte	0x2
 1555 0170 0000 0000 		.long	.LM27
 1556 0174 15        		.byte	0x15
 1557 0175 00        		.byte	0x0
 1558 0176 05        		.uleb128 0x5
 1559 0177 02        		.byte	0x2
 1560 0178 0000 0000 		.long	.LM28
 1561 017c 17        		.byte	0x17
 1562 017d 00        		.byte	0x0
 1563 017e 05        		.uleb128 0x5
 1564 017f 02        		.byte	0x2
GAS LISTING C:\Users\alex\AppData\Local\Temp/cccu5KYF.s 			page 29


 1565 0180 0000 0000 		.long	.LM29
 1566 0184 15        		.byte	0x15
 1567 0185 00        		.byte	0x0
 1568 0186 05        		.uleb128 0x5
 1569 0187 02        		.byte	0x2
 1570 0188 0000 0000 		.long	.LM30
 1571 018c 15        		.byte	0x15
 1572 018d 00        		.byte	0x0
 1573 018e 05        		.uleb128 0x5
 1574 018f 02        		.byte	0x2
 1575 0190 0000 0000 		.long	.LM31
 1576 0194 17        		.byte	0x17
 1577 0195 00        		.byte	0x0
 1578 0196 05        		.uleb128 0x5
 1579 0197 02        		.byte	0x2
 1580 0198 0000 0000 		.long	.LM32
 1581 019c 15        		.byte	0x15
 1582 019d 00        		.byte	0x0
 1583 019e 05        		.uleb128 0x5
 1584 019f 02        		.byte	0x2
 1585 01a0 0000 0000 		.long	.LM33
 1586 01a4 15        		.byte	0x15
 1587 01a5 00        		.byte	0x0
 1588 01a6 05        		.uleb128 0x5
 1589 01a7 02        		.byte	0x2
 1590 01a8 0000 0000 		.long	.LM34
 1591 01ac 17        		.byte	0x17
 1592 01ad 00        		.byte	0x0
 1593 01ae 05        		.uleb128 0x5
 1594 01af 02        		.byte	0x2
 1595 01b0 0000 0000 		.long	.LM35
 1596 01b4 15        		.byte	0x15
 1597 01b5 00        		.byte	0x0
 1598 01b6 05        		.uleb128 0x5
 1599 01b7 02        		.byte	0x2
 1600 01b8 0000 0000 		.long	.LM36
 1601 01bc 15        		.byte	0x15
 1602 01bd 00        		.byte	0x0
 1603 01be 05        		.uleb128 0x5
 1604 01bf 02        		.byte	0x2
 1605 01c0 0000 0000 		.long	.LM37
 1606 01c4 17        		.byte	0x17
 1607 01c5 00        		.byte	0x0
 1608 01c6 05        		.uleb128 0x5
 1609 01c7 02        		.byte	0x2
 1610 01c8 0000 0000 		.long	.LM38
 1611 01cc 15        		.byte	0x15
 1612 01cd 00        		.byte	0x0
 1613 01ce 05        		.uleb128 0x5
 1614 01cf 02        		.byte	0x2
 1615 01d0 0000 0000 		.long	.LM39
 1616 01d4 15        		.byte	0x15
 1617 01d5 00        		.byte	0x0
 1618 01d6 05        		.uleb128 0x5
 1619 01d7 02        		.byte	0x2
 1620 01d8 0000 0000 		.long	.LM40
 1621 01dc 17        		.byte	0x17
GAS LISTING C:\Users\alex\AppData\Local\Temp/cccu5KYF.s 			page 30


 1622 01dd 00        		.byte	0x0
 1623 01de 05        		.uleb128 0x5
 1624 01df 02        		.byte	0x2
 1625 01e0 0000 0000 		.long	.LM41
 1626 01e4 15        		.byte	0x15
 1627 01e5 00        		.byte	0x0
 1628 01e6 05        		.uleb128 0x5
 1629 01e7 02        		.byte	0x2
 1630 01e8 0000 0000 		.long	.LM42
 1631 01ec 15        		.byte	0x15
 1632 01ed 00        		.byte	0x0
 1633 01ee 05        		.uleb128 0x5
 1634 01ef 02        		.byte	0x2
 1635 01f0 0000 0000 		.long	.LM43
 1636 01f4 17        		.byte	0x17
 1637 01f5 00        		.byte	0x0
 1638 01f6 05        		.uleb128 0x5
 1639 01f7 02        		.byte	0x2
 1640 01f8 0000 0000 		.long	.LM44
 1641 01fc 15        		.byte	0x15
 1642 01fd 00        		.byte	0x0
 1643 01fe 05        		.uleb128 0x5
 1644 01ff 02        		.byte	0x2
 1645 0200 0000 0000 		.long	.LM45
 1646 0204 17        		.byte	0x17
 1647 0205 00        		.byte	0x0
 1648 0206 05        		.uleb128 0x5
 1649 0207 02        		.byte	0x2
 1650 0208 0000 0000 		.long	.LM46
 1651 020c 15        		.byte	0x15
 1652 020d 00        		.byte	0x0
 1653 020e 05        		.uleb128 0x5
 1654 020f 02        		.byte	0x2
 1655 0210 0000 0000 		.long	.LM47
 1656 0214 15        		.byte	0x15
 1657 0215 00        		.byte	0x0
 1658 0216 05        		.uleb128 0x5
 1659 0217 02        		.byte	0x2
 1660 0218 0000 0000 		.long	.LM48
 1661 021c 16        		.byte	0x16
 1662 021d 00        		.byte	0x0
 1663 021e 05        		.uleb128 0x5
 1664 021f 02        		.byte	0x2
 1665 0220 0000 0000 		.long	.LM49
 1666 0224 17        		.byte	0x17
 1667 0225 00        		.byte	0x0
 1668 0226 05        		.uleb128 0x5
 1669 0227 02        		.byte	0x2
 1670 0228 0000 0000 		.long	.LM50
 1671 022c 15        		.byte	0x15
 1672 022d 00        		.byte	0x0
 1673 022e 05        		.uleb128 0x5
 1674 022f 02        		.byte	0x2
 1675 0230 0000 0000 		.long	.LM51
 1676 0234 15        		.byte	0x15
 1677 0235 00        		.byte	0x0
 1678 0236 05        		.uleb128 0x5
GAS LISTING C:\Users\alex\AppData\Local\Temp/cccu5KYF.s 			page 31


 1679 0237 02        		.byte	0x2
 1680 0238 0000 0000 		.long	.LM52
 1681 023c 16        		.byte	0x16
 1682 023d 00        		.byte	0x0
 1683 023e 05        		.uleb128 0x5
 1684 023f 02        		.byte	0x2
 1685 0240 0000 0000 		.long	.LM53
 1686 0244 15        		.byte	0x15
 1687 0245 00        		.byte	0x0
 1688 0246 05        		.uleb128 0x5
 1689 0247 02        		.byte	0x2
 1690 0248 0000 0000 		.long	.LM54
 1691 024c 18        		.byte	0x18
 1692 024d 00        		.byte	0x0
 1693 024e 05        		.uleb128 0x5
 1694 024f 02        		.byte	0x2
 1695 0250 0000 0000 		.long	.LM55
 1696 0254 03        		.byte	0x3
 1697 0255 46        		.sleb128 -58
 1698 0256 01        		.byte	0x1
 1699 0257 00        		.byte	0x0
 1700 0258 05        		.uleb128 0x5
 1701 0259 02        		.byte	0x2
 1702 025a 0000 0000 		.long	.LM56
 1703 025e 53        		.byte	0x53
 1704 025f 00        		.byte	0x0
 1705 0260 05        		.uleb128 0x5
 1706 0261 02        		.byte	0x2
 1707 0262 0000 0000 		.long	.LM57
 1708 0266 1E        		.byte	0x1e
 1709 0267 00        		.byte	0x0
 1710 0268 05        		.uleb128 0x5
 1711 0269 02        		.byte	0x2
 1712 026a 0000 0000 		.long	.LM58
 1713 026e 16        		.byte	0x16
 1714 026f 00        		.byte	0x0
 1715 0270 05        		.uleb128 0x5
 1716 0271 02        		.byte	0x2
 1717 0272 0000 0000 		.long	.LM59
 1718 0276 15        		.byte	0x15
 1719 0277 00        		.byte	0x0
 1720 0278 05        		.uleb128 0x5
 1721 0279 02        		.byte	0x2
 1722 027a 0000 0000 		.long	.LM60
 1723 027e 15        		.byte	0x15
 1724 027f 00        		.byte	0x0
 1725 0280 05        		.uleb128 0x5
 1726 0281 02        		.byte	0x2
 1727 0282 0000 0000 		.long	.LM61
 1728 0286 15        		.byte	0x15
 1729 0287 00        		.byte	0x0
 1730 0288 05        		.uleb128 0x5
 1731 0289 02        		.byte	0x2
 1732 028a 0000 0000 		.long	.LM62
 1733 028e 15        		.byte	0x15
 1734 028f 00        		.byte	0x0
 1735 0290 05        		.uleb128 0x5
GAS LISTING C:\Users\alex\AppData\Local\Temp/cccu5KYF.s 			page 32


 1736 0291 02        		.byte	0x2
 1737 0292 0000 0000 		.long	.LM63
 1738 0296 15        		.byte	0x15
 1739 0297 00        		.byte	0x0
 1740 0298 05        		.uleb128 0x5
 1741 0299 02        		.byte	0x2
 1742 029a 0000 0000 		.long	.LM64
 1743 029e 16        		.byte	0x16
 1744 029f 00        		.byte	0x0
 1745 02a0 05        		.uleb128 0x5
 1746 02a1 02        		.byte	0x2
 1747 02a2 0000 0000 		.long	.LM65
 1748 02a6 1A        		.byte	0x1a
 1749 02a7 00        		.byte	0x0
 1750 02a8 05        		.uleb128 0x5
 1751 02a9 02        		.byte	0x2
 1752 02aa 0000 0000 		.long	.LM66
 1753 02ae 16        		.byte	0x16
 1754 02af 00        		.byte	0x0
 1755 02b0 05        		.uleb128 0x5
 1756 02b1 02        		.byte	0x2
 1757 02b2 0000 0000 		.long	.LM67
 1758 02b6 15        		.byte	0x15
 1759 02b7 00        		.byte	0x0
 1760 02b8 05        		.uleb128 0x5
 1761 02b9 02        		.byte	0x2
 1762 02ba 0000 0000 		.long	.LM68
 1763 02be 17        		.byte	0x17
 1764 02bf 00        		.byte	0x0
 1765 02c0 05        		.uleb128 0x5
 1766 02c1 02        		.byte	0x2
 1767 02c2 0000 0000 		.long	.Letext0
 1768 02c6 00        		.byte	0x0
 1769 02c7 01        		.uleb128 0x1
 1770 02c8 01        		.byte	0x1
 1771               	.LELT0:
 1772 02c9 1600 0000 		.section	.debug_str,"MS",@progbits,1
 1772      0200 1000 
 1772      0000 0101 
 1772      FB0E 0A00 
 1772      0101 0101 
 1773               	.LASF14:
 1774 0000 7561 7274 		.string	"uart_printf"
 1774      5F70 7269 
 1774      6E74 6600 
 1775               	.LASF27:
 1776 000c 5F5F 6275 		.string	"__builtin_va_list"
 1776      696C 7469 
 1776      6E5F 7661 
 1776      5F6C 6973 
 1776      7400 
 1777               	.LASF22:
 1778 001e 7561 7274 		.string	"uart_done"
 1778      5F64 6F6E 
 1778      6500 
 1779               	.LASF18:
 1780 0028 6C6C 7661 		.string	"llval"
GAS LISTING C:\Users\alex\AppData\Local\Temp/cccu5KYF.s 			page 33


 1780      6C00 
 1781               	.LASF19:
 1782 002e 7576 616C 		.string	"uval"
 1782      00
 1783               	.LASF16:
 1784 0033 6976 616C 		.string	"ival"
 1784      00
 1785               	.LASF25:
 1786 0038 7561 7274 		.string	"uart.c"
 1786      2E63 00
 1787               	.LASF20:
 1788 003f 5F5F 7665 		.string	"__vector_13"
 1788      6374 6F72 
 1788      5F31 3300 
 1789               	.LASF28:
 1790 004b 7561 7274 		.string	"uart_init"
 1790      5F69 6E69 
 1790      7400 
 1791               	.LASF12:
 1792 0055 6461 7461 		.string	"data"
 1792      00
 1793               	.LASF2:
 1794 005a 5F5F 676E 		.string	"__gnuc_va_list"
 1794      7563 5F76 
 1794      615F 6C69 
 1794      7374 00
 1795               	.LASF6:
 1796 0069 756E 7369 		.string	"unsigned char"
 1796      676E 6564 
 1796      2063 6861 
 1796      7200 
 1797               	.LASF17:
 1798 0077 6C76 616C 		.string	"lval"
 1798      00
 1799               	.LASF7:
 1800 007c 6C6F 6E67 		.string	"long unsigned int"
 1800      2075 6E73 
 1800      6967 6E65 
 1800      6420 696E 
 1800      7400 
 1801               	.LASF24:
 1802 008e 474E 5520 		.string	"GNU C 4.3.3"
 1802      4320 342E 
 1802      332E 3300 
 1803               	.LASF29:
 1804 009a 7561 7274 		.string	"uart_getc"
 1804      5F67 6574 
 1804      6300 
 1805               	.LASF3:
 1806 00a4 7661 5F6C 		.string	"va_list"
 1806      6973 7400 
 1807               	.LASF21:
 1808 00ac 7561 7274 		.string	"uart_pos"
 1808      5F70 6F73 
 1808      00
 1809               	.LASF0:
 1810 00b5 756E 7369 		.string	"unsigned int"
GAS LISTING C:\Users\alex\AppData\Local\Temp/cccu5KYF.s 			page 34


 1810      676E 6564 
 1810      2069 6E74 
 1810      00
 1811               	.LASF9:
 1812 00c2 6C6F 6E67 		.string	"long long unsigned int"
 1812      206C 6F6E 
 1812      6720 756E 
 1812      7369 676E 
 1812      6564 2069 
 1813               	.LASF5:
 1814 00d9 7569 6E74 		.string	"uint8_t"
 1814      385F 7400 
 1815               	.LASF8:
 1816 00e1 6C6F 6E67 		.string	"long long int"
 1816      206C 6F6E 
 1816      6720 696E 
 1816      7400 
 1817               	.LASF13:
 1818 00ef 6368 6172 		.string	"char"
 1818      00
 1819               	.LASF15:
 1820 00f4 7376 616C 		.string	"sval"
 1820      00
 1821               	.LASF26:
 1822 00f9 453A 5C61 		.string	"E:\\avr\\lib"
 1822      7672 5C6C 
 1822      6962 00
 1823               	.LASF10:
 1824 0104 7561 7274 		.string	"uart_putc"
 1824      5F70 7574 
 1824      6300 
 1825               	.LASF1:
 1826 010e 6C6F 6E67 		.string	"long int"
 1826      2069 6E74 
 1826      00
 1827               	.LASF4:
 1828 0117 7369 676E 		.string	"signed char"
 1828      6564 2063 
 1828      6861 7200 
 1829               	.LASF11:
 1830 0123 7561 7274 		.string	"uart_puts"
 1830      5F70 7574 
 1830      7300 
 1831               	.LASF23:
 1832 012d 7561 7274 		.string	"uart_buf"
 1832      5F62 7566 
 1832      00
 1833               	.global __do_copy_data
 1834               	.global __do_clear_bss
GAS LISTING C:\Users\alex\AppData\Local\Temp/cccu5KYF.s 			page 35


DEFINED SYMBOLS
                            *ABS*:00000000 uart.c
C:\Users\alex\AppData\Local\Temp/cccu5KYF.s:2      *ABS*:0000003f __SREG__
C:\Users\alex\AppData\Local\Temp/cccu5KYF.s:3      *ABS*:0000003e __SP_H__
C:\Users\alex\AppData\Local\Temp/cccu5KYF.s:4      *ABS*:0000003d __SP_L__
C:\Users\alex\AppData\Local\Temp/cccu5KYF.s:5      *ABS*:00000034 __CCP__
C:\Users\alex\AppData\Local\Temp/cccu5KYF.s:6      *ABS*:00000000 __tmp_reg__
C:\Users\alex\AppData\Local\Temp/cccu5KYF.s:7      *ABS*:00000001 __zero_reg__
C:\Users\alex\AppData\Local\Temp/cccu5KYF.s:18     .text:00000000 uart_init
                            *COM*:00000001 uart_done
                            *COM*:00000001 uart_pos
C:\Users\alex\AppData\Local\Temp/cccu5KYF.s:73     .text:00000044 uart_putc
C:\Users\alex\AppData\Local\Temp/cccu5KYF.s:110    .text:00000072 uart_puts
C:\Users\alex\AppData\Local\Temp/cccu5KYF.s:168    .text:000000c0 uart_printf
C:\Users\alex\AppData\Local\Temp/cccu5KYF.s:620    .text:000003ec __vector_13
                            *COM*:00000020 uart_buf
C:\Users\alex\AppData\Local\Temp/cccu5KYF.s:711    .text:00000488 uart_getc

UNDEFINED SYMBOLS
itoa
utoa
ultoa
ltoa
__do_copy_data
__do_clear_bss
