GAS LISTING C:\Users\alex\AppData\Local\Temp/ccgltK20.s 			page 1


   1               		.file	"xy.c"
   2               	__SREG__ = 0x3f
   3               	__SP_H__ = 0x3e
   4               	__SP_L__ = 0x3d
   5               	__CCP__  = 0x34
   6               	__tmp_reg__ = 0
   7               	__zero_reg__ = 1
   8               		.section	.debug_abbrev,"",@progbits
   9               	.Ldebug_abbrev0:
  10               		.section	.debug_info,"",@progbits
  11               	.Ldebug_info0:
  12               		.section	.debug_line,"",@progbits
  13               	.Ldebug_line0:
  14               		.text
  15               	.Ltext0:
  16               	.global	menuitems
  17               		.section	.progmem.data,"a",@progbits
  18               		.type	menuitems, @object
  19               		.size	menuitems, 120
  20               	menuitems:
  21 0000 4865 6174 		.string	"Heater turn on:"
  21      6572 2074 
  21      7572 6E20 
  21      6F6E 3A00 
  22 0010 0000 0000 		.skip 4,0
  23 0014 4856 2074 		.string	"HV turn on:"
  23      7572 6E20 
  23      6F6E 3A00 
  24 0020 0000 0000 		.skip 8,0
  24      0000 0000 
  25 0028 4856 2072 		.string	"HV ramp up:"
  25      616D 7020 
  25      7570 3A00 
  26 0034 0000 0000 		.skip 8,0
  26      0000 0000 
  27 003c 4856 2074 		.string	"HV turn off:"
  27      7572 6E20 
  27      6F66 663A 
  27      00
  28 0049 0000 0000 		.skip 7,0
  28      0000 00
  29 0050 4865 6174 		.string	"Heater turn off:"
  29      6572 2074 
  29      7572 6E20 
  29      6F66 663A 
  29      00
  30 0061 0000 00   		.skip 3,0
  31 0064 0000 0000 		.skip 20,0
  31      0000 0000 
  31      0000 0000 
  31      0000 0000 
  31      0000 0000 
  32               		.text
  33               	.Letext0:
  34               		.section	.debug_info
  35 0000 8D00 0000 		.long	0x8d
  36 0004 0200      		.word	0x2
GAS LISTING C:\Users\alex\AppData\Local\Temp/ccgltK20.s 			page 2


  37 0006 0000 0000 		.long	.Ldebug_abbrev0
  38 000a 04        		.byte	0x4
  39 000b 01        		.uleb128 0x1
  40 000c 0000 0000 		.long	.LASF7
  41 0010 01        		.byte	0x1
  42 0011 0000 0000 		.long	.LASF8
  43 0015 0000 0000 		.long	.LASF9
  44 0019 0000 0000 		.long	.Ltext0
  45 001d 0000 0000 		.long	.Letext0
  46 0021 0000 0000 		.long	.Ldebug_line0
  47 0025 02        		.uleb128 0x2
  48 0026 01        		.byte	0x1
  49 0027 06        		.byte	0x6
  50 0028 0000 0000 		.long	.LASF0
  51 002c 02        		.uleb128 0x2
  52 002d 01        		.byte	0x1
  53 002e 08        		.byte	0x8
  54 002f 0000 0000 		.long	.LASF1
  55 0033 03        		.uleb128 0x3
  56 0034 02        		.byte	0x2
  57 0035 05        		.byte	0x5
  58 0036 696E 7400 		.string	"int"
  59 003a 02        		.uleb128 0x2
  60 003b 02        		.byte	0x2
  61 003c 07        		.byte	0x7
  62 003d 0000 0000 		.long	.LASF2
  63 0041 02        		.uleb128 0x2
  64 0042 04        		.byte	0x4
  65 0043 05        		.byte	0x5
  66 0044 0000 0000 		.long	.LASF3
  67 0048 02        		.uleb128 0x2
  68 0049 04        		.byte	0x4
  69 004a 07        		.byte	0x7
  70 004b 0000 0000 		.long	.LASF4
  71 004f 02        		.uleb128 0x2
  72 0050 08        		.byte	0x8
  73 0051 05        		.byte	0x5
  74 0052 0000 0000 		.long	.LASF5
  75 0056 02        		.uleb128 0x2
  76 0057 08        		.byte	0x8
  77 0058 07        		.byte	0x7
  78 0059 0000 0000 		.long	.LASF6
  79 005d 04        		.uleb128 0x4
  80 005e 01        		.byte	0x1
  81 005f 08        		.byte	0x8
  82 0060 05        		.uleb128 0x5
  83 0061 2C00 0000 		.long	0x2c
  84 0065 7600 0000 		.long	0x76
  85 0069 06        		.uleb128 0x6
  86 006a 7600 0000 		.long	0x76
  87 006e 05        		.byte	0x5
  88 006f 06        		.uleb128 0x6
  89 0070 7600 0000 		.long	0x76
  90 0074 13        		.byte	0x13
  91 0075 00        		.byte	0x0
  92 0076 04        		.uleb128 0x4
  93 0077 02        		.byte	0x2
GAS LISTING C:\Users\alex\AppData\Local\Temp/ccgltK20.s 			page 3


  94 0078 07        		.byte	0x7
  95 0079 07        		.uleb128 0x7
  96 007a 0000 0000 		.long	.LASF10
  97 007e 01        		.byte	0x1
  98 007f 0F        		.byte	0xf
  99 0080 8B00 0000 		.long	0x8b
 100 0084 01        		.byte	0x1
 101 0085 05        		.byte	0x5
 102 0086 03        		.byte	0x3
 103 0087 0000 0000 		.long	menuitems
 104 008b 08        		.uleb128 0x8
 105 008c 6000 0000 		.long	0x60
 106 0090 00        		.byte	0x0
 107               		.section	.debug_abbrev
 108 0000 01        		.uleb128 0x1
 109 0001 11        		.uleb128 0x11
 110 0002 01        		.byte	0x1
 111 0003 25        		.uleb128 0x25
 112 0004 0E        		.uleb128 0xe
 113 0005 13        		.uleb128 0x13
 114 0006 0B        		.uleb128 0xb
 115 0007 03        		.uleb128 0x3
 116 0008 0E        		.uleb128 0xe
 117 0009 1B        		.uleb128 0x1b
 118 000a 0E        		.uleb128 0xe
 119 000b 11        		.uleb128 0x11
 120 000c 01        		.uleb128 0x1
 121 000d 12        		.uleb128 0x12
 122 000e 01        		.uleb128 0x1
 123 000f 10        		.uleb128 0x10
 124 0010 06        		.uleb128 0x6
 125 0011 00        		.byte	0x0
 126 0012 00        		.byte	0x0
 127 0013 02        		.uleb128 0x2
 128 0014 24        		.uleb128 0x24
 129 0015 00        		.byte	0x0
 130 0016 0B        		.uleb128 0xb
 131 0017 0B        		.uleb128 0xb
 132 0018 3E        		.uleb128 0x3e
 133 0019 0B        		.uleb128 0xb
 134 001a 03        		.uleb128 0x3
 135 001b 0E        		.uleb128 0xe
 136 001c 00        		.byte	0x0
 137 001d 00        		.byte	0x0
 138 001e 03        		.uleb128 0x3
 139 001f 24        		.uleb128 0x24
 140 0020 00        		.byte	0x0
 141 0021 0B        		.uleb128 0xb
 142 0022 0B        		.uleb128 0xb
 143 0023 3E        		.uleb128 0x3e
 144 0024 0B        		.uleb128 0xb
 145 0025 03        		.uleb128 0x3
 146 0026 08        		.uleb128 0x8
 147 0027 00        		.byte	0x0
 148 0028 00        		.byte	0x0
 149 0029 04        		.uleb128 0x4
 150 002a 24        		.uleb128 0x24
GAS LISTING C:\Users\alex\AppData\Local\Temp/ccgltK20.s 			page 4


 151 002b 00        		.byte	0x0
 152 002c 0B        		.uleb128 0xb
 153 002d 0B        		.uleb128 0xb
 154 002e 3E        		.uleb128 0x3e
 155 002f 0B        		.uleb128 0xb
 156 0030 00        		.byte	0x0
 157 0031 00        		.byte	0x0
 158 0032 05        		.uleb128 0x5
 159 0033 01        		.uleb128 0x1
 160 0034 01        		.byte	0x1
 161 0035 49        		.uleb128 0x49
 162 0036 13        		.uleb128 0x13
 163 0037 01        		.uleb128 0x1
 164 0038 13        		.uleb128 0x13
 165 0039 00        		.byte	0x0
 166 003a 00        		.byte	0x0
 167 003b 06        		.uleb128 0x6
 168 003c 21        		.uleb128 0x21
 169 003d 00        		.byte	0x0
 170 003e 49        		.uleb128 0x49
 171 003f 13        		.uleb128 0x13
 172 0040 2F        		.uleb128 0x2f
 173 0041 0B        		.uleb128 0xb
 174 0042 00        		.byte	0x0
 175 0043 00        		.byte	0x0
 176 0044 07        		.uleb128 0x7
 177 0045 34        		.uleb128 0x34
 178 0046 00        		.byte	0x0
 179 0047 03        		.uleb128 0x3
 180 0048 0E        		.uleb128 0xe
 181 0049 3A        		.uleb128 0x3a
 182 004a 0B        		.uleb128 0xb
 183 004b 3B        		.uleb128 0x3b
 184 004c 0B        		.uleb128 0xb
 185 004d 49        		.uleb128 0x49
 186 004e 13        		.uleb128 0x13
 187 004f 3F        		.uleb128 0x3f
 188 0050 0C        		.uleb128 0xc
 189 0051 02        		.uleb128 0x2
 190 0052 0A        		.uleb128 0xa
 191 0053 00        		.byte	0x0
 192 0054 00        		.byte	0x0
 193 0055 08        		.uleb128 0x8
 194 0056 26        		.uleb128 0x26
 195 0057 00        		.byte	0x0
 196 0058 49        		.uleb128 0x49
 197 0059 13        		.uleb128 0x13
 198 005a 00        		.byte	0x0
 199 005b 00        		.byte	0x0
 200 005c 00        		.byte	0x0
 201               		.section	.debug_pubnames,"",@progbits
 202 0000 1C00 0000 		.long	0x1c
 203 0004 0200      		.word	0x2
 204 0006 0000 0000 		.long	.Ldebug_info0
 205 000a 9100 0000 		.long	0x91
 206 000e 7900 0000 		.long	0x79
 207 0012 6D65 6E75 		.string	"menuitems"
GAS LISTING C:\Users\alex\AppData\Local\Temp/ccgltK20.s 			page 5


 207      6974 656D 
 207      7300 
 208 001c 0000 0000 		.long	0x0
 209               		.section	.debug_line
 210 0000 2800 0000 		.long	.LELT0-.LSLT0
 211               	.LSLT0:
 212 0004 0200      		.word	0x2
 213 0006 1800 0000 		.long	.LELTP0-.LASLTP0
 214               	.LASLTP0:
 215 000a 01        		.byte	0x1
 216 000b 01        		.byte	0x1
 217 000c F6        		.byte	0xf6
 218 000d F5        		.byte	0xf5
 219 000e 0A        		.byte	0xa
 220 000f 00        		.byte	0x0
 221 0010 01        		.byte	0x1
 222 0011 01        		.byte	0x1
 223 0012 01        		.byte	0x1
 224 0013 01        		.byte	0x1
 225 0014 00        		.byte	0x0
 226 0015 00        		.byte	0x0
 227 0016 00        		.byte	0x0
 228 0017 01        		.byte	0x1
 229 0018 00        		.byte	0x0
 230 0019 7879 2E63 		.string	"xy.c"
 230      00
 231 001e 00        		.uleb128 0x0
 232 001f 00        		.uleb128 0x0
 233 0020 00        		.uleb128 0x0
 234 0021 00        		.byte	0x0
 235               	.LELTP0:
 236 0022 00        		.byte	0x0
 237 0023 05        		.uleb128 0x5
 238 0024 02        		.byte	0x2
 239 0025 0000 0000 		.long	.Letext0
 240 0029 00        		.byte	0x0
 241 002a 01        		.uleb128 0x1
 242 002b 01        		.byte	0x1
 243               	.LELT0:
 244 002c 1600 0000 		.section	.debug_str,"MS",@progbits,1
 244      0200 1000 
 244      0000 0101 
 244      FB0E 0A00 
 244      0101 0101 
 245               	.LASF2:
 246 0000 756E 7369 		.string	"unsigned int"
 246      676E 6564 
 246      2069 6E74 
 246      00
 247               	.LASF4:
 248 000d 6C6F 6E67 		.string	"long unsigned int"
 248      2075 6E73 
 248      6967 6E65 
 248      6420 696E 
 248      7400 
 249               	.LASF7:
 250 001f 474E 5520 		.string	"GNU C 4.3.3"
GAS LISTING C:\Users\alex\AppData\Local\Temp/ccgltK20.s 			page 6


 250      4320 342E 
 250      332E 3300 
 251               	.LASF9:
 252 002b 453A 5C61 		.string	"E:\\avr\\lib"
 252      7672 5C6C 
 252      6962 00
 253               	.LASF0:
 254 0036 7369 676E 		.string	"signed char"
 254      6564 2063 
 254      6861 7200 
 255               	.LASF8:
 256 0042 7879 2E63 		.string	"xy.c"
 256      00
 257               	.LASF6:
 258 0047 6C6F 6E67 		.string	"long long unsigned int"
 258      206C 6F6E 
 258      6720 756E 
 258      7369 676E 
 258      6564 2069 
 259               	.LASF1:
 260 005e 756E 7369 		.string	"unsigned char"
 260      676E 6564 
 260      2063 6861 
 260      7200 
 261               	.LASF3:
 262 006c 6C6F 6E67 		.string	"long int"
 262      2069 6E74 
 262      00
 263               	.LASF5:
 264 0075 6C6F 6E67 		.string	"long long int"
 264      206C 6F6E 
 264      6720 696E 
 264      7400 
 265               	.LASF10:
 266 0083 6D65 6E75 		.string	"menuitems"
 266      6974 656D 
 266      7300 
GAS LISTING C:\Users\alex\AppData\Local\Temp/ccgltK20.s 			page 7


DEFINED SYMBOLS
                            *ABS*:00000000 xy.c
C:\Users\alex\AppData\Local\Temp/ccgltK20.s:2      *ABS*:0000003f __SREG__
C:\Users\alex\AppData\Local\Temp/ccgltK20.s:3      *ABS*:0000003e __SP_H__
C:\Users\alex\AppData\Local\Temp/ccgltK20.s:4      *ABS*:0000003d __SP_L__
C:\Users\alex\AppData\Local\Temp/ccgltK20.s:5      *ABS*:00000034 __CCP__
C:\Users\alex\AppData\Local\Temp/ccgltK20.s:6      *ABS*:00000000 __tmp_reg__
C:\Users\alex\AppData\Local\Temp/ccgltK20.s:7      *ABS*:00000001 __zero_reg__
C:\Users\alex\AppData\Local\Temp/ccgltK20.s:20     .progmem.data:00000000 menuitems

NO UNDEFINED SYMBOLS
