GAS LISTING D:\DOCUME~1\alex\LOCALS~1\Temp/ccVvxPAR.s 			page 1


   1               		.file	"mcp3204.c"
   2               	__SREG__ = 0x3f
   3               	__SP_H__ = 0x3e
   4               	__SP_L__ = 0x3d
   5               	__CCP__  = 0x34
   6               	__tmp_reg__ = 0
   7               	__zero_reg__ = 1
   8               		.section	.debug_abbrev,"",@progbits
   9               	.Ldebug_abbrev0:
  10               		.section	.debug_info,"",@progbits
  11               	.Ldebug_info0:
  12               		.section	.debug_line,"",@progbits
  13               	.Ldebug_line0:
  14               		.text
  15               	.Ltext0:
  16               	.global	init_mcp3204
  17               		.type	init_mcp3204, @function
  18               	init_mcp3204:
  19               	.LFB2:
  20               	.LM1:
  21               	.LVL0:
  22 0000 0F93      		push r16
  23               	.LVL1:
  24 0002 1F93      		push r17
  25 0004 CF93      		push r28
  26 0006 DF93      		push r29
  27               	/* prologue: function */
  28               	/* frame size = 0 */
  29 0008 B62F      		mov r27,r22
  30 000a A22F      		mov r26,r18
  31               	.LM2:
  32 000c 242F      		mov r18,r20
  33               	.LVL2:
  34 000e 2F70      		andi r18,lo8(15)
  35 0010 61E0      		ldi r22,lo8(1)
  36 0012 70E0      		ldi r23,hi8(1)
  37               	.LVL3:
  38 0014 FB01      		movw r30,r22
  39 0016 00C0      		rjmp 2f
  40 0018 EE0F      	1:	lsl r30
  41 001a FF1F      		rol r31
  42 001c 2A95      	2:	dec r18
  43 001e 02F4      		brpl 1b
  44 0020 9F01      		movw r18,r30
  45 0022 3E2F      		mov r19,r30
  46               	.LVL4:
  47               	.LM3:
  48 0024 C82F      		mov r28,r24
  49 0026 D0E0      		ldi r29,lo8(0)
  50 0028 FE01      		movw r30,r28
  51 002a E050      		subi r30,lo8(-(b_clk))
  52 002c F040      		sbci r31,hi8(-(b_clk))
  53 002e 2083      		st Z,r18
  54               	.LM4:
  55 0030 8A2F      		mov r24,r26
  56               	.LVL5:
  57 0032 8F70      		andi r24,lo8(15)
GAS LISTING D:\DOCUME~1\alex\LOCALS~1\Temp/ccVvxPAR.s 			page 2


  58 0034 FB01      		movw r30,r22
  59 0036 00C0      		rjmp 2f
  60 0038 EE0F      	1:	lsl r30
  61 003a FF1F      		rol r31
  62 003c 8A95      	2:	dec r24
  63 003e 02F4      		brpl 1b
  64 0040 CF01      		movw r24,r30
  65 0042 5E2F      		mov r21,r30
  66               	.LVL6:
  67               	.LM5:
  68 0044 FE01      		movw r30,r28
  69 0046 E050      		subi r30,lo8(-(b_dout))
  70 0048 F040      		sbci r31,hi8(-(b_dout))
  71 004a 8083      		st Z,r24
  72               	.LM6:
  73 004c 8B2F      		mov r24,r27
  74 004e 8F70      		andi r24,lo8(15)
  75 0050 FB01      		movw r30,r22
  76 0052 00C0      		rjmp 2f
  77 0054 EE0F      	1:	lsl r30
  78 0056 FF1F      		rol r31
  79 0058 8A95      	2:	dec r24
  80 005a 02F4      		brpl 1b
  81 005c CF01      		movw r24,r30
  82 005e 1E2F      		mov r17,r30
  83               	.LVL7:
  84               	.LM7:
  85 0060 FE01      		movw r30,r28
  86 0062 E050      		subi r30,lo8(-(b_cs))
  87 0064 F040      		sbci r31,hi8(-(b_cs))
  88 0066 8083      		st Z,r24
  89               	.LM8:
  90 0068 802F      		mov r24,r16
  91               	.LVL8:
  92 006a 8F70      		andi r24,lo8(15)
  93 006c 00C0      		rjmp 2f
  94 006e 660F      	1:	lsl r22
  95 0070 771F      		rol r23
  96 0072 8A95      	2:	dec r24
  97 0074 02F4      		brpl 1b
  98 0076 762F      		mov r23,r22
  99               	.LVL9:
 100               	.LM9:
 101 0078 FE01      		movw r30,r28
 102 007a E050      		subi r30,lo8(-(b_din))
 103 007c F040      		sbci r31,hi8(-(b_din))
 104 007e 6083      		st Z,r22
 105               	.LM10:
 106 0080 407F      		andi r20,lo8(-16)
 107               	.LVL10:
 108               	.LM11:
 109 0082 01F4      		brne .L2
 110 0084 FE01      		movw r30,r28
 111 0086 EE0F      		lsl r30
 112 0088 FF1F      		rol r31
 113 008a E050      		subi r30,lo8(-(p_clk))
 114 008c F040      		sbci r31,hi8(-(p_clk))
GAS LISTING D:\DOCUME~1\alex\LOCALS~1\Temp/ccVvxPAR.s 			page 3


 115 008e 8BE3      		ldi r24,lo8(59)
 116 0090 90E0      		ldi r25,hi8(59)
 117 0092 9183      		std Z+1,r25
 118 0094 8083      		st Z,r24
 119 0096 8AB3      		in r24,58-32
 120 0098 382B      		or r19,r24
 121 009a 3ABB      		out 58-32,r19
 122 009c 00C0      		rjmp .L3
 123               	.L2:
 124               	.LM12:
 125 009e 4031      		cpi r20,lo8(16)
 126 00a0 01F4      		brne .L4
 127 00a2 FE01      		movw r30,r28
 128 00a4 EE0F      		lsl r30
 129 00a6 FF1F      		rol r31
 130 00a8 E050      		subi r30,lo8(-(p_clk))
 131 00aa F040      		sbci r31,hi8(-(p_clk))
 132 00ac 88E3      		ldi r24,lo8(56)
 133 00ae 90E0      		ldi r25,hi8(56)
 134 00b0 9183      		std Z+1,r25
 135 00b2 8083      		st Z,r24
 136 00b4 87B3      		in r24,55-32
 137 00b6 382B      		or r19,r24
 138 00b8 37BB      		out 55-32,r19
 139 00ba 00C0      		rjmp .L3
 140               	.L4:
 141               	.LM13:
 142 00bc 4032      		cpi r20,lo8(32)
 143 00be 01F4      		brne .L5
 144 00c0 FE01      		movw r30,r28
 145 00c2 EE0F      		lsl r30
 146 00c4 FF1F      		rol r31
 147 00c6 E050      		subi r30,lo8(-(p_clk))
 148 00c8 F040      		sbci r31,hi8(-(p_clk))
 149 00ca 85E3      		ldi r24,lo8(53)
 150 00cc 90E0      		ldi r25,hi8(53)
 151 00ce 9183      		std Z+1,r25
 152 00d0 8083      		st Z,r24
 153 00d2 84B3      		in r24,52-32
 154 00d4 382B      		or r19,r24
 155 00d6 34BB      		out 52-32,r19
 156 00d8 00C0      		rjmp .L3
 157               	.L5:
 158               	.LM14:
 159 00da 4033      		cpi r20,lo8(48)
 160 00dc 01F4      		brne .L3
 161 00de FE01      		movw r30,r28
 162 00e0 EE0F      		lsl r30
 163 00e2 FF1F      		rol r31
 164               	.LVL11:
 165 00e4 E050      		subi r30,lo8(-(p_clk))
 166 00e6 F040      		sbci r31,hi8(-(p_clk))
 167 00e8 82E3      		ldi r24,lo8(50)
 168 00ea 90E0      		ldi r25,hi8(50)
 169 00ec 9183      		std Z+1,r25
 170 00ee 8083      		st Z,r24
 171 00f0 81B3      		in r24,49-32
GAS LISTING D:\DOCUME~1\alex\LOCALS~1\Temp/ccVvxPAR.s 			page 4


 172 00f2 382B      		or r19,r24
 173 00f4 31BB      		out 49-32,r19
 174               	.LVL12:
 175               	.L3:
 176               	.LM15:
 177 00f6 2A2F      		mov r18,r26
 178 00f8 207F      		andi r18,lo8(-16)
 179               	.LVL13:
 180               	.LM16:
 181 00fa 01F4      		brne .L6
 182 00fc FE01      		movw r30,r28
 183 00fe EE0F      		lsl r30
 184 0100 FF1F      		rol r31
 185               	.LVL14:
 186 0102 E050      		subi r30,lo8(-(p_dout))
 187 0104 F040      		sbci r31,hi8(-(p_dout))
 188 0106 89E3      		ldi r24,lo8(57)
 189 0108 90E0      		ldi r25,hi8(57)
 190 010a 9183      		std Z+1,r25
 191 010c 8083      		st Z,r24
 192 010e 9AB3      		in r25,58-32
 193 0110 852F      		mov r24,r21
 194 0112 8095      		com r24
 195 0114 8923      		and r24,r25
 196 0116 8ABB      		out 58-32,r24
 197 0118 8BB3      		in r24,59-32
 198 011a 582B      		or r21,r24
 199 011c 5BBB      		out 59-32,r21
 200 011e 00C0      		rjmp .L7
 201               	.LVL15:
 202               	.L6:
 203               	.LM17:
 204 0120 2031      		cpi r18,lo8(16)
 205 0122 01F4      		brne .L8
 206 0124 FE01      		movw r30,r28
 207 0126 EE0F      		lsl r30
 208 0128 FF1F      		rol r31
 209               	.LVL16:
 210 012a E050      		subi r30,lo8(-(p_dout))
 211 012c F040      		sbci r31,hi8(-(p_dout))
 212 012e 86E3      		ldi r24,lo8(54)
 213 0130 90E0      		ldi r25,hi8(54)
 214 0132 9183      		std Z+1,r25
 215 0134 8083      		st Z,r24
 216 0136 97B3      		in r25,55-32
 217 0138 852F      		mov r24,r21
 218 013a 8095      		com r24
 219 013c 8923      		and r24,r25
 220 013e 87BB      		out 55-32,r24
 221 0140 88B3      		in r24,56-32
 222 0142 582B      		or r21,r24
 223 0144 58BB      		out 56-32,r21
 224 0146 00C0      		rjmp .L7
 225               	.LVL17:
 226               	.L8:
 227               	.LM18:
 228 0148 2032      		cpi r18,lo8(32)
GAS LISTING D:\DOCUME~1\alex\LOCALS~1\Temp/ccVvxPAR.s 			page 5


 229 014a 01F4      		brne .L9
 230 014c FE01      		movw r30,r28
 231 014e EE0F      		lsl r30
 232 0150 FF1F      		rol r31
 233 0152 E050      		subi r30,lo8(-(p_dout))
 234 0154 F040      		sbci r31,hi8(-(p_dout))
 235 0156 83E3      		ldi r24,lo8(51)
 236 0158 90E0      		ldi r25,hi8(51)
 237 015a 9183      		std Z+1,r25
 238 015c 8083      		st Z,r24
 239 015e 94B3      		in r25,52-32
 240 0160 852F      		mov r24,r21
 241 0162 8095      		com r24
 242 0164 8923      		and r24,r25
 243 0166 84BB      		out 52-32,r24
 244 0168 85B3      		in r24,53-32
 245 016a 582B      		or r21,r24
 246 016c 55BB      		out 53-32,r21
 247 016e 00C0      		rjmp .L7
 248               	.L9:
 249               	.LM19:
 250 0170 2033      		cpi r18,lo8(48)
 251 0172 01F4      		brne .L7
 252 0174 FE01      		movw r30,r28
 253 0176 EE0F      		lsl r30
 254 0178 FF1F      		rol r31
 255 017a E050      		subi r30,lo8(-(p_dout))
 256 017c F040      		sbci r31,hi8(-(p_dout))
 257 017e 80E3      		ldi r24,lo8(48)
 258 0180 90E0      		ldi r25,hi8(48)
 259 0182 9183      		std Z+1,r25
 260 0184 8083      		st Z,r24
 261 0186 91B3      		in r25,49-32
 262 0188 852F      		mov r24,r21
 263 018a 8095      		com r24
 264 018c 8923      		and r24,r25
 265 018e 81BB      		out 49-32,r24
 266 0190 82B3      		in r24,50-32
 267 0192 582B      		or r21,r24
 268 0194 52BB      		out 50-32,r21
 269               	.L7:
 270               	.LM20:
 271 0196 007F      		andi r16,lo8(-16)
 272               	.LVL18:
 273               	.LM21:
 274 0198 01F4      		brne .L10
 275 019a FE01      		movw r30,r28
 276 019c EE0F      		lsl r30
 277 019e FF1F      		rol r31
 278               	.LVL19:
 279 01a0 E050      		subi r30,lo8(-(p_din))
 280 01a2 F040      		sbci r31,hi8(-(p_din))
 281 01a4 8BE3      		ldi r24,lo8(59)
 282 01a6 90E0      		ldi r25,hi8(59)
 283 01a8 9183      		std Z+1,r25
 284 01aa 8083      		st Z,r24
 285 01ac 8AB3      		in r24,58-32
GAS LISTING D:\DOCUME~1\alex\LOCALS~1\Temp/ccVvxPAR.s 			page 6


 286 01ae 782B      		or r23,r24
 287 01b0 7ABB      		out 58-32,r23
 288 01b2 00C0      		rjmp .L11
 289               	.LVL20:
 290               	.L10:
 291               	.LM22:
 292 01b4 0031      		cpi r16,lo8(16)
 293 01b6 01F4      		brne .L12
 294 01b8 FE01      		movw r30,r28
 295 01ba EE0F      		lsl r30
 296 01bc FF1F      		rol r31
 297 01be E050      		subi r30,lo8(-(p_din))
 298 01c0 F040      		sbci r31,hi8(-(p_din))
 299 01c2 88E3      		ldi r24,lo8(56)
 300 01c4 90E0      		ldi r25,hi8(56)
 301 01c6 9183      		std Z+1,r25
 302 01c8 8083      		st Z,r24
 303 01ca 87B3      		in r24,55-32
 304 01cc 782B      		or r23,r24
 305 01ce 77BB      		out 55-32,r23
 306 01d0 00C0      		rjmp .L11
 307               	.L12:
 308               	.LM23:
 309 01d2 0032      		cpi r16,lo8(32)
 310 01d4 01F4      		brne .L13
 311 01d6 FE01      		movw r30,r28
 312 01d8 EE0F      		lsl r30
 313 01da FF1F      		rol r31
 314 01dc E050      		subi r30,lo8(-(p_din))
 315 01de F040      		sbci r31,hi8(-(p_din))
 316 01e0 85E3      		ldi r24,lo8(53)
 317 01e2 90E0      		ldi r25,hi8(53)
 318 01e4 9183      		std Z+1,r25
 319 01e6 8083      		st Z,r24
 320 01e8 84B3      		in r24,52-32
 321 01ea 782B      		or r23,r24
 322 01ec 74BB      		out 52-32,r23
 323 01ee 00C0      		rjmp .L11
 324               	.L13:
 325               	.LM24:
 326 01f0 0033      		cpi r16,lo8(48)
 327 01f2 01F4      		brne .L11
 328 01f4 FE01      		movw r30,r28
 329 01f6 EE0F      		lsl r30
 330 01f8 FF1F      		rol r31
 331               	.LVL21:
 332 01fa E050      		subi r30,lo8(-(p_din))
 333 01fc F040      		sbci r31,hi8(-(p_din))
 334 01fe 82E3      		ldi r24,lo8(50)
 335 0200 90E0      		ldi r25,hi8(50)
 336 0202 9183      		std Z+1,r25
 337 0204 8083      		st Z,r24
 338 0206 81B3      		in r24,49-32
 339 0208 782B      		or r23,r24
 340 020a 71BB      		out 49-32,r23
 341               	.LVL22:
 342               	.L11:
GAS LISTING D:\DOCUME~1\alex\LOCALS~1\Temp/ccVvxPAR.s 			page 7


 343               	.LM25:
 344 020c 6B2F      		mov r22,r27
 345 020e 607F      		andi r22,lo8(-16)
 346               	.LVL23:
 347               	.LM26:
 348 0210 01F4      		brne .L14
 349 0212 FE01      		movw r30,r28
 350 0214 EE0F      		lsl r30
 351 0216 FF1F      		rol r31
 352               	.LVL24:
 353 0218 E050      		subi r30,lo8(-(p_cs))
 354 021a F040      		sbci r31,hi8(-(p_cs))
 355 021c 8BE3      		ldi r24,lo8(59)
 356 021e 90E0      		ldi r25,hi8(59)
 357 0220 9183      		std Z+1,r25
 358 0222 8083      		st Z,r24
 359 0224 8AB3      		in r24,58-32
 360 0226 812B      		or r24,r17
 361 0228 8ABB      		out 58-32,r24
 362 022a 00C0      		rjmp .L15
 363               	.LVL25:
 364               	.L14:
 365               	.LM27:
 366 022c 6031      		cpi r22,lo8(16)
 367 022e 01F4      		brne .L16
 368 0230 FE01      		movw r30,r28
 369 0232 EE0F      		lsl r30
 370 0234 FF1F      		rol r31
 371               	.LVL26:
 372 0236 E050      		subi r30,lo8(-(p_cs))
 373 0238 F040      		sbci r31,hi8(-(p_cs))
 374 023a 88E3      		ldi r24,lo8(56)
 375 023c 90E0      		ldi r25,hi8(56)
 376 023e 9183      		std Z+1,r25
 377 0240 8083      		st Z,r24
 378 0242 87B3      		in r24,55-32
 379 0244 812B      		or r24,r17
 380 0246 87BB      		out 55-32,r24
 381 0248 00C0      		rjmp .L15
 382               	.LVL27:
 383               	.L16:
 384               	.LM28:
 385 024a 6032      		cpi r22,lo8(32)
 386 024c 01F4      		brne .L17
 387 024e FE01      		movw r30,r28
 388 0250 EE0F      		lsl r30
 389 0252 FF1F      		rol r31
 390               	.LVL28:
 391 0254 E050      		subi r30,lo8(-(p_cs))
 392 0256 F040      		sbci r31,hi8(-(p_cs))
 393 0258 85E3      		ldi r24,lo8(53)
 394 025a 90E0      		ldi r25,hi8(53)
 395 025c 9183      		std Z+1,r25
 396 025e 8083      		st Z,r24
 397 0260 84B3      		in r24,52-32
 398 0262 812B      		or r24,r17
 399 0264 84BB      		out 52-32,r24
GAS LISTING D:\DOCUME~1\alex\LOCALS~1\Temp/ccVvxPAR.s 			page 8


 400 0266 00C0      		rjmp .L15
 401               	.LVL29:
 402               	.L17:
 403               	.LM29:
 404 0268 6033      		cpi r22,lo8(48)
 405 026a 01F4      		brne .L15
 406 026c FE01      		movw r30,r28
 407 026e EE0F      		lsl r30
 408 0270 FF1F      		rol r31
 409 0272 E050      		subi r30,lo8(-(p_cs))
 410 0274 F040      		sbci r31,hi8(-(p_cs))
 411 0276 82E3      		ldi r24,lo8(50)
 412 0278 90E0      		ldi r25,hi8(50)
 413 027a 9183      		std Z+1,r25
 414 027c 8083      		st Z,r24
 415 027e 81B3      		in r24,49-32
 416 0280 812B      		or r24,r17
 417 0282 81BB      		out 49-32,r24
 418               	.L15:
 419               	.LM30:
 420 0284 DE01      		movw r26,r28
 421 0286 AA0F      		lsl r26
 422 0288 BB1F      		rol r27
 423 028a FD01      		movw r30,r26
 424 028c E050      		subi r30,lo8(-(p_cs))
 425 028e F040      		sbci r31,hi8(-(p_cs))
 426 0290 0190      		ld __tmp_reg__,Z+
 427 0292 F081      		ld r31,Z
 428 0294 E02D      		mov r30,__tmp_reg__
 429 0296 8081      		ld r24,Z
 430 0298 182B      		or r17,r24
 431 029a 1083      		st Z,r17
 432               	.LM31:
 433 029c FD01      		movw r30,r26
 434 029e E050      		subi r30,lo8(-(p_clk))
 435 02a0 F040      		sbci r31,hi8(-(p_clk))
 436 02a2 2081      		ld r18,Z
 437 02a4 3181      		ldd r19,Z+1
 438               	.LVL30:
 439 02a6 F901      		movw r30,r18
 440 02a8 9081      		ld r25,Z
 441 02aa FE01      		movw r30,r28
 442 02ac E050      		subi r30,lo8(-(b_clk))
 443 02ae F040      		sbci r31,hi8(-(b_clk))
 444 02b0 8081      		ld r24,Z
 445 02b2 8095      		com r24
 446 02b4 8923      		and r24,r25
 447 02b6 F901      		movw r30,r18
 448 02b8 8083      		st Z,r24
 449               	.LM32:
 450 02ba A050      		subi r26,lo8(-(p_din))
 451 02bc B040      		sbci r27,hi8(-(p_din))
 452 02be ED91      		ld r30,X+
 453 02c0 FC91      		ld r31,X
 454 02c2 8081      		ld r24,Z
 455 02c4 C050      		subi r28,lo8(-(b_din))
 456 02c6 D040      		sbci r29,hi8(-(b_din))
GAS LISTING D:\DOCUME~1\alex\LOCALS~1\Temp/ccVvxPAR.s 			page 9


 457 02c8 9881      		ld r25,Y
 458 02ca 892B      		or r24,r25
 459 02cc 8083      		st Z,r24
 460               	/* epilogue start */
 461               	.LM33:
 462 02ce DF91      		pop r29
 463 02d0 CF91      		pop r28
 464 02d2 1F91      		pop r17
 465               	.LVL31:
 466 02d4 0F91      		pop r16
 467               	.LVL32:
 468 02d6 0895      		ret
 469               	.LFE2:
 470               		.size	init_mcp3204, .-init_mcp3204
 471               	.global	mcp3204_getw
 472               		.type	mcp3204_getw, @function
 473               	mcp3204_getw:
 474               	.LFB3:
 475               	.LM34:
 476               	.LVL33:
 477 02d8 5F92      		push r5
 478 02da 6F92      		push r6
 479 02dc 7F92      		push r7
 480 02de 8F92      		push r8
 481 02e0 9F92      		push r9
 482 02e2 AF92      		push r10
 483 02e4 BF92      		push r11
 484 02e6 CF92      		push r12
 485 02e8 DF92      		push r13
 486 02ea EF92      		push r14
 487 02ec FF92      		push r15
 488 02ee 0F93      		push r16
 489 02f0 1F93      		push r17
 490 02f2 CF93      		push r28
 491 02f4 DF93      		push r29
 492               	/* prologue: function */
 493               	/* frame size = 0 */
 494 02f6 962E      		mov r9,r22
 495 02f8 142F      		mov r17,r20
 496               	.LM35:
 497 02fa 90E0      		ldi r25,lo8(0)
 498 02fc DC01      		movw r26,r24
 499               	.LVL34:
 500 02fe AA0F      		lsl r26
 501 0300 BB1F      		rol r27
 502               	.LVL35:
 503 0302 FD01      		movw r30,r26
 504 0304 E050      		subi r30,lo8(-(p_clk))
 505 0306 F040      		sbci r31,hi8(-(p_clk))
 506 0308 C081      		ld r28,Z
 507 030a D181      		ldd r29,Z+1
 508               	.LVL36:
 509               	.LM36:
 510 030c FD01      		movw r30,r26
 511 030e E050      		subi r30,lo8(-(p_dout))
 512 0310 F040      		sbci r31,hi8(-(p_dout))
 513 0312 6080      		ld r6,Z
GAS LISTING D:\DOCUME~1\alex\LOCALS~1\Temp/ccVvxPAR.s 			page 10


 514 0314 7180      		ldd r7,Z+1
 515               	.LVL37:
 516               	.LM37:
 517 0316 FD01      		movw r30,r26
 518 0318 E050      		subi r30,lo8(-(p_din))
 519 031a F040      		sbci r31,hi8(-(p_din))
 520 031c E080      		ld r14,Z
 521 031e F180      		ldd r15,Z+1
 522               	.LVL38:
 523               	.LM38:
 524 0320 A050      		subi r26,lo8(-(p_cs))
 525 0322 B040      		sbci r27,hi8(-(p_cs))
 526 0324 AD90      		ld r10,X+
 527 0326 BC90      		ld r11,X
 528               	.LVL39:
 529               	.LM39:
 530 0328 FC01      		movw r30,r24
 531 032a E050      		subi r30,lo8(-(b_clk))
 532 032c F040      		sbci r31,hi8(-(b_clk))
 533 032e C080      		ld r12,Z
 534               	.LVL40:
 535               	.LM40:
 536 0330 FC01      		movw r30,r24
 537 0332 E050      		subi r30,lo8(-(b_dout))
 538 0334 F040      		sbci r31,hi8(-(b_dout))
 539 0336 5080      		ld r5,Z
 540               	.LVL41:
 541               	.LM41:
 542 0338 FC01      		movw r30,r24
 543 033a E050      		subi r30,lo8(-(b_din))
 544 033c F040      		sbci r31,hi8(-(b_din))
 545 033e 0081      		ld r16,Z
 546               	.LVL42:
 547               	.LM42:
 548 0340 8050      		subi r24,lo8(-(b_cs))
 549 0342 9040      		sbci r25,hi8(-(b_cs))
 550 0344 FC01      		movw r30,r24
 551 0346 8080      		ld r8,Z
 552               	.LVL43:
 553               	.LM43:
 554 0348 F701      		movw r30,r14
 555 034a 8081      		ld r24,Z
 556 034c 802B      		or r24,r16
 557 034e 8083      		st Z,r24
 558               	.LM44:
 559 0350 8881      		ld r24,Y
 560 0352 DC2C      		mov r13,r12
 561 0354 D094      		com r13
 562 0356 8D21      		and r24,r13
 563 0358 8883      		st Y,r24
 564               	.LM45:
 565 035a F501      		movw r30,r10
 566 035c 9081      		ld r25,Z
 567 035e 882D      		mov r24,r8
 568 0360 8095      		com r24
 569 0362 8923      		and r24,r25
 570 0364 8083      		st Z,r24
GAS LISTING D:\DOCUME~1\alex\LOCALS~1\Temp/ccVvxPAR.s 			page 11


 571               	.LM46:
 572 0366 84E1      		ldi r24,lo8(20)
 573 0368 90E0      		ldi r25,hi8(20)
 574 036a 0E94 0000 		call udelay
 575               	.LVL44:
 576               	.LM47:
 577 036e 8881      		ld r24,Y
 578 0370 8C29      		or r24,r12
 579 0372 8883      		st Y,r24
 580               	.LM48:
 581 0374 84E6      		ldi r24,lo8(100)
 582 0376 90E0      		ldi r25,hi8(100)
 583 0378 0E94 0000 		call udelay
 584               	.LM49:
 585 037c 8881      		ld r24,Y
 586 037e 8D21      		and r24,r13
 587 0380 8883      		st Y,r24
 588               	.LM50:
 589 0382 84E6      		ldi r24,lo8(100)
 590 0384 90E0      		ldi r25,hi8(100)
 591 0386 0E94 0000 		call udelay
 592               	.LM51:
 593 038a 1123      		tst r17
 594 038c 01F0      		breq .L20
 595 038e F701      		movw r30,r14
 596 0390 8081      		ld r24,Z
 597 0392 802B      		or r24,r16
 598 0394 00C0      		rjmp .L32
 599               	.L20:
 600               	.LM52:
 601 0396 F701      		movw r30,r14
 602 0398 9081      		ld r25,Z
 603 039a 802F      		mov r24,r16
 604 039c 8095      		com r24
 605 039e 8923      		and r24,r25
 606               	.L32:
 607 03a0 8083      		st Z,r24
 608               	.LM53:
 609 03a2 8881      		ld r24,Y
 610 03a4 8C29      		or r24,r12
 611 03a6 8883      		st Y,r24
 612               	.LM54:
 613 03a8 84E6      		ldi r24,lo8(100)
 614 03aa 90E0      		ldi r25,hi8(100)
 615 03ac 0E94 0000 		call udelay
 616               	.LM55:
 617 03b0 8881      		ld r24,Y
 618 03b2 8D21      		and r24,r13
 619 03b4 8883      		st Y,r24
 620               	.LM56:
 621 03b6 84E6      		ldi r24,lo8(100)
 622 03b8 90E0      		ldi r25,hi8(100)
 623 03ba 0E94 0000 		call udelay
 624               	.LM57:
 625 03be 192D      		mov r17,r9
 626               	.LVL45:
 627 03c0 92FE      		sbrs r9,2
GAS LISTING D:\DOCUME~1\alex\LOCALS~1\Temp/ccVvxPAR.s 			page 12


 628 03c2 00C0      		rjmp .L22
 629               	.LVL46:
 630 03c4 F701      		movw r30,r14
 631 03c6 8081      		ld r24,Z
 632 03c8 802B      		or r24,r16
 633 03ca 00C0      		rjmp .L33
 634               	.L22:
 635               	.LM58:
 636 03cc F701      		movw r30,r14
 637 03ce 9081      		ld r25,Z
 638 03d0 802F      		mov r24,r16
 639 03d2 8095      		com r24
 640 03d4 8923      		and r24,r25
 641               	.L33:
 642 03d6 8083      		st Z,r24
 643               	.LM59:
 644 03d8 8881      		ld r24,Y
 645 03da 8C29      		or r24,r12
 646 03dc 8883      		st Y,r24
 647               	.LM60:
 648 03de 84E6      		ldi r24,lo8(100)
 649 03e0 90E0      		ldi r25,hi8(100)
 650 03e2 0E94 0000 		call udelay
 651               	.LM61:
 652 03e6 8881      		ld r24,Y
 653 03e8 8D21      		and r24,r13
 654 03ea 8883      		st Y,r24
 655               	.LM62:
 656 03ec 84E6      		ldi r24,lo8(100)
 657 03ee 90E0      		ldi r25,hi8(100)
 658 03f0 0E94 0000 		call udelay
 659               	.LM63:
 660 03f4 11FF      		sbrs r17,1
 661 03f6 00C0      		rjmp .L24
 662 03f8 F701      		movw r30,r14
 663 03fa 8081      		ld r24,Z
 664 03fc 802B      		or r24,r16
 665 03fe 00C0      		rjmp .L34
 666               	.L24:
 667               	.LM64:
 668 0400 F701      		movw r30,r14
 669 0402 9081      		ld r25,Z
 670 0404 802F      		mov r24,r16
 671 0406 8095      		com r24
 672 0408 8923      		and r24,r25
 673               	.L34:
 674 040a 8083      		st Z,r24
 675               	.LM65:
 676 040c 8881      		ld r24,Y
 677 040e 8C29      		or r24,r12
 678 0410 8883      		st Y,r24
 679               	.LM66:
 680 0412 84E6      		ldi r24,lo8(100)
 681 0414 90E0      		ldi r25,hi8(100)
 682 0416 0E94 0000 		call udelay
 683               	.LM67:
 684 041a 8881      		ld r24,Y
GAS LISTING D:\DOCUME~1\alex\LOCALS~1\Temp/ccVvxPAR.s 			page 13


 685 041c 8D21      		and r24,r13
 686 041e 8883      		st Y,r24
 687               	.LM68:
 688 0420 84E6      		ldi r24,lo8(100)
 689 0422 90E0      		ldi r25,hi8(100)
 690 0424 0E94 0000 		call udelay
 691               	.LM69:
 692 0428 10FF      		sbrs r17,0
 693 042a 00C0      		rjmp .L26
 694 042c F701      		movw r30,r14
 695 042e 8081      		ld r24,Z
 696 0430 802B      		or r24,r16
 697 0432 8083      		st Z,r24
 698 0434 00C0      		rjmp .L27
 699               	.L26:
 700               	.LM70:
 701 0436 F701      		movw r30,r14
 702 0438 8081      		ld r24,Z
 703 043a 0095      		com r16
 704 043c 0823      		and r16,r24
 705 043e 0083      		st Z,r16
 706               	.L27:
 707               	.LM71:
 708 0440 8881      		ld r24,Y
 709 0442 8C29      		or r24,r12
 710 0444 8883      		st Y,r24
 711               	.LM72:
 712 0446 84E6      		ldi r24,lo8(100)
 713 0448 90E0      		ldi r25,hi8(100)
 714 044a 0E94 0000 		call udelay
 715               	.LM73:
 716 044e 8881      		ld r24,Y
 717 0450 8D21      		and r24,r13
 718 0452 8883      		st Y,r24
 719               	.LM74:
 720 0454 84E6      		ldi r24,lo8(100)
 721 0456 90E0      		ldi r25,hi8(100)
 722 0458 0E94 0000 		call udelay
 723               	.LM75:
 724 045c 8881      		ld r24,Y
 725 045e 8C29      		or r24,r12
 726 0460 8883      		st Y,r24
 727               	.LM76:
 728 0462 84E6      		ldi r24,lo8(100)
 729 0464 90E0      		ldi r25,hi8(100)
 730 0466 0E94 0000 		call udelay
 731               	.LM77:
 732 046a 8881      		ld r24,Y
 733 046c 8D21      		and r24,r13
 734 046e 8883      		st Y,r24
 735               	.LM78:
 736 0470 84E6      		ldi r24,lo8(100)
 737 0472 90E0      		ldi r25,hi8(100)
 738 0474 0E94 0000 		call udelay
 739 0478 FF24      		clr r15
 740               	.LVL47:
 741 047a 00E0      		ldi r16,lo8(0)
GAS LISTING D:\DOCUME~1\alex\LOCALS~1\Temp/ccVvxPAR.s 			page 14


 742 047c 10E0      		ldi r17,hi8(0)
 743               	.LVL48:
 744               	.L29:
 745               	.LM79:
 746 047e 8881      		ld r24,Y
 747 0480 8C29      		or r24,r12
 748 0482 8883      		st Y,r24
 749               	.LM80:
 750 0484 84E6      		ldi r24,lo8(100)
 751 0486 90E0      		ldi r25,hi8(100)
 752 0488 0E94 0000 		call udelay
 753               	.LM81:
 754 048c 8881      		ld r24,Y
 755 048e 8D21      		and r24,r13
 756 0490 8883      		st Y,r24
 757               	.LM82:
 758 0492 84E6      		ldi r24,lo8(100)
 759 0494 90E0      		ldi r25,hi8(100)
 760 0496 0E94 0000 		call udelay
 761               	.LM83:
 762 049a 000F      		lsl r16
 763 049c 111F      		rol r17
 764               	.LM84:
 765 049e F301      		movw r30,r6
 766 04a0 8081      		ld r24,Z
 767 04a2 8521      		and r24,r5
 768 04a4 01F0      		breq .L28
 769 04a6 0F5F      		subi r16,lo8(-(1))
 770 04a8 1F4F      		sbci r17,hi8(-(1))
 771               	.L28:
 772               	.LM85:
 773 04aa F394      		inc r15
 774 04ac FDE0      		ldi r31,lo8(13)
 775 04ae FF16      		cp r15,r31
 776 04b0 01F4      		brne .L29
 777               	.LM86:
 778 04b2 F501      		movw r30,r10
 779 04b4 8081      		ld r24,Z
 780 04b6 8829      		or r24,r8
 781 04b8 8083      		st Z,r24
 782               	.LM87:
 783 04ba 84E6      		ldi r24,lo8(100)
 784 04bc 90E0      		ldi r25,hi8(100)
 785 04be 0E94 0000 		call udelay
 786 04c2 9801      		movw r18,r16
 787 04c4 3695      		lsr r19
 788 04c6 2795      		ror r18
 789 04c8 3F70      		andi r19,hi8(4095)
 790               	.LM88:
 791 04ca C901      		movw r24,r18
 792               	/* epilogue start */
 793 04cc DF91      		pop r29
 794 04ce CF91      		pop r28
 795               	.LVL49:
 796 04d0 1F91      		pop r17
 797 04d2 0F91      		pop r16
 798               	.LVL50:
GAS LISTING D:\DOCUME~1\alex\LOCALS~1\Temp/ccVvxPAR.s 			page 15


 799 04d4 FF90      		pop r15
 800               	.LVL51:
 801 04d6 EF90      		pop r14
 802               	.LVL52:
 803 04d8 DF90      		pop r13
 804 04da CF90      		pop r12
 805               	.LVL53:
 806 04dc BF90      		pop r11
 807 04de AF90      		pop r10
 808               	.LVL54:
 809 04e0 9F90      		pop r9
 810 04e2 8F90      		pop r8
 811               	.LVL55:
 812 04e4 7F90      		pop r7
 813 04e6 6F90      		pop r6
 814               	.LVL56:
 815 04e8 5F90      		pop r5
 816               	.LVL57:
 817 04ea 0895      		ret
 818               	.LFE3:
 819               		.size	mcp3204_getw, .-mcp3204_getw
 820               		.comm p_cs,8,1
 821               		.comm p_dout,8,1
 822               		.comm p_din,8,1
 823               		.comm p_clk,8,1
 824               		.comm b_cs,4,1
 825               		.comm b_dout,4,1
 826               		.comm b_din,4,1
 827               		.comm b_clk,4,1
 828               		.section	.debug_frame,"",@progbits
 829               	.Lframe0:
 830 0000 0C00 0000 		.long	.LECIE0-.LSCIE0
 831               	.LSCIE0:
 832 0004 FFFF FFFF 		.long	0xffffffff
 833 0008 01        		.byte	0x1
 834 0009 00        		.string	""
 835 000a 01        		.uleb128 0x1
 836 000b 7F        		.sleb128 -1
 837 000c 24        		.byte	0x24
 838 000d 0C        		.byte	0xc
 839 000e 20        		.uleb128 0x20
 840 000f 00        		.uleb128 0x0
 841               		.p2align	2
 842               	.LECIE0:
 843               	.LSFDE0:
 844 0010 0C00 0000 		.long	.LEFDE0-.LASFDE0
 845               	.LASFDE0:
 846 0014 0000 0000 		.long	.Lframe0
 847 0018 0000 0000 		.long	.LFB2
 848 001c D802 0000 		.long	.LFE2-.LFB2
 849               		.p2align	2
 850               	.LEFDE0:
 851               	.LSFDE2:
 852 0020 0C00 0000 		.long	.LEFDE2-.LASFDE2
 853               	.LASFDE2:
 854 0024 0000 0000 		.long	.Lframe0
 855 0028 0000 0000 		.long	.LFB3
GAS LISTING D:\DOCUME~1\alex\LOCALS~1\Temp/ccVvxPAR.s 			page 16


 856 002c 1402 0000 		.long	.LFE3-.LFB3
 857               		.p2align	2
 858               	.LEFDE2:
 859               		.text
 860               	.Letext0:
 861               		.section	.debug_loc,"",@progbits
 862               	.Ldebug_loc0:
 863               	.LLST1:
 864 0000 0000 0000 		.long	.LVL0-.Ltext0
 865 0004 3200 0000 		.long	.LVL5-.Ltext0
 866 0008 0100      		.word	0x1
 867 000a 68        		.byte	0x68
 868 000b 0000 0000 		.long	0x0
 869 000f 0000 0000 		.long	0x0
 870               	.LLST2:
 871 0013 0000 0000 		.long	.LVL0-.Ltext0
 872 0017 1400 0000 		.long	.LVL3-.Ltext0
 873 001b 0100      		.word	0x1
 874 001d 66        		.byte	0x66
 875 001e 1400 0000 		.long	.LVL3-.Ltext0
 876 0022 1002 0000 		.long	.LVL23-.Ltext0
 877 0026 0100      		.word	0x1
 878 0028 6B        		.byte	0x6b
 879 0029 1002 0000 		.long	.LVL23-.Ltext0
 880 002d D802 0000 		.long	.LFE2-.Ltext0
 881 0031 0100      		.word	0x1
 882 0033 66        		.byte	0x66
 883 0034 0000 0000 		.long	0x0
 884 0038 0000 0000 		.long	0x0
 885               	.LLST3:
 886 003c 0000 0000 		.long	.LVL0-.Ltext0
 887 0040 E400 0000 		.long	.LVL11-.Ltext0
 888 0044 0100      		.word	0x1
 889 0046 64        		.byte	0x64
 890 0047 F600 0000 		.long	.LVL12-.Ltext0
 891 004b 1802 0000 		.long	.LVL24-.Ltext0
 892 004f 0100      		.word	0x1
 893 0051 64        		.byte	0x64
 894 0052 2C02 0000 		.long	.LVL25-.Ltext0
 895 0056 D802 0000 		.long	.LFE2-.Ltext0
 896 005a 0100      		.word	0x1
 897 005c 64        		.byte	0x64
 898 005d 0000 0000 		.long	0x0
 899 0061 0000 0000 		.long	0x0
 900               	.LLST4:
 901 0065 0000 0000 		.long	.LVL0-.Ltext0
 902 0069 0E00 0000 		.long	.LVL2-.Ltext0
 903 006d 0100      		.word	0x1
 904 006f 62        		.byte	0x62
 905 0070 0E00 0000 		.long	.LVL2-.Ltext0
 906 0074 FA00 0000 		.long	.LVL13-.Ltext0
 907 0078 0100      		.word	0x1
 908 007a 6A        		.byte	0x6a
 909 007b FA00 0000 		.long	.LVL13-.Ltext0
 910 007f 2A01 0000 		.long	.LVL16-.Ltext0
 911 0083 0100      		.word	0x1
 912 0085 62        		.byte	0x62
GAS LISTING D:\DOCUME~1\alex\LOCALS~1\Temp/ccVvxPAR.s 			page 17


 913 0086 4801 0000 		.long	.LVL17-.Ltext0
 914 008a 5402 0000 		.long	.LVL28-.Ltext0
 915 008e 0100      		.word	0x1
 916 0090 62        		.byte	0x62
 917 0091 6802 0000 		.long	.LVL29-.Ltext0
 918 0095 A602 0000 		.long	.LVL30-.Ltext0
 919 0099 0100      		.word	0x1
 920 009b 62        		.byte	0x62
 921 009c 0000 0000 		.long	0x0
 922 00a0 0000 0000 		.long	0x0
 923               	.LLST5:
 924 00a4 0000 0000 		.long	.LVL0-.Ltext0
 925 00a8 0200 0000 		.long	.LVL1-.Ltext0
 926 00ac 0100      		.word	0x1
 927 00ae 60        		.byte	0x60
 928 00af 6A00 0000 		.long	.LVL8-.Ltext0
 929 00b3 A001 0000 		.long	.LVL19-.Ltext0
 930 00b7 0100      		.word	0x1
 931 00b9 60        		.byte	0x60
 932 00ba B401 0000 		.long	.LVL20-.Ltext0
 933 00be D602 0000 		.long	.LVL32-.Ltext0
 934 00c2 0100      		.word	0x1
 935 00c4 60        		.byte	0x60
 936 00c5 0000 0000 		.long	0x0
 937 00c9 0000 0000 		.long	0x0
 938               	.LLST6:
 939 00cd 2400 0000 		.long	.LVL4-.Ltext0
 940 00d1 0201 0000 		.long	.LVL14-.Ltext0
 941 00d5 0100      		.word	0x1
 942 00d7 63        		.byte	0x63
 943 00d8 2001 0000 		.long	.LVL15-.Ltext0
 944 00dc 3602 0000 		.long	.LVL26-.Ltext0
 945 00e0 0100      		.word	0x1
 946 00e2 63        		.byte	0x63
 947 00e3 4A02 0000 		.long	.LVL27-.Ltext0
 948 00e7 D802 0000 		.long	.LFE2-.Ltext0
 949 00eb 0100      		.word	0x1
 950 00ed 63        		.byte	0x63
 951 00ee 0000 0000 		.long	0x0
 952 00f2 0000 0000 		.long	0x0
 953               	.LLST7:
 954 00f6 6000 0000 		.long	.LVL7-.Ltext0
 955 00fa D402 0000 		.long	.LVL31-.Ltext0
 956 00fe 0100      		.word	0x1
 957 0100 61        		.byte	0x61
 958 0101 0000 0000 		.long	0x0
 959 0105 0000 0000 		.long	0x0
 960               	.LLST8:
 961 0109 4400 0000 		.long	.LVL6-.Ltext0
 962 010d FA01 0000 		.long	.LVL21-.Ltext0
 963 0111 0100      		.word	0x1
 964 0113 65        		.byte	0x65
 965 0114 0C02 0000 		.long	.LVL22-.Ltext0
 966 0118 D802 0000 		.long	.LFE2-.Ltext0
 967 011c 0100      		.word	0x1
 968 011e 65        		.byte	0x65
 969 011f 0000 0000 		.long	0x0
GAS LISTING D:\DOCUME~1\alex\LOCALS~1\Temp/ccVvxPAR.s 			page 18


 970 0123 0000 0000 		.long	0x0
 971               	.LLST10:
 972 0127 D802 0000 		.long	.LVL33-.Ltext0
 973 012b FE02 0000 		.long	.LVL34-.Ltext0
 974 012f 0100      		.word	0x1
 975 0131 68        		.byte	0x68
 976 0132 0000 0000 		.long	0x0
 977 0136 0000 0000 		.long	0x0
 978               	.LLST11:
 979 013a D802 0000 		.long	.LVL33-.Ltext0
 980 013e 0203 0000 		.long	.LVL35-.Ltext0
 981 0142 0100      		.word	0x1
 982 0144 66        		.byte	0x66
 983 0145 0203 0000 		.long	.LVL35-.Ltext0
 984 0149 C403 0000 		.long	.LVL46-.Ltext0
 985 014d 0100      		.word	0x1
 986 014f 59        		.byte	0x59
 987 0150 0000 0000 		.long	0x0
 988 0154 0000 0000 		.long	0x0
 989               	.LLST12:
 990 0158 D802 0000 		.long	.LVL33-.Ltext0
 991 015c 6E03 0000 		.long	.LVL44-.Ltext0
 992 0160 0100      		.word	0x1
 993 0162 64        		.byte	0x64
 994 0163 6E03 0000 		.long	.LVL44-.Ltext0
 995 0167 C003 0000 		.long	.LVL45-.Ltext0
 996 016b 0100      		.word	0x1
 997 016d 61        		.byte	0x61
 998 016e 0000 0000 		.long	0x0
 999 0172 0000 0000 		.long	0x0
 1000               	.LLST13:
 1001 0176 0C03 0000 		.long	.LVL36-.Ltext0
 1002 017a D004 0000 		.long	.LVL49-.Ltext0
 1003 017e 0600      		.word	0x6
 1004 0180 6C        		.byte	0x6c
 1005 0181 93        		.byte	0x93
 1006 0182 01        		.uleb128 0x1
 1007 0183 6D        		.byte	0x6d
 1008 0184 93        		.byte	0x93
 1009 0185 01        		.uleb128 0x1
 1010 0186 0000 0000 		.long	0x0
 1011 018a 0000 0000 		.long	0x0
 1012               	.LLST14:
 1013 018e 2803 0000 		.long	.LVL39-.Ltext0
 1014 0192 E004 0000 		.long	.LVL54-.Ltext0
 1015 0196 0600      		.word	0x6
 1016 0198 5A        		.byte	0x5a
 1017 0199 93        		.byte	0x93
 1018 019a 01        		.uleb128 0x1
 1019 019b 5B        		.byte	0x5b
 1020 019c 93        		.byte	0x93
 1021 019d 01        		.uleb128 0x1
 1022 019e 0000 0000 		.long	0x0
 1023 01a2 0000 0000 		.long	0x0
 1024               	.LLST15:
 1025 01a6 1603 0000 		.long	.LVL37-.Ltext0
 1026 01aa E804 0000 		.long	.LVL56-.Ltext0
GAS LISTING D:\DOCUME~1\alex\LOCALS~1\Temp/ccVvxPAR.s 			page 19


 1027 01ae 0600      		.word	0x6
 1028 01b0 56        		.byte	0x56
 1029 01b1 93        		.byte	0x93
 1030 01b2 01        		.uleb128 0x1
 1031 01b3 57        		.byte	0x57
 1032 01b4 93        		.byte	0x93
 1033 01b5 01        		.uleb128 0x1
 1034 01b6 0000 0000 		.long	0x0
 1035 01ba 0000 0000 		.long	0x0
 1036               	.LLST16:
 1037 01be 2003 0000 		.long	.LVL38-.Ltext0
 1038 01c2 D804 0000 		.long	.LVL52-.Ltext0
 1039 01c6 0600      		.word	0x6
 1040 01c8 5E        		.byte	0x5e
 1041 01c9 93        		.byte	0x93
 1042 01ca 01        		.uleb128 0x1
 1043 01cb 5F        		.byte	0x5f
 1044 01cc 93        		.byte	0x93
 1045 01cd 01        		.uleb128 0x1
 1046 01ce 0000 0000 		.long	0x0
 1047 01d2 0000 0000 		.long	0x0
 1048               	.LLST17:
 1049 01d6 3003 0000 		.long	.LVL40-.Ltext0
 1050 01da DC04 0000 		.long	.LVL53-.Ltext0
 1051 01de 0100      		.word	0x1
 1052 01e0 5C        		.byte	0x5c
 1053 01e1 0000 0000 		.long	0x0
 1054 01e5 0000 0000 		.long	0x0
 1055               	.LLST18:
 1056 01e9 4803 0000 		.long	.LVL43-.Ltext0
 1057 01ed E404 0000 		.long	.LVL55-.Ltext0
 1058 01f1 0100      		.word	0x1
 1059 01f3 58        		.byte	0x58
 1060 01f4 0000 0000 		.long	0x0
 1061 01f8 0000 0000 		.long	0x0
 1062               	.LLST19:
 1063 01fc 3803 0000 		.long	.LVL41-.Ltext0
 1064 0200 EA04 0000 		.long	.LVL57-.Ltext0
 1065 0204 0100      		.word	0x1
 1066 0206 55        		.byte	0x55
 1067 0207 0000 0000 		.long	0x0
 1068 020b 0000 0000 		.long	0x0
 1069               	.LLST20:
 1070 020f 4003 0000 		.long	.LVL42-.Ltext0
 1071 0213 7E04 0000 		.long	.LVL48-.Ltext0
 1072 0217 0100      		.word	0x1
 1073 0219 60        		.byte	0x60
 1074 021a 0000 0000 		.long	0x0
 1075 021e 0000 0000 		.long	0x0
 1076               	.LLST21:
 1077 0222 7A04 0000 		.long	.LVL47-.Ltext0
 1078 0226 D604 0000 		.long	.LVL51-.Ltext0
 1079 022a 0100      		.word	0x1
 1080 022c 5F        		.byte	0x5f
 1081 022d 0000 0000 		.long	0x0
 1082 0231 0000 0000 		.long	0x0
 1083               	.LLST22:
GAS LISTING D:\DOCUME~1\alex\LOCALS~1\Temp/ccVvxPAR.s 			page 20


 1084 0235 7E04 0000 		.long	.LVL48-.Ltext0
 1085 0239 D404 0000 		.long	.LVL50-.Ltext0
 1086 023d 0600      		.word	0x6
 1087 023f 60        		.byte	0x60
 1088 0240 93        		.byte	0x93
 1089 0241 01        		.uleb128 0x1
 1090 0242 61        		.byte	0x61
 1091 0243 93        		.byte	0x93
 1092 0244 01        		.uleb128 0x1
 1093 0245 0000 0000 		.long	0x0
 1094 0249 0000 0000 		.long	0x0
 1095               		.section	.debug_info
 1096 0000 A102 0000 		.long	0x2a1
 1097 0004 0200      		.word	0x2
 1098 0006 0000 0000 		.long	.Ldebug_abbrev0
 1099 000a 04        		.byte	0x4
 1100 000b 01        		.uleb128 0x1
 1101 000c 0000 0000 		.long	.LASF25
 1102 0010 01        		.byte	0x1
 1103 0011 0000 0000 		.long	.LASF26
 1104 0015 0000 0000 		.long	.LASF27
 1105 0019 0000 0000 		.long	.Ltext0
 1106 001d 0000 0000 		.long	.Letext0
 1107 0021 0000 0000 		.long	.Ldebug_line0
 1108 0025 02        		.uleb128 0x2
 1109 0026 01        		.byte	0x1
 1110 0027 06        		.byte	0x6
 1111 0028 0000 0000 		.long	.LASF0
 1112 002c 03        		.uleb128 0x3
 1113 002d 0000 0000 		.long	.LASF28
 1114 0031 02        		.byte	0x2
 1115 0032 7A        		.byte	0x7a
 1116 0033 3700 0000 		.long	0x37
 1117 0037 02        		.uleb128 0x2
 1118 0038 01        		.byte	0x1
 1119 0039 08        		.byte	0x8
 1120 003a 0000 0000 		.long	.LASF1
 1121 003e 04        		.uleb128 0x4
 1122 003f 02        		.byte	0x2
 1123 0040 05        		.byte	0x5
 1124 0041 696E 7400 		.string	"int"
 1125 0045 02        		.uleb128 0x2
 1126 0046 02        		.byte	0x2
 1127 0047 07        		.byte	0x7
 1128 0048 0000 0000 		.long	.LASF2
 1129 004c 02        		.uleb128 0x2
 1130 004d 04        		.byte	0x4
 1131 004e 05        		.byte	0x5
 1132 004f 0000 0000 		.long	.LASF3
 1133 0053 02        		.uleb128 0x2
 1134 0054 04        		.byte	0x4
 1135 0055 07        		.byte	0x7
 1136 0056 0000 0000 		.long	.LASF4
 1137 005a 02        		.uleb128 0x2
 1138 005b 08        		.byte	0x8
 1139 005c 05        		.byte	0x5
 1140 005d 0000 0000 		.long	.LASF5
GAS LISTING D:\DOCUME~1\alex\LOCALS~1\Temp/ccVvxPAR.s 			page 21


 1141 0061 02        		.uleb128 0x2
 1142 0062 08        		.byte	0x8
 1143 0063 07        		.byte	0x7
 1144 0064 0000 0000 		.long	.LASF6
 1145 0068 05        		.uleb128 0x5
 1146 0069 01        		.byte	0x1
 1147 006a 08        		.byte	0x8
 1148 006b 06        		.uleb128 0x6
 1149 006c 01        		.byte	0x1
 1150 006d 0000 0000 		.long	.LASF29
 1151 0071 01        		.byte	0x1
 1152 0072 28        		.byte	0x28
 1153 0073 01        		.byte	0x1
 1154 0074 0000 0000 		.long	.LFB2
 1155 0078 0000 0000 		.long	.LFE2
 1156 007c 02        		.byte	0x2
 1157 007d 90        		.byte	0x90
 1158 007e 20        		.uleb128 0x20
 1159 007f 0801 0000 		.long	0x108
 1160 0083 07        		.uleb128 0x7
 1161 0084 0000 0000 		.long	.LASF7
 1162 0088 01        		.byte	0x1
 1163 0089 26        		.byte	0x26
 1164 008a 2C00 0000 		.long	0x2c
 1165 008e 0000 0000 		.long	.LLST1
 1166 0092 08        		.uleb128 0x8
 1167 0093 6373 00   		.string	"cs"
 1168 0096 01        		.byte	0x1
 1169 0097 26        		.byte	0x26
 1170 0098 2C00 0000 		.long	0x2c
 1171 009c 0000 0000 		.long	.LLST2
 1172 00a0 08        		.uleb128 0x8
 1173 00a1 636C 6B00 		.string	"clk"
 1174 00a5 01        		.byte	0x1
 1175 00a6 26        		.byte	0x26
 1176 00a7 2C00 0000 		.long	0x2c
 1177 00ab 0000 0000 		.long	.LLST3
 1178 00af 07        		.uleb128 0x7
 1179 00b0 0000 0000 		.long	.LASF8
 1180 00b4 01        		.byte	0x1
 1181 00b5 26        		.byte	0x26
 1182 00b6 2C00 0000 		.long	0x2c
 1183 00ba 0000 0000 		.long	.LLST4
 1184 00be 08        		.uleb128 0x8
 1185 00bf 6469 6E00 		.string	"din"
 1186 00c3 01        		.byte	0x1
 1187 00c4 26        		.byte	0x26
 1188 00c5 2C00 0000 		.long	0x2c
 1189 00c9 0000 0000 		.long	.LLST5
 1190 00cd 09        		.uleb128 0x9
 1191 00ce 0000 0000 		.long	.LASF9
 1192 00d2 01        		.byte	0x1
 1193 00d3 29        		.byte	0x29
 1194 00d4 2C00 0000 		.long	0x2c
 1195 00d8 0000 0000 		.long	.LLST6
 1196 00dc 0A        		.uleb128 0xa
 1197 00dd 6263 7300 		.string	"bcs"
GAS LISTING D:\DOCUME~1\alex\LOCALS~1\Temp/ccVvxPAR.s 			page 22


 1198 00e1 01        		.byte	0x1
 1199 00e2 29        		.byte	0x29
 1200 00e3 2C00 0000 		.long	0x2c
 1201 00e7 0000 0000 		.long	.LLST7
 1202 00eb 09        		.uleb128 0x9
 1203 00ec 0000 0000 		.long	.LASF10
 1204 00f0 01        		.byte	0x1
 1205 00f1 29        		.byte	0x29
 1206 00f2 2C00 0000 		.long	0x2c
 1207 00f6 0000 0000 		.long	.LLST8
 1208 00fa 0B        		.uleb128 0xb
 1209 00fb 0000 0000 		.long	.LASF11
 1210 00ff 01        		.byte	0x1
 1211 0100 29        		.byte	0x29
 1212 0101 2C00 0000 		.long	0x2c
 1213 0105 01        		.byte	0x1
 1214 0106 67        		.byte	0x67
 1215 0107 00        		.byte	0x0
 1216 0108 0C        		.uleb128 0xc
 1217 0109 01        		.byte	0x1
 1218 010a 0000 0000 		.long	.LASF30
 1219 010e 01        		.byte	0x1
 1220 010f 57        		.byte	0x57
 1221 0110 01        		.byte	0x1
 1222 0111 4500 0000 		.long	0x45
 1223 0115 0000 0000 		.long	.LFB3
 1224 0119 0000 0000 		.long	.LFE3
 1225 011d 02        		.byte	0x2
 1226 011e 90        		.byte	0x90
 1227 011f 20        		.uleb128 0x20
 1228 0120 E601 0000 		.long	0x1e6
 1229 0124 07        		.uleb128 0x7
 1230 0125 0000 0000 		.long	.LASF7
 1231 0129 01        		.byte	0x1
 1232 012a 54        		.byte	0x54
 1233 012b 2C00 0000 		.long	0x2c
 1234 012f 0000 0000 		.long	.LLST10
 1235 0133 08        		.uleb128 0x8
 1236 0134 6164 6300 		.string	"adc"
 1237 0138 01        		.byte	0x1
 1238 0139 54        		.byte	0x54
 1239 013a 2C00 0000 		.long	0x2c
 1240 013e 0000 0000 		.long	.LLST11
 1241 0142 07        		.uleb128 0x7
 1242 0143 0000 0000 		.long	.LASF12
 1243 0147 01        		.byte	0x1
 1244 0148 54        		.byte	0x54
 1245 0149 2C00 0000 		.long	0x2c
 1246 014d 0000 0000 		.long	.LLST12
 1247 0151 09        		.uleb128 0x9
 1248 0152 0000 0000 		.long	.LASF13
 1249 0156 01        		.byte	0x1
 1250 0157 58        		.byte	0x58
 1251 0158 E601 0000 		.long	0x1e6
 1252 015c 0000 0000 		.long	.LLST13
 1253 0160 0A        		.uleb128 0xa
 1254 0161 7063 7300 		.string	"pcs"
GAS LISTING D:\DOCUME~1\alex\LOCALS~1\Temp/ccVvxPAR.s 			page 23


 1255 0165 01        		.byte	0x1
 1256 0166 58        		.byte	0x58
 1257 0167 E601 0000 		.long	0x1e6
 1258 016b 0000 0000 		.long	.LLST14
 1259 016f 09        		.uleb128 0x9
 1260 0170 0000 0000 		.long	.LASF14
 1261 0174 01        		.byte	0x1
 1262 0175 58        		.byte	0x58
 1263 0176 E601 0000 		.long	0x1e6
 1264 017a 0000 0000 		.long	.LLST15
 1265 017e 09        		.uleb128 0x9
 1266 017f 0000 0000 		.long	.LASF15
 1267 0183 01        		.byte	0x1
 1268 0184 58        		.byte	0x58
 1269 0185 E601 0000 		.long	0x1e6
 1270 0189 0000 0000 		.long	.LLST16
 1271 018d 09        		.uleb128 0x9
 1272 018e 0000 0000 		.long	.LASF9
 1273 0192 01        		.byte	0x1
 1274 0193 59        		.byte	0x59
 1275 0194 2C00 0000 		.long	0x2c
 1276 0198 0000 0000 		.long	.LLST17
 1277 019c 0A        		.uleb128 0xa
 1278 019d 6263 7300 		.string	"bcs"
 1279 01a1 01        		.byte	0x1
 1280 01a2 59        		.byte	0x59
 1281 01a3 2C00 0000 		.long	0x2c
 1282 01a7 0000 0000 		.long	.LLST18
 1283 01ab 09        		.uleb128 0x9
 1284 01ac 0000 0000 		.long	.LASF10
 1285 01b0 01        		.byte	0x1
 1286 01b1 59        		.byte	0x59
 1287 01b2 2C00 0000 		.long	0x2c
 1288 01b6 0000 0000 		.long	.LLST19
 1289 01ba 09        		.uleb128 0x9
 1290 01bb 0000 0000 		.long	.LASF11
 1291 01bf 01        		.byte	0x1
 1292 01c0 59        		.byte	0x59
 1293 01c1 2C00 0000 		.long	0x2c
 1294 01c5 0000 0000 		.long	.LLST20
 1295 01c9 0A        		.uleb128 0xa
 1296 01ca 6900      		.string	"i"
 1297 01cc 01        		.byte	0x1
 1298 01cd 5A        		.byte	0x5a
 1299 01ce 2C00 0000 		.long	0x2c
 1300 01d2 0000 0000 		.long	.LLST21
 1301 01d6 09        		.uleb128 0x9
 1302 01d7 0000 0000 		.long	.LASF16
 1303 01db 01        		.byte	0x1
 1304 01dc 5B        		.byte	0x5b
 1305 01dd 4500 0000 		.long	0x45
 1306 01e1 0000 0000 		.long	.LLST22
 1307 01e5 00        		.byte	0x0
 1308 01e6 0D        		.uleb128 0xd
 1309 01e7 02        		.byte	0x2
 1310 01e8 EC01 0000 		.long	0x1ec
 1311 01ec 0E        		.uleb128 0xe
GAS LISTING D:\DOCUME~1\alex\LOCALS~1\Temp/ccVvxPAR.s 			page 24


 1312 01ed 2C00 0000 		.long	0x2c
 1313 01f1 0F        		.uleb128 0xf
 1314 01f2 E601 0000 		.long	0x1e6
 1315 01f6 0102 0000 		.long	0x201
 1316 01fa 10        		.uleb128 0x10
 1317 01fb 0102 0000 		.long	0x201
 1318 01ff 03        		.byte	0x3
 1319 0200 00        		.byte	0x0
 1320 0201 05        		.uleb128 0x5
 1321 0202 02        		.byte	0x2
 1322 0203 07        		.byte	0x7
 1323 0204 11        		.uleb128 0x11
 1324 0205 0000 0000 		.long	.LASF17
 1325 0209 01        		.byte	0x1
 1326 020a 14        		.byte	0x14
 1327 020b F101 0000 		.long	0x1f1
 1328 020f 01        		.byte	0x1
 1329 0210 05        		.byte	0x5
 1330 0211 03        		.byte	0x3
 1331 0212 0000 0000 		.long	p_cs
 1332 0216 11        		.uleb128 0x11
 1333 0217 0000 0000 		.long	.LASF18
 1334 021b 01        		.byte	0x1
 1335 021c 15        		.byte	0x15
 1336 021d F101 0000 		.long	0x1f1
 1337 0221 01        		.byte	0x1
 1338 0222 05        		.byte	0x5
 1339 0223 03        		.byte	0x3
 1340 0224 0000 0000 		.long	p_dout
 1341 0228 11        		.uleb128 0x11
 1342 0229 0000 0000 		.long	.LASF19
 1343 022d 01        		.byte	0x1
 1344 022e 16        		.byte	0x16
 1345 022f F101 0000 		.long	0x1f1
 1346 0233 01        		.byte	0x1
 1347 0234 05        		.byte	0x5
 1348 0235 03        		.byte	0x3
 1349 0236 0000 0000 		.long	p_din
 1350 023a 11        		.uleb128 0x11
 1351 023b 0000 0000 		.long	.LASF20
 1352 023f 01        		.byte	0x1
 1353 0240 17        		.byte	0x17
 1354 0241 F101 0000 		.long	0x1f1
 1355 0245 01        		.byte	0x1
 1356 0246 05        		.byte	0x5
 1357 0247 03        		.byte	0x3
 1358 0248 0000 0000 		.long	p_clk
 1359 024c 0F        		.uleb128 0xf
 1360 024d 2C00 0000 		.long	0x2c
 1361 0251 5C02 0000 		.long	0x25c
 1362 0255 10        		.uleb128 0x10
 1363 0256 0102 0000 		.long	0x201
 1364 025a 03        		.byte	0x3
 1365 025b 00        		.byte	0x0
 1366 025c 11        		.uleb128 0x11
 1367 025d 0000 0000 		.long	.LASF21
 1368 0261 01        		.byte	0x1
GAS LISTING D:\DOCUME~1\alex\LOCALS~1\Temp/ccVvxPAR.s 			page 25


 1369 0262 19        		.byte	0x19
 1370 0263 4C02 0000 		.long	0x24c
 1371 0267 01        		.byte	0x1
 1372 0268 05        		.byte	0x5
 1373 0269 03        		.byte	0x3
 1374 026a 0000 0000 		.long	b_cs
 1375 026e 11        		.uleb128 0x11
 1376 026f 0000 0000 		.long	.LASF22
 1377 0273 01        		.byte	0x1
 1378 0274 1A        		.byte	0x1a
 1379 0275 4C02 0000 		.long	0x24c
 1380 0279 01        		.byte	0x1
 1381 027a 05        		.byte	0x5
 1382 027b 03        		.byte	0x3
 1383 027c 0000 0000 		.long	b_dout
 1384 0280 11        		.uleb128 0x11
 1385 0281 0000 0000 		.long	.LASF23
 1386 0285 01        		.byte	0x1
 1387 0286 1B        		.byte	0x1b
 1388 0287 4C02 0000 		.long	0x24c
 1389 028b 01        		.byte	0x1
 1390 028c 05        		.byte	0x5
 1391 028d 03        		.byte	0x3
 1392 028e 0000 0000 		.long	b_din
 1393 0292 11        		.uleb128 0x11
 1394 0293 0000 0000 		.long	.LASF24
 1395 0297 01        		.byte	0x1
 1396 0298 1C        		.byte	0x1c
 1397 0299 4C02 0000 		.long	0x24c
 1398 029d 01        		.byte	0x1
 1399 029e 05        		.byte	0x5
 1400 029f 03        		.byte	0x3
 1401 02a0 0000 0000 		.long	b_clk
 1402 02a4 00        		.byte	0x0
 1403               		.section	.debug_abbrev
 1404 0000 01        		.uleb128 0x1
 1405 0001 11        		.uleb128 0x11
 1406 0002 01        		.byte	0x1
 1407 0003 25        		.uleb128 0x25
 1408 0004 0E        		.uleb128 0xe
 1409 0005 13        		.uleb128 0x13
 1410 0006 0B        		.uleb128 0xb
 1411 0007 03        		.uleb128 0x3
 1412 0008 0E        		.uleb128 0xe
 1413 0009 1B        		.uleb128 0x1b
 1414 000a 0E        		.uleb128 0xe
 1415 000b 11        		.uleb128 0x11
 1416 000c 01        		.uleb128 0x1
 1417 000d 12        		.uleb128 0x12
 1418 000e 01        		.uleb128 0x1
 1419 000f 10        		.uleb128 0x10
 1420 0010 06        		.uleb128 0x6
 1421 0011 00        		.byte	0x0
 1422 0012 00        		.byte	0x0
 1423 0013 02        		.uleb128 0x2
 1424 0014 24        		.uleb128 0x24
 1425 0015 00        		.byte	0x0
GAS LISTING D:\DOCUME~1\alex\LOCALS~1\Temp/ccVvxPAR.s 			page 26


 1426 0016 0B        		.uleb128 0xb
 1427 0017 0B        		.uleb128 0xb
 1428 0018 3E        		.uleb128 0x3e
 1429 0019 0B        		.uleb128 0xb
 1430 001a 03        		.uleb128 0x3
 1431 001b 0E        		.uleb128 0xe
 1432 001c 00        		.byte	0x0
 1433 001d 00        		.byte	0x0
 1434 001e 03        		.uleb128 0x3
 1435 001f 16        		.uleb128 0x16
 1436 0020 00        		.byte	0x0
 1437 0021 03        		.uleb128 0x3
 1438 0022 0E        		.uleb128 0xe
 1439 0023 3A        		.uleb128 0x3a
 1440 0024 0B        		.uleb128 0xb
 1441 0025 3B        		.uleb128 0x3b
 1442 0026 0B        		.uleb128 0xb
 1443 0027 49        		.uleb128 0x49
 1444 0028 13        		.uleb128 0x13
 1445 0029 00        		.byte	0x0
 1446 002a 00        		.byte	0x0
 1447 002b 04        		.uleb128 0x4
 1448 002c 24        		.uleb128 0x24
 1449 002d 00        		.byte	0x0
 1450 002e 0B        		.uleb128 0xb
 1451 002f 0B        		.uleb128 0xb
 1452 0030 3E        		.uleb128 0x3e
 1453 0031 0B        		.uleb128 0xb
 1454 0032 03        		.uleb128 0x3
 1455 0033 08        		.uleb128 0x8
 1456 0034 00        		.byte	0x0
 1457 0035 00        		.byte	0x0
 1458 0036 05        		.uleb128 0x5
 1459 0037 24        		.uleb128 0x24
 1460 0038 00        		.byte	0x0
 1461 0039 0B        		.uleb128 0xb
 1462 003a 0B        		.uleb128 0xb
 1463 003b 3E        		.uleb128 0x3e
 1464 003c 0B        		.uleb128 0xb
 1465 003d 00        		.byte	0x0
 1466 003e 00        		.byte	0x0
 1467 003f 06        		.uleb128 0x6
 1468 0040 2E        		.uleb128 0x2e
 1469 0041 01        		.byte	0x1
 1470 0042 3F        		.uleb128 0x3f
 1471 0043 0C        		.uleb128 0xc
 1472 0044 03        		.uleb128 0x3
 1473 0045 0E        		.uleb128 0xe
 1474 0046 3A        		.uleb128 0x3a
 1475 0047 0B        		.uleb128 0xb
 1476 0048 3B        		.uleb128 0x3b
 1477 0049 0B        		.uleb128 0xb
 1478 004a 27        		.uleb128 0x27
 1479 004b 0C        		.uleb128 0xc
 1480 004c 11        		.uleb128 0x11
 1481 004d 01        		.uleb128 0x1
 1482 004e 12        		.uleb128 0x12
GAS LISTING D:\DOCUME~1\alex\LOCALS~1\Temp/ccVvxPAR.s 			page 27


 1483 004f 01        		.uleb128 0x1
 1484 0050 40        		.uleb128 0x40
 1485 0051 0A        		.uleb128 0xa
 1486 0052 01        		.uleb128 0x1
 1487 0053 13        		.uleb128 0x13
 1488 0054 00        		.byte	0x0
 1489 0055 00        		.byte	0x0
 1490 0056 07        		.uleb128 0x7
 1491 0057 05        		.uleb128 0x5
 1492 0058 00        		.byte	0x0
 1493 0059 03        		.uleb128 0x3
 1494 005a 0E        		.uleb128 0xe
 1495 005b 3A        		.uleb128 0x3a
 1496 005c 0B        		.uleb128 0xb
 1497 005d 3B        		.uleb128 0x3b
 1498 005e 0B        		.uleb128 0xb
 1499 005f 49        		.uleb128 0x49
 1500 0060 13        		.uleb128 0x13
 1501 0061 02        		.uleb128 0x2
 1502 0062 06        		.uleb128 0x6
 1503 0063 00        		.byte	0x0
 1504 0064 00        		.byte	0x0
 1505 0065 08        		.uleb128 0x8
 1506 0066 05        		.uleb128 0x5
 1507 0067 00        		.byte	0x0
 1508 0068 03        		.uleb128 0x3
 1509 0069 08        		.uleb128 0x8
 1510 006a 3A        		.uleb128 0x3a
 1511 006b 0B        		.uleb128 0xb
 1512 006c 3B        		.uleb128 0x3b
 1513 006d 0B        		.uleb128 0xb
 1514 006e 49        		.uleb128 0x49
 1515 006f 13        		.uleb128 0x13
 1516 0070 02        		.uleb128 0x2
 1517 0071 06        		.uleb128 0x6
 1518 0072 00        		.byte	0x0
 1519 0073 00        		.byte	0x0
 1520 0074 09        		.uleb128 0x9
 1521 0075 34        		.uleb128 0x34
 1522 0076 00        		.byte	0x0
 1523 0077 03        		.uleb128 0x3
 1524 0078 0E        		.uleb128 0xe
 1525 0079 3A        		.uleb128 0x3a
 1526 007a 0B        		.uleb128 0xb
 1527 007b 3B        		.uleb128 0x3b
 1528 007c 0B        		.uleb128 0xb
 1529 007d 49        		.uleb128 0x49
 1530 007e 13        		.uleb128 0x13
 1531 007f 02        		.uleb128 0x2
 1532 0080 06        		.uleb128 0x6
 1533 0081 00        		.byte	0x0
 1534 0082 00        		.byte	0x0
 1535 0083 0A        		.uleb128 0xa
 1536 0084 34        		.uleb128 0x34
 1537 0085 00        		.byte	0x0
 1538 0086 03        		.uleb128 0x3
 1539 0087 08        		.uleb128 0x8
GAS LISTING D:\DOCUME~1\alex\LOCALS~1\Temp/ccVvxPAR.s 			page 28


 1540 0088 3A        		.uleb128 0x3a
 1541 0089 0B        		.uleb128 0xb
 1542 008a 3B        		.uleb128 0x3b
 1543 008b 0B        		.uleb128 0xb
 1544 008c 49        		.uleb128 0x49
 1545 008d 13        		.uleb128 0x13
 1546 008e 02        		.uleb128 0x2
 1547 008f 06        		.uleb128 0x6
 1548 0090 00        		.byte	0x0
 1549 0091 00        		.byte	0x0
 1550 0092 0B        		.uleb128 0xb
 1551 0093 34        		.uleb128 0x34
 1552 0094 00        		.byte	0x0
 1553 0095 03        		.uleb128 0x3
 1554 0096 0E        		.uleb128 0xe
 1555 0097 3A        		.uleb128 0x3a
 1556 0098 0B        		.uleb128 0xb
 1557 0099 3B        		.uleb128 0x3b
 1558 009a 0B        		.uleb128 0xb
 1559 009b 49        		.uleb128 0x49
 1560 009c 13        		.uleb128 0x13
 1561 009d 02        		.uleb128 0x2
 1562 009e 0A        		.uleb128 0xa
 1563 009f 00        		.byte	0x0
 1564 00a0 00        		.byte	0x0
 1565 00a1 0C        		.uleb128 0xc
 1566 00a2 2E        		.uleb128 0x2e
 1567 00a3 01        		.byte	0x1
 1568 00a4 3F        		.uleb128 0x3f
 1569 00a5 0C        		.uleb128 0xc
 1570 00a6 03        		.uleb128 0x3
 1571 00a7 0E        		.uleb128 0xe
 1572 00a8 3A        		.uleb128 0x3a
 1573 00a9 0B        		.uleb128 0xb
 1574 00aa 3B        		.uleb128 0x3b
 1575 00ab 0B        		.uleb128 0xb
 1576 00ac 27        		.uleb128 0x27
 1577 00ad 0C        		.uleb128 0xc
 1578 00ae 49        		.uleb128 0x49
 1579 00af 13        		.uleb128 0x13
 1580 00b0 11        		.uleb128 0x11
 1581 00b1 01        		.uleb128 0x1
 1582 00b2 12        		.uleb128 0x12
 1583 00b3 01        		.uleb128 0x1
 1584 00b4 40        		.uleb128 0x40
 1585 00b5 0A        		.uleb128 0xa
 1586 00b6 01        		.uleb128 0x1
 1587 00b7 13        		.uleb128 0x13
 1588 00b8 00        		.byte	0x0
 1589 00b9 00        		.byte	0x0
 1590 00ba 0D        		.uleb128 0xd
 1591 00bb 0F        		.uleb128 0xf
 1592 00bc 00        		.byte	0x0
 1593 00bd 0B        		.uleb128 0xb
 1594 00be 0B        		.uleb128 0xb
 1595 00bf 49        		.uleb128 0x49
 1596 00c0 13        		.uleb128 0x13
GAS LISTING D:\DOCUME~1\alex\LOCALS~1\Temp/ccVvxPAR.s 			page 29


 1597 00c1 00        		.byte	0x0
 1598 00c2 00        		.byte	0x0
 1599 00c3 0E        		.uleb128 0xe
 1600 00c4 35        		.uleb128 0x35
 1601 00c5 00        		.byte	0x0
 1602 00c6 49        		.uleb128 0x49
 1603 00c7 13        		.uleb128 0x13
 1604 00c8 00        		.byte	0x0
 1605 00c9 00        		.byte	0x0
 1606 00ca 0F        		.uleb128 0xf
 1607 00cb 01        		.uleb128 0x1
 1608 00cc 01        		.byte	0x1
 1609 00cd 49        		.uleb128 0x49
 1610 00ce 13        		.uleb128 0x13
 1611 00cf 01        		.uleb128 0x1
 1612 00d0 13        		.uleb128 0x13
 1613 00d1 00        		.byte	0x0
 1614 00d2 00        		.byte	0x0
 1615 00d3 10        		.uleb128 0x10
 1616 00d4 21        		.uleb128 0x21
 1617 00d5 00        		.byte	0x0
 1618 00d6 49        		.uleb128 0x49
 1619 00d7 13        		.uleb128 0x13
 1620 00d8 2F        		.uleb128 0x2f
 1621 00d9 0B        		.uleb128 0xb
 1622 00da 00        		.byte	0x0
 1623 00db 00        		.byte	0x0
 1624 00dc 11        		.uleb128 0x11
 1625 00dd 34        		.uleb128 0x34
 1626 00de 00        		.byte	0x0
 1627 00df 03        		.uleb128 0x3
 1628 00e0 0E        		.uleb128 0xe
 1629 00e1 3A        		.uleb128 0x3a
 1630 00e2 0B        		.uleb128 0xb
 1631 00e3 3B        		.uleb128 0x3b
 1632 00e4 0B        		.uleb128 0xb
 1633 00e5 49        		.uleb128 0x49
 1634 00e6 13        		.uleb128 0x13
 1635 00e7 3F        		.uleb128 0x3f
 1636 00e8 0C        		.uleb128 0xc
 1637 00e9 02        		.uleb128 0x2
 1638 00ea 0A        		.uleb128 0xa
 1639 00eb 00        		.byte	0x0
 1640 00ec 00        		.byte	0x0
 1641 00ed 00        		.byte	0x0
 1642               		.section	.debug_pubnames,"",@progbits
 1643 0000 8000 0000 		.long	0x80
 1644 0004 0200      		.word	0x2
 1645 0006 0000 0000 		.long	.Ldebug_info0
 1646 000a A502 0000 		.long	0x2a5
 1647 000e 6B00 0000 		.long	0x6b
 1648 0012 696E 6974 		.string	"init_mcp3204"
 1648      5F6D 6370 
 1648      3332 3034 
 1648      00
 1649 001f 0801 0000 		.long	0x108
 1650 0023 6D63 7033 		.string	"mcp3204_getw"
GAS LISTING D:\DOCUME~1\alex\LOCALS~1\Temp/ccVvxPAR.s 			page 30


 1650      3230 345F 
 1650      6765 7477 
 1650      00
 1651 0030 0402 0000 		.long	0x204
 1652 0034 705F 6373 		.string	"p_cs"
 1652      00
 1653 0039 1602 0000 		.long	0x216
 1654 003d 705F 646F 		.string	"p_dout"
 1654      7574 00
 1655 0044 2802 0000 		.long	0x228
 1656 0048 705F 6469 		.string	"p_din"
 1656      6E00 
 1657 004e 3A02 0000 		.long	0x23a
 1658 0052 705F 636C 		.string	"p_clk"
 1658      6B00 
 1659 0058 5C02 0000 		.long	0x25c
 1660 005c 625F 6373 		.string	"b_cs"
 1660      00
 1661 0061 6E02 0000 		.long	0x26e
 1662 0065 625F 646F 		.string	"b_dout"
 1662      7574 00
 1663 006c 8002 0000 		.long	0x280
 1664 0070 625F 6469 		.string	"b_din"
 1664      6E00 
 1665 0076 9202 0000 		.long	0x292
 1666 007a 625F 636C 		.string	"b_clk"
 1666      6B00 
 1667 0080 0000 0000 		.long	0x0
 1668               		.section	.debug_aranges,"",@progbits
 1669 0000 1C00 0000 		.long	0x1c
 1670 0004 0200      		.word	0x2
 1671 0006 0000 0000 		.long	.Ldebug_info0
 1672 000a 04        		.byte	0x4
 1673 000b 00        		.byte	0x0
 1674 000c 0000      		.word	0x0
 1675 000e 0000      		.word	0x0
 1676 0010 0000 0000 		.long	.Ltext0
 1677 0014 EC04 0000 		.long	.Letext0-.Ltext0
 1678 0018 0000 0000 		.long	0x0
 1679 001c 0000 0000 		.long	0x0
 1680               		.section	.debug_line
 1681 0000 3403 0000 		.long	.LELT0-.LSLT0
 1682               	.LSLT0:
 1683 0004 0200      		.word	0x2
 1684 0006 6400 0000 		.long	.LELTP0-.LASLTP0
 1685               	.LASLTP0:
 1686 000a 01        		.byte	0x1
 1687 000b 01        		.byte	0x1
 1688 000c F6        		.byte	0xf6
 1689 000d F5        		.byte	0xf5
 1690 000e 0A        		.byte	0xa
 1691 000f 00        		.byte	0x0
 1692 0010 01        		.byte	0x1
 1693 0011 01        		.byte	0x1
 1694 0012 01        		.byte	0x1
 1695 0013 01        		.byte	0x1
 1696 0014 00        		.byte	0x0
GAS LISTING D:\DOCUME~1\alex\LOCALS~1\Temp/ccVvxPAR.s 			page 31


 1697 0015 00        		.byte	0x0
 1698 0016 00        		.byte	0x0
 1699 0017 01        		.byte	0x1
 1700 0018 633A 2F70 		.ascii	"c:/program files/winavr-20100110/lib/gcc/../../avr/include"
 1700      726F 6772 
 1700      616D 2066 
 1700      696C 6573 
 1700      2F77 696E 
 1701 0052 00        		.byte	0
 1702 0053 00        		.byte	0x0
 1703 0054 6D63 7033 		.string	"mcp3204.c"
 1703      3230 342E 
 1703      6300 
 1704 005e 00        		.uleb128 0x0
 1705 005f 00        		.uleb128 0x0
 1706 0060 00        		.uleb128 0x0
 1707 0061 7374 6469 		.string	"stdint.h"
 1707      6E74 2E68 
 1707      00
 1708 006a 01        		.uleb128 0x1
 1709 006b 00        		.uleb128 0x0
 1710 006c 00        		.uleb128 0x0
 1711 006d 00        		.byte	0x0
 1712               	.LELTP0:
 1713 006e 00        		.byte	0x0
 1714 006f 05        		.uleb128 0x5
 1715 0070 02        		.byte	0x2
 1716 0071 0000 0000 		.long	.LM1
 1717 0075 3B        		.byte	0x3b
 1718 0076 00        		.byte	0x0
 1719 0077 05        		.uleb128 0x5
 1720 0078 02        		.byte	0x2
 1721 0079 0000 0000 		.long	.LM2
 1722 007d 17        		.byte	0x17
 1723 007e 00        		.byte	0x0
 1724 007f 05        		.uleb128 0x5
 1725 0080 02        		.byte	0x2
 1726 0081 0000 0000 		.long	.LM3
 1727 0085 15        		.byte	0x15
 1728 0086 00        		.byte	0x0
 1729 0087 05        		.uleb128 0x5
 1730 0088 02        		.byte	0x2
 1731 0089 0000 0000 		.long	.LM4
 1732 008d 15        		.byte	0x15
 1733 008e 00        		.byte	0x0
 1734 008f 05        		.uleb128 0x5
 1735 0090 02        		.byte	0x2
 1736 0091 0000 0000 		.long	.LM5
 1737 0095 15        		.byte	0x15
 1738 0096 00        		.byte	0x0
 1739 0097 05        		.uleb128 0x5
 1740 0098 02        		.byte	0x2
 1741 0099 0000 0000 		.long	.LM6
 1742 009d 15        		.byte	0x15
 1743 009e 00        		.byte	0x0
 1744 009f 05        		.uleb128 0x5
 1745 00a0 02        		.byte	0x2
GAS LISTING D:\DOCUME~1\alex\LOCALS~1\Temp/ccVvxPAR.s 			page 32


 1746 00a1 0000 0000 		.long	.LM7
 1747 00a5 15        		.byte	0x15
 1748 00a6 00        		.byte	0x0
 1749 00a7 05        		.uleb128 0x5
 1750 00a8 02        		.byte	0x2
 1751 00a9 0000 0000 		.long	.LM8
 1752 00ad 15        		.byte	0x15
 1753 00ae 00        		.byte	0x0
 1754 00af 05        		.uleb128 0x5
 1755 00b0 02        		.byte	0x2
 1756 00b1 0000 0000 		.long	.LM9
 1757 00b5 15        		.byte	0x15
 1758 00b6 00        		.byte	0x0
 1759 00b7 05        		.uleb128 0x5
 1760 00b8 02        		.byte	0x2
 1761 00b9 0000 0000 		.long	.LM10
 1762 00bd 16        		.byte	0x16
 1763 00be 00        		.byte	0x0
 1764 00bf 05        		.uleb128 0x5
 1765 00c0 02        		.byte	0x2
 1766 00c1 0000 0000 		.long	.LM11
 1767 00c5 15        		.byte	0x15
 1768 00c6 00        		.byte	0x0
 1769 00c7 05        		.uleb128 0x5
 1770 00c8 02        		.byte	0x2
 1771 00c9 0000 0000 		.long	.LM12
 1772 00cd 15        		.byte	0x15
 1773 00ce 00        		.byte	0x0
 1774 00cf 05        		.uleb128 0x5
 1775 00d0 02        		.byte	0x2
 1776 00d1 0000 0000 		.long	.LM13
 1777 00d5 15        		.byte	0x15
 1778 00d6 00        		.byte	0x0
 1779 00d7 05        		.uleb128 0x5
 1780 00d8 02        		.byte	0x2
 1781 00d9 0000 0000 		.long	.LM14
 1782 00dd 15        		.byte	0x15
 1783 00de 00        		.byte	0x0
 1784 00df 05        		.uleb128 0x5
 1785 00e0 02        		.byte	0x2
 1786 00e1 0000 0000 		.long	.LM15
 1787 00e5 16        		.byte	0x16
 1788 00e6 00        		.byte	0x0
 1789 00e7 05        		.uleb128 0x5
 1790 00e8 02        		.byte	0x2
 1791 00e9 0000 0000 		.long	.LM16
 1792 00ed 15        		.byte	0x15
 1793 00ee 00        		.byte	0x0
 1794 00ef 05        		.uleb128 0x5
 1795 00f0 02        		.byte	0x2
 1796 00f1 0000 0000 		.long	.LM17
 1797 00f5 15        		.byte	0x15
 1798 00f6 00        		.byte	0x0
 1799 00f7 05        		.uleb128 0x5
 1800 00f8 02        		.byte	0x2
 1801 00f9 0000 0000 		.long	.LM18
 1802 00fd 15        		.byte	0x15
GAS LISTING D:\DOCUME~1\alex\LOCALS~1\Temp/ccVvxPAR.s 			page 33


 1803 00fe 00        		.byte	0x0
 1804 00ff 05        		.uleb128 0x5
 1805 0100 02        		.byte	0x2
 1806 0101 0000 0000 		.long	.LM19
 1807 0105 15        		.byte	0x15
 1808 0106 00        		.byte	0x0
 1809 0107 05        		.uleb128 0x5
 1810 0108 02        		.byte	0x2
 1811 0109 0000 0000 		.long	.LM20
 1812 010d 16        		.byte	0x16
 1813 010e 00        		.byte	0x0
 1814 010f 05        		.uleb128 0x5
 1815 0110 02        		.byte	0x2
 1816 0111 0000 0000 		.long	.LM21
 1817 0115 15        		.byte	0x15
 1818 0116 00        		.byte	0x0
 1819 0117 05        		.uleb128 0x5
 1820 0118 02        		.byte	0x2
 1821 0119 0000 0000 		.long	.LM22
 1822 011d 15        		.byte	0x15
 1823 011e 00        		.byte	0x0
 1824 011f 05        		.uleb128 0x5
 1825 0120 02        		.byte	0x2
 1826 0121 0000 0000 		.long	.LM23
 1827 0125 15        		.byte	0x15
 1828 0126 00        		.byte	0x0
 1829 0127 05        		.uleb128 0x5
 1830 0128 02        		.byte	0x2
 1831 0129 0000 0000 		.long	.LM24
 1832 012d 15        		.byte	0x15
 1833 012e 00        		.byte	0x0
 1834 012f 05        		.uleb128 0x5
 1835 0130 02        		.byte	0x2
 1836 0131 0000 0000 		.long	.LM25
 1837 0135 16        		.byte	0x16
 1838 0136 00        		.byte	0x0
 1839 0137 05        		.uleb128 0x5
 1840 0138 02        		.byte	0x2
 1841 0139 0000 0000 		.long	.LM26
 1842 013d 15        		.byte	0x15
 1843 013e 00        		.byte	0x0
 1844 013f 05        		.uleb128 0x5
 1845 0140 02        		.byte	0x2
 1846 0141 0000 0000 		.long	.LM27
 1847 0145 15        		.byte	0x15
 1848 0146 00        		.byte	0x0
 1849 0147 05        		.uleb128 0x5
 1850 0148 02        		.byte	0x2
 1851 0149 0000 0000 		.long	.LM28
 1852 014d 15        		.byte	0x15
 1853 014e 00        		.byte	0x0
 1854 014f 05        		.uleb128 0x5
 1855 0150 02        		.byte	0x2
 1856 0151 0000 0000 		.long	.LM29
 1857 0155 15        		.byte	0x15
 1858 0156 00        		.byte	0x0
 1859 0157 05        		.uleb128 0x5
GAS LISTING D:\DOCUME~1\alex\LOCALS~1\Temp/ccVvxPAR.s 			page 34


 1860 0158 02        		.byte	0x2
 1861 0159 0000 0000 		.long	.LM30
 1862 015d 17        		.byte	0x17
 1863 015e 00        		.byte	0x0
 1864 015f 05        		.uleb128 0x5
 1865 0160 02        		.byte	0x2
 1866 0161 0000 0000 		.long	.LM31
 1867 0165 15        		.byte	0x15
 1868 0166 00        		.byte	0x0
 1869 0167 05        		.uleb128 0x5
 1870 0168 02        		.byte	0x2
 1871 0169 0000 0000 		.long	.LM32
 1872 016d 15        		.byte	0x15
 1873 016e 00        		.byte	0x0
 1874 016f 05        		.uleb128 0x5
 1875 0170 02        		.byte	0x2
 1876 0171 0000 0000 		.long	.LM33
 1877 0175 15        		.byte	0x15
 1878 0176 00        		.byte	0x0
 1879 0177 05        		.uleb128 0x5
 1880 0178 02        		.byte	0x2
 1881 0179 0000 0000 		.long	.LM34
 1882 017d 1B        		.byte	0x1b
 1883 017e 00        		.byte	0x0
 1884 017f 05        		.uleb128 0x5
 1885 0180 02        		.byte	0x2
 1886 0181 0000 0000 		.long	.LM35
 1887 0185 1B        		.byte	0x1b
 1888 0186 00        		.byte	0x0
 1889 0187 05        		.uleb128 0x5
 1890 0188 02        		.byte	0x2
 1891 0189 0000 0000 		.long	.LM36
 1892 018d 15        		.byte	0x15
 1893 018e 00        		.byte	0x0
 1894 018f 05        		.uleb128 0x5
 1895 0190 02        		.byte	0x2
 1896 0191 0000 0000 		.long	.LM37
 1897 0195 15        		.byte	0x15
 1898 0196 00        		.byte	0x0
 1899 0197 05        		.uleb128 0x5
 1900 0198 02        		.byte	0x2
 1901 0199 0000 0000 		.long	.LM38
 1902 019d 15        		.byte	0x15
 1903 019e 00        		.byte	0x0
 1904 019f 05        		.uleb128 0x5
 1905 01a0 02        		.byte	0x2
 1906 01a1 0000 0000 		.long	.LM39
 1907 01a5 16        		.byte	0x16
 1908 01a6 00        		.byte	0x0
 1909 01a7 05        		.uleb128 0x5
 1910 01a8 02        		.byte	0x2
 1911 01a9 0000 0000 		.long	.LM40
 1912 01ad 15        		.byte	0x15
 1913 01ae 00        		.byte	0x0
 1914 01af 05        		.uleb128 0x5
 1915 01b0 02        		.byte	0x2
 1916 01b1 0000 0000 		.long	.LM41
GAS LISTING D:\DOCUME~1\alex\LOCALS~1\Temp/ccVvxPAR.s 			page 35


 1917 01b5 15        		.byte	0x15
 1918 01b6 00        		.byte	0x0
 1919 01b7 05        		.uleb128 0x5
 1920 01b8 02        		.byte	0x2
 1921 01b9 0000 0000 		.long	.LM42
 1922 01bd 15        		.byte	0x15
 1923 01be 00        		.byte	0x0
 1924 01bf 05        		.uleb128 0x5
 1925 01c0 02        		.byte	0x2
 1926 01c1 0000 0000 		.long	.LM43
 1927 01c5 16        		.byte	0x16
 1928 01c6 00        		.byte	0x0
 1929 01c7 05        		.uleb128 0x5
 1930 01c8 02        		.byte	0x2
 1931 01c9 0000 0000 		.long	.LM44
 1932 01cd 15        		.byte	0x15
 1933 01ce 00        		.byte	0x0
 1934 01cf 05        		.uleb128 0x5
 1935 01d0 02        		.byte	0x2
 1936 01d1 0000 0000 		.long	.LM45
 1937 01d5 15        		.byte	0x15
 1938 01d6 00        		.byte	0x0
 1939 01d7 05        		.uleb128 0x5
 1940 01d8 02        		.byte	0x2
 1941 01d9 0000 0000 		.long	.LM46
 1942 01dd 17        		.byte	0x17
 1943 01de 00        		.byte	0x0
 1944 01df 05        		.uleb128 0x5
 1945 01e0 02        		.byte	0x2
 1946 01e1 0000 0000 		.long	.LM47
 1947 01e5 15        		.byte	0x15
 1948 01e6 00        		.byte	0x0
 1949 01e7 05        		.uleb128 0x5
 1950 01e8 02        		.byte	0x2
 1951 01e9 0000 0000 		.long	.LM48
 1952 01ed 15        		.byte	0x15
 1953 01ee 00        		.byte	0x0
 1954 01ef 05        		.uleb128 0x5
 1955 01f0 02        		.byte	0x2
 1956 01f1 0000 0000 		.long	.LM49
 1957 01f5 15        		.byte	0x15
 1958 01f6 00        		.byte	0x0
 1959 01f7 05        		.uleb128 0x5
 1960 01f8 02        		.byte	0x2
 1961 01f9 0000 0000 		.long	.LM50
 1962 01fd 15        		.byte	0x15
 1963 01fe 00        		.byte	0x0
 1964 01ff 05        		.uleb128 0x5
 1965 0200 02        		.byte	0x2
 1966 0201 0000 0000 		.long	.LM51
 1967 0205 17        		.byte	0x17
 1968 0206 00        		.byte	0x0
 1969 0207 05        		.uleb128 0x5
 1970 0208 02        		.byte	0x2
 1971 0209 0000 0000 		.long	.LM52
 1972 020d 15        		.byte	0x15
 1973 020e 00        		.byte	0x0
GAS LISTING D:\DOCUME~1\alex\LOCALS~1\Temp/ccVvxPAR.s 			page 36


 1974 020f 05        		.uleb128 0x5
 1975 0210 02        		.byte	0x2
 1976 0211 0000 0000 		.long	.LM53
 1977 0215 15        		.byte	0x15
 1978 0216 00        		.byte	0x0
 1979 0217 05        		.uleb128 0x5
 1980 0218 02        		.byte	0x2
 1981 0219 0000 0000 		.long	.LM54
 1982 021d 15        		.byte	0x15
 1983 021e 00        		.byte	0x0
 1984 021f 05        		.uleb128 0x5
 1985 0220 02        		.byte	0x2
 1986 0221 0000 0000 		.long	.LM55
 1987 0225 15        		.byte	0x15
 1988 0226 00        		.byte	0x0
 1989 0227 05        		.uleb128 0x5
 1990 0228 02        		.byte	0x2
 1991 0229 0000 0000 		.long	.LM56
 1992 022d 15        		.byte	0x15
 1993 022e 00        		.byte	0x0
 1994 022f 05        		.uleb128 0x5
 1995 0230 02        		.byte	0x2
 1996 0231 0000 0000 		.long	.LM57
 1997 0235 16        		.byte	0x16
 1998 0236 00        		.byte	0x0
 1999 0237 05        		.uleb128 0x5
 2000 0238 02        		.byte	0x2
 2001 0239 0000 0000 		.long	.LM58
 2002 023d 15        		.byte	0x15
 2003 023e 00        		.byte	0x0
 2004 023f 05        		.uleb128 0x5
 2005 0240 02        		.byte	0x2
 2006 0241 0000 0000 		.long	.LM59
 2007 0245 15        		.byte	0x15
 2008 0246 00        		.byte	0x0
 2009 0247 05        		.uleb128 0x5
 2010 0248 02        		.byte	0x2
 2011 0249 0000 0000 		.long	.LM60
 2012 024d 15        		.byte	0x15
 2013 024e 00        		.byte	0x0
 2014 024f 05        		.uleb128 0x5
 2015 0250 02        		.byte	0x2
 2016 0251 0000 0000 		.long	.LM61
 2017 0255 15        		.byte	0x15
 2018 0256 00        		.byte	0x0
 2019 0257 05        		.uleb128 0x5
 2020 0258 02        		.byte	0x2
 2021 0259 0000 0000 		.long	.LM62
 2022 025d 15        		.byte	0x15
 2023 025e 00        		.byte	0x0
 2024 025f 05        		.uleb128 0x5
 2025 0260 02        		.byte	0x2
 2026 0261 0000 0000 		.long	.LM63
 2027 0265 16        		.byte	0x16
 2028 0266 00        		.byte	0x0
 2029 0267 05        		.uleb128 0x5
 2030 0268 02        		.byte	0x2
GAS LISTING D:\DOCUME~1\alex\LOCALS~1\Temp/ccVvxPAR.s 			page 37


 2031 0269 0000 0000 		.long	.LM64
 2032 026d 15        		.byte	0x15
 2033 026e 00        		.byte	0x0
 2034 026f 05        		.uleb128 0x5
 2035 0270 02        		.byte	0x2
 2036 0271 0000 0000 		.long	.LM65
 2037 0275 15        		.byte	0x15
 2038 0276 00        		.byte	0x0
 2039 0277 05        		.uleb128 0x5
 2040 0278 02        		.byte	0x2
 2041 0279 0000 0000 		.long	.LM66
 2042 027d 15        		.byte	0x15
 2043 027e 00        		.byte	0x0
 2044 027f 05        		.uleb128 0x5
 2045 0280 02        		.byte	0x2
 2046 0281 0000 0000 		.long	.LM67
 2047 0285 15        		.byte	0x15
 2048 0286 00        		.byte	0x0
 2049 0287 05        		.uleb128 0x5
 2050 0288 02        		.byte	0x2
 2051 0289 0000 0000 		.long	.LM68
 2052 028d 15        		.byte	0x15
 2053 028e 00        		.byte	0x0
 2054 028f 05        		.uleb128 0x5
 2055 0290 02        		.byte	0x2
 2056 0291 0000 0000 		.long	.LM69
 2057 0295 16        		.byte	0x16
 2058 0296 00        		.byte	0x0
 2059 0297 05        		.uleb128 0x5
 2060 0298 02        		.byte	0x2
 2061 0299 0000 0000 		.long	.LM70
 2062 029d 15        		.byte	0x15
 2063 029e 00        		.byte	0x0
 2064 029f 05        		.uleb128 0x5
 2065 02a0 02        		.byte	0x2
 2066 02a1 0000 0000 		.long	.LM71
 2067 02a5 15        		.byte	0x15
 2068 02a6 00        		.byte	0x0
 2069 02a7 05        		.uleb128 0x5
 2070 02a8 02        		.byte	0x2
 2071 02a9 0000 0000 		.long	.LM72
 2072 02ad 15        		.byte	0x15
 2073 02ae 00        		.byte	0x0
 2074 02af 05        		.uleb128 0x5
 2075 02b0 02        		.byte	0x2
 2076 02b1 0000 0000 		.long	.LM73
 2077 02b5 15        		.byte	0x15
 2078 02b6 00        		.byte	0x0
 2079 02b7 05        		.uleb128 0x5
 2080 02b8 02        		.byte	0x2
 2081 02b9 0000 0000 		.long	.LM74
 2082 02bd 15        		.byte	0x15
 2083 02be 00        		.byte	0x0
 2084 02bf 05        		.uleb128 0x5
 2085 02c0 02        		.byte	0x2
 2086 02c1 0000 0000 		.long	.LM75
 2087 02c5 16        		.byte	0x16
GAS LISTING D:\DOCUME~1\alex\LOCALS~1\Temp/ccVvxPAR.s 			page 38


 2088 02c6 00        		.byte	0x0
 2089 02c7 05        		.uleb128 0x5
 2090 02c8 02        		.byte	0x2
 2091 02c9 0000 0000 		.long	.LM76
 2092 02cd 15        		.byte	0x15
 2093 02ce 00        		.byte	0x0
 2094 02cf 05        		.uleb128 0x5
 2095 02d0 02        		.byte	0x2
 2096 02d1 0000 0000 		.long	.LM77
 2097 02d5 15        		.byte	0x15
 2098 02d6 00        		.byte	0x0
 2099 02d7 05        		.uleb128 0x5
 2100 02d8 02        		.byte	0x2
 2101 02d9 0000 0000 		.long	.LM78
 2102 02dd 15        		.byte	0x15
 2103 02de 00        		.byte	0x0
 2104 02df 05        		.uleb128 0x5
 2105 02e0 02        		.byte	0x2
 2106 02e1 0000 0000 		.long	.LM79
 2107 02e5 1A        		.byte	0x1a
 2108 02e6 00        		.byte	0x0
 2109 02e7 05        		.uleb128 0x5
 2110 02e8 02        		.byte	0x2
 2111 02e9 0000 0000 		.long	.LM80
 2112 02ed 15        		.byte	0x15
 2113 02ee 00        		.byte	0x0
 2114 02ef 05        		.uleb128 0x5
 2115 02f0 02        		.byte	0x2
 2116 02f1 0000 0000 		.long	.LM81
 2117 02f5 15        		.byte	0x15
 2118 02f6 00        		.byte	0x0
 2119 02f7 05        		.uleb128 0x5
 2120 02f8 02        		.byte	0x2
 2121 02f9 0000 0000 		.long	.LM82
 2122 02fd 15        		.byte	0x15
 2123 02fe 00        		.byte	0x0
 2124 02ff 05        		.uleb128 0x5
 2125 0300 02        		.byte	0x2
 2126 0301 0000 0000 		.long	.LM83
 2127 0305 15        		.byte	0x15
 2128 0306 00        		.byte	0x0
 2129 0307 05        		.uleb128 0x5
 2130 0308 02        		.byte	0x2
 2131 0309 0000 0000 		.long	.LM84
 2132 030d 15        		.byte	0x15
 2133 030e 00        		.byte	0x0
 2134 030f 05        		.uleb128 0x5
 2135 0310 02        		.byte	0x2
 2136 0311 0000 0000 		.long	.LM85
 2137 0315 0D        		.byte	0xd
 2138 0316 00        		.byte	0x0
 2139 0317 05        		.uleb128 0x5
 2140 0318 02        		.byte	0x2
 2141 0319 0000 0000 		.long	.LM86
 2142 031d 1E        		.byte	0x1e
 2143 031e 00        		.byte	0x0
 2144 031f 05        		.uleb128 0x5
GAS LISTING D:\DOCUME~1\alex\LOCALS~1\Temp/ccVvxPAR.s 			page 39


 2145 0320 02        		.byte	0x2
 2146 0321 0000 0000 		.long	.LM87
 2147 0325 15        		.byte	0x15
 2148 0326 00        		.byte	0x0
 2149 0327 05        		.uleb128 0x5
 2150 0328 02        		.byte	0x2
 2151 0329 0000 0000 		.long	.LM88
 2152 032d 18        		.byte	0x18
 2153 032e 00        		.byte	0x0
 2154 032f 05        		.uleb128 0x5
 2155 0330 02        		.byte	0x2
 2156 0331 0000 0000 		.long	.Letext0
 2157 0335 00        		.byte	0x0
 2158 0336 01        		.uleb128 0x1
 2159 0337 01        		.byte	0x1
 2160               	.LELT0:
 2161 0338 1600 0000 		.section	.debug_str,"MS",@progbits,1
 2161      0200 1000 
 2161      0000 0101 
 2161      FB0E 0A00 
 2161      0101 0101 
 2162               	.LASF16:
 2163 0000 776F 7264 		.string	"word"
 2163      00
 2164               	.LASF19:
 2165 0005 705F 6469 		.string	"p_din"
 2165      6E00 
 2166               	.LASF18:
 2167 000b 705F 646F 		.string	"p_dout"
 2167      7574 00
 2168               	.LASF24:
 2169 0012 625F 636C 		.string	"b_clk"
 2169      6B00 
 2170               	.LASF10:
 2171 0018 6264 6F75 		.string	"bdout"
 2171      7400 
 2172               	.LASF8:
 2173 001e 646F 7574 		.string	"dout"
 2173      00
 2174               	.LASF11:
 2175 0023 6264 696E 		.string	"bdin"
 2175      00
 2176               	.LASF7:
 2177 0028 6368 6970 		.string	"chip"
 2177      00
 2178               	.LASF21:
 2179 002d 625F 6373 		.string	"b_cs"
 2179      00
 2180               	.LASF15:
 2181 0032 7064 696E 		.string	"pdin"
 2181      00
 2182               	.LASF1:
 2183 0037 756E 7369 		.string	"unsigned char"
 2183      676E 6564 
 2183      2063 6861 
 2183      7200 
 2184               	.LASF29:
GAS LISTING D:\DOCUME~1\alex\LOCALS~1\Temp/ccVvxPAR.s 			page 40


 2185 0045 696E 6974 		.string	"init_mcp3204"
 2185      5F6D 6370 
 2185      3332 3034 
 2185      00
 2186               	.LASF4:
 2187 0052 6C6F 6E67 		.string	"long unsigned int"
 2187      2075 6E73 
 2187      6967 6E65 
 2187      6420 696E 
 2187      7400 
 2188               	.LASF27:
 2189 0064 463A 5C61 		.string	"F:\\avr\\tubetester"
 2189      7672 5C74 
 2189      7562 6574 
 2189      6573 7465 
 2189      7200 
 2190               	.LASF25:
 2191 0076 474E 5520 		.string	"GNU C 4.3.3"
 2191      4320 342E 
 2191      332E 3300 
 2192               	.LASF9:
 2193 0082 6263 6C6B 		.string	"bclk"
 2193      00
 2194               	.LASF20:
 2195 0087 705F 636C 		.string	"p_clk"
 2195      6B00 
 2196               	.LASF2:
 2197 008d 756E 7369 		.string	"unsigned int"
 2197      676E 6564 
 2197      2069 6E74 
 2197      00
 2198               	.LASF6:
 2199 009a 6C6F 6E67 		.string	"long long unsigned int"
 2199      206C 6F6E 
 2199      6720 756E 
 2199      7369 676E 
 2199      6564 2069 
 2200               	.LASF28:
 2201 00b1 7569 6E74 		.string	"uint8_t"
 2201      385F 7400 
 2202               	.LASF12:
 2203 00b9 6D6F 6465 		.string	"mode"
 2203      00
 2204               	.LASF17:
 2205 00be 705F 6373 		.string	"p_cs"
 2205      00
 2206               	.LASF5:
 2207 00c3 6C6F 6E67 		.string	"long long int"
 2207      206C 6F6E 
 2207      6720 696E 
 2207      7400 
 2208               	.LASF22:
 2209 00d1 625F 646F 		.string	"b_dout"
 2209      7574 00
 2210               	.LASF26:
 2211 00d8 6D63 7033 		.string	"mcp3204.c"
 2211      3230 342E 
GAS LISTING D:\DOCUME~1\alex\LOCALS~1\Temp/ccVvxPAR.s 			page 41


 2211      6300 
 2212               	.LASF30:
 2213 00e2 6D63 7033 		.string	"mcp3204_getw"
 2213      3230 345F 
 2213      6765 7477 
 2213      00
 2214               	.LASF3:
 2215 00ef 6C6F 6E67 		.string	"long int"
 2215      2069 6E74 
 2215      00
 2216               	.LASF23:
 2217 00f8 625F 6469 		.string	"b_din"
 2217      6E00 
 2218               	.LASF13:
 2219 00fe 7063 6C6B 		.string	"pclk"
 2219      00
 2220               	.LASF0:
 2221 0103 7369 676E 		.string	"signed char"
 2221      6564 2063 
 2221      6861 7200 
 2222               	.LASF14:
 2223 010f 7064 6F75 		.string	"pdout"
 2223      7400 
 2224               	.global __do_clear_bss
GAS LISTING D:\DOCUME~1\alex\LOCALS~1\Temp/ccVvxPAR.s 			page 42


DEFINED SYMBOLS
                            *ABS*:00000000 mcp3204.c
D:\DOCUME~1\alex\LOCALS~1\Temp/ccVvxPAR.s:2      *ABS*:0000003f __SREG__
D:\DOCUME~1\alex\LOCALS~1\Temp/ccVvxPAR.s:3      *ABS*:0000003e __SP_H__
D:\DOCUME~1\alex\LOCALS~1\Temp/ccVvxPAR.s:4      *ABS*:0000003d __SP_L__
D:\DOCUME~1\alex\LOCALS~1\Temp/ccVvxPAR.s:5      *ABS*:00000034 __CCP__
D:\DOCUME~1\alex\LOCALS~1\Temp/ccVvxPAR.s:6      *ABS*:00000000 __tmp_reg__
D:\DOCUME~1\alex\LOCALS~1\Temp/ccVvxPAR.s:7      *ABS*:00000001 __zero_reg__
D:\DOCUME~1\alex\LOCALS~1\Temp/ccVvxPAR.s:18     .text:00000000 init_mcp3204
                            *COM*:00000004 b_clk
                            *COM*:00000004 b_dout
                            *COM*:00000004 b_cs
                            *COM*:00000004 b_din
                            *COM*:00000008 p_clk
                            *COM*:00000008 p_dout
                            *COM*:00000008 p_din
                            *COM*:00000008 p_cs
D:\DOCUME~1\alex\LOCALS~1\Temp/ccVvxPAR.s:473    .text:000002d8 mcp3204_getw

UNDEFINED SYMBOLS
udelay
__do_clear_bss
